2026-04-29 10:04:54,296{GMT}	INFO	[jepsen test runner] jepsen.core: Test version 9c01f45d31ad553e9e32be16e2b594bb3b418ed6 (plus uncommitted changes)
2026-04-29 10:04:54,296{GMT}	INFO	[jepsen test runner] jepsen.core: Command line:
lein run test -w lin-kv --bin ../bin/oxia-maelstrom --time-limit 60 --concurrency 2n --latency 10 --latency-dist uniform
2026-04-29 10:04:54,326{GMT}	INFO	[jepsen test runner] jepsen.core: Running test:
{:args []
 :remote
 #jepsen.control.retry.Remote{:remote #jepsen.control.scp.Remote{:cmd-remote #jepsen.control.sshj.SSHJRemote{:concurrency-limit 6,
                                                                                                             :conn-spec nil,
                                                                                                             :client nil,
                                                                                                             :semaphore nil},
                                                                 :conn-spec nil},
                              :conn nil}
 :log-net-send false
 :node-count nil
 :availability nil
 :max-txn-length 4
 :concurrency 10
 :db
 #object[maelstrom.db$db$reify__16142
         "0x1ef6977b"
         "maelstrom.db$db$reify__16142@1ef6977b"]
 :max-writes-per-key 16
 :leave-db-running? false
 :name "lin-kv"
 :logging-json? false
 :start-time
 #object[org.joda.time.DateTime "0x41cfcbb5" "2026-04-29T10:04:54.236+08:00"]
 :nemesis-interval 10
 :net
 #object[maelstrom.net$jepsen_net$reify__15251
         "0x40941b54"
         "maelstrom.net$jepsen_net$reify__15251@40941b54"]
 :client
 #object[maelstrom.workload.lin_kv$client$reify__19640
         "0x3b42d7df"
         "maelstrom.workload.lin_kv$client$reify__19640@3b42d7df"]
 :barrier
 #object[java.util.concurrent.CyclicBarrier
         "0x1660bba7"
         "java.util.concurrent.CyclicBarrier@1660bba7"]
 :log-stderr false
 :pure-generators true
 :ssh {:dummy? true}
 :rate 5
 :checker
 #object[jepsen.checker$compose$reify__11881
         "0x29cd48bd"
         "jepsen.checker$compose$reify__11881@29cd48bd"]
 :argv
 ("test"
  "-w"
  "lin-kv"
  "--bin"
  "../bin/oxia-maelstrom"
  "--time-limit"
  "60"
  "--concurrency"
  "2n"
  "--latency"
  "10"
  "--latency-dist"
  "uniform")
 :nemesis
 (jepsen.nemesis.ReflCompose
  {:fm {:start-partition 0,
        :stop-partition 0,
        :kill 1,
        :start 1,
        :pause 1,
        :resume 1},
   :nemeses [#unprintable "jepsen.nemesis.combined$partition_nemesis$reify__16416@49e3b86b"
             #unprintable "jepsen.nemesis.combined$db_nemesis$reify__16397@64b262a7"]})
 :nodes ["n1" "n2" "n3" "n4" "n5"]
 :test-count 1
 :latency {:mean 10, :dist :uniform}
 :bin "../bin/oxia-maelstrom"
 :generator
 (jepsen.generator.TimeLimit
  {:limit 60000000000,
   :cutoff nil,
   :gen (jepsen.generator.Any
         {:gens [(jepsen.generator.OnThreads
                  {:f #{:nemesis},
                   :context-filter #object[jepsen.generator.context$make_thread_filter$lazy_filter__9167
                                           "0x196c8b93"
                                           "jepsen.generator.context$make_thread_filter$lazy_filter__9167@196c8b93"],
                   :gen nil})
                 (jepsen.generator.OnThreads
                  {:f #jepsen.generator.context.AllBut{:element :nemesis},
                   :context-filter #object[jepsen.generator.context$make_thread_filter$lazy_filter__9167
                                           "0x307ca947"
                                           "jepsen.generator.context$make_thread_filter$lazy_filter__9167@307ca947"],
                   :gen (jepsen.generator.Stagger
                         {:dt 400000000,
                          :next-time nil,
                          :gen (jepsen.generator.OnThreads
                                {:f #jepsen.generator.context.AllBut{:element :nemesis},
                                 :context-filter #object[jepsen.generator.context$make_thread_filter$lazy_filter__9167
                                                         "0x61d1315b"
                                                         "jepsen.generator.context$make_thread_filter$lazy_filter__9167@61d1315b"],
                                 :gen (jepsen.independent.ConcurrentGenerator
                                       {:n 10,
                                        :fgen #object[jepsen.tests.linearizable_register$test$fn__16846
                                                      "0x49d5b651"
                                                      "jepsen.tests.linearizable_register$test$fn__16846@49d5b651"],
                                        :group->threads nil,
                                        :thread->group nil,
                                        :group->context-filter nil,
                                        :keys (0 1 2 3 4 5 6 7 ...),
                                        :gens nil})})})})]})})
 :log-net-recv false
 :os
 #object[maelstrom.net$jepsen_os$reify__15254
         "0x61fb3dae"
         "maelstrom.net$jepsen_os$reify__15254@61fb3dae"]
 :time-limit 60
 :workload :lin-kv
 :consistency-models [:strict-serializable]
 :topology :grid}

2026-04-29 10:04:55,222{GMT}	INFO	[jepsen node n1] maelstrom.net: Starting Maelstrom network
2026-04-29 10:04:55,223{GMT}	INFO	[jepsen test runner] jepsen.db: Tearing down DB
2026-04-29 10:04:55,224{GMT}	INFO	[jepsen test runner] jepsen.db: Setting up DB
2026-04-29 10:04:55,226{GMT}	INFO	[jepsen node n2] maelstrom.db: Setting up n2
2026-04-29 10:04:55,226{GMT}	INFO	[jepsen node n4] maelstrom.db: Setting up n4
2026-04-29 10:04:55,226{GMT}	INFO	[jepsen node n3] maelstrom.db: Setting up n3
2026-04-29 10:04:55,226{GMT}	INFO	[jepsen node n5] maelstrom.db: Setting up n5
2026-04-29 10:04:55,226{GMT}	INFO	[jepsen node n3] maelstrom.process: launching ../bin/oxia-maelstrom []
2026-04-29 10:04:55,226{GMT}	INFO	[jepsen node n4] maelstrom.process: launching ../bin/oxia-maelstrom []
2026-04-29 10:04:55,226{GMT}	INFO	[jepsen node n2] maelstrom.process: launching ../bin/oxia-maelstrom []
2026-04-29 10:04:55,226{GMT}	INFO	[jepsen node n5] maelstrom.process: launching ../bin/oxia-maelstrom []
2026-04-29 10:04:55,226{GMT}	INFO	[jepsen node n1] maelstrom.service: Starting services: (lin-kv lin-tso lww-kv seq-kv)
2026-04-29 10:04:55,227{GMT}	INFO	[jepsen node n1] maelstrom.db: Setting up n1
2026-04-29 10:04:55,228{GMT}	INFO	[jepsen node n1] maelstrom.process: launching ../bin/oxia-maelstrom []
2026-04-29 10:04:55,419{GMT}	INFO	[jepsen test runner] jepsen.core: Relative time begins now
2026-04-29 10:04:55,443{GMT}	INFO	[jepsen worker 0] jepsen.util: 0	:invoke	:read	[0 nil]
2026-04-29 10:04:55,458{GMT}	INFO	[jepsen worker 0] jepsen.util: 0	:fail	:read	[0 nil]	[:temporarily-unavailable "temporarily-unavailable"]
2026-04-29 10:04:55,692{GMT}	INFO	[jepsen worker 5] jepsen.util: 5	:invoke	:cas	[0 [0 4]]
2026-04-29 10:04:55,699{GMT}	INFO	[jepsen worker 5] jepsen.util: 5	:fail	:cas	[0 [0 4]]	[:key-does-not-exist "key-does-not-exist"]
2026-04-29 10:04:55,922{GMT}	INFO	[jepsen worker 5] jepsen.util: 5	:invoke	:cas	[0 [3 2]]
2026-04-29 10:04:55,949{GMT}	INFO	[jepsen worker 5] jepsen.util: 5	:fail	:cas	[0 [3 2]]	[:key-does-not-exist "key-does-not-exist"]
2026-04-29 10:04:56,032{GMT}	INFO	[jepsen worker 3] jepsen.util: 3	:invoke	:read	[0 nil]
2026-04-29 10:04:56,060{GMT}	INFO	[jepsen worker 3] jepsen.util: 3	:fail	:read	[0 nil]	[:key-does-not-exist "key-does-not-exist"]
2026-04-29 10:04:56,335{GMT}	INFO	[jepsen worker 4] jepsen.util: 4	:invoke	:read	[0 nil]
2026-04-29 10:04:56,360{GMT}	INFO	[jepsen worker 4] jepsen.util: 4	:fail	:read	[0 nil]	[:key-does-not-exist "key-does-not-exist"]
2026-04-29 10:04:56,641{GMT}	INFO	[jepsen worker 0] jepsen.util: 0	:invoke	:read	[0 nil]
2026-04-29 10:04:56,649{GMT}	INFO	[jepsen worker 0] jepsen.util: 0	:fail	:read	[0 nil]	[:key-does-not-exist "key-does-not-exist"]
2026-04-29 10:04:56,656{GMT}	INFO	[jepsen worker 0] jepsen.util: 0	:invoke	:read	[0 nil]
2026-04-29 10:04:56,682{GMT}	INFO	[jepsen worker 0] jepsen.util: 0	:fail	:read	[0 nil]	[:key-does-not-exist "key-does-not-exist"]
2026-04-29 10:04:57,026{GMT}	INFO	[jepsen worker 0] jepsen.util: 0	:invoke	:read	[0 nil]
2026-04-29 10:04:57,063{GMT}	INFO	[jepsen worker 0] jepsen.util: 0	:fail	:read	[0 nil]	[:key-does-not-exist "key-does-not-exist"]
2026-04-29 10:04:57,365{GMT}	INFO	[jepsen worker 0] jepsen.util: 0	:invoke	:read	[0 nil]
2026-04-29 10:04:57,389{GMT}	INFO	[jepsen worker 0] jepsen.util: 0	:fail	:read	[0 nil]	[:key-does-not-exist "key-does-not-exist"]
2026-04-29 10:04:57,531{GMT}	INFO	[jepsen worker 0] jepsen.util: 0	:invoke	:read	[0 nil]
2026-04-29 10:04:57,533{GMT}	INFO	[jepsen worker 1] jepsen.util: 1	:invoke	:read	[0 nil]
2026-04-29 10:04:57,552{GMT}	INFO	[jepsen worker 1] jepsen.util: 1	:fail	:read	[0 nil]	[:key-does-not-exist "key-does-not-exist"]
2026-04-29 10:04:57,558{GMT}	INFO	[jepsen worker 0] jepsen.util: 0	:fail	:read	[0 nil]	[:key-does-not-exist "key-does-not-exist"]
2026-04-29 10:04:57,870{GMT}	INFO	[jepsen worker 0] jepsen.util: 0	:invoke	:read	[0 nil]
2026-04-29 10:04:57,882{GMT}	INFO	[jepsen worker 0] jepsen.util: 0	:fail	:read	[0 nil]	[:key-does-not-exist "key-does-not-exist"]
2026-04-29 10:04:57,888{GMT}	INFO	[jepsen worker 1] jepsen.util: 1	:invoke	:read	[0 nil]
2026-04-29 10:04:57,888{GMT}	INFO	[jepsen worker 1] jepsen.util: 1	:fail	:read	[0 nil]	[:key-does-not-exist "key-does-not-exist"]
2026-04-29 10:04:58,053{GMT}	INFO	[jepsen worker 5] jepsen.util: 5	:invoke	:write	[0 2]
2026-04-29 10:04:58,142{GMT}	INFO	[jepsen worker 5] jepsen.util: 5	:ok	:write	[0 2]
2026-04-29 10:04:58,402{GMT}	INFO	[jepsen worker 5] jepsen.util: 5	:invoke	:cas	[0 [3 4]]
2026-04-29 10:04:58,417{GMT}	INFO	[jepsen worker 5] jepsen.util: 5	:fail	:cas	[0 [3 4]]	[:precondition-failed "precondition-failed"]
2026-04-29 10:04:58,767{GMT}	INFO	[jepsen worker 4] jepsen.util: 4	:invoke	:read	[0 nil]
2026-04-29 10:04:58,799{GMT}	INFO	[jepsen worker 4] jepsen.util: 4	:ok	:read	[0 2]
2026-04-29 10:04:59,116{GMT}	INFO	[jepsen worker 0] jepsen.util: 0	:invoke	:read	[0 nil]
2026-04-29 10:04:59,141{GMT}	INFO	[jepsen worker 0] jepsen.util: 0	:ok	:read	[0 2]
2026-04-29 10:04:59,420{GMT}	INFO	[jepsen worker 0] jepsen.util: 0	:invoke	:read	[0 nil]
2026-04-29 10:04:59,458{GMT}	INFO	[jepsen worker 0] jepsen.util: 0	:ok	:read	[0 2]
2026-04-29 10:04:59,728{GMT}	INFO	[jepsen worker 0] jepsen.util: 0	:invoke	:read	[0 nil]
2026-04-29 10:04:59,755{GMT}	INFO	[jepsen worker 0] jepsen.util: 0	:ok	:read	[0 2]
2026-04-29 10:04:59,847{GMT}	INFO	[jepsen worker 0] jepsen.util: 0	:invoke	:read	[0 nil]
2026-04-29 10:04:59,853{GMT}	INFO	[jepsen worker 0] jepsen.util: 0	:ok	:read	[0 2]
2026-04-29 10:05:00,050{GMT}	INFO	[jepsen worker 0] jepsen.util: 0	:invoke	:read	[0 nil]
2026-04-29 10:05:00,083{GMT}	INFO	[jepsen worker 0] jepsen.util: 0	:ok	:read	[0 2]
2026-04-29 10:05:00,170{GMT}	INFO	[jepsen worker 0] jepsen.util: 0	:invoke	:read	[0 nil]
2026-04-29 10:05:00,180{GMT}	INFO	[jepsen worker 0] jepsen.util: 0	:ok	:read	[0 2]
2026-04-29 10:05:00,414{GMT}	INFO	[jepsen worker 0] jepsen.util: 0	:invoke	:read	[0 nil]
2026-04-29 10:05:00,439{GMT}	INFO	[jepsen worker 0] jepsen.util: 0	:ok	:read	[0 2]
2026-04-29 10:05:00,786{GMT}	INFO	[jepsen worker 1] jepsen.util: 1	:invoke	:read	[0 nil]
2026-04-29 10:05:00,787{GMT}	INFO	[jepsen worker 1] jepsen.util: 1	:ok	:read	[0 2]
2026-04-29 10:05:00,919{GMT}	INFO	[jepsen worker 2] jepsen.util: 2	:invoke	:read	[0 nil]
2026-04-29 10:05:00,936{GMT}	INFO	[jepsen worker 2] jepsen.util: 2	:ok	:read	[0 2]
2026-04-29 10:05:01,178{GMT}	INFO	[jepsen worker 5] jepsen.util: 5	:invoke	:write	[0 2]
2026-04-29 10:05:01,202{GMT}	INFO	[jepsen worker 5] jepsen.util: 5	:ok	:write	[0 2]
2026-04-29 10:05:01,453{GMT}	INFO	[jepsen worker 4] jepsen.util: 4	:invoke	:read	[0 nil]
2026-04-29 10:05:01,453{GMT}	INFO	[jepsen worker 0] jepsen.util: 0	:invoke	:read	[0 nil]
2026-04-29 10:05:01,480{GMT}	INFO	[jepsen worker 0] jepsen.util: 0	:ok	:read	[0 2]
2026-04-29 10:05:01,498{GMT}	INFO	[jepsen worker 4] jepsen.util: 4	:ok	:read	[0 2]
2026-04-29 10:05:01,695{GMT}	INFO	[jepsen worker 0] jepsen.util: 0	:invoke	:read	[0 nil]
2026-04-29 10:05:01,704{GMT}	INFO	[jepsen worker 0] jepsen.util: 0	:ok	:read	[0 2]
2026-04-29 10:05:01,730{GMT}	INFO	[jepsen worker 0] jepsen.util: 0	:invoke	:read	[0 nil]
2026-04-29 10:05:01,749{GMT}	INFO	[jepsen worker 0] jepsen.util: 0	:ok	:read	[0 2]
2026-04-29 10:05:01,779{GMT}	INFO	[jepsen worker 0] jepsen.util: 0	:invoke	:read	[0 nil]
2026-04-29 10:05:01,802{GMT}	INFO	[jepsen worker 0] jepsen.util: 0	:ok	:read	[0 2]
2026-04-29 10:05:01,832{GMT}	INFO	[jepsen worker 0] jepsen.util: 0	:invoke	:read	[0 nil]
2026-04-29 10:05:01,839{GMT}	INFO	[jepsen worker 0] jepsen.util: 0	:ok	:read	[0 2]
2026-04-29 10:05:01,947{GMT}	INFO	[jepsen worker 0] jepsen.util: 0	:invoke	:read	[0 nil]
2026-04-29 10:05:01,977{GMT}	INFO	[jepsen worker 0] jepsen.util: 0	:ok	:read	[0 2]
2026-04-29 10:05:02,094{GMT}	INFO	[jepsen worker 5] jepsen.util: 5	:invoke	:cas	[0 [2 4]]
2026-04-29 10:05:02,128{GMT}	INFO	[jepsen worker 5] jepsen.util: 5	:ok	:cas	[0 [2 4]]
2026-04-29 10:05:02,437{GMT}	INFO	[jepsen worker 1] jepsen.util: 1	:invoke	:read	[0 nil]
2026-04-29 10:05:02,438{GMT}	INFO	[jepsen worker 1] jepsen.util: 1	:ok	:read	[0 4]
2026-04-29 10:05:02,640{GMT}	INFO	[jepsen worker 2] jepsen.util: 2	:invoke	:read	[0 nil]
2026-04-29 10:05:02,663{GMT}	INFO	[jepsen worker 2] jepsen.util: 2	:ok	:read	[0 4]
2026-04-29 10:05:02,953{GMT}	INFO	[jepsen worker 3] jepsen.util: 3	:invoke	:read	[0 nil]
2026-04-29 10:05:02,972{GMT}	INFO	[jepsen worker 3] jepsen.util: 3	:ok	:read	[0 4]
2026-04-29 10:05:03,349{GMT}	INFO	[jepsen worker 4] jepsen.util: 4	:invoke	:read	[0 nil]
2026-04-29 10:05:03,375{GMT}	INFO	[jepsen worker 4] jepsen.util: 4	:ok	:read	[0 4]
2026-04-29 10:05:03,515{GMT}	INFO	[jepsen worker 0] jepsen.util: 0	:invoke	:read	[0 nil]
2026-04-29 10:05:03,542{GMT}	INFO	[jepsen worker 0] jepsen.util: 0	:ok	:read	[0 4]
2026-04-29 10:05:03,746{GMT}	INFO	[jepsen worker 0] jepsen.util: 0	:invoke	:read	[0 nil]
2026-04-29 10:05:03,769{GMT}	INFO	[jepsen worker 0] jepsen.util: 0	:ok	:read	[0 4]
2026-04-29 10:05:03,971{GMT}	INFO	[jepsen worker 0] jepsen.util: 0	:invoke	:read	[0 nil]
2026-04-29 10:05:03,985{GMT}	INFO	[jepsen worker 0] jepsen.util: 0	:ok	:read	[0 4]
2026-04-29 10:05:04,167{GMT}	INFO	[jepsen worker 8] jepsen.util: 8	:invoke	:cas	[0 [0 1]]
2026-04-29 10:05:04,196{GMT}	INFO	[jepsen worker 8] jepsen.util: 8	:fail	:cas	[0 [0 1]]	[:precondition-failed "precondition-failed"]
2026-04-29 10:05:04,224{GMT}	INFO	[jepsen worker 9] jepsen.util: 9	:invoke	:cas	[0 [2 1]]
2026-04-29 10:05:04,253{GMT}	INFO	[jepsen worker 9] jepsen.util: 9	:fail	:cas	[0 [2 1]]	[:precondition-failed "precondition-failed"]
2026-04-29 10:05:04,525{GMT}	INFO	[jepsen worker 5] jepsen.util: 5	:invoke	:cas	[0 [3 3]]
2026-04-29 10:05:04,546{GMT}	INFO	[jepsen worker 5] jepsen.util: 5	:fail	:cas	[0 [3 3]]	[:precondition-failed "precondition-failed"]
2026-04-29 10:05:04,637{GMT}	INFO	[jepsen worker 0] jepsen.util: 0	:invoke	:read	[0 nil]
2026-04-29 10:05:04,651{GMT}	INFO	[jepsen worker 0] jepsen.util: 0	:ok	:read	[0 4]
2026-04-29 10:05:04,993{GMT}	INFO	[jepsen worker 1] jepsen.util: 1	:invoke	:read	[0 nil]
2026-04-29 10:05:04,994{GMT}	INFO	[jepsen worker 1] jepsen.util: 1	:ok	:read	[0 4]
2026-04-29 10:05:05,085{GMT}	INFO	[jepsen worker 5] jepsen.util: 5	:invoke	:cas	[0 [0 2]]
2026-04-29 10:05:05,098{GMT}	INFO	[jepsen worker 5] jepsen.util: 5	:fail	:cas	[0 [0 2]]	[:precondition-failed "precondition-failed"]
2026-04-29 10:05:05,486{GMT}	INFO	[jepsen worker 3] jepsen.util: 3	:invoke	:read	[0 nil]
2026-04-29 10:05:05,501{GMT}	INFO	[jepsen worker 3] jepsen.util: 3	:ok	:read	[0 4]
2026-04-29 10:05:05,785{GMT}	INFO	[jepsen worker 4] jepsen.util: 4	:invoke	:read	[0 nil]
2026-04-29 10:05:05,818{GMT}	INFO	[jepsen worker 4] jepsen.util: 4	:ok	:read	[0 4]
2026-04-29 10:05:05,962{GMT}	INFO	[jepsen worker 0] jepsen.util: 0	:invoke	:read	[0 nil]
2026-04-29 10:05:06,007{GMT}	INFO	[jepsen worker 0] jepsen.util: 0	:ok	:read	[0 4]
2026-04-29 10:05:06,068{GMT}	INFO	[jepsen worker 6] jepsen.util: 6	:invoke	:write	[0 4]
2026-04-29 10:05:06,092{GMT}	INFO	[jepsen worker 0] jepsen.util: 0	:invoke	:read	[0 nil]
2026-04-29 10:05:06,093{GMT}	INFO	[jepsen worker 6] jepsen.util: 6	:ok	:write	[0 4]
2026-04-29 10:05:06,129{GMT}	INFO	[jepsen worker 0] jepsen.util: 0	:ok	:read	[0 4]
2026-04-29 10:05:06,441{GMT}	INFO	[jepsen worker 0] jepsen.util: 0	:invoke	:read	[0 nil]
2026-04-29 10:05:06,459{GMT}	INFO	[jepsen worker 0] jepsen.util: 0	:ok	:read	[0 4]
2026-04-29 10:05:06,541{GMT}	INFO	[jepsen worker 9] jepsen.util: 9	:invoke	:cas	[0 [2 3]]
2026-04-29 10:05:06,565{GMT}	INFO	[jepsen worker 9] jepsen.util: 9	:fail	:cas	[0 [2 3]]	[:precondition-failed "precondition-failed"]
2026-04-29 10:05:06,799{GMT}	INFO	[jepsen worker 0] jepsen.util: 0	:invoke	:read	[0 nil]
2026-04-29 10:05:06,822{GMT}	INFO	[jepsen worker 0] jepsen.util: 0	:ok	:read	[0 4]
2026-04-29 10:05:06,991{GMT}	INFO	[jepsen worker 5] jepsen.util: 5	:invoke	:cas	[0 [2 0]]
2026-04-29 10:05:07,030{GMT}	INFO	[jepsen worker 5] jepsen.util: 5	:fail	:cas	[0 [2 0]]	[:precondition-failed "precondition-failed"]
2026-04-29 10:05:07,132{GMT}	INFO	[jepsen worker 5] jepsen.util: 5	:invoke	:cas	[0 [2 3]]
2026-04-29 10:05:07,160{GMT}	INFO	[jepsen worker 5] jepsen.util: 5	:fail	:cas	[0 [2 3]]	[:precondition-failed "precondition-failed"]
2026-04-29 10:05:07,418{GMT}	INFO	[jepsen worker 2] jepsen.util: 2	:invoke	:read	[0 nil]
2026-04-29 10:05:07,438{GMT}	INFO	[jepsen worker 2] jepsen.util: 2	:ok	:read	[0 4]
2026-04-29 10:05:07,646{GMT}	INFO	[jepsen worker 5] jepsen.util: 5	:invoke	:cas	[0 [1 3]]
2026-04-29 10:05:07,650{GMT}	INFO	[jepsen worker 5] jepsen.util: 5	:fail	:cas	[0 [1 3]]	[:precondition-failed "precondition-failed"]
2026-04-29 10:05:07,997{GMT}	INFO	[jepsen worker 4] jepsen.util: 4	:invoke	:read	[0 nil]
2026-04-29 10:05:08,016{GMT}	INFO	[jepsen worker 4] jepsen.util: 4	:ok	:read	[0 4]
2026-04-29 10:05:08,391{GMT}	INFO	[jepsen worker 5] jepsen.util: 5	:invoke	:cas	[0 [0 3]]
2026-04-29 10:05:08,431{GMT}	INFO	[jepsen worker 5] jepsen.util: 5	:fail	:cas	[0 [0 3]]	[:precondition-failed "precondition-failed"]
2026-04-29 10:05:08,762{GMT}	INFO	[jepsen worker 6] jepsen.util: 6	:invoke	:cas	[0 [3 3]]
2026-04-29 10:05:08,763{GMT}	INFO	[jepsen worker 6] jepsen.util: 6	:fail	:cas	[0 [3 3]]	[:precondition-failed "precondition-failed"]
2026-04-29 10:05:08,829{GMT}	INFO	[jepsen worker 7] jepsen.util: 7	:invoke	:cas	[0 [1 3]]
2026-04-29 10:05:08,836{GMT}	INFO	[jepsen worker 7] jepsen.util: 7	:fail	:cas	[0 [1 3]]	[:precondition-failed "precondition-failed"]
2026-04-29 10:05:09,213{GMT}	INFO	[jepsen worker 0] jepsen.util: 0	:invoke	:read	[0 nil]
2026-04-29 10:05:09,235{GMT}	INFO	[jepsen worker 0] jepsen.util: 0	:ok	:read	[0 4]
2026-04-29 10:05:09,403{GMT}	INFO	[jepsen worker 0] jepsen.util: 0	:invoke	:read	[0 nil]
2026-04-29 10:05:09,406{GMT}	INFO	[jepsen worker 0] jepsen.util: 0	:ok	:read	[0 4]
2026-04-29 10:05:09,488{GMT}	INFO	[jepsen worker 0] jepsen.util: 0	:invoke	:read	[0 nil]
2026-04-29 10:05:09,508{GMT}	INFO	[jepsen worker 0] jepsen.util: 0	:ok	:read	[0 4]
2026-04-29 10:05:09,521{GMT}	INFO	[jepsen worker 5] jepsen.util: 5	:invoke	:cas	[0 [0 2]]
2026-04-29 10:05:09,544{GMT}	INFO	[jepsen worker 5] jepsen.util: 5	:fail	:cas	[0 [0 2]]	[:precondition-failed "precondition-failed"]
2026-04-29 10:05:09,636{GMT}	INFO	[jepsen worker 5] jepsen.util: 5	:invoke	:write	[0 1]
2026-04-29 10:05:09,675{GMT}	INFO	[jepsen worker 5] jepsen.util: 5	:ok	:write	[0 1]
2026-04-29 10:05:09,753{GMT}	INFO	[jepsen worker 2] jepsen.util: 2	:invoke	:read	[0 nil]
2026-04-29 10:05:09,755{GMT}	INFO	[jepsen worker 3] jepsen.util: 3	:invoke	:read	[0 nil]
2026-04-29 10:05:09,764{GMT}	INFO	[jepsen worker 2] jepsen.util: 2	:ok	:read	[0 1]
2026-04-29 10:05:09,776{GMT}	INFO	[jepsen worker 3] jepsen.util: 3	:ok	:read	[0 1]
2026-04-29 10:05:09,805{GMT}	INFO	[jepsen worker 4] jepsen.util: 4	:invoke	:read	[0 nil]
2026-04-29 10:05:09,815{GMT}	INFO	[jepsen worker 4] jepsen.util: 4	:ok	:read	[0 1]
2026-04-29 10:05:09,875{GMT}	INFO	[jepsen worker 0] jepsen.util: 0	:invoke	:read	[0 nil]
2026-04-29 10:05:09,891{GMT}	INFO	[jepsen worker 0] jepsen.util: 0	:ok	:read	[0 1]
2026-04-29 10:05:10,108{GMT}	INFO	[jepsen worker 6] jepsen.util: 6	:invoke	:write	[0 4]
2026-04-29 10:05:10,137{GMT}	INFO	[jepsen worker 6] jepsen.util: 6	:ok	:write	[0 4]
2026-04-29 10:05:10,477{GMT}	INFO	[jepsen worker 0] jepsen.util: 0	:invoke	:read	[0 nil]
2026-04-29 10:05:10,498{GMT}	INFO	[jepsen worker 0] jepsen.util: 0	:ok	:read	[0 4]
2026-04-29 10:05:10,651{GMT}	INFO	[jepsen worker 0] jepsen.util: 0	:invoke	:read	[0 nil]
2026-04-29 10:05:10,673{GMT}	INFO	[jepsen worker 9] jepsen.util: 9	:invoke	:cas	[0 [4 1]]
2026-04-29 10:05:10,678{GMT}	INFO	[jepsen worker 0] jepsen.util: 0	:ok	:read	[0 4]
2026-04-29 10:05:10,727{GMT}	INFO	[jepsen worker 9] jepsen.util: 9	:ok	:cas	[0 [4 1]]
2026-04-29 10:05:10,769{GMT}	INFO	[jepsen worker 0] jepsen.util: 0	:invoke	:read	[0 nil]
2026-04-29 10:05:10,811{GMT}	INFO	[jepsen worker 0] jepsen.util: 0	:ok	:read	[0 1]
2026-04-29 10:05:10,907{GMT}	INFO	[jepsen worker 0] jepsen.util: 0	:invoke	:read	[0 nil]
2026-04-29 10:05:10,919{GMT}	INFO	[jepsen worker 0] jepsen.util: 0	:ok	:read	[0 1]
2026-04-29 10:05:11,011{GMT}	INFO	[jepsen worker 5] jepsen.util: 5	:invoke	:cas	[0 [4 4]]
2026-04-29 10:05:11,036{GMT}	INFO	[jepsen worker 5] jepsen.util: 5	:fail	:cas	[0 [4 4]]	[:precondition-failed "precondition-failed"]
2026-04-29 10:05:11,246{GMT}	INFO	[jepsen worker 2] jepsen.util: 2	:invoke	:read	[0 nil]
2026-04-29 10:05:11,274{GMT}	INFO	[jepsen worker 2] jepsen.util: 2	:ok	:read	[0 1]
2026-04-29 10:05:11,574{GMT}	INFO	[jepsen worker 5] jepsen.util: 5	:invoke	:write	[0 3]
2026-04-29 10:05:11,599{GMT}	INFO	[jepsen worker 5] jepsen.util: 5	:ok	:write	[0 3]
2026-04-29 10:05:11,830{GMT}	INFO	[jepsen worker 5] jepsen.util: 5	:invoke	:write	[0 4]
2026-04-29 10:05:11,859{GMT}	INFO	[jepsen worker 5] jepsen.util: 5	:ok	:write	[0 4]
2026-04-29 10:05:12,125{GMT}	INFO	[jepsen worker 5] jepsen.util: 5	:invoke	:cas	[0 [0 2]]
2026-04-29 10:05:12,145{GMT}	INFO	[jepsen worker 5] jepsen.util: 5	:fail	:cas	[0 [0 2]]	[:precondition-failed "precondition-failed"]
2026-04-29 10:05:12,189{GMT}	INFO	[jepsen worker 0] jepsen.util: 0	:invoke	:read	[0 nil]
2026-04-29 10:05:12,221{GMT}	INFO	[jepsen worker 0] jepsen.util: 0	:ok	:read	[0 4]
2026-04-29 10:05:12,397{GMT}	INFO	[jepsen worker 7] jepsen.util: 7	:invoke	:cas	[0 [0 1]]
2026-04-29 10:05:12,402{GMT}	INFO	[jepsen worker 7] jepsen.util: 7	:fail	:cas	[0 [0 1]]	[:precondition-failed "precondition-failed"]
2026-04-29 10:05:12,599{GMT}	INFO	[jepsen worker 8] jepsen.util: 8	:invoke	:cas	[0 [0 0]]
2026-04-29 10:05:12,625{GMT}	INFO	[jepsen worker 8] jepsen.util: 8	:fail	:cas	[0 [0 0]]	[:precondition-failed "precondition-failed"]
2026-04-29 10:05:12,743{GMT}	INFO	[jepsen worker 0] jepsen.util: 0	:invoke	:read	[0 nil]
2026-04-29 10:05:12,748{GMT}	INFO	[jepsen worker 0] jepsen.util: 0	:ok	:read	[0 4]
2026-04-29 10:05:12,908{GMT}	INFO	[jepsen worker 0] jepsen.util: 0	:invoke	:read	[0 nil]
2026-04-29 10:05:12,914{GMT}	INFO	[jepsen worker 0] jepsen.util: 0	:ok	:read	[0 4]
2026-04-29 10:05:13,129{GMT}	INFO	[jepsen worker 0] jepsen.util: 0	:invoke	:read	[0 nil]
2026-04-29 10:05:13,161{GMT}	INFO	[jepsen worker 0] jepsen.util: 0	:ok	:read	[0 4]
2026-04-29 10:05:13,498{GMT}	INFO	[jepsen worker 5] jepsen.util: 5	:invoke	:write	[0 2]
2026-04-29 10:05:13,567{GMT}	INFO	[jepsen worker 5] jepsen.util: 5	:ok	:write	[0 2]
2026-04-29 10:05:13,625{GMT}	INFO	[jepsen worker 5] jepsen.util: 5	:invoke	:cas	[0 [3 3]]
2026-04-29 10:05:13,630{GMT}	INFO	[jepsen worker 3] jepsen.util: 3	:invoke	:read	[0 nil]
2026-04-29 10:05:13,663{GMT}	INFO	[jepsen worker 5] jepsen.util: 5	:fail	:cas	[0 [3 3]]	[:precondition-failed "precondition-failed"]
2026-04-29 10:05:13,667{GMT}	INFO	[jepsen worker 3] jepsen.util: 3	:ok	:read	[0 2]
2026-04-29 10:05:14,034{GMT}	INFO	[jepsen worker 5] jepsen.util: 5	:invoke	:cas	[0 [1 0]]
2026-04-29 10:05:14,052{GMT}	INFO	[jepsen worker 5] jepsen.util: 5	:fail	:cas	[0 [1 0]]	[:precondition-failed "precondition-failed"]
2026-04-29 10:05:14,249{GMT}	INFO	[jepsen worker 5] jepsen.util: 5	:invoke	:write	[0 1]
2026-04-29 10:05:14,297{GMT}	INFO	[jepsen worker 5] jepsen.util: 5	:ok	:write	[0 1]
2026-04-29 10:05:14,413{GMT}	INFO	[jepsen worker 6] jepsen.util: 6	:invoke	:write	[0 2]
2026-04-29 10:05:14,424{GMT}	INFO	[jepsen worker 6] jepsen.util: 6	:ok	:write	[0 2]
2026-04-29 10:05:14,679{GMT}	INFO	[jepsen worker 0] jepsen.util: 0	:invoke	:read	[0 nil]
2026-04-29 10:05:14,686{GMT}	INFO	[jepsen worker 0] jepsen.util: 0	:ok	:read	[0 2]
2026-04-29 10:05:14,995{GMT}	INFO	[jepsen worker 8] jepsen.util: 8	:invoke	:cas	[0 [4 0]]
2026-04-29 10:05:15,028{GMT}	INFO	[jepsen worker 8] jepsen.util: 8	:fail	:cas	[0 [4 0]]	[:precondition-failed "precondition-failed"]
2026-04-29 10:05:15,055{GMT}	INFO	[jepsen worker 0] jepsen.util: 0	:invoke	:read	[0 nil]
2026-04-29 10:05:15,061{GMT}	INFO	[jepsen worker 0] jepsen.util: 0	:ok	:read	[0 2]
2026-04-29 10:05:15,406{GMT}	INFO	[jepsen worker 0] jepsen.util: 0	:invoke	:read	[0 nil]
2026-04-29 10:05:15,438{GMT}	INFO	[jepsen worker 0] jepsen.util: 0	:ok	:read	[0 2]
2026-04-29 10:05:15,707{GMT}	INFO	[jepsen worker 5] jepsen.util: 5	:invoke	:cas	[0 [3 1]]
2026-04-29 10:05:15,740{GMT}	INFO	[jepsen worker 5] jepsen.util: 5	:fail	:cas	[0 [3 1]]	[:precondition-failed "precondition-failed"]
2026-04-29 10:05:16,025{GMT}	INFO	[jepsen worker 1] jepsen.util: 1	:invoke	:read	[0 nil]
2026-04-29 10:05:16,026{GMT}	INFO	[jepsen worker 1] jepsen.util: 1	:ok	:read	[0 2]
2026-04-29 10:05:16,272{GMT}	INFO	[jepsen worker 2] jepsen.util: 2	:invoke	:read	[0 nil]
2026-04-29 10:05:16,296{GMT}	INFO	[jepsen worker 2] jepsen.util: 2	:ok	:read	[0 2]
2026-04-29 10:05:16,522{GMT}	INFO	[jepsen worker 5] jepsen.util: 5	:invoke	:write	[0 4]
2026-04-29 10:05:16,566{GMT}	INFO	[jepsen worker 5] jepsen.util: 5	:ok	:write	[0 4]
2026-04-29 10:05:16,733{GMT}	INFO	[jepsen worker 5] jepsen.util: 5	:invoke	:cas	[0 [3 4]]
2026-04-29 10:05:16,759{GMT}	INFO	[jepsen worker 5] jepsen.util: 5	:fail	:cas	[0 [3 4]]	[:precondition-failed "precondition-failed"]
2026-04-29 10:05:16,869{GMT}	INFO	[jepsen worker 0] jepsen.util: 0	:invoke	:read	[0 nil]
2026-04-29 10:05:16,876{GMT}	INFO	[jepsen worker 0] jepsen.util: 0	:ok	:read	[0 4]
2026-04-29 10:05:16,900{GMT}	INFO	[jepsen worker 6] jepsen.util: 6	:invoke	:cas	[0 [3 1]]
2026-04-29 10:05:16,901{GMT}	INFO	[jepsen worker 6] jepsen.util: 6	:fail	:cas	[0 [3 1]]	[:precondition-failed "precondition-failed"]
2026-04-29 10:05:17,101{GMT}	INFO	[jepsen worker 0] jepsen.util: 0	:invoke	:read	[0 nil]
2026-04-29 10:05:17,106{GMT}	INFO	[jepsen worker 0] jepsen.util: 0	:ok	:read	[0 4]
2026-04-29 10:05:17,386{GMT}	INFO	[jepsen worker 0] jepsen.util: 0	:invoke	:read	[0 nil]
2026-04-29 10:05:17,411{GMT}	INFO	[jepsen worker 0] jepsen.util: 0	:ok	:read	[0 4]
2026-04-29 10:05:17,510{GMT}	INFO	[jepsen worker 9] jepsen.util: 9	:invoke	:cas	[0 [1 2]]
2026-04-29 10:05:17,537{GMT}	INFO	[jepsen worker 9] jepsen.util: 9	:fail	:cas	[0 [1 2]]	[:precondition-failed "precondition-failed"]
2026-04-29 10:05:17,681{GMT}	INFO	[jepsen worker 5] jepsen.util: 5	:invoke	:write	[0 0]
2026-04-29 10:05:17,700{GMT}	INFO	[jepsen worker 5] jepsen.util: 5	:ok	:write	[0 0]
2026-04-29 10:05:18,062{GMT}	INFO	[jepsen worker 5] jepsen.util: 5	:invoke	:cas	[0 [0 4]]
2026-04-29 10:05:18,089{GMT}	INFO	[jepsen worker 5] jepsen.util: 5	:ok	:cas	[0 [0 4]]
2026-04-29 10:05:18,330{GMT}	INFO	[jepsen worker 5] jepsen.util: 5	:invoke	:cas	[0 [0 2]]
2026-04-29 10:05:18,363{GMT}	INFO	[jepsen worker 5] jepsen.util: 5	:fail	:cas	[0 [0 2]]	[:precondition-failed "precondition-failed"]
2026-04-29 10:05:18,509{GMT}	INFO	[jepsen worker 5] jepsen.util: 5	:invoke	:cas	[0 [4 1]]
2026-04-29 10:05:18,530{GMT}	INFO	[jepsen worker 5] jepsen.util: 5	:ok	:cas	[0 [4 1]]
2026-04-29 10:05:18,901{GMT}	INFO	[jepsen worker 3] jepsen.util: 3	:invoke	:read	[0 nil]
2026-04-29 10:05:18,908{GMT}	INFO	[jepsen worker 4] jepsen.util: 4	:invoke	:read	[0 nil]
2026-04-29 10:05:18,922{GMT}	INFO	[jepsen worker 3] jepsen.util: 3	:ok	:read	[0 1]
2026-04-29 10:05:18,942{GMT}	INFO	[jepsen worker 5] jepsen.util: 5	:invoke	:cas	[0 [2 1]]
2026-04-29 10:05:18,949{GMT}	INFO	[jepsen worker 4] jepsen.util: 4	:ok	:read	[0 1]
2026-04-29 10:05:18,974{GMT}	INFO	[jepsen worker 0] jepsen.util: 0	:invoke	:read	[0 nil]
2026-04-29 10:05:18,974{GMT}	INFO	[jepsen worker 5] jepsen.util: 5	:fail	:cas	[0 [2 1]]	[:precondition-failed "precondition-failed"]
2026-04-29 10:05:19,002{GMT}	INFO	[jepsen worker 0] jepsen.util: 0	:ok	:read	[0 1]
2026-04-29 10:05:19,304{GMT}	INFO	[jepsen worker 7] jepsen.util: 7	:invoke	:cas	[0 [3 2]]
2026-04-29 10:05:19,322{GMT}	INFO	[jepsen worker 7] jepsen.util: 7	:fail	:cas	[0 [3 2]]	[:precondition-failed "precondition-failed"]
2026-04-29 10:05:19,610{GMT}	INFO	[jepsen worker 8] jepsen.util: 8	:invoke	:cas	[0 [1 0]]
2026-04-29 10:05:19,641{GMT}	INFO	[jepsen worker 8] jepsen.util: 8	:ok	:cas	[0 [1 0]]
2026-04-29 10:05:19,654{GMT}	INFO	[jepsen worker 9] jepsen.util: 9	:invoke	:write	[0 1]
2026-04-29 10:05:19,715{GMT}	INFO	[jepsen worker 9] jepsen.util: 9	:ok	:write	[0 1]
2026-04-29 10:05:19,972{GMT}	INFO	[jepsen worker 5] jepsen.util: 5	:invoke	:cas	[0 [1 2]]
2026-04-29 10:05:20,013{GMT}	INFO	[jepsen worker 5] jepsen.util: 5	:ok	:cas	[0 [1 2]]
2026-04-29 10:05:20,041{GMT}	INFO	[jepsen worker 5] jepsen.util: 5	:invoke	:cas	[0 [2 4]]
2026-04-29 10:05:20,072{GMT}	INFO	[jepsen worker 5] jepsen.util: 5	:ok	:cas	[0 [2 4]]
2026-04-29 10:05:20,333{GMT}	INFO	[jepsen worker 5] jepsen.util: 5	:invoke	:cas	[0 [3 2]]
2026-04-29 10:05:20,355{GMT}	INFO	[jepsen worker 5] jepsen.util: 5	:fail	:cas	[0 [3 2]]	[:precondition-failed "precondition-failed"]
2026-04-29 10:05:20,531{GMT}	INFO	[jepsen worker 5] jepsen.util: 5	:invoke	:write	[0 1]
2026-04-29 10:05:20,559{GMT}	INFO	[jepsen worker 5] jepsen.util: 5	:ok	:write	[0 1]
2026-04-29 10:05:20,758{GMT}	INFO	[jepsen worker 5] jepsen.util: 5	:invoke	:write	[0 0]
2026-04-29 10:05:20,773{GMT}	INFO	[jepsen worker 6] jepsen.util: 6	:invoke	:write	[0 1]
2026-04-29 10:05:20,788{GMT}	INFO	[jepsen worker 6] jepsen.util: 6	:ok	:write	[0 1]
2026-04-29 10:05:20,807{GMT}	INFO	[jepsen worker 5] jepsen.util: 5	:ok	:write	[0 0]
2026-04-29 10:05:21,127{GMT}	INFO	[jepsen worker 0] jepsen.util: 0	:invoke	:read	[0 nil]
2026-04-29 10:05:21,137{GMT}	INFO	[jepsen worker 0] jepsen.util: 0	:ok	:read	[0 1]
2026-04-29 10:05:21,262{GMT}	INFO	[jepsen worker 0] jepsen.util: 0	:invoke	:read	[0 nil]
2026-04-29 10:05:21,275{GMT}	INFO	[jepsen worker 0] jepsen.util: 0	:ok	:read	[0 1]
2026-04-29 10:05:21,308{GMT}	INFO	[jepsen worker 0] jepsen.util: 0	:invoke	:read	[0 nil]
2026-04-29 10:05:21,310{GMT}	INFO	[jepsen worker 8] jepsen.util: 8	:invoke	:cas	[0 [2 0]]
2026-04-29 10:05:21,341{GMT}	INFO	[jepsen worker 0] jepsen.util: 0	:ok	:read	[0 1]
2026-04-29 10:05:21,341{GMT}	INFO	[jepsen worker 8] jepsen.util: 8	:fail	:cas	[0 [2 0]]	[:precondition-failed "precondition-failed"]
2026-04-29 10:05:21,413{GMT}	INFO	[jepsen worker 0] jepsen.util: 0	:invoke	:read	[0 nil]
2026-04-29 10:05:21,431{GMT}	INFO	[jepsen worker 0] jepsen.util: 0	:ok	:read	[0 1]
2026-04-29 10:05:21,685{GMT}	INFO	[jepsen worker 0] jepsen.util: 0	:invoke	:read	[0 nil]
2026-04-29 10:05:21,691{GMT}	INFO	[jepsen worker 0] jepsen.util: 0	:ok	:read	[0 1]
2026-04-29 10:05:21,936{GMT}	INFO	[jepsen worker 5] jepsen.util: 5	:invoke	:write	[0 2]
2026-04-29 10:05:22,000{GMT}	INFO	[jepsen worker 5] jepsen.util: 5	:ok	:write	[0 2]
2026-04-29 10:05:22,301{GMT}	INFO	[jepsen worker 1] jepsen.util: 1	:invoke	:read	[0 nil]
2026-04-29 10:05:22,301{GMT}	INFO	[jepsen worker 1] jepsen.util: 1	:ok	:read	[0 2]
2026-04-29 10:05:22,421{GMT}	INFO	[jepsen worker 2] jepsen.util: 2	:invoke	:read	[0 nil]
2026-04-29 10:05:22,448{GMT}	INFO	[jepsen worker 2] jepsen.util: 2	:ok	:read	[0 2]
2026-04-29 10:05:22,487{GMT}	INFO	[jepsen worker 5] jepsen.util: 5	:invoke	:cas	[0 [2 2]]
2026-04-29 10:05:22,544{GMT}	INFO	[jepsen worker 5] jepsen.util: 5	:ok	:cas	[0 [2 2]]
2026-04-29 10:05:22,879{GMT}	INFO	[jepsen worker 5] jepsen.util: 5	:invoke	:cas	[0 [4 3]]
2026-04-29 10:05:22,892{GMT}	INFO	[jepsen worker 5] jepsen.util: 5	:fail	:cas	[0 [4 3]]	[:precondition-failed "precondition-failed"]
2026-04-29 10:05:23,111{GMT}	INFO	[jepsen worker 5] jepsen.util: 5	:invoke	:cas	[0 [3 2]]
2026-04-29 10:05:23,114{GMT}	INFO	[jepsen worker 5] jepsen.util: 5	:fail	:cas	[0 [3 2]]	[:precondition-failed "precondition-failed"]
2026-04-29 10:05:23,320{GMT}	INFO	[jepsen worker 0] jepsen.util: 0	:invoke	:read	[0 nil]
2026-04-29 10:05:23,337{GMT}	INFO	[jepsen worker 0] jepsen.util: 0	:ok	:read	[0 2]
2026-04-29 10:05:23,522{GMT}	INFO	[jepsen worker 7] jepsen.util: 7	:invoke	:write	[0 0]
2026-04-29 10:05:23,548{GMT}	INFO	[jepsen worker 7] jepsen.util: 7	:ok	:write	[0 0]
2026-04-29 10:05:23,708{GMT}	INFO	[jepsen worker 8] jepsen.util: 8	:invoke	:cas	[0 [4 2]]
2026-04-29 10:05:23,731{GMT}	INFO	[jepsen worker 8] jepsen.util: 8	:fail	:cas	[0 [4 2]]	[:precondition-failed "precondition-failed"]
2026-04-29 10:05:23,967{GMT}	INFO	[jepsen worker 0] jepsen.util: 0	:invoke	:read	[0 nil]
2026-04-29 10:05:23,975{GMT}	INFO	[jepsen worker 0] jepsen.util: 0	:ok	:read	[0 0]
2026-04-29 10:05:24,351{GMT}	INFO	[jepsen worker 5] jepsen.util: 5	:invoke	:cas	[0 [1 3]]
2026-04-29 10:05:24,372{GMT}	INFO	[jepsen worker 5] jepsen.util: 5	:fail	:cas	[0 [1 3]]	[:precondition-failed "precondition-failed"]
2026-04-29 10:05:24,595{GMT}	INFO	[jepsen worker 0] jepsen.util: 0	:invoke	:read	[0 nil]
2026-04-29 10:05:24,635{GMT}	INFO	[jepsen worker 0] jepsen.util: 0	:ok	:read	[0 0]
2026-04-29 10:05:24,944{GMT}	INFO	[jepsen worker 1] jepsen.util: 1	:invoke	:read	[0 nil]
2026-04-29 10:05:24,944{GMT}	INFO	[jepsen worker 1] jepsen.util: 1	:ok	:read	[0 0]
2026-04-29 10:05:25,176{GMT}	INFO	[jepsen worker 5] jepsen.util: 5	:invoke	:write	[0 2]
2026-04-29 10:05:25,232{GMT}	INFO	[jepsen worker 5] jepsen.util: 5	:ok	:write	[0 2]
2026-04-29 10:05:25,347{GMT}	INFO	[jepsen worker 3] jepsen.util: 3	:invoke	:read	[0 nil]
2026-04-29 10:05:25,374{GMT}	INFO	[jepsen worker 3] jepsen.util: 3	:ok	:read	[0 2]
2026-04-29 10:05:25,482{GMT}	INFO	[jepsen worker 4] jepsen.util: 4	:invoke	:read	[0 nil]
2026-04-29 10:05:25,500{GMT}	INFO	[jepsen worker 4] jepsen.util: 4	:ok	:read	[0 2]
2026-04-29 10:05:25,686{GMT}	INFO	[jepsen worker 0] jepsen.util: 0	:invoke	:read	[0 nil]
2026-04-29 10:05:25,691{GMT}	INFO	[jepsen worker 0] jepsen.util: 0	:ok	:read	[0 2]
2026-04-29 10:05:25,730{GMT}	INFO	[jepsen worker 6] jepsen.util: 6	:invoke	:cas	[0 [4 2]]
2026-04-29 10:05:25,730{GMT}	INFO	[jepsen worker 6] jepsen.util: 6	:fail	:cas	[0 [4 2]]	[:precondition-failed "precondition-failed"]
2026-04-29 10:05:26,000{GMT}	INFO	[jepsen worker 7] jepsen.util: 7	:invoke	:cas	[0 [3 1]]
2026-04-29 10:05:26,020{GMT}	INFO	[jepsen worker 7] jepsen.util: 7	:fail	:cas	[0 [3 1]]	[:precondition-failed "precondition-failed"]
2026-04-29 10:05:26,126{GMT}	INFO	[jepsen worker 0] jepsen.util: 0	:invoke	:read	[0 nil]
2026-04-29 10:05:26,136{GMT}	INFO	[jepsen worker 0] jepsen.util: 0	:ok	:read	[0 2]
2026-04-29 10:05:26,389{GMT}	INFO	[jepsen worker 0] jepsen.util: 0	:invoke	:read	[0 nil]
2026-04-29 10:05:26,406{GMT}	INFO	[jepsen worker 0] jepsen.util: 0	:ok	:read	[0 2]
2026-04-29 10:05:26,674{GMT}	INFO	[jepsen worker 5] jepsen.util: 5	:invoke	:cas	[0 [2 3]]
2026-04-29 10:05:26,738{GMT}	INFO	[jepsen worker 5] jepsen.util: 5	:ok	:cas	[0 [2 3]]
2026-04-29 10:05:26,817{GMT}	INFO	[jepsen worker 0] jepsen.util: 0	:invoke	:read	[0 nil]
2026-04-29 10:05:26,844{GMT}	INFO	[jepsen worker 0] jepsen.util: 0	:ok	:read	[0 3]
2026-04-29 10:05:27,104{GMT}	INFO	[jepsen worker 1] jepsen.util: 1	:invoke	:read	[0 nil]
2026-04-29 10:05:27,105{GMT}	INFO	[jepsen worker 1] jepsen.util: 1	:ok	:read	[0 3]
2026-04-29 10:05:27,342{GMT}	INFO	[jepsen worker 2] jepsen.util: 2	:invoke	:read	[0 nil]
2026-04-29 10:05:27,359{GMT}	INFO	[jepsen worker 2] jepsen.util: 2	:ok	:read	[0 3]
2026-04-29 10:05:27,446{GMT}	INFO	[jepsen worker 5] jepsen.util: 5	:invoke	:write	[0 0]
2026-04-29 10:05:27,470{GMT}	INFO	[jepsen worker 5] jepsen.util: 5	:ok	:write	[0 0]
2026-04-29 10:05:27,521{GMT}	INFO	[jepsen worker 4] jepsen.util: 4	:invoke	:read	[0 nil]
2026-04-29 10:05:27,547{GMT}	INFO	[jepsen worker 4] jepsen.util: 4	:ok	:read	[0 0]
2026-04-29 10:05:27,694{GMT}	INFO	[jepsen worker 5] jepsen.util: 5	:invoke	:cas	[0 [3 0]]
2026-04-29 10:05:27,711{GMT}	INFO	[jepsen worker 5] jepsen.util: 5	:fail	:cas	[0 [3 0]]	[:precondition-failed "precondition-failed"]
2026-04-29 10:05:27,997{GMT}	INFO	[jepsen worker 6] jepsen.util: 6	:invoke	:write	[0 4]
2026-04-29 10:05:28,005{GMT}	INFO	[jepsen worker 6] jepsen.util: 6	:ok	:write	[0 4]
2026-04-29 10:05:28,189{GMT}	INFO	[jepsen worker 7] jepsen.util: 7	:invoke	:write	[0 4]
2026-04-29 10:05:28,220{GMT}	INFO	[jepsen worker 7] jepsen.util: 7	:ok	:write	[0 4]
2026-04-29 10:05:28,491{GMT}	INFO	[jepsen worker 0] jepsen.util: 0	:invoke	:read	[0 nil]
2026-04-29 10:05:28,510{GMT}	INFO	[jepsen worker 0] jepsen.util: 0	:ok	:read	[0 4]
2026-04-29 10:05:28,679{GMT}	INFO	[jepsen worker 0] jepsen.util: 0	:invoke	:read	[0 nil]
2026-04-29 10:05:28,702{GMT}	INFO	[jepsen worker 0] jepsen.util: 0	:ok	:read	[0 4]
2026-04-29 10:05:28,798{GMT}	INFO	[jepsen worker 0] jepsen.util: 0	:invoke	:read	[0 nil]
2026-04-29 10:05:28,806{GMT}	INFO	[jepsen worker 5] jepsen.util: 5	:invoke	:write	[0 1]
2026-04-29 10:05:28,821{GMT}	INFO	[jepsen worker 0] jepsen.util: 0	:ok	:read	[0 4]
2026-04-29 10:05:28,837{GMT}	INFO	[jepsen worker 5] jepsen.util: 5	:ok	:write	[0 1]
2026-04-29 10:05:28,978{GMT}	INFO	[jepsen worker 5] jepsen.util: 5	:invoke	:cas	[0 [4 3]]
2026-04-29 10:05:28,998{GMT}	INFO	[jepsen worker 5] jepsen.util: 5	:fail	:cas	[0 [4 3]]	[:precondition-failed "precondition-failed"]
2026-04-29 10:05:29,234{GMT}	INFO	[jepsen worker 2] jepsen.util: 2	:invoke	:read	[0 nil]
2026-04-29 10:05:29,252{GMT}	INFO	[jepsen worker 2] jepsen.util: 2	:ok	:read	[0 1]
2026-04-29 10:05:29,598{GMT}	INFO	[jepsen worker 5] jepsen.util: 5	:invoke	:write	[0 2]
2026-04-29 10:05:29,635{GMT}	INFO	[jepsen worker 5] jepsen.util: 5	:ok	:write	[0 2]
2026-04-29 10:05:29,944{GMT}	INFO	[jepsen worker 5] jepsen.util: 5	:invoke	:cas	[0 [0 3]]
2026-04-29 10:05:29,963{GMT}	INFO	[jepsen worker 5] jepsen.util: 5	:fail	:cas	[0 [0 3]]	[:precondition-failed "precondition-failed"]
2026-04-29 10:05:29,965{GMT}	INFO	[jepsen worker 0] jepsen.util: 0	:invoke	:read	[0 nil]
2026-04-29 10:05:29,992{GMT}	INFO	[jepsen worker 0] jepsen.util: 0	:ok	:read	[0 2]
2026-04-29 10:05:30,318{GMT}	INFO	[jepsen worker 0] jepsen.util: 0	:invoke	:read	[0 nil]
2026-04-29 10:05:30,335{GMT}	INFO	[jepsen worker 0] jepsen.util: 0	:ok	:read	[0 2]
2026-04-29 10:05:30,712{GMT}	INFO	[jepsen worker 0] jepsen.util: 0	:invoke	:read	[0 nil]
2026-04-29 10:05:30,719{GMT}	INFO	[jepsen worker 0] jepsen.util: 0	:ok	:read	[0 2]
2026-04-29 10:05:30,991{GMT}	INFO	[jepsen worker 0] jepsen.util: 0	:invoke	:read	[0 nil]
2026-04-29 10:05:31,011{GMT}	INFO	[jepsen worker 0] jepsen.util: 0	:ok	:read	[0 2]
2026-04-29 10:05:31,334{GMT}	INFO	[jepsen worker 9] jepsen.util: 9	:invoke	:cas	[0 [3 4]]
2026-04-29 10:05:31,362{GMT}	INFO	[jepsen worker 9] jepsen.util: 9	:fail	:cas	[0 [3 4]]	[:precondition-failed "precondition-failed"]
2026-04-29 10:05:31,390{GMT}	INFO	[jepsen worker 0] jepsen.util: 0	:invoke	:read	[0 nil]
2026-04-29 10:05:31,422{GMT}	INFO	[jepsen worker 0] jepsen.util: 0	:ok	:read	[0 2]
2026-04-29 10:05:31,579{GMT}	INFO	[jepsen worker 0] jepsen.util: 0	:invoke	:read	[0 nil]
2026-04-29 10:05:31,594{GMT}	INFO	[jepsen worker 0] jepsen.util: 0	:ok	:read	[0 2]
2026-04-29 10:05:31,852{GMT}	INFO	[jepsen worker 1] jepsen.util: 1	:invoke	:read	[0 nil]
2026-04-29 10:05:31,854{GMT}	INFO	[jepsen worker 1] jepsen.util: 1	:ok	:read	[0 2]
2026-04-29 10:05:31,874{GMT}	INFO	[jepsen worker 5] jepsen.util: 5	:invoke	:cas	[0 [4 0]]
2026-04-29 10:05:31,894{GMT}	INFO	[jepsen worker 5] jepsen.util: 5	:fail	:cas	[0 [4 0]]	[:precondition-failed "precondition-failed"]
2026-04-29 10:05:32,099{GMT}	INFO	[jepsen worker 5] jepsen.util: 5	:invoke	:cas	[0 [2 3]]
2026-04-29 10:05:32,129{GMT}	INFO	[jepsen worker 5] jepsen.util: 5	:ok	:cas	[0 [2 3]]
2026-04-29 10:05:32,301{GMT}	INFO	[jepsen worker 5] jepsen.util: 5	:invoke	:cas	[0 [4 0]]
2026-04-29 10:05:32,326{GMT}	INFO	[jepsen worker 5] jepsen.util: 5	:fail	:cas	[0 [4 0]]	[:precondition-failed "precondition-failed"]
2026-04-29 10:05:32,596{GMT}	INFO	[jepsen worker 5] jepsen.util: 5	:invoke	:cas	[0 [2 2]]
2026-04-29 10:05:32,604{GMT}	INFO	[jepsen worker 5] jepsen.util: 5	:fail	:cas	[0 [2 2]]	[:precondition-failed "precondition-failed"]
2026-04-29 10:05:32,742{GMT}	INFO	[jepsen worker 0] jepsen.util: 0	:invoke	:read	[0 nil]
2026-04-29 10:05:32,759{GMT}	INFO	[jepsen worker 0] jepsen.util: 0	:ok	:read	[0 3]
2026-04-29 10:05:32,788{GMT}	INFO	[jepsen worker 7] jepsen.util: 7	:invoke	:cas	[0 [0 4]]
2026-04-29 10:05:32,811{GMT}	INFO	[jepsen worker 7] jepsen.util: 7	:fail	:cas	[0 [0 4]]	[:precondition-failed "precondition-failed"]
2026-04-29 10:05:32,827{GMT}	INFO	[jepsen worker 0] jepsen.util: 0	:invoke	:read	[0 nil]
2026-04-29 10:05:32,827{GMT}	INFO	[jepsen worker 9] jepsen.util: 9	:invoke	:cas	[0 [3 1]]
2026-04-29 10:05:32,843{GMT}	INFO	[jepsen worker 0] jepsen.util: 0	:ok	:read	[0 3]
2026-04-29 10:05:32,906{GMT}	INFO	[jepsen worker 9] jepsen.util: 9	:ok	:cas	[0 [3 1]]
2026-04-29 10:05:33,023{GMT}	INFO	[jepsen worker 0] jepsen.util: 0	:invoke	:read	[0 nil]
2026-04-29 10:05:33,058{GMT}	INFO	[jepsen worker 0] jepsen.util: 0	:ok	:read	[0 1]
2026-04-29 10:05:33,157{GMT}	INFO	[jepsen worker 5] jepsen.util: 5	:invoke	:cas	[0 [4 4]]
2026-04-29 10:05:33,180{GMT}	INFO	[jepsen worker 5] jepsen.util: 5	:fail	:cas	[0 [4 4]]	[:precondition-failed "precondition-failed"]
2026-04-29 10:05:33,269{GMT}	INFO	[jepsen worker 5] jepsen.util: 5	:invoke	:cas	[0 [1 0]]
2026-04-29 10:05:33,299{GMT}	INFO	[jepsen worker 2] jepsen.util: 2	:invoke	:read	[0 nil]
2026-04-29 10:05:33,307{GMT}	INFO	[jepsen worker 2] jepsen.util: 2	:ok	:read	[0 0]
2026-04-29 10:05:33,320{GMT}	INFO	[jepsen worker 5] jepsen.util: 5	:ok	:cas	[0 [1 0]]
2026-04-29 10:05:33,560{GMT}	INFO	[jepsen worker 3] jepsen.util: 3	:invoke	:read	[0 nil]
2026-04-29 10:05:33,575{GMT}	INFO	[jepsen worker 4] jepsen.util: 4	:invoke	:read	[0 nil]
2026-04-29 10:05:33,585{GMT}	INFO	[jepsen worker 3] jepsen.util: 3	:ok	:read	[0 0]
2026-04-29 10:05:33,613{GMT}	INFO	[jepsen worker 4] jepsen.util: 4	:ok	:read	[0 0]
2026-04-29 10:05:33,714{GMT}	INFO	[jepsen worker 5] jepsen.util: 5	:invoke	:cas	[0 [2 4]]
2026-04-29 10:05:33,747{GMT}	INFO	[jepsen worker 5] jepsen.util: 5	:fail	:cas	[0 [2 4]]	[:precondition-failed "precondition-failed"]
2026-04-29 10:05:34,079{GMT}	INFO	[jepsen worker 6] jepsen.util: 6	:invoke	:write	[0 4]
2026-04-29 10:05:34,097{GMT}	INFO	[jepsen worker 6] jepsen.util: 6	:ok	:write	[0 4]
2026-04-29 10:05:34,442{GMT}	INFO	[jepsen worker 0] jepsen.util: 0	:invoke	:read	[0 nil]
2026-04-29 10:05:34,462{GMT}	INFO	[jepsen worker 0] jepsen.util: 0	:ok	:read	[0 4]
2026-04-29 10:05:34,714{GMT}	INFO	[jepsen worker 0] jepsen.util: 0	:invoke	:read	[0 nil]
2026-04-29 10:05:34,728{GMT}	INFO	[jepsen worker 0] jepsen.util: 0	:ok	:read	[0 4]
2026-04-29 10:05:35,084{GMT}	INFO	[jepsen worker 0] jepsen.util: 0	:invoke	:read	[0 nil]
2026-04-29 10:05:35,098{GMT}	INFO	[jepsen worker 0] jepsen.util: 0	:ok	:read	[0 4]
2026-04-29 10:05:35,119{GMT}	INFO	[jepsen worker 0] jepsen.util: 0	:invoke	:read	[0 nil]
2026-04-29 10:05:35,130{GMT}	INFO	[jepsen worker 0] jepsen.util: 0	:ok	:read	[0 4]
2026-04-29 10:05:35,455{GMT}	INFO	[jepsen worker 0] jepsen.util: 0	:invoke	:read	[0 nil]
2026-04-29 10:05:35,472{GMT}	INFO	[jepsen worker 0] jepsen.util: 0	:ok	:read	[0 4]
2026-04-29 10:05:35,616{GMT}	INFO	[jepsen worker 5] jepsen.util: 5	:invoke	:write	[0 0]
2026-04-29 10:05:35,687{GMT}	INFO	[jepsen worker 5] jepsen.util: 5	:ok	:write	[0 0]
2026-04-29 10:05:35,848{GMT}	INFO	[jepsen worker 2] jepsen.util: 2	:invoke	:read	[0 nil]
2026-04-29 10:05:35,874{GMT}	INFO	[jepsen worker 2] jepsen.util: 2	:ok	:read	[0 0]
2026-04-29 10:05:36,247{GMT}	INFO	[jepsen worker 5] jepsen.util: 5	:invoke	:cas	[0 [4 4]]
2026-04-29 10:05:36,255{GMT}	INFO	[jepsen worker 5] jepsen.util: 5	:fail	:cas	[0 [4 4]]	[:precondition-failed "precondition-failed"]
2026-04-29 10:05:36,527{GMT}	INFO	[jepsen worker 4] jepsen.util: 4	:invoke	:read	[0 nil]
2026-04-29 10:05:36,557{GMT}	INFO	[jepsen worker 4] jepsen.util: 4	:ok	:read	[0 0]
2026-04-29 10:05:36,680{GMT}	INFO	[jepsen worker 0] jepsen.util: 0	:invoke	:read	[0 nil]
2026-04-29 10:05:36,697{GMT}	INFO	[jepsen worker 0] jepsen.util: 0	:ok	:read	[0 0]
2026-04-29 10:05:37,046{GMT}	INFO	[jepsen worker 6] jepsen.util: 6	:invoke	:write	[0 0]
2026-04-29 10:05:37,081{GMT}	INFO	[jepsen worker 6] jepsen.util: 6	:ok	:write	[0 0]
2026-04-29 10:05:37,153{GMT}	INFO	[jepsen worker 0] jepsen.util: 0	:invoke	:read	[0 nil]
2026-04-29 10:05:37,165{GMT}	INFO	[jepsen worker 0] jepsen.util: 0	:ok	:read	[0 0]
2026-04-29 10:05:37,328{GMT}	INFO	[jepsen worker 8] jepsen.util: 8	:invoke	:cas	[0 [4 2]]
2026-04-29 10:05:37,354{GMT}	INFO	[jepsen worker 8] jepsen.util: 8	:fail	:cas	[0 [4 2]]	[:precondition-failed "precondition-failed"]
2026-04-29 10:05:37,531{GMT}	INFO	[jepsen worker 9] jepsen.util: 9	:invoke	:write	[0 2]
2026-04-29 10:05:37,578{GMT}	INFO	[jepsen worker 9] jepsen.util: 9	:ok	:write	[0 2]
2026-04-29 10:05:37,728{GMT}	INFO	[jepsen worker 0] jepsen.util: 0	:invoke	:read	[0 nil]
2026-04-29 10:05:37,757{GMT}	INFO	[jepsen worker 0] jepsen.util: 0	:ok	:read	[0 2]
2026-04-29 10:05:38,052{GMT}	INFO	[jepsen worker 0] jepsen.util: 0	:invoke	:read	[0 nil]
2026-04-29 10:05:38,083{GMT}	INFO	[jepsen worker 0] jepsen.util: 0	:ok	:read	[0 2]
2026-04-29 10:05:38,305{GMT}	INFO	[jepsen worker 5] jepsen.util: 5	:invoke	:cas	[0 [1 0]]
2026-04-29 10:05:38,324{GMT}	INFO	[jepsen worker 5] jepsen.util: 5	:fail	:cas	[0 [1 0]]	[:precondition-failed "precondition-failed"]
2026-04-29 10:05:38,324{GMT}	INFO	[jepsen worker 6] jepsen.util: 6	:invoke	:cas	[0 [4 4]]
2026-04-29 10:05:38,325{GMT}	INFO	[jepsen worker 6] jepsen.util: 6	:fail	:cas	[0 [4 4]]	[:precondition-failed "precondition-failed"]
2026-04-29 10:05:38,423{GMT}	INFO	[jepsen worker 5] jepsen.util: 5	:invoke	:cas	[0 [4 0]]
2026-04-29 10:05:38,456{GMT}	INFO	[jepsen worker 5] jepsen.util: 5	:fail	:cas	[0 [4 0]]	[:precondition-failed "precondition-failed"]
2026-04-29 10:05:38,646{GMT}	INFO	[jepsen worker 5] jepsen.util: 5	:invoke	:write	[0 3]
2026-04-29 10:05:38,701{GMT}	INFO	[jepsen worker 5] jepsen.util: 5	:ok	:write	[0 3]
2026-04-29 10:05:38,967{GMT}	INFO	[jepsen worker 5] jepsen.util: 5	:invoke	:write	[0 1]
2026-04-29 10:05:38,988{GMT}	INFO	[jepsen worker 6] jepsen.util: 6	:invoke	:cas	[0 [4 0]]
2026-04-29 10:05:38,989{GMT}	INFO	[jepsen worker 6] jepsen.util: 6	:fail	:cas	[0 [4 0]]	[:precondition-failed "precondition-failed"]
2026-04-29 10:05:39,001{GMT}	INFO	[jepsen worker 5] jepsen.util: 5	:ok	:write	[0 1]
2026-04-29 10:05:39,310{GMT}	INFO	[jepsen worker 0] jepsen.util: 0	:invoke	:read	[0 nil]
2026-04-29 10:05:39,336{GMT}	INFO	[jepsen worker 0] jepsen.util: 0	:ok	:read	[0 1]
2026-04-29 10:05:39,649{GMT}	INFO	[jepsen worker 8] jepsen.util: 8	:invoke	:write	[0 4]
2026-04-29 10:05:39,673{GMT}	INFO	[jepsen worker 9] jepsen.util: 9	:invoke	:cas	[0 [4 2]]
2026-04-29 10:05:39,678{GMT}	INFO	[jepsen worker 9] jepsen.util: 9	:fail	:cas	[0 [4 2]]	[:precondition-failed "precondition-failed"]
2026-04-29 10:05:39,701{GMT}	INFO	[jepsen worker 8] jepsen.util: 8	:ok	:write	[0 4]
2026-04-29 10:05:39,875{GMT}	INFO	[jepsen worker 0] jepsen.util: 0	:invoke	:read	[0 nil]
2026-04-29 10:05:39,890{GMT}	INFO	[jepsen worker 0] jepsen.util: 0	:ok	:read	[0 4]
2026-04-29 10:05:40,276{GMT}	INFO	[jepsen worker 0] jepsen.util: 0	:invoke	:read	[0 nil]
2026-04-29 10:05:40,287{GMT}	INFO	[jepsen worker 0] jepsen.util: 0	:ok	:read	[0 4]
2026-04-29 10:05:40,612{GMT}	INFO	[jepsen worker 1] jepsen.util: 1	:invoke	:read	[0 nil]
2026-04-29 10:05:40,612{GMT}	INFO	[jepsen worker 1] jepsen.util: 1	:ok	:read	[0 4]
2026-04-29 10:05:40,892{GMT}	INFO	[jepsen worker 5] jepsen.util: 5	:invoke	:cas	[0 [1 1]]
2026-04-29 10:05:40,907{GMT}	INFO	[jepsen worker 5] jepsen.util: 5	:fail	:cas	[0 [1 1]]	[:precondition-failed "precondition-failed"]
2026-04-29 10:05:40,932{GMT}	INFO	[jepsen worker 3] jepsen.util: 3	:invoke	:read	[0 nil]
2026-04-29 10:05:40,946{GMT}	INFO	[jepsen worker 3] jepsen.util: 3	:ok	:read	[0 4]
2026-04-29 10:05:41,274{GMT}	INFO	[jepsen worker 5] jepsen.util: 5	:invoke	:cas	[0 [3 0]]
2026-04-29 10:05:41,289{GMT}	INFO	[jepsen worker 5] jepsen.util: 5	:fail	:cas	[0 [3 0]]	[:precondition-failed "precondition-failed"]
2026-04-29 10:05:41,596{GMT}	INFO	[jepsen worker 5] jepsen.util: 5	:invoke	:cas	[0 [3 2]]
2026-04-29 10:05:41,631{GMT}	INFO	[jepsen worker 5] jepsen.util: 5	:fail	:cas	[0 [3 2]]	[:precondition-failed "precondition-failed"]
2026-04-29 10:05:41,677{GMT}	INFO	[jepsen worker 0] jepsen.util: 0	:invoke	:read	[0 nil]
2026-04-29 10:05:41,692{GMT}	INFO	[jepsen worker 0] jepsen.util: 0	:ok	:read	[0 4]
2026-04-29 10:05:41,741{GMT}	INFO	[jepsen worker 7] jepsen.util: 7	:invoke	:cas	[0 [3 1]]
2026-04-29 10:05:41,772{GMT}	INFO	[jepsen worker 7] jepsen.util: 7	:fail	:cas	[0 [3 1]]	[:precondition-failed "precondition-failed"]
2026-04-29 10:05:41,897{GMT}	INFO	[jepsen worker 8] jepsen.util: 8	:invoke	:cas	[0 [3 3]]
2026-04-29 10:05:41,928{GMT}	INFO	[jepsen worker 8] jepsen.util: 8	:fail	:cas	[0 [3 3]]	[:precondition-failed "precondition-failed"]
2026-04-29 10:05:42,182{GMT}	INFO	[jepsen worker 9] jepsen.util: 9	:invoke	:write	[0 3]
2026-04-29 10:05:42,212{GMT}	INFO	[jepsen worker 9] jepsen.util: 9	:ok	:write	[0 3]
2026-04-29 10:05:42,245{GMT}	INFO	[jepsen worker 5] jepsen.util: 5	:invoke	:cas	[0 [2 0]]
2026-04-29 10:05:42,276{GMT}	INFO	[jepsen worker 5] jepsen.util: 5	:fail	:cas	[0 [2 0]]	[:precondition-failed "precondition-failed"]
2026-04-29 10:05:42,412{GMT}	INFO	[jepsen worker 5] jepsen.util: 5	:invoke	:cas	[0 [1 2]]
2026-04-29 10:05:42,442{GMT}	INFO	[jepsen worker 5] jepsen.util: 5	:fail	:cas	[0 [1 2]]	[:precondition-failed "precondition-failed"]
2026-04-29 10:05:42,691{GMT}	INFO	[jepsen worker 1] jepsen.util: 1	:invoke	:read	[0 nil]
2026-04-29 10:05:42,692{GMT}	INFO	[jepsen worker 1] jepsen.util: 1	:ok	:read	[0 3]
2026-04-29 10:05:42,869{GMT}	INFO	[jepsen worker 5] jepsen.util: 5	:invoke	:write	[0 1]
2026-04-29 10:05:42,916{GMT}	INFO	[jepsen worker 5] jepsen.util: 5	:ok	:write	[0 1]
2026-04-29 10:05:42,922{GMT}	INFO	[jepsen worker 3] jepsen.util: 3	:invoke	:read	[0 nil]
2026-04-29 10:05:42,944{GMT}	INFO	[jepsen worker 3] jepsen.util: 3	:ok	:read	[0 1]
2026-04-29 10:05:43,259{GMT}	INFO	[jepsen worker 5] jepsen.util: 5	:invoke	:cas	[0 [2 1]]
2026-04-29 10:05:43,281{GMT}	INFO	[jepsen worker 5] jepsen.util: 5	:fail	:cas	[0 [2 1]]	[:precondition-failed "precondition-failed"]
2026-04-29 10:05:43,283{GMT}	INFO	[jepsen worker 5] jepsen.util: 5	:invoke	:cas	[0 [3 1]]
2026-04-29 10:05:43,315{GMT}	INFO	[jepsen worker 5] jepsen.util: 5	:fail	:cas	[0 [3 1]]	[:precondition-failed "precondition-failed"]
2026-04-29 10:05:43,530{GMT}	INFO	[jepsen worker 6] jepsen.util: 6	:invoke	:cas	[0 [3 4]]
2026-04-29 10:05:43,531{GMT}	INFO	[jepsen worker 6] jepsen.util: 6	:fail	:cas	[0 [3 4]]	[:precondition-failed "precondition-failed"]
2026-04-29 10:05:43,613{GMT}	INFO	[jepsen worker 7] jepsen.util: 7	:invoke	:cas	[0 [1 0]]
2026-04-29 10:05:43,662{GMT}	INFO	[jepsen worker 7] jepsen.util: 7	:ok	:cas	[0 [1 0]]
2026-04-29 10:05:43,955{GMT}	INFO	[jepsen worker 0] jepsen.util: 0	:invoke	:read	[0 nil]
2026-04-29 10:05:43,970{GMT}	INFO	[jepsen worker 0] jepsen.util: 0	:ok	:read	[0 0]
2026-04-29 10:05:44,197{GMT}	INFO	[jepsen worker 9] jepsen.util: 9	:invoke	:cas	[0 [4 1]]
2026-04-29 10:05:44,205{GMT}	INFO	[jepsen worker 9] jepsen.util: 9	:fail	:cas	[0 [4 1]]	[:precondition-failed "precondition-failed"]
2026-04-29 10:05:44,223{GMT}	INFO	[jepsen worker 5] jepsen.util: 5	:invoke	:cas	[0 [3 0]]
2026-04-29 10:05:44,251{GMT}	INFO	[jepsen worker 5] jepsen.util: 5	:fail	:cas	[0 [3 0]]	[:precondition-failed "precondition-failed"]
2026-04-29 10:05:44,444{GMT}	INFO	[jepsen worker 5] jepsen.util: 5	:invoke	:cas	[0 [1 1]]
2026-04-29 10:05:44,476{GMT}	INFO	[jepsen worker 5] jepsen.util: 5	:fail	:cas	[0 [1 1]]	[:precondition-failed "precondition-failed"]
2026-04-29 10:05:44,493{GMT}	INFO	[jepsen worker 1] jepsen.util: 1	:invoke	:read	[0 nil]
2026-04-29 10:05:44,494{GMT}	INFO	[jepsen worker 1] jepsen.util: 1	:ok	:read	[0 0]
2026-04-29 10:05:44,775{GMT}	INFO	[jepsen worker 2] jepsen.util: 2	:invoke	:read	[0 nil]
2026-04-29 10:05:44,796{GMT}	INFO	[jepsen worker 2] jepsen.util: 2	:ok	:read	[0 0]
2026-04-29 10:05:44,960{GMT}	INFO	[jepsen worker 3] jepsen.util: 3	:invoke	:read	[0 nil]
2026-04-29 10:05:44,965{GMT}	INFO	[jepsen worker 3] jepsen.util: 3	:ok	:read	[0 0]
2026-04-29 10:05:45,304{GMT}	INFO	[jepsen worker 4] jepsen.util: 4	:invoke	:read	[0 nil]
2026-04-29 10:05:45,341{GMT}	INFO	[jepsen worker 4] jepsen.util: 4	:ok	:read	[0 0]
2026-04-29 10:05:45,653{GMT}	INFO	[jepsen worker 5] jepsen.util: 5	:invoke	:cas	[0 [0 2]]
2026-04-29 10:05:45,711{GMT}	INFO	[jepsen worker 5] jepsen.util: 5	:ok	:cas	[0 [0 2]]
2026-04-29 10:05:45,967{GMT}	INFO	[jepsen worker 6] jepsen.util: 6	:invoke	:write	[0 4]
2026-04-29 10:05:45,992{GMT}	INFO	[jepsen worker 6] jepsen.util: 6	:ok	:write	[0 4]
2026-04-29 10:05:46,060{GMT}	INFO	[jepsen worker 7] jepsen.util: 7	:invoke	:write	[0 3]
2026-04-29 10:05:46,097{GMT}	INFO	[jepsen worker 7] jepsen.util: 7	:ok	:write	[0 3]
2026-04-29 10:05:46,305{GMT}	INFO	[jepsen worker 8] jepsen.util: 8	:invoke	:cas	[0 [4 0]]
2026-04-29 10:05:46,320{GMT}	INFO	[jepsen worker 8] jepsen.util: 8	:fail	:cas	[0 [4 0]]	[:precondition-failed "precondition-failed"]
2026-04-29 10:05:46,660{GMT}	INFO	[jepsen worker 0] jepsen.util: 0	:invoke	:read	[0 nil]
2026-04-29 10:05:46,679{GMT}	INFO	[jepsen worker 0] jepsen.util: 0	:ok	:read	[0 3]
2026-04-29 10:05:46,943{GMT}	INFO	[jepsen worker 0] jepsen.util: 0	:invoke	:read	[0 nil]
2026-04-29 10:05:46,966{GMT}	INFO	[jepsen worker 0] jepsen.util: 0	:ok	:read	[0 3]
2026-04-29 10:05:47,124{GMT}	INFO	[jepsen worker 0] jepsen.util: 0	:invoke	:read	[0 nil]
2026-04-29 10:05:47,147{GMT}	INFO	[jepsen worker 0] jepsen.util: 0	:ok	:read	[0 3]
2026-04-29 10:05:47,337{GMT}	INFO	[jepsen worker 1] jepsen.util: 1	:invoke	:read	[0 nil]
2026-04-29 10:05:47,338{GMT}	INFO	[jepsen worker 1] jepsen.util: 1	:ok	:read	[0 3]
2026-04-29 10:05:47,567{GMT}	INFO	[jepsen worker 2] jepsen.util: 2	:invoke	:read	[0 nil]
2026-04-29 10:05:47,593{GMT}	INFO	[jepsen worker 2] jepsen.util: 2	:ok	:read	[0 3]
2026-04-29 10:05:47,656{GMT}	INFO	[jepsen worker 5] jepsen.util: 5	:invoke	:write	[0 0]
2026-04-29 10:05:47,706{GMT}	INFO	[jepsen worker 5] jepsen.util: 5	:ok	:write	[0 0]
2026-04-29 10:05:47,721{GMT}	INFO	[jepsen worker 5] jepsen.util: 5	:invoke	:cas	[0 [1 1]]
2026-04-29 10:05:47,740{GMT}	INFO	[jepsen worker 5] jepsen.util: 5	:fail	:cas	[0 [1 1]]	[:precondition-failed "precondition-failed"]
2026-04-29 10:05:47,746{GMT}	INFO	[jepsen worker 5] jepsen.util: 5	:invoke	:cas	[0 [3 0]]
2026-04-29 10:05:47,757{GMT}	INFO	[jepsen worker 5] jepsen.util: 5	:fail	:cas	[0 [3 0]]	[:precondition-failed "precondition-failed"]
2026-04-29 10:05:47,838{GMT}	INFO	[jepsen worker 6] jepsen.util: 6	:invoke	:write	[0 1]
2026-04-29 10:05:47,845{GMT}	INFO	[jepsen worker 6] jepsen.util: 6	:ok	:write	[0 1]
2026-04-29 10:05:47,970{GMT}	INFO	[jepsen worker 7] jepsen.util: 7	:invoke	:write	[0 4]
2026-04-29 10:05:47,986{GMT}	INFO	[jepsen worker 7] jepsen.util: 7	:ok	:write	[0 4]
2026-04-29 10:05:48,252{GMT}	INFO	[jepsen worker 8] jepsen.util: 8	:invoke	:cas	[0 [0 3]]
2026-04-29 10:05:48,281{GMT}	INFO	[jepsen worker 8] jepsen.util: 8	:fail	:cas	[0 [0 3]]	[:precondition-failed "precondition-failed"]
2026-04-29 10:05:48,508{GMT}	INFO	[jepsen worker 9] jepsen.util: 9	:invoke	:cas	[0 [3 1]]
2026-04-29 10:05:48,540{GMT}	INFO	[jepsen worker 9] jepsen.util: 9	:fail	:cas	[0 [3 1]]	[:precondition-failed "precondition-failed"]
2026-04-29 10:05:48,640{GMT}	INFO	[jepsen worker 0] jepsen.util: 0	:invoke	:read	[0 nil]
2026-04-29 10:05:48,669{GMT}	INFO	[jepsen worker 0] jepsen.util: 0	:ok	:read	[0 4]
2026-04-29 10:05:48,836{GMT}	INFO	[jepsen worker 5] jepsen.util: 5	:invoke	:cas	[0 [3 1]]
2026-04-29 10:05:48,845{GMT}	INFO	[jepsen worker 5] jepsen.util: 5	:fail	:cas	[0 [3 1]]	[:precondition-failed "precondition-failed"]
2026-04-29 10:05:48,962{GMT}	INFO	[jepsen worker 5] jepsen.util: 5	:invoke	:cas	[0 [3 4]]
2026-04-29 10:05:48,987{GMT}	INFO	[jepsen worker 5] jepsen.util: 5	:fail	:cas	[0 [3 4]]	[:precondition-failed "precondition-failed"]
2026-04-29 10:05:49,029{GMT}	INFO	[jepsen worker 2] jepsen.util: 2	:invoke	:read	[0 nil]
2026-04-29 10:05:49,059{GMT}	INFO	[jepsen worker 2] jepsen.util: 2	:ok	:read	[0 4]
2026-04-29 10:05:49,343{GMT}	INFO	[jepsen worker 5] jepsen.util: 5	:invoke	:cas	[0 [4 4]]
2026-04-29 10:05:49,389{GMT}	INFO	[jepsen worker 5] jepsen.util: 5	:ok	:cas	[0 [4 4]]
2026-04-29 10:05:49,740{GMT}	INFO	[jepsen worker 5] jepsen.util: 5	:invoke	:cas	[0 [1 4]]
2026-04-29 10:05:49,763{GMT}	INFO	[jepsen worker 5] jepsen.util: 5	:fail	:cas	[0 [1 4]]	[:precondition-failed "precondition-failed"]
2026-04-29 10:05:50,078{GMT}	INFO	[jepsen worker 0] jepsen.util: 0	:invoke	:read	[0 nil]
2026-04-29 10:05:50,093{GMT}	INFO	[jepsen worker 0] jepsen.util: 0	:ok	:read	[0 4]
2026-04-29 10:05:50,152{GMT}	INFO	[jepsen worker 6] jepsen.util: 6	:invoke	:cas	[0 [3 4]]
2026-04-29 10:05:50,153{GMT}	INFO	[jepsen worker 6] jepsen.util: 6	:fail	:cas	[0 [3 4]]	[:precondition-failed "precondition-failed"]
2026-04-29 10:05:50,348{GMT}	INFO	[jepsen worker 7] jepsen.util: 7	:invoke	:write	[0 4]
2026-04-29 10:05:50,398{GMT}	INFO	[jepsen worker 7] jepsen.util: 7	:ok	:write	[0 4]
2026-04-29 10:05:50,482{GMT}	INFO	[jepsen worker 0] jepsen.util: 0	:invoke	:read	[0 nil]
2026-04-29 10:05:50,516{GMT}	INFO	[jepsen worker 0] jepsen.util: 0	:ok	:read	[0 4]
2026-04-29 10:05:50,663{GMT}	INFO	[jepsen worker 9] jepsen.util: 9	:invoke	:cas	[0 [1 0]]
2026-04-29 10:05:50,669{GMT}	INFO	[jepsen worker 9] jepsen.util: 9	:fail	:cas	[0 [1 0]]	[:precondition-failed "precondition-failed"]
2026-04-29 10:05:50,954{GMT}	INFO	[jepsen worker 0] jepsen.util: 0	:invoke	:read	[0 nil]
2026-04-29 10:05:50,982{GMT}	INFO	[jepsen worker 0] jepsen.util: 0	:ok	:read	[0 4]
2026-04-29 10:05:51,134{GMT}	INFO	[jepsen worker 5] jepsen.util: 5	:invoke	:write	[0 0]
2026-04-29 10:05:51,178{GMT}	INFO	[jepsen worker 5] jepsen.util: 5	:ok	:write	[0 0]
2026-04-29 10:05:51,488{GMT}	INFO	[jepsen worker 1] jepsen.util: 1	:invoke	:read	[0 nil]
2026-04-29 10:05:51,488{GMT}	INFO	[jepsen worker 1] jepsen.util: 1	:ok	:read	[0 0]
2026-04-29 10:05:51,510{GMT}	INFO	[jepsen worker 2] jepsen.util: 2	:invoke	:read	[0 nil]
2026-04-29 10:05:51,532{GMT}	INFO	[jepsen worker 2] jepsen.util: 2	:ok	:read	[0 0]
2026-04-29 10:05:51,750{GMT}	INFO	[jepsen worker 3] jepsen.util: 3	:invoke	:read	[0 nil]
2026-04-29 10:05:51,790{GMT}	INFO	[jepsen worker 3] jepsen.util: 3	:ok	:read	[0 0]
2026-04-29 10:05:51,838{GMT}	INFO	[jepsen worker 4] jepsen.util: 4	:invoke	:read	[0 nil]
2026-04-29 10:05:51,870{GMT}	INFO	[jepsen worker 4] jepsen.util: 4	:ok	:read	[0 0]
2026-04-29 10:05:52,080{GMT}	INFO	[jepsen worker 5] jepsen.util: 5	:invoke	:write	[0 0]
2026-04-29 10:05:52,114{GMT}	INFO	[jepsen worker 5] jepsen.util: 5	:ok	:write	[0 0]
2026-04-29 10:05:52,153{GMT}	INFO	[jepsen worker 0] jepsen.util: 0	:invoke	:read	[0 nil]
2026-04-29 10:05:52,178{GMT}	INFO	[jepsen worker 0] jepsen.util: 0	:ok	:read	[0 0]
2026-04-29 10:05:52,207{GMT}	INFO	[jepsen worker 0] jepsen.util: 0	:invoke	:read	[0 nil]
2026-04-29 10:05:52,234{GMT}	INFO	[jepsen worker 0] jepsen.util: 0	:ok	:read	[0 0]
2026-04-29 10:05:52,464{GMT}	INFO	[jepsen worker 8] jepsen.util: 8	:invoke	:cas	[0 [4 3]]
2026-04-29 10:05:52,472{GMT}	INFO	[jepsen worker 8] jepsen.util: 8	:fail	:cas	[0 [4 3]]	[:precondition-failed "precondition-failed"]
2026-04-29 10:05:52,589{GMT}	INFO	[jepsen worker 0] jepsen.util: 0	:invoke	:read	[0 nil]
2026-04-29 10:05:52,604{GMT}	INFO	[jepsen worker 0] jepsen.util: 0	:ok	:read	[0 0]
2026-04-29 10:05:52,919{GMT}	INFO	[jepsen worker 0] jepsen.util: 0	:invoke	:read	[0 nil]
2026-04-29 10:05:52,942{GMT}	INFO	[jepsen worker 0] jepsen.util: 0	:ok	:read	[0 0]
2026-04-29 10:05:53,313{GMT}	INFO	[jepsen worker 0] jepsen.util: 0	:invoke	:read	[0 nil]
2026-04-29 10:05:53,345{GMT}	INFO	[jepsen worker 0] jepsen.util: 0	:ok	:read	[0 0]
2026-04-29 10:05:53,345{GMT}	INFO	[jepsen worker 5] jepsen.util: 5	:invoke	:write	[0 2]
2026-04-29 10:05:53,368{GMT}	INFO	[jepsen worker 5] jepsen.util: 5	:ok	:write	[0 2]
2026-04-29 10:05:53,482{GMT}	INFO	[jepsen worker 5] jepsen.util: 5	:invoke	:write	[0 3]
2026-04-29 10:05:53,521{GMT}	INFO	[jepsen worker 5] jepsen.util: 5	:ok	:write	[0 3]
2026-04-29 10:05:53,564{GMT}	INFO	[jepsen worker 3] jepsen.util: 3	:invoke	:read	[0 nil]
2026-04-29 10:05:53,579{GMT}	INFO	[jepsen worker 3] jepsen.util: 3	:ok	:read	[0 3]
2026-04-29 10:05:53,917{GMT}	INFO	[jepsen worker 4] jepsen.util: 4	:invoke	:read	[0 nil]
2026-04-29 10:05:53,936{GMT}	INFO	[jepsen worker 4] jepsen.util: 4	:ok	:read	[0 3]
2026-04-29 10:05:54,281{GMT}	INFO	[jepsen worker 0] jepsen.util: 0	:invoke	:read	[0 nil]
2026-04-29 10:05:54,282{GMT}	INFO	[jepsen worker 0] jepsen.util: 0	:ok	:read	[0 3]
2026-04-29 10:05:54,537{GMT}	INFO	[jepsen worker 0] jepsen.util: 0	:invoke	:read	[0 nil]
2026-04-29 10:05:54,556{GMT}	INFO	[jepsen worker 0] jepsen.util: 0	:ok	:read	[0 3]
2026-04-29 10:05:54,764{GMT}	INFO	[jepsen worker 7] jepsen.util: 7	:invoke	:cas	[0 [4 1]]
2026-04-29 10:05:54,790{GMT}	INFO	[jepsen worker 7] jepsen.util: 7	:fail	:cas	[0 [4 1]]	[:precondition-failed "precondition-failed"]
2026-04-29 10:05:55,071{GMT}	INFO	[jepsen worker 0] jepsen.util: 0	:invoke	:read	[0 nil]
2026-04-29 10:05:55,093{GMT}	INFO	[jepsen worker 0] jepsen.util: 0	:ok	:read	[0 3]
2026-04-29 10:05:55,230{GMT}	INFO	[jepsen worker 9] jepsen.util: 9	:invoke	:cas	[0 [0 4]]
2026-04-29 10:05:55,255{GMT}	INFO	[jepsen worker 9] jepsen.util: 9	:fail	:cas	[0 [0 4]]	[:precondition-failed "precondition-failed"]
2026-04-29 10:05:55,269{GMT}	INFO	[jepsen test runner] jepsen.core: Run complete, writing
2026-04-29 10:05:55,325{GMT}	INFO	[jepsen node n4] maelstrom.db: Tearing down n4
2026-04-29 10:05:55,325{GMT}	INFO	[jepsen node n5] maelstrom.db: Tearing down n5
2026-04-29 10:05:55,325{GMT}	INFO	[jepsen node n2] maelstrom.db: Tearing down n2
2026-04-29 10:05:55,325{GMT}	INFO	[jepsen node n1] maelstrom.db: Tearing down n1
2026-04-29 10:05:55,325{GMT}	INFO	[jepsen node n3] maelstrom.db: Tearing down n3
2026-04-29 10:05:56,450{GMT}	INFO	[jepsen node n1] maelstrom.net: Shutting down Maelstrom network
2026-04-29 10:05:56,454{GMT}	INFO	[jepsen test runner] jepsen.core: Analyzing...
2026-04-29 10:05:56,519{GMT}	WARN	[clojure-agent-send-off-pool-3] jepsen.checker: Error while checking history:
java.lang.IllegalStateException: Error rendering plot, verify gnuplot is installed and reachable
	at jepsen.checker.perf$plot_BANG_.invokeStatic(perf.clj:489)
	at jepsen.checker.perf$plot_BANG_.invoke(perf.clj:426)
	at jepsen.checker.perf$rate_graph_BANG_.invokeStatic(perf.clj:623)
	at jepsen.checker.perf$rate_graph_BANG_.invoke(perf.clj:568)
	at jepsen.checker$rate_graph$reify__12101.check(checker.clj:843)
	at jepsen.checker$check_safe.invokeStatic(checker.clj:86)
	at jepsen.checker$check_safe.invoke(checker.clj:79)
	at jepsen.checker$compose$reify__11881$fn__11883.invoke(checker.clj:102)
	at clojure.core$pmap$fn__8552$fn__8553.invoke(core.clj:7089)
	at clojure.core$binding_conveyor_fn$fn__5823.invoke(core.clj:2047)
	at clojure.lang.AFn.call(AFn.java:18)
	at java.base/java.util.concurrent.FutureTask.run(FutureTask.java:317)
	at java.base/java.util.concurrent.ThreadPoolExecutor.runWorker(ThreadPoolExecutor.java:1144)
	at java.base/java.util.concurrent.ThreadPoolExecutor$Worker.run(ThreadPoolExecutor.java:642)
	at java.base/java.lang.Thread.run(Thread.java:1583)
Caused by: java.io.IOException: Cannot run program "gnuplot": error=2, No such file or directory
	at java.base/java.lang.ProcessBuilder.start(ProcessBuilder.java:1170)
	at java.base/java.lang.ProcessBuilder.start(ProcessBuilder.java:1089)
	at java.base/java.lang.Runtime.exec(Runtime.java:681)
	at clojure.java.shell$sh.invokeStatic(shell.clj:113)
	at clojure.java.shell$sh.doInvoke(shell.clj:79)
	at clojure.lang.RestFn.invoke(RestFn.java:512)
	at gnuplot.core$run_BANG_.invokeStatic(core.clj:76)
	at gnuplot.core$run_BANG_.invoke(core.clj:66)
	at gnuplot.core$raw_plot_BANG_.invokeStatic(core.clj:106)
	at gnuplot.core$raw_plot_BANG_.invoke(core.clj:91)
	... 15 common frames omitted
Caused by: java.io.IOException: error=2, No such file or directory
	at java.base/java.lang.ProcessImpl.forkAndExec(Native Method)
	at java.base/java.lang.ProcessImpl.<init>(ProcessImpl.java:295)
	at java.base/java.lang.ProcessImpl.start(ProcessImpl.java:225)
	at java.base/java.lang.ProcessBuilder.start(ProcessBuilder.java:1126)
	... 24 common frames omitted
2026-04-29 10:05:56,519{GMT}	WARN	[clojure-agent-send-off-pool-2] jepsen.checker: Error while checking history:
java.lang.IllegalStateException: Error rendering plot, verify gnuplot is installed and reachable
	at jepsen.checker.perf$plot_BANG_.invokeStatic(perf.clj:489)
	at jepsen.checker.perf$plot_BANG_.invoke(perf.clj:426)
	at jepsen.checker.perf$point_graph_BANG_.invokeStatic(perf.clj:520)
	at jepsen.checker.perf$point_graph_BANG_.invoke(perf.clj:493)
	at jepsen.checker$latency_graph$reify__12098.check(checker.clj:830)
	at jepsen.checker$check_safe.invokeStatic(checker.clj:86)
	at jepsen.checker$check_safe.invoke(checker.clj:79)
	at jepsen.checker$compose$reify__11881$fn__11883.invoke(checker.clj:102)
	at clojure.core$pmap$fn__8552$fn__8553.invoke(core.clj:7089)
	at clojure.core$binding_conveyor_fn$fn__5823.invoke(core.clj:2047)
	at clojure.lang.AFn.call(AFn.java:18)
	at java.base/java.util.concurrent.FutureTask.run(FutureTask.java:317)
	at java.base/java.util.concurrent.ThreadPoolExecutor.runWorker(ThreadPoolExecutor.java:1144)
	at java.base/java.util.concurrent.ThreadPoolExecutor$Worker.run(ThreadPoolExecutor.java:642)
	at java.base/java.lang.Thread.run(Thread.java:1583)
Caused by: java.io.IOException: Cannot run program "gnuplot": error=2, No such file or directory
	at java.base/java.lang.ProcessBuilder.start(ProcessBuilder.java:1170)
	at java.base/java.lang.ProcessBuilder.start(ProcessBuilder.java:1089)
	at java.base/java.lang.Runtime.exec(Runtime.java:681)
	at clojure.java.shell$sh.invokeStatic(shell.clj:113)
	at clojure.java.shell$sh.doInvoke(shell.clj:79)
	at clojure.lang.RestFn.invoke(RestFn.java:512)
	at gnuplot.core$run_BANG_.invokeStatic(core.clj:76)
	at gnuplot.core$run_BANG_.invoke(core.clj:66)
	at gnuplot.core$raw_plot_BANG_.invokeStatic(core.clj:106)
	at gnuplot.core$raw_plot_BANG_.invoke(core.clj:91)
	... 15 common frames omitted
Caused by: java.io.IOException: error=2, No such file or directory
	at java.base/java.lang.ProcessImpl.forkAndExec(Native Method)
	at java.base/java.lang.ProcessImpl.<init>(ProcessImpl.java:295)
	at java.base/java.lang.ProcessImpl.start(ProcessImpl.java:225)
	at java.base/java.lang.ProcessBuilder.start(ProcessBuilder.java:1126)
	... 24 common frames omitted
2026-04-29 10:05:56,538{GMT}	INFO	[clojure-agent-send-pool-0] jepsen.independent: Wrote /Users/mattison/projects/oxia-io/oxia/maelstrom/store/lin-kv/20260429T100454.236+0800/independent/0/results.edn
2026-04-29 10:05:56,547{GMT}	INFO	[clojure-agent-send-pool-0] jepsen.independent: Wrote /Users/mattison/projects/oxia-io/oxia/maelstrom/store/lin-kv/20260429T100454.236+0800/independent/0/history.edn
2026-04-29 10:05:56,623{GMT}	INFO	[jepsen test runner] jepsen.core: Analysis complete
2026-04-29 10:05:56,640{GMT}	INFO	[jepsen results] jepsen.store: Wrote /Users/mattison/projects/oxia-io/oxia/maelstrom/store/lin-kv/20260429T100454.236+0800/results.edn
2026-04-29 10:05:56,660{GMT}	INFO	[jepsen test runner] jepsen.core: {:perf {:latency-graph {:valid? :unknown,
                        :error "java.lang.IllegalStateException: Error rendering plot, verify gnuplot is installed and reachable\n at jepsen.checker.perf$plot_BANG_.invokeStatic (perf.clj:489)\n    jepsen.checker.perf$plot_BANG_.invoke (perf.clj:426)\n    jepsen.checker.perf$point_graph_BANG_.invokeStatic (perf.clj:520)\n    jepsen.checker.perf$point_graph_BANG_.invoke (perf.clj:493)\n    jepsen.checker$latency_graph$reify__12098.check (checker.clj:830)\n    jepsen.checker$check_safe.invokeStatic (checker.clj:86)\n    jepsen.checker$check_safe.invoke (checker.clj:79)\n    jepsen.checker$compose$reify__11881$fn__11883.invoke (checker.clj:102)\n    clojure.core$pmap$fn__8552$fn__8553.invoke (core.clj:7089)\n    clojure.core$binding_conveyor_fn$fn__5823.invoke (core.clj:2047)\n    clojure.lang.AFn.call (AFn.java:18)\n    java.util.concurrent.FutureTask.run (FutureTask.java:317)\n    java.util.concurrent.ThreadPoolExecutor.runWorker (ThreadPoolExecutor.java:1144)\n    java.util.concurrent.ThreadPoolExecutor$Worker.run (ThreadPoolExecutor.java:642)\n    java.lang.Thread.run (Thread.java:1583)\nCaused by: java.io.IOException: Cannot run program \"gnuplot\": error=2, No such file or directory\n at java.lang.ProcessBuilder.start (ProcessBuilder.java:1170)\n    java.lang.ProcessBuilder.start (ProcessBuilder.java:1089)\n    java.lang.Runtime.exec (Runtime.java:681)\n    clojure.java.shell$sh.invokeStatic (shell.clj:113)\n    clojure.java.shell$sh.doInvoke (shell.clj:79)\n    clojure.lang.RestFn.invoke (RestFn.java:512)\n    gnuplot.core$run_BANG_.invokeStatic (core.clj:76)\n    gnuplot.core$run_BANG_.invoke (core.clj:66)\n    gnuplot.core$raw_plot_BANG_.invokeStatic (core.clj:106)\n    gnuplot.core$raw_plot_BANG_.invoke (core.clj:91)\n    jepsen.checker.perf$plot_BANG_.invokeStatic (perf.clj:489)\n    jepsen.checker.perf$plot_BANG_.invoke (perf.clj:426)\n    jepsen.checker.perf$point_graph_BANG_.invokeStatic (perf.clj:520)\n    jepsen.checker.perf$point_graph_BANG_.invoke (perf.clj:493)\n    jepsen.checker$latency_graph$reify__12098.check (checker.clj:830)\n    jepsen.checker$check_safe.invokeStatic (checker.clj:86)\n    jepsen.checker$check_safe.invoke (checker.clj:79)\n    jepsen.checker$compose$reify__11881$fn__11883.invoke (checker.clj:102)\n    clojure.core$pmap$fn__8552$fn__8553.invoke (core.clj:7089)\n    clojure.core$binding_conveyor_fn$fn__5823.invoke (core.clj:2047)\n    clojure.lang.AFn.call (AFn.java:18)\n    java.util.concurrent.FutureTask.run (FutureTask.java:317)\n    java.util.concurrent.ThreadPoolExecutor.runWorker (ThreadPoolExecutor.java:1144)\n    java.util.concurrent.ThreadPoolExecutor$Worker.run (ThreadPoolExecutor.java:642)\n    java.lang.Thread.run (Thread.java:1583)\nCaused by: java.io.IOException: error=2, No such file or directory\n at java.lang.ProcessImpl.forkAndExec (ProcessImpl.java:-2)\n    java.lang.ProcessImpl.<init> (ProcessImpl.java:295)\n    java.lang.ProcessImpl.start (ProcessImpl.java:225)\n    java.lang.ProcessBuilder.start (ProcessBuilder.java:1126)\n    java.lang.ProcessBuilder.start (ProcessBuilder.java:1089)\n    java.lang.Runtime.exec (Runtime.java:681)\n    clojure.java.shell$sh.invokeStatic (shell.clj:113)\n    clojure.java.shell$sh.doInvoke (shell.clj:79)\n    clojure.lang.RestFn.invoke (RestFn.java:512)\n    gnuplot.core$run_BANG_.invokeStatic (core.clj:76)\n    gnuplot.core$run_BANG_.invoke (core.clj:66)\n    gnuplot.core$raw_plot_BANG_.invokeStatic (core.clj:106)\n    gnuplot.core$raw_plot_BANG_.invoke (core.clj:91)\n    jepsen.checker.perf$plot_BANG_.invokeStatic (perf.clj:489)\n    jepsen.checker.perf$plot_BANG_.invoke (perf.clj:426)\n    jepsen.checker.perf$point_graph_BANG_.invokeStatic (perf.clj:520)\n    jepsen.checker.perf$point_graph_BANG_.invoke (perf.clj:493)\n    jepsen.checker$latency_graph$reify__12098.check (checker.clj:830)\n    jepsen.checker$check_safe.invokeStatic (checker.clj:86)\n    jepsen.checker$check_safe.invoke (checker.clj:79)\n    jepsen.checker$compose$reify__11881$fn__11883.invoke (checker.clj:102)\n    clojure.core$pmap$fn__8552$fn__8553.invoke (core.clj:7089)\n    clojure.core$binding_conveyor_fn$fn__5823.invoke (core.clj:2047)\n    clojure.lang.AFn.call (AFn.java:18)\n    java.util.concurrent.FutureTask.run (FutureTask.java:317)\n    java.util.concurrent.ThreadPoolExecutor.runWorker (ThreadPoolExecutor.java:1144)\n    java.util.concurrent.ThreadPoolExecutor$Worker.run (ThreadPoolExecutor.java:642)\n    java.lang.Thread.run (Thread.java:1583)\n"},
        :rate-graph {:valid? :unknown,
                     :error "java.lang.IllegalStateException: Error rendering plot, verify gnuplot is installed and reachable\n at jepsen.checker.perf$plot_BANG_.invokeStatic (perf.clj:489)\n    jepsen.checker.perf$plot_BANG_.invoke (perf.clj:426)\n    jepsen.checker.perf$rate_graph_BANG_.invokeStatic (perf.clj:623)\n    jepsen.checker.perf$rate_graph_BANG_.invoke (perf.clj:568)\n    jepsen.checker$rate_graph$reify__12101.check (checker.clj:843)\n    jepsen.checker$check_safe.invokeStatic (checker.clj:86)\n    jepsen.checker$check_safe.invoke (checker.clj:79)\n    jepsen.checker$compose$reify__11881$fn__11883.invoke (checker.clj:102)\n    clojure.core$pmap$fn__8552$fn__8553.invoke (core.clj:7089)\n    clojure.core$binding_conveyor_fn$fn__5823.invoke (core.clj:2047)\n    clojure.lang.AFn.call (AFn.java:18)\n    java.util.concurrent.FutureTask.run (FutureTask.java:317)\n    java.util.concurrent.ThreadPoolExecutor.runWorker (ThreadPoolExecutor.java:1144)\n    java.util.concurrent.ThreadPoolExecutor$Worker.run (ThreadPoolExecutor.java:642)\n    java.lang.Thread.run (Thread.java:1583)\nCaused by: java.io.IOException: Cannot run program \"gnuplot\": error=2, No such file or directory\n at java.lang.ProcessBuilder.start (ProcessBuilder.java:1170)\n    java.lang.ProcessBuilder.start (ProcessBuilder.java:1089)\n    java.lang.Runtime.exec (Runtime.java:681)\n    clojure.java.shell$sh.invokeStatic (shell.clj:113)\n    clojure.java.shell$sh.doInvoke (shell.clj:79)\n    clojure.lang.RestFn.invoke (RestFn.java:512)\n    gnuplot.core$run_BANG_.invokeStatic (core.clj:76)\n    gnuplot.core$run_BANG_.invoke (core.clj:66)\n    gnuplot.core$raw_plot_BANG_.invokeStatic (core.clj:106)\n    gnuplot.core$raw_plot_BANG_.invoke (core.clj:91)\n    jepsen.checker.perf$plot_BANG_.invokeStatic (perf.clj:489)\n    jepsen.checker.perf$plot_BANG_.invoke (perf.clj:426)\n    jepsen.checker.perf$rate_graph_BANG_.invokeStatic (perf.clj:623)\n    jepsen.checker.perf$rate_graph_BANG_.invoke (perf.clj:568)\n    jepsen.checker$rate_graph$reify__12101.check (checker.clj:843)\n    jepsen.checker$check_safe.invokeStatic (checker.clj:86)\n    jepsen.checker$check_safe.invoke (checker.clj:79)\n    jepsen.checker$compose$reify__11881$fn__11883.invoke (checker.clj:102)\n    clojure.core$pmap$fn__8552$fn__8553.invoke (core.clj:7089)\n    clojure.core$binding_conveyor_fn$fn__5823.invoke (core.clj:2047)\n    clojure.lang.AFn.call (AFn.java:18)\n    java.util.concurrent.FutureTask.run (FutureTask.java:317)\n    java.util.concurrent.ThreadPoolExecutor.runWorker (ThreadPoolExecutor.java:1144)\n    java.util.concurrent.ThreadPoolExecutor$Worker.run (ThreadPoolExecutor.java:642)\n    java.lang.Thread.run (Thread.java:1583)\nCaused by: java.io.IOException: error=2, No such file or directory\n at java.lang.ProcessImpl.forkAndExec (ProcessImpl.java:-2)\n    java.lang.ProcessImpl.<init> (ProcessImpl.java:295)\n    java.lang.ProcessImpl.start (ProcessImpl.java:225)\n    java.lang.ProcessBuilder.start (ProcessBuilder.java:1126)\n    java.lang.ProcessBuilder.start (ProcessBuilder.java:1089)\n    java.lang.Runtime.exec (Runtime.java:681)\n    clojure.java.shell$sh.invokeStatic (shell.clj:113)\n    clojure.java.shell$sh.doInvoke (shell.clj:79)\n    clojure.lang.RestFn.invoke (RestFn.java:512)\n    gnuplot.core$run_BANG_.invokeStatic (core.clj:76)\n    gnuplot.core$run_BANG_.invoke (core.clj:66)\n    gnuplot.core$raw_plot_BANG_.invokeStatic (core.clj:106)\n    gnuplot.core$raw_plot_BANG_.invoke (core.clj:91)\n    jepsen.checker.perf$plot_BANG_.invokeStatic (perf.clj:489)\n    jepsen.checker.perf$plot_BANG_.invoke (perf.clj:426)\n    jepsen.checker.perf$rate_graph_BANG_.invokeStatic (perf.clj:623)\n    jepsen.checker.perf$rate_graph_BANG_.invoke (perf.clj:568)\n    jepsen.checker$rate_graph$reify__12101.check (checker.clj:843)\n    jepsen.checker$check_safe.invokeStatic (checker.clj:86)\n    jepsen.checker$check_safe.invoke (checker.clj:79)\n    jepsen.checker$compose$reify__11881$fn__11883.invoke (checker.clj:102)\n    clojure.core$pmap$fn__8552$fn__8553.invoke (core.clj:7089)\n    clojure.core$binding_conveyor_fn$fn__5823.invoke (core.clj:2047)\n    clojure.lang.AFn.call (AFn.java:18)\n    java.util.concurrent.FutureTask.run (FutureTask.java:317)\n    java.util.concurrent.ThreadPoolExecutor.runWorker (ThreadPoolExecutor.java:1144)\n    java.util.concurrent.ThreadPoolExecutor$Worker.run (ThreadPoolExecutor.java:642)\n    java.lang.Thread.run (Thread.java:1583)\n"},
        :valid? :unknown},
 :timeline {:valid? true},
 :exceptions {:valid? true},
 :stats {:valid? true,
         :count 296,
         :ok-count 205,
         :fail-count 91,
         :info-count 0,
         :by-f {:cas {:valid? true,
                      :count 95,
                      :ok-count 15,
                      :fail-count 80,
                      :info-count 0},
                :read {:valid? true,
                       :count 158,
                       :ok-count 147,
                       :fail-count 11,
                       :info-count 0},
                :write {:valid? true,
                        :count 43,
                        :ok-count 43,
                        :fail-count 0,
                        :info-count 0}}},
 :availability {:valid? true, :ok-fraction 0.6925676},
 :net {:all {:send-count 1634,
             :recv-count 1634,
             :msg-count 1634,
             :msgs-per-op 5.5202703},
       :clients {:send-count 602, :recv-count 602, :msg-count 602},
       :servers {:send-count 1032,
                 :recv-count 1032,
                 :msg-count 1032,
                 :msgs-per-op 3.4864864},
       :valid? true},
 :workload {:valid? true,
            :results {0 {:linearizable {:valid? true,
                                        :configs ({:model #knossos.model.CASRegister{:value 3},
                                                   :last-op {:process 0,
                                                             :type :ok,
                                                             :f :read,
                                                             :value 3,
                                                             :index 589,
                                                             :time 59674967250},
                                                   :pending []}),
                                        :final-paths ()},
                         :timeline {:valid? true},
                         :valid? true}},
            :failures []},
 :valid? :unknown}


Errors occurred during analysis, but no anomalies found. ಠ~ಠ
