{"time":"2026-04-29T09:49:28.039612+08:00","level":"INFO","msg":"Starting Oxia in Maelstrom mode","PWD":"/private/var/folders/lk/_y7xvjmd437b7n36wnb44gnm0000gn/T"}
{"time":"2026-04-29T09:49:28.039746+08:00","level":"INFO","msg":"Got line","line":"eyJpZCI6Mywic3JjIjoiYzMiLCJkZXN0IjoibjMiLCJib2R5Ijp7InR5cGUiOiJpbml0Iiwibm9kZV9pZCI6Im4zIiwibm9kZV9pZHMiOlsibjEiLCJuMiIsIm4zIiwibjQiLCJuNSJdLCJtc2dfaWQiOjF9fQ=="}
{"time":"2026-04-29T09:49:28.039782+08:00","level":"INFO","msg":"received message","type":"init","proto-msg":null}
{"time":"2026-04-29T09:49:28.039787+08:00","level":"INFO","msg":"Received init request","this-node":"n3","all-nodes":["n1","n2","n3","n4","n5"]}
{"time":"2026-04-29T09:49:28.068216+08:00","level":"INFO","msg":"Starting Oxia dataServer","options":{"server":{"public":{"bindAddress":"0.0.0.0:6648","auth":{},"tls":{"enabled":null}},"internal":{"bindAddress":"0.0.0.0:6649","auth":{},"tls":{"enabled":null}}},"replication":{"tls":{"enabled":null}},"storage":{"wal":{"dir":"/var/folders/lk/_y7xvjmd437b7n36wnb44gnm0000gn/T/oxia-maelstrom3657327198/n3/wal","sync":true,"retention":3600000000000},"database":{"dir":"/var/folders/lk/_y7xvjmd437b7n36wnb44gnm0000gn/T/oxia-maelstrom3657327198/n3/db","readCacheSizeMB":100},"notification":{"retention":3600000000000}},"scheduler":{"checksum":{"interval":300000000000}},"observability":{"metric":{"enabled":false,"bindAddress":"0.0.0.0:8080","tls":{"enabled":null}},"log":{"level":"info"}}}}
{"time":"2026-04-29T09:49:28.068491+08:00","level":"INFO","msg":"Start Grpc server","name":"internal"}
{"time":"2026-04-29T09:49:28.068499+08:00","level":"INFO","msg":"RegisterService","service-name":"replication.OxiaCoordination"}
{"time":"2026-04-29T09:49:28.068501+08:00","level":"INFO","msg":"RegisterService","service-name":"replication.OxiaLogReplication"}
{"time":"2026-04-29T09:49:28.068504+08:00","level":"INFO","msg":"RegisterService","service-name":"grpc.health.v1.Health"}
{"time":"2026-04-29T09:49:28.068512+08:00","level":"INFO","msg":"Start Grpc server","name":"public"}
{"time":"2026-04-29T09:49:28.068517+08:00","level":"INFO","msg":"RegisterService","service-name":"io.oxia.proto.v1.OxiaClient"}
{"time":"2026-04-29T09:49:28.068521+08:00","level":"INFO","msg":"RegisterService","service-name":"io.streamnative.oxia.proto.OxiaClient"}
{"time":"2026-04-29T09:49:28.388989+08:00","level":"INFO","msg":"received message","type":"read","proto-msg":null}
{"time":"2026-04-29T09:49:28.389012+08:00","level":"INFO","msg":"RECEIVED MESSAGE","msg":{"id":13,"src":"c12","dest":"n3","body":{"type":"read","msg_id":1,"in_reply_to":null,"key":0}},"msg-type":"read"}
{"time":"2026-04-29T09:49:28.389025+08:00","level":"INFO","msg":"Received response for proxied message","proxied-msg-id":1,"in-reply-to":0}
{"time":"2026-04-29T09:49:29.157735+08:00","level":"INFO","msg":"received message","type":"cas","proto-msg":null}
{"time":"2026-04-29T09:49:29.157752+08:00","level":"INFO","msg":"RECEIVED MESSAGE","msg":{"id":22,"src":"c17","dest":"n3","body":{"type":"cas","msg_id":1,"in_reply_to":null,"key":0,"from":1,"to":0}},"msg-type":"cas"}
{"time":"2026-04-29T09:49:29.15776+08:00","level":"INFO","msg":"Received response for proxied message","proxied-msg-id":1,"in-reply-to":0}
{"time":"2026-04-29T09:49:30.374692+08:00","level":"INFO","msg":"received message","type":"read","proto-msg":null}
{"time":"2026-04-29T09:49:30.374727+08:00","level":"INFO","msg":"RECEIVED MESSAGE","msg":{"id":33,"src":"c12","dest":"n3","body":{"type":"read","msg_id":2,"in_reply_to":null,"key":0}},"msg-type":"read"}
{"time":"2026-04-29T09:49:30.374736+08:00","level":"INFO","msg":"Received response for proxied message","proxied-msg-id":2,"in-reply-to":0}
{"time":"2026-04-29T09:49:31.289926+08:00","level":"INFO","msg":"received message","type":"write","proto-msg":null}
{"time":"2026-04-29T09:49:31.289946+08:00","level":"INFO","msg":"RECEIVED MESSAGE","msg":{"id":42,"src":"c17","dest":"n3","body":{"type":"write","msg_id":2,"in_reply_to":null,"key":0,"value":4}},"msg-type":"write"}
{"time":"2026-04-29T09:49:31.289955+08:00","level":"INFO","msg":"Received response for proxied message","proxied-msg-id":2,"in-reply-to":0}
{"time":"2026-04-29T09:49:32.414214+08:00","level":"INFO","msg":"received message","type":"read","proto-msg":null}
{"time":"2026-04-29T09:49:32.414292+08:00","level":"INFO","msg":"RECEIVED MESSAGE","msg":{"id":54,"src":"c12","dest":"n3","body":{"type":"read","msg_id":3,"in_reply_to":null,"key":0}},"msg-type":"read"}
{"time":"2026-04-29T09:49:32.414325+08:00","level":"INFO","msg":"Received response for proxied message","proxied-msg-id":3,"in-reply-to":0}
{"time":"2026-04-29T09:49:33.863288+08:00","level":"INFO","msg":"received message","type":"read","proto-msg":null}
{"time":"2026-04-29T09:49:33.863324+08:00","level":"INFO","msg":"RECEIVED MESSAGE","msg":{"id":73,"src":"c12","dest":"n3","body":{"type":"read","msg_id":4,"in_reply_to":null,"key":0}},"msg-type":"read"}
{"time":"2026-04-29T09:49:33.863334+08:00","level":"INFO","msg":"Received response for proxied message","proxied-msg-id":4,"in-reply-to":0}
{"time":"2026-04-29T09:49:34.404777+08:00","level":"INFO","msg":"received message","type":"cas","proto-msg":null}
{"time":"2026-04-29T09:49:34.404808+08:00","level":"INFO","msg":"RECEIVED MESSAGE","msg":{"id":82,"src":"c17","dest":"n3","body":{"type":"cas","msg_id":3,"in_reply_to":null,"key":0,"from":3,"to":2}},"msg-type":"cas"}
{"time":"2026-04-29T09:49:34.404819+08:00","level":"INFO","msg":"Received response for proxied message","proxied-msg-id":3,"in-reply-to":0}
{"time":"2026-04-29T09:49:36.103787+08:00","level":"INFO","msg":"received message","type":"read","proto-msg":null}
{"time":"2026-04-29T09:49:36.103808+08:00","level":"INFO","msg":"RECEIVED MESSAGE","msg":{"id":92,"src":"c12","dest":"n3","body":{"type":"read","msg_id":5,"in_reply_to":null,"key":0}},"msg-type":"read"}
{"time":"2026-04-29T09:49:36.103814+08:00","level":"INFO","msg":"Received response for proxied message","proxied-msg-id":5,"in-reply-to":0}
{"time":"2026-04-29T09:49:36.496005+08:00","level":"INFO","msg":"received message","type":"write","proto-msg":null}
{"time":"2026-04-29T09:49:36.496023+08:00","level":"INFO","msg":"RECEIVED MESSAGE","msg":{"id":102,"src":"c17","dest":"n3","body":{"type":"write","msg_id":4,"in_reply_to":null,"key":0,"value":1}},"msg-type":"write"}
{"time":"2026-04-29T09:49:36.496029+08:00","level":"INFO","msg":"Received response for proxied message","proxied-msg-id":4,"in-reply-to":0}
{"time":"2026-04-29T09:49:41.205633+08:00","level":"INFO","msg":"received message","type":"cas","proto-msg":null}
{"time":"2026-04-29T09:49:41.205658+08:00","level":"INFO","msg":"RECEIVED MESSAGE","msg":{"id":140,"src":"c17","dest":"n3","body":{"type":"cas","msg_id":5,"in_reply_to":null,"key":0,"from":4,"to":3}},"msg-type":"cas"}
{"time":"2026-04-29T09:49:41.205667+08:00","level":"INFO","msg":"Received response for proxied message","proxied-msg-id":5,"in-reply-to":0}
{"time":"2026-04-29T09:49:43.59941+08:00","level":"INFO","msg":"received message","type":"write","proto-msg":null}
{"time":"2026-04-29T09:49:43.599486+08:00","level":"INFO","msg":"RECEIVED MESSAGE","msg":{"id":159,"src":"c17","dest":"n3","body":{"type":"write","msg_id":6,"in_reply_to":null,"key":0,"value":1}},"msg-type":"write"}
{"time":"2026-04-29T09:49:43.5995+08:00","level":"INFO","msg":"Received response for proxied message","proxied-msg-id":6,"in-reply-to":0}
{"time":"2026-04-29T09:49:45.253307+08:00","level":"INFO","msg":"received message","type":"cas","proto-msg":null}
{"time":"2026-04-29T09:49:45.253336+08:00","level":"INFO","msg":"RECEIVED MESSAGE","msg":{"id":177,"src":"c17","dest":"n3","body":{"type":"cas","msg_id":7,"in_reply_to":null,"key":0,"from":0,"to":0}},"msg-type":"cas"}
{"time":"2026-04-29T09:49:45.253343+08:00","level":"INFO","msg":"Received response for proxied message","proxied-msg-id":7,"in-reply-to":0}
{"time":"2026-04-29T09:49:46.239586+08:00","level":"INFO","msg":"received message","type":"read","proto-msg":null}
{"time":"2026-04-29T09:49:46.239604+08:00","level":"INFO","msg":"RECEIVED MESSAGE","msg":{"id":189,"src":"c12","dest":"n3","body":{"type":"read","msg_id":6,"in_reply_to":null,"key":0}},"msg-type":"read"}
{"time":"2026-04-29T09:49:46.239611+08:00","level":"INFO","msg":"Received response for proxied message","proxied-msg-id":6,"in-reply-to":0}
{"time":"2026-04-29T09:49:49.342118+08:00","level":"INFO","msg":"received message","type":"read","proto-msg":null}
{"time":"2026-04-29T09:49:49.342144+08:00","level":"INFO","msg":"RECEIVED MESSAGE","msg":{"id":209,"src":"c12","dest":"n3","body":{"type":"read","msg_id":7,"in_reply_to":null,"key":1}},"msg-type":"read"}
{"time":"2026-04-29T09:49:49.342153+08:00","level":"INFO","msg":"Received response for proxied message","proxied-msg-id":7,"in-reply-to":0}
{"time":"2026-04-29T09:49:53.125776+08:00","level":"INFO","msg":"received message","type":"read","proto-msg":null}
{"time":"2026-04-29T09:49:53.125814+08:00","level":"INFO","msg":"RECEIVED MESSAGE","msg":{"id":247,"src":"c12","dest":"n3","body":{"type":"read","msg_id":8,"in_reply_to":null,"key":1}},"msg-type":"read"}
{"time":"2026-04-29T09:49:53.125821+08:00","level":"INFO","msg":"Received response for proxied message","proxied-msg-id":8,"in-reply-to":0}
{"time":"2026-04-29T09:49:53.706758+08:00","level":"INFO","msg":"received message","type":"write","proto-msg":null}
{"time":"2026-04-29T09:49:53.706779+08:00","level":"INFO","msg":"RECEIVED MESSAGE","msg":{"id":256,"src":"c17","dest":"n3","body":{"type":"write","msg_id":8,"in_reply_to":null,"key":1,"value":4}},"msg-type":"write"}
{"time":"2026-04-29T09:49:53.706787+08:00","level":"INFO","msg":"Received response for proxied message","proxied-msg-id":8,"in-reply-to":0}
{"time":"2026-04-29T09:49:56.1556+08:00","level":"INFO","msg":"received message","type":"cas","proto-msg":null}
{"time":"2026-04-29T09:49:56.155624+08:00","level":"INFO","msg":"RECEIVED MESSAGE","msg":{"id":274,"src":"c17","dest":"n3","body":{"type":"cas","msg_id":9,"in_reply_to":null,"key":1,"from":2,"to":4}},"msg-type":"cas"}
{"time":"2026-04-29T09:49:56.155633+08:00","level":"INFO","msg":"Received response for proxied message","proxied-msg-id":9,"in-reply-to":0}
{"time":"2026-04-29T09:49:57.15191+08:00","level":"INFO","msg":"received message","type":"read","proto-msg":null}
{"time":"2026-04-29T09:49:57.151957+08:00","level":"INFO","msg":"RECEIVED MESSAGE","msg":{"id":286,"src":"c12","dest":"n3","body":{"type":"read","msg_id":9,"in_reply_to":null,"key":1}},"msg-type":"read"}
{"time":"2026-04-29T09:49:57.151965+08:00","level":"INFO","msg":"Received response for proxied message","proxied-msg-id":9,"in-reply-to":0}
{"time":"2026-04-29T09:49:59.943934+08:00","level":"INFO","msg":"received message","type":"read","proto-msg":null}
{"time":"2026-04-29T09:49:59.943954+08:00","level":"INFO","msg":"RECEIVED MESSAGE","msg":{"id":304,"src":"c12","dest":"n3","body":{"type":"read","msg_id":10,"in_reply_to":null,"key":1}},"msg-type":"read"}
{"time":"2026-04-29T09:49:59.94396+08:00","level":"INFO","msg":"Received response for proxied message","proxied-msg-id":10,"in-reply-to":0}
{"time":"2026-04-29T09:50:01.057514+08:00","level":"INFO","msg":"received message","type":"cas","proto-msg":null}
{"time":"2026-04-29T09:50:01.05754+08:00","level":"INFO","msg":"RECEIVED MESSAGE","msg":{"id":313,"src":"c17","dest":"n3","body":{"type":"cas","msg_id":10,"in_reply_to":null,"key":1,"from":4,"to":2}},"msg-type":"cas"}
{"time":"2026-04-29T09:50:01.057549+08:00","level":"INFO","msg":"Received response for proxied message","proxied-msg-id":10,"in-reply-to":0}
{"time":"2026-04-29T09:50:02.218485+08:00","level":"INFO","msg":"received message","type":"read","proto-msg":null}
{"time":"2026-04-29T09:50:02.21852+08:00","level":"INFO","msg":"RECEIVED MESSAGE","msg":{"id":324,"src":"c12","dest":"n3","body":{"type":"read","msg_id":11,"in_reply_to":null,"key":1}},"msg-type":"read"}
{"time":"2026-04-29T09:50:02.21853+08:00","level":"INFO","msg":"Received response for proxied message","proxied-msg-id":11,"in-reply-to":0}
{"time":"2026-04-29T09:50:03.125637+08:00","level":"INFO","msg":"received message","type":"write","proto-msg":null}
{"time":"2026-04-29T09:50:03.125672+08:00","level":"INFO","msg":"RECEIVED MESSAGE","msg":{"id":333,"src":"c17","dest":"n3","body":{"type":"write","msg_id":11,"in_reply_to":null,"key":1,"value":4}},"msg-type":"write"}
{"time":"2026-04-29T09:50:03.12568+08:00","level":"INFO","msg":"Received response for proxied message","proxied-msg-id":11,"in-reply-to":0}
{"time":"2026-04-29T09:50:06.555508+08:00","level":"INFO","msg":"received message","type":"read","proto-msg":null}
{"time":"2026-04-29T09:50:06.555526+08:00","level":"INFO","msg":"RECEIVED MESSAGE","msg":{"id":363,"src":"c12","dest":"n3","body":{"type":"read","msg_id":12,"in_reply_to":null,"key":2}},"msg-type":"read"}
{"time":"2026-04-29T09:50:06.555531+08:00","level":"INFO","msg":"Received response for proxied message","proxied-msg-id":12,"in-reply-to":0}
{"time":"2026-04-29T09:50:07.849768+08:00","level":"INFO","msg":"received message","type":"cas","proto-msg":null}
{"time":"2026-04-29T09:50:07.84979+08:00","level":"INFO","msg":"RECEIVED MESSAGE","msg":{"id":372,"src":"c17","dest":"n3","body":{"type":"cas","msg_id":12,"in_reply_to":null,"key":2,"from":3,"to":1}},"msg-type":"cas"}
{"time":"2026-04-29T09:50:07.849798+08:00","level":"INFO","msg":"Received response for proxied message","proxied-msg-id":12,"in-reply-to":0}
{"time":"2026-04-29T09:50:10.986884+08:00","level":"INFO","msg":"received message","type":"read","proto-msg":null}
{"time":"2026-04-29T09:50:10.986908+08:00","level":"INFO","msg":"RECEIVED MESSAGE","msg":{"id":402,"src":"c12","dest":"n3","body":{"type":"read","msg_id":13,"in_reply_to":null,"key":2}},"msg-type":"read"}
{"time":"2026-04-29T09:50:10.986915+08:00","level":"INFO","msg":"Received response for proxied message","proxied-msg-id":13,"in-reply-to":0}
{"time":"2026-04-29T09:50:15.369977+08:00","level":"INFO","msg":"received message","type":"read","proto-msg":null}
{"time":"2026-04-29T09:50:15.369994+08:00","level":"INFO","msg":"RECEIVED MESSAGE","msg":{"id":441,"src":"c12","dest":"n3","body":{"type":"read","msg_id":14,"in_reply_to":null,"key":2}},"msg-type":"read"}
{"time":"2026-04-29T09:50:15.37+08:00","level":"INFO","msg":"Received response for proxied message","proxied-msg-id":14,"in-reply-to":0}
{"time":"2026-04-29T09:50:16.142519+08:00","level":"INFO","msg":"received message","type":"write","proto-msg":null}
{"time":"2026-04-29T09:50:16.142544+08:00","level":"INFO","msg":"RECEIVED MESSAGE","msg":{"id":451,"src":"c17","dest":"n3","body":{"type":"write","msg_id":13,"in_reply_to":null,"key":2,"value":4}},"msg-type":"write"}
{"time":"2026-04-29T09:50:16.14255+08:00","level":"INFO","msg":"Received response for proxied message","proxied-msg-id":13,"in-reply-to":0}
{"time":"2026-04-29T09:50:17.321388+08:00","level":"INFO","msg":"received message","type":"read","proto-msg":null}
{"time":"2026-04-29T09:50:17.321422+08:00","level":"INFO","msg":"RECEIVED MESSAGE","msg":{"id":461,"src":"c12","dest":"n3","body":{"type":"read","msg_id":15,"in_reply_to":null,"key":2}},"msg-type":"read"}
{"time":"2026-04-29T09:50:17.321434+08:00","level":"INFO","msg":"Received response for proxied message","proxied-msg-id":15,"in-reply-to":0}
{"time":"2026-04-29T09:50:17.74865+08:00","level":"INFO","msg":"received message","type":"cas","proto-msg":null}
{"time":"2026-04-29T09:50:17.748683+08:00","level":"INFO","msg":"RECEIVED MESSAGE","msg":{"id":471,"src":"c17","dest":"n3","body":{"type":"cas","msg_id":14,"in_reply_to":null,"key":2,"from":1,"to":1}},"msg-type":"cas"}
{"time":"2026-04-29T09:50:17.748761+08:00","level":"INFO","msg":"Received response for proxied message","proxied-msg-id":14,"in-reply-to":0}
{"time":"2026-04-29T09:50:19.198698+08:00","level":"INFO","msg":"received message","type":"read","proto-msg":null}
{"time":"2026-04-29T09:50:19.198715+08:00","level":"INFO","msg":"RECEIVED MESSAGE","msg":{"id":481,"src":"c12","dest":"n3","body":{"type":"read","msg_id":16,"in_reply_to":null,"key":2}},"msg-type":"read"}
{"time":"2026-04-29T09:50:19.19872+08:00","level":"INFO","msg":"Received response for proxied message","proxied-msg-id":16,"in-reply-to":0}
{"time":"2026-04-29T09:50:20.446222+08:00","level":"INFO","msg":"received message","type":"write","proto-msg":null}
{"time":"2026-04-29T09:50:20.446249+08:00","level":"INFO","msg":"RECEIVED MESSAGE","msg":{"id":490,"src":"c17","dest":"n3","body":{"type":"write","msg_id":15,"in_reply_to":null,"key":2,"value":3}},"msg-type":"write"}
{"time":"2026-04-29T09:50:20.446255+08:00","level":"INFO","msg":"Received response for proxied message","proxied-msg-id":15,"in-reply-to":0}
{"time":"2026-04-29T09:50:23.212267+08:00","level":"INFO","msg":"received message","type":"write","proto-msg":null}
{"time":"2026-04-29T09:50:23.212289+08:00","level":"INFO","msg":"RECEIVED MESSAGE","msg":{"id":509,"src":"c17","dest":"n3","body":{"type":"write","msg_id":16,"in_reply_to":null,"key":2,"value":0}},"msg-type":"write"}
{"time":"2026-04-29T09:50:23.212294+08:00","level":"INFO","msg":"Received response for proxied message","proxied-msg-id":16,"in-reply-to":0}
{"time":"2026-04-29T09:50:24.527349+08:00","level":"INFO","msg":"received message","type":"read","proto-msg":null}
{"time":"2026-04-29T09:50:24.527376+08:00","level":"INFO","msg":"RECEIVED MESSAGE","msg":{"id":519,"src":"c12","dest":"n3","body":{"type":"read","msg_id":17,"in_reply_to":null,"key":2}},"msg-type":"read"}
{"time":"2026-04-29T09:50:24.527383+08:00","level":"INFO","msg":"Received response for proxied message","proxied-msg-id":17,"in-reply-to":0}
{"time":"2026-04-29T09:50:26.812844+08:00","level":"INFO","msg":"received message","type":"read","proto-msg":null}
{"time":"2026-04-29T09:50:26.812869+08:00","level":"INFO","msg":"RECEIVED MESSAGE","msg":{"id":538,"src":"c12","dest":"n3","body":{"type":"read","msg_id":18,"in_reply_to":null,"key":3}},"msg-type":"read"}
{"time":"2026-04-29T09:50:26.812877+08:00","level":"INFO","msg":"Received response for proxied message","proxied-msg-id":18,"in-reply-to":0}
{"time":"2026-04-29T09:50:27.637392+08:00","level":"INFO","msg":"received message","type":"write","proto-msg":null}
{"time":"2026-04-29T09:50:27.637413+08:00","level":"INFO","msg":"RECEIVED MESSAGE","msg":{"id":547,"src":"c17","dest":"n3","body":{"type":"write","msg_id":17,"in_reply_to":null,"key":3,"value":1}},"msg-type":"write"}
{"time":"2026-04-29T09:50:27.637418+08:00","level":"INFO","msg":"Received response for proxied message","proxied-msg-id":17,"in-reply-to":0}
