{"time":"2026-04-29T09:49:28.039627+08:00","level":"INFO","msg":"Starting Oxia in Maelstrom mode","PWD":"/private/var/folders/lk/_y7xvjmd437b7n36wnb44gnm0000gn/T"}
{"time":"2026-04-29T09:49:28.039779+08:00","level":"INFO","msg":"Got line","line":"eyJpZCI6MCwic3JjIjoiYzEiLCJkZXN0IjoibjQiLCJib2R5Ijp7InR5cGUiOiJpbml0Iiwibm9kZV9pZCI6Im40Iiwibm9kZV9pZHMiOlsibjEiLCJuMiIsIm4zIiwibjQiLCJuNSJdLCJtc2dfaWQiOjF9fQ=="}
{"time":"2026-04-29T09:49:28.039925+08:00","level":"INFO","msg":"received message","type":"init","proto-msg":null}
{"time":"2026-04-29T09:49:28.039933+08:00","level":"INFO","msg":"Received init request","this-node":"n4","all-nodes":["n1","n2","n3","n4","n5"]}
{"time":"2026-04-29T09:49:28.07224+08:00","level":"INFO","msg":"Starting Oxia dataServer","options":{"server":{"public":{"bindAddress":"0.0.0.0:6648","auth":{},"tls":{"enabled":null}},"internal":{"bindAddress":"0.0.0.0:6649","auth":{},"tls":{"enabled":null}}},"replication":{"tls":{"enabled":null}},"storage":{"wal":{"dir":"/var/folders/lk/_y7xvjmd437b7n36wnb44gnm0000gn/T/oxia-maelstrom2012827751/n4/wal","sync":true,"retention":3600000000000},"database":{"dir":"/var/folders/lk/_y7xvjmd437b7n36wnb44gnm0000gn/T/oxia-maelstrom2012827751/n4/db","readCacheSizeMB":100},"notification":{"retention":3600000000000}},"scheduler":{"checksum":{"interval":300000000000}},"observability":{"metric":{"enabled":false,"bindAddress":"0.0.0.0:8080","tls":{"enabled":null}},"log":{"level":"info"}}}}
{"time":"2026-04-29T09:49:28.072615+08:00","level":"INFO","msg":"Start Grpc server","name":"internal"}
{"time":"2026-04-29T09:49:28.072627+08:00","level":"INFO","msg":"RegisterService","service-name":"replication.OxiaCoordination"}
{"time":"2026-04-29T09:49:28.072631+08:00","level":"INFO","msg":"RegisterService","service-name":"replication.OxiaLogReplication"}
{"time":"2026-04-29T09:49:28.072635+08:00","level":"INFO","msg":"RegisterService","service-name":"grpc.health.v1.Health"}
{"time":"2026-04-29T09:49:28.07264+08:00","level":"INFO","msg":"Start Grpc server","name":"public"}
{"time":"2026-04-29T09:49:28.072645+08:00","level":"INFO","msg":"RegisterService","service-name":"io.oxia.proto.v1.OxiaClient"}
{"time":"2026-04-29T09:49:28.07265+08:00","level":"INFO","msg":"RegisterService","service-name":"io.streamnative.oxia.proto.OxiaClient"}
{"time":"2026-04-29T09:49:28.729114+08:00","level":"INFO","msg":"received message","type":"read","proto-msg":null}
{"time":"2026-04-29T09:49:28.729137+08:00","level":"INFO","msg":"RECEIVED MESSAGE","msg":{"id":15,"src":"c13","dest":"n4","body":{"type":"read","msg_id":1,"in_reply_to":null,"key":0}},"msg-type":"read"}
{"time":"2026-04-29T09:49:28.729144+08:00","level":"INFO","msg":"Received response for proxied message","proxied-msg-id":1,"in-reply-to":0}
{"time":"2026-04-29T09:49:29.406202+08:00","level":"INFO","msg":"received message","type":"cas","proto-msg":null}
{"time":"2026-04-29T09:49:29.406218+08:00","level":"INFO","msg":"RECEIVED MESSAGE","msg":{"id":24,"src":"c18","dest":"n4","body":{"type":"cas","msg_id":1,"in_reply_to":null,"key":0,"from":1,"to":1}},"msg-type":"cas"}
{"time":"2026-04-29T09:49:29.406223+08:00","level":"INFO","msg":"Received response for proxied message","proxied-msg-id":1,"in-reply-to":0}
{"time":"2026-04-29T09:49:33.100998+08:00","level":"INFO","msg":"received message","type":"cas","proto-msg":null}
{"time":"2026-04-29T09:49:33.101017+08:00","level":"INFO","msg":"RECEIVED MESSAGE","msg":{"id":64,"src":"c18","dest":"n4","body":{"type":"cas","msg_id":2,"in_reply_to":null,"key":0,"from":4,"to":1}},"msg-type":"cas"}
{"time":"2026-04-29T09:49:33.101023+08:00","level":"INFO","msg":"Received response for proxied message","proxied-msg-id":2,"in-reply-to":0}
{"time":"2026-04-29T09:49:36.894441+08:00","level":"INFO","msg":"received message","type":"cas","proto-msg":null}
{"time":"2026-04-29T09:49:36.894459+08:00","level":"INFO","msg":"RECEIVED MESSAGE","msg":{"id":104,"src":"c18","dest":"n4","body":{"type":"cas","msg_id":3,"in_reply_to":null,"key":0,"from":0,"to":3}},"msg-type":"cas"}
{"time":"2026-04-29T09:49:36.894465+08:00","level":"INFO","msg":"Received response for proxied message","proxied-msg-id":3,"in-reply-to":0}
{"time":"2026-04-29T09:49:39.421169+08:00","level":"INFO","msg":"received message","type":"write","proto-msg":null}
{"time":"2026-04-29T09:49:39.421187+08:00","level":"INFO","msg":"RECEIVED MESSAGE","msg":{"id":122,"src":"c18","dest":"n4","body":{"type":"write","msg_id":4,"in_reply_to":null,"key":0,"value":0}},"msg-type":"write"}
{"time":"2026-04-29T09:49:39.421193+08:00","level":"INFO","msg":"Received response for proxied message","proxied-msg-id":4,"in-reply-to":0}
{"time":"2026-04-29T09:49:40.40292+08:00","level":"INFO","msg":"received message","type":"read","proto-msg":null}
{"time":"2026-04-29T09:49:40.403055+08:00","level":"INFO","msg":"RECEIVED MESSAGE","msg":{"id":133,"src":"c13","dest":"n4","body":{"type":"read","msg_id":2,"in_reply_to":null,"key":0}},"msg-type":"read"}
{"time":"2026-04-29T09:49:40.403071+08:00","level":"INFO","msg":"Received response for proxied message","proxied-msg-id":2,"in-reply-to":0}
{"time":"2026-04-29T09:49:42.78523+08:00","level":"INFO","msg":"received message","type":"read","proto-msg":null}
{"time":"2026-04-29T09:49:42.78526+08:00","level":"INFO","msg":"RECEIVED MESSAGE","msg":{"id":152,"src":"c13","dest":"n4","body":{"type":"read","msg_id":3,"in_reply_to":null,"key":0}},"msg-type":"read"}
{"time":"2026-04-29T09:49:42.785268+08:00","level":"INFO","msg":"Received response for proxied message","proxied-msg-id":3,"in-reply-to":0}
{"time":"2026-04-29T09:49:46.620588+08:00","level":"INFO","msg":"received message","type":"read","proto-msg":null}
{"time":"2026-04-29T09:49:46.62061+08:00","level":"INFO","msg":"RECEIVED MESSAGE","msg":{"id":191,"src":"c13","dest":"n4","body":{"type":"read","msg_id":4,"in_reply_to":null,"key":0}},"msg-type":"read"}
{"time":"2026-04-29T09:49:46.620619+08:00","level":"INFO","msg":"Received response for proxied message","proxied-msg-id":4,"in-reply-to":0}
{"time":"2026-04-29T09:49:48.254233+08:00","level":"INFO","msg":"received message","type":"cas","proto-msg":null}
{"time":"2026-04-29T09:49:48.254251+08:00","level":"INFO","msg":"RECEIVED MESSAGE","msg":{"id":200,"src":"c18","dest":"n4","body":{"type":"cas","msg_id":5,"in_reply_to":null,"key":1,"from":3,"to":2}},"msg-type":"cas"}
{"time":"2026-04-29T09:49:48.254257+08:00","level":"INFO","msg":"Received response for proxied message","proxied-msg-id":5,"in-reply-to":0}
{"time":"2026-04-29T09:49:49.373938+08:00","level":"INFO","msg":"received message","type":"read","proto-msg":null}
{"time":"2026-04-29T09:49:49.373961+08:00","level":"INFO","msg":"RECEIVED MESSAGE","msg":{"id":211,"src":"c13","dest":"n4","body":{"type":"read","msg_id":5,"in_reply_to":null,"key":1}},"msg-type":"read"}
{"time":"2026-04-29T09:49:49.373967+08:00","level":"INFO","msg":"Received response for proxied message","proxied-msg-id":5,"in-reply-to":0}
{"time":"2026-04-29T09:49:50.072628+08:00","level":"INFO","msg":"received message","type":"cas","proto-msg":null}
{"time":"2026-04-29T09:49:50.072644+08:00","level":"INFO","msg":"RECEIVED MESSAGE","msg":{"id":220,"src":"c18","dest":"n4","body":{"type":"cas","msg_id":6,"in_reply_to":null,"key":1,"from":1,"to":2}},"msg-type":"cas"}
{"time":"2026-04-29T09:49:50.072649+08:00","level":"INFO","msg":"Received response for proxied message","proxied-msg-id":6,"in-reply-to":0}
{"time":"2026-04-29T09:49:51.941868+08:00","level":"INFO","msg":"received message","type":"cas","proto-msg":null}
{"time":"2026-04-29T09:49:51.94191+08:00","level":"INFO","msg":"RECEIVED MESSAGE","msg":{"id":238,"src":"c18","dest":"n4","body":{"type":"cas","msg_id":7,"in_reply_to":null,"key":1,"from":0,"to":4}},"msg-type":"cas"}
{"time":"2026-04-29T09:49:51.941917+08:00","level":"INFO","msg":"Received response for proxied message","proxied-msg-id":7,"in-reply-to":0}
{"time":"2026-04-29T09:49:53.162444+08:00","level":"INFO","msg":"received message","type":"read","proto-msg":null}
{"time":"2026-04-29T09:49:53.162462+08:00","level":"INFO","msg":"RECEIVED MESSAGE","msg":{"id":249,"src":"c13","dest":"n4","body":{"type":"read","msg_id":6,"in_reply_to":null,"key":1}},"msg-type":"read"}
{"time":"2026-04-29T09:49:53.162467+08:00","level":"INFO","msg":"Received response for proxied message","proxied-msg-id":6,"in-reply-to":0}
{"time":"2026-04-29T09:49:55.516888+08:00","level":"INFO","msg":"received message","type":"read","proto-msg":null}
{"time":"2026-04-29T09:49:55.516913+08:00","level":"INFO","msg":"RECEIVED MESSAGE","msg":{"id":268,"src":"c13","dest":"n4","body":{"type":"read","msg_id":7,"in_reply_to":null,"key":1}},"msg-type":"read"}
{"time":"2026-04-29T09:49:55.516924+08:00","level":"INFO","msg":"Received response for proxied message","proxied-msg-id":7,"in-reply-to":0}
{"time":"2026-04-29T09:49:57.27311+08:00","level":"INFO","msg":"received message","type":"read","proto-msg":null}
{"time":"2026-04-29T09:49:57.27321+08:00","level":"INFO","msg":"RECEIVED MESSAGE","msg":{"id":288,"src":"c13","dest":"n4","body":{"type":"read","msg_id":8,"in_reply_to":null,"key":1}},"msg-type":"read"}
{"time":"2026-04-29T09:49:57.273221+08:00","level":"INFO","msg":"Received response for proxied message","proxied-msg-id":8,"in-reply-to":0}
{"time":"2026-04-29T09:50:00.142189+08:00","level":"INFO","msg":"received message","type":"read","proto-msg":null}
{"time":"2026-04-29T09:50:00.142211+08:00","level":"INFO","msg":"RECEIVED MESSAGE","msg":{"id":306,"src":"c13","dest":"n4","body":{"type":"read","msg_id":9,"in_reply_to":null,"key":1}},"msg-type":"read"}
{"time":"2026-04-29T09:50:00.142217+08:00","level":"INFO","msg":"Received response for proxied message","proxied-msg-id":9,"in-reply-to":0}
{"time":"2026-04-29T09:50:01.238509+08:00","level":"INFO","msg":"received message","type":"write","proto-msg":null}
{"time":"2026-04-29T09:50:01.238539+08:00","level":"INFO","msg":"RECEIVED MESSAGE","msg":{"id":315,"src":"c18","dest":"n4","body":{"type":"write","msg_id":8,"in_reply_to":null,"key":1,"value":3}},"msg-type":"write"}
{"time":"2026-04-29T09:50:01.238545+08:00","level":"INFO","msg":"Received response for proxied message","proxied-msg-id":8,"in-reply-to":0}
{"time":"2026-04-29T09:50:04.335311+08:00","level":"INFO","msg":"received message","type":"read","proto-msg":null}
{"time":"2026-04-29T09:50:04.335329+08:00","level":"INFO","msg":"RECEIVED MESSAGE","msg":{"id":345,"src":"c13","dest":"n4","body":{"type":"read","msg_id":10,"in_reply_to":null,"key":1}},"msg-type":"read"}
{"time":"2026-04-29T09:50:04.335334+08:00","level":"INFO","msg":"Received response for proxied message","proxied-msg-id":10,"in-reply-to":0}
{"time":"2026-04-29T09:50:05.58916+08:00","level":"INFO","msg":"received message","type":"cas","proto-msg":null}
{"time":"2026-04-29T09:50:05.589181+08:00","level":"INFO","msg":"RECEIVED MESSAGE","msg":{"id":354,"src":"c18","dest":"n4","body":{"type":"cas","msg_id":9,"in_reply_to":null,"key":2,"from":4,"to":4}},"msg-type":"cas"}
{"time":"2026-04-29T09:50:05.589187+08:00","level":"INFO","msg":"Received response for proxied message","proxied-msg-id":9,"in-reply-to":0}
{"time":"2026-04-29T09:50:06.60108+08:00","level":"INFO","msg":"received message","type":"read","proto-msg":null}
{"time":"2026-04-29T09:50:06.601096+08:00","level":"INFO","msg":"RECEIVED MESSAGE","msg":{"id":365,"src":"c13","dest":"n4","body":{"type":"read","msg_id":11,"in_reply_to":null,"key":2}},"msg-type":"read"}
{"time":"2026-04-29T09:50:06.601101+08:00","level":"INFO","msg":"Received response for proxied message","proxied-msg-id":11,"in-reply-to":0}
{"time":"2026-04-29T09:50:09.039938+08:00","level":"INFO","msg":"received message","type":"read","proto-msg":null}
{"time":"2026-04-29T09:50:09.039957+08:00","level":"INFO","msg":"RECEIVED MESSAGE","msg":{"id":384,"src":"c13","dest":"n4","body":{"type":"read","msg_id":12,"in_reply_to":null,"key":2}},"msg-type":"read"}
{"time":"2026-04-29T09:50:09.039963+08:00","level":"INFO","msg":"Received response for proxied message","proxied-msg-id":12,"in-reply-to":0}
{"time":"2026-04-29T09:50:10.258652+08:00","level":"INFO","msg":"received message","type":"cas","proto-msg":null}
{"time":"2026-04-29T09:50:10.258812+08:00","level":"INFO","msg":"RECEIVED MESSAGE","msg":{"id":393,"src":"c18","dest":"n4","body":{"type":"cas","msg_id":10,"in_reply_to":null,"key":2,"from":4,"to":4}},"msg-type":"cas"}
{"time":"2026-04-29T09:50:10.258819+08:00","level":"INFO","msg":"Received response for proxied message","proxied-msg-id":10,"in-reply-to":0}
{"time":"2026-04-29T09:50:11.386549+08:00","level":"INFO","msg":"received message","type":"read","proto-msg":null}
{"time":"2026-04-29T09:50:11.386567+08:00","level":"INFO","msg":"RECEIVED MESSAGE","msg":{"id":404,"src":"c13","dest":"n4","body":{"type":"read","msg_id":13,"in_reply_to":null,"key":2}},"msg-type":"read"}
{"time":"2026-04-29T09:50:11.386573+08:00","level":"INFO","msg":"Received response for proxied message","proxied-msg-id":13,"in-reply-to":0}
{"time":"2026-04-29T09:50:13.470501+08:00","level":"INFO","msg":"received message","type":"read","proto-msg":null}
{"time":"2026-04-29T09:50:13.470527+08:00","level":"INFO","msg":"RECEIVED MESSAGE","msg":{"id":424,"src":"c13","dest":"n4","body":{"type":"read","msg_id":14,"in_reply_to":null,"key":2}},"msg-type":"read"}
{"time":"2026-04-29T09:50:13.470534+08:00","level":"INFO","msg":"Received response for proxied message","proxied-msg-id":14,"in-reply-to":0}
{"time":"2026-04-29T09:50:16.533761+08:00","level":"INFO","msg":"received message","type":"cas","proto-msg":null}
{"time":"2026-04-29T09:50:16.533791+08:00","level":"INFO","msg":"RECEIVED MESSAGE","msg":{"id":453,"src":"c18","dest":"n4","body":{"type":"cas","msg_id":11,"in_reply_to":null,"key":2,"from":4,"to":1}},"msg-type":"cas"}
{"time":"2026-04-29T09:50:16.533804+08:00","level":"INFO","msg":"Received response for proxied message","proxied-msg-id":11,"in-reply-to":0}
{"time":"2026-04-29T09:50:17.335583+08:00","level":"INFO","msg":"received message","type":"read","proto-msg":null}
{"time":"2026-04-29T09:50:17.335602+08:00","level":"INFO","msg":"RECEIVED MESSAGE","msg":{"id":463,"src":"c13","dest":"n4","body":{"type":"read","msg_id":15,"in_reply_to":null,"key":2}},"msg-type":"read"}
{"time":"2026-04-29T09:50:17.335609+08:00","level":"INFO","msg":"Received response for proxied message","proxied-msg-id":15,"in-reply-to":0}
{"time":"2026-04-29T09:50:19.265254+08:00","level":"INFO","msg":"received message","type":"read","proto-msg":null}
{"time":"2026-04-29T09:50:19.265278+08:00","level":"INFO","msg":"RECEIVED MESSAGE","msg":{"id":483,"src":"c13","dest":"n4","body":{"type":"read","msg_id":16,"in_reply_to":null,"key":2}},"msg-type":"read"}
{"time":"2026-04-29T09:50:19.265286+08:00","level":"INFO","msg":"Received response for proxied message","proxied-msg-id":16,"in-reply-to":0}
{"time":"2026-04-29T09:50:22.354596+08:00","level":"INFO","msg":"received message","type":"read","proto-msg":null}
{"time":"2026-04-29T09:50:22.354612+08:00","level":"INFO","msg":"RECEIVED MESSAGE","msg":{"id":502,"src":"c13","dest":"n4","body":{"type":"read","msg_id":17,"in_reply_to":null,"key":2}},"msg-type":"read"}
{"time":"2026-04-29T09:50:22.354618+08:00","level":"INFO","msg":"Received response for proxied message","proxied-msg-id":17,"in-reply-to":0}
{"time":"2026-04-29T09:50:24.830486+08:00","level":"INFO","msg":"received message","type":"read","proto-msg":null}
{"time":"2026-04-29T09:50:24.830514+08:00","level":"INFO","msg":"RECEIVED MESSAGE","msg":{"id":521,"src":"c13","dest":"n4","body":{"type":"read","msg_id":18,"in_reply_to":null,"key":2}},"msg-type":"read"}
{"time":"2026-04-29T09:50:24.830522+08:00","level":"INFO","msg":"Received response for proxied message","proxied-msg-id":18,"in-reply-to":0}
