{"time":"2026-04-29T09:49:28.03961+08:00","level":"INFO","msg":"Starting Oxia in Maelstrom mode","PWD":"/private/var/folders/lk/_y7xvjmd437b7n36wnb44gnm0000gn/T"}
{"time":"2026-04-29T09:49:28.039752+08:00","level":"INFO","msg":"Got line","line":"eyJpZCI6Miwic3JjIjoiYzIiLCJkZXN0IjoibjUiLCJib2R5Ijp7InR5cGUiOiJpbml0Iiwibm9kZV9pZCI6Im41Iiwibm9kZV9pZHMiOlsibjEiLCJuMiIsIm4zIiwibjQiLCJuNSJdLCJtc2dfaWQiOjF9fQ=="}
{"time":"2026-04-29T09:49:28.039801+08:00","level":"INFO","msg":"received message","type":"init","proto-msg":null}
{"time":"2026-04-29T09:49:28.039808+08:00","level":"INFO","msg":"Received init request","this-node":"n5","all-nodes":["n1","n2","n3","n4","n5"]}
{"time":"2026-04-29T09:49:28.060033+08:00","level":"INFO","msg":"Starting Oxia dataServer","options":{"server":{"public":{"bindAddress":"0.0.0.0:6648","auth":{},"tls":{"enabled":null}},"internal":{"bindAddress":"0.0.0.0:6649","auth":{},"tls":{"enabled":null}}},"replication":{"tls":{"enabled":null}},"storage":{"wal":{"dir":"/var/folders/lk/_y7xvjmd437b7n36wnb44gnm0000gn/T/oxia-maelstrom738197510/n5/wal","sync":true,"retention":3600000000000},"database":{"dir":"/var/folders/lk/_y7xvjmd437b7n36wnb44gnm0000gn/T/oxia-maelstrom738197510/n5/db","readCacheSizeMB":100},"notification":{"retention":3600000000000}},"scheduler":{"checksum":{"interval":300000000000}},"observability":{"metric":{"enabled":false,"bindAddress":"0.0.0.0:8080","tls":{"enabled":null}},"log":{"level":"info"}}}}
{"time":"2026-04-29T09:49:28.060658+08:00","level":"INFO","msg":"Start Grpc server","name":"internal"}
{"time":"2026-04-29T09:49:28.060706+08:00","level":"INFO","msg":"RegisterService","service-name":"replication.OxiaCoordination"}
{"time":"2026-04-29T09:49:28.060708+08:00","level":"INFO","msg":"RegisterService","service-name":"replication.OxiaLogReplication"}
{"time":"2026-04-29T09:49:28.060712+08:00","level":"INFO","msg":"RegisterService","service-name":"grpc.health.v1.Health"}
{"time":"2026-04-29T09:49:28.060732+08:00","level":"INFO","msg":"Start Grpc server","name":"public"}
{"time":"2026-04-29T09:49:28.060748+08:00","level":"INFO","msg":"RegisterService","service-name":"io.oxia.proto.v1.OxiaClient"}
{"time":"2026-04-29T09:49:28.060807+08:00","level":"INFO","msg":"RegisterService","service-name":"io.streamnative.oxia.proto.OxiaClient"}
{"time":"2026-04-29T09:49:28.906854+08:00","level":"INFO","msg":"received message","type":"read","proto-msg":null}
{"time":"2026-04-29T09:49:28.906881+08:00","level":"INFO","msg":"RECEIVED MESSAGE","msg":{"id":17,"src":"c14","dest":"n5","body":{"type":"read","msg_id":1,"in_reply_to":null,"key":0}},"msg-type":"read"}
{"time":"2026-04-29T09:49:28.906888+08:00","level":"INFO","msg":"Received response for proxied message","proxied-msg-id":1,"in-reply-to":0}
{"time":"2026-04-29T09:49:29.632653+08:00","level":"INFO","msg":"received message","type":"cas","proto-msg":null}
{"time":"2026-04-29T09:49:29.632686+08:00","level":"INFO","msg":"RECEIVED MESSAGE","msg":{"id":26,"src":"c19","dest":"n5","body":{"type":"cas","msg_id":1,"in_reply_to":null,"key":0,"from":2,"to":1}},"msg-type":"cas"}
{"time":"2026-04-29T09:49:29.632697+08:00","level":"INFO","msg":"Received response for proxied message","proxied-msg-id":1,"in-reply-to":0}
{"time":"2026-04-29T09:49:30.773751+08:00","level":"INFO","msg":"received message","type":"read","proto-msg":null}
{"time":"2026-04-29T09:49:30.773776+08:00","level":"INFO","msg":"RECEIVED MESSAGE","msg":{"id":37,"src":"c14","dest":"n5","body":{"type":"read","msg_id":2,"in_reply_to":null,"key":0}},"msg-type":"read"}
{"time":"2026-04-29T09:49:30.773785+08:00","level":"INFO","msg":"Received response for proxied message","proxied-msg-id":2,"in-reply-to":0}
{"time":"2026-04-29T09:49:33.97573+08:00","level":"INFO","msg":"received message","type":"read","proto-msg":null}
{"time":"2026-04-29T09:49:33.975763+08:00","level":"INFO","msg":"RECEIVED MESSAGE","msg":{"id":77,"src":"c14","dest":"n5","body":{"type":"read","msg_id":3,"in_reply_to":null,"key":0}},"msg-type":"read"}
{"time":"2026-04-29T09:49:33.975794+08:00","level":"INFO","msg":"Received response for proxied message","proxied-msg-id":3,"in-reply-to":0}
{"time":"2026-04-29T09:49:38.425833+08:00","level":"INFO","msg":"received message","type":"read","proto-msg":null}
{"time":"2026-04-29T09:49:38.425862+08:00","level":"INFO","msg":"RECEIVED MESSAGE","msg":{"id":115,"src":"c14","dest":"n5","body":{"type":"read","msg_id":4,"in_reply_to":null,"key":0}},"msg-type":"read"}
{"time":"2026-04-29T09:49:38.425874+08:00","level":"INFO","msg":"Received response for proxied message","proxied-msg-id":4,"in-reply-to":0}
{"time":"2026-04-29T09:49:39.594253+08:00","level":"INFO","msg":"received message","type":"write","proto-msg":null}
{"time":"2026-04-29T09:49:39.59428+08:00","level":"INFO","msg":"RECEIVED MESSAGE","msg":{"id":124,"src":"c19","dest":"n5","body":{"type":"write","msg_id":2,"in_reply_to":null,"key":0,"value":4}},"msg-type":"write"}
{"time":"2026-04-29T09:49:39.594293+08:00","level":"INFO","msg":"Received response for proxied message","proxied-msg-id":2,"in-reply-to":0}
{"time":"2026-04-29T09:49:41.589899+08:00","level":"INFO","msg":"received message","type":"cas","proto-msg":null}
{"time":"2026-04-29T09:49:41.589927+08:00","level":"INFO","msg":"RECEIVED MESSAGE","msg":{"id":144,"src":"c19","dest":"n5","body":{"type":"cas","msg_id":3,"in_reply_to":null,"key":0,"from":3,"to":3}},"msg-type":"cas"}
{"time":"2026-04-29T09:49:41.589935+08:00","level":"INFO","msg":"Received response for proxied message","proxied-msg-id":3,"in-reply-to":0}
{"time":"2026-04-29T09:49:44.871284+08:00","level":"INFO","msg":"received message","type":"read","proto-msg":null}
{"time":"2026-04-29T09:49:44.871311+08:00","level":"INFO","msg":"RECEIVED MESSAGE","msg":{"id":173,"src":"c14","dest":"n5","body":{"type":"read","msg_id":5,"in_reply_to":null,"key":0}},"msg-type":"read"}
{"time":"2026-04-29T09:49:44.871318+08:00","level":"INFO","msg":"Received response for proxied message","proxied-msg-id":5,"in-reply-to":0}
{"time":"2026-04-29T09:49:45.403423+08:00","level":"INFO","msg":"received message","type":"cas","proto-msg":null}
{"time":"2026-04-29T09:49:45.403442+08:00","level":"INFO","msg":"RECEIVED MESSAGE","msg":{"id":183,"src":"c19","dest":"n5","body":{"type":"cas","msg_id":4,"in_reply_to":null,"key":0,"from":2,"to":0}},"msg-type":"cas"}
{"time":"2026-04-29T09:49:45.403448+08:00","level":"INFO","msg":"Received response for proxied message","proxied-msg-id":4,"in-reply-to":0}
{"time":"2026-04-29T09:49:47.026969+08:00","level":"INFO","msg":"received message","type":"read","proto-msg":null}
{"time":"2026-04-29T09:49:47.026989+08:00","level":"INFO","msg":"RECEIVED MESSAGE","msg":{"id":193,"src":"c14","dest":"n5","body":{"type":"read","msg_id":6,"in_reply_to":null,"key":0}},"msg-type":"read"}
{"time":"2026-04-29T09:49:47.026997+08:00","level":"INFO","msg":"Received response for proxied message","proxied-msg-id":6,"in-reply-to":0}
{"time":"2026-04-29T09:49:48.465549+08:00","level":"INFO","msg":"received message","type":"cas","proto-msg":null}
{"time":"2026-04-29T09:49:48.465569+08:00","level":"INFO","msg":"RECEIVED MESSAGE","msg":{"id":202,"src":"c19","dest":"n5","body":{"type":"cas","msg_id":5,"in_reply_to":null,"key":1,"from":0,"to":3}},"msg-type":"cas"}
{"time":"2026-04-29T09:49:48.465575+08:00","level":"INFO","msg":"Received response for proxied message","proxied-msg-id":5,"in-reply-to":0}
{"time":"2026-04-29T09:49:49.470376+08:00","level":"INFO","msg":"received message","type":"read","proto-msg":null}
{"time":"2026-04-29T09:49:49.470413+08:00","level":"INFO","msg":"RECEIVED MESSAGE","msg":{"id":213,"src":"c14","dest":"n5","body":{"type":"read","msg_id":7,"in_reply_to":null,"key":1}},"msg-type":"read"}
{"time":"2026-04-29T09:49:49.470447+08:00","level":"INFO","msg":"Received response for proxied message","proxied-msg-id":7,"in-reply-to":0}
{"time":"2026-04-29T09:49:50.151722+08:00","level":"INFO","msg":"received message","type":"write","proto-msg":null}
{"time":"2026-04-29T09:49:50.151739+08:00","level":"INFO","msg":"RECEIVED MESSAGE","msg":{"id":222,"src":"c19","dest":"n5","body":{"type":"write","msg_id":6,"in_reply_to":null,"key":1,"value":4}},"msg-type":"write"}
{"time":"2026-04-29T09:49:50.151746+08:00","level":"INFO","msg":"Received response for proxied message","proxied-msg-id":6,"in-reply-to":0}
{"time":"2026-04-29T09:49:55.798261+08:00","level":"INFO","msg":"received message","type":"read","proto-msg":null}
{"time":"2026-04-29T09:49:55.798282+08:00","level":"INFO","msg":"RECEIVED MESSAGE","msg":{"id":270,"src":"c14","dest":"n5","body":{"type":"read","msg_id":8,"in_reply_to":null,"key":1}},"msg-type":"read"}
{"time":"2026-04-29T09:49:55.798289+08:00","level":"INFO","msg":"Received response for proxied message","proxied-msg-id":8,"in-reply-to":0}
{"time":"2026-04-29T09:49:57.665122+08:00","level":"INFO","msg":"received message","type":"read","proto-msg":null}
{"time":"2026-04-29T09:49:57.665157+08:00","level":"INFO","msg":"RECEIVED MESSAGE","msg":{"id":290,"src":"c14","dest":"n5","body":{"type":"read","msg_id":9,"in_reply_to":null,"key":1}},"msg-type":"read"}
{"time":"2026-04-29T09:49:57.665174+08:00","level":"INFO","msg":"Received response for proxied message","proxied-msg-id":9,"in-reply-to":0}
{"time":"2026-04-29T09:50:00.409308+08:00","level":"INFO","msg":"received message","type":"read","proto-msg":null}
{"time":"2026-04-29T09:50:00.409324+08:00","level":"INFO","msg":"RECEIVED MESSAGE","msg":{"id":308,"src":"c14","dest":"n5","body":{"type":"read","msg_id":10,"in_reply_to":null,"key":1}},"msg-type":"read"}
{"time":"2026-04-29T09:50:00.40933+08:00","level":"INFO","msg":"Received response for proxied message","proxied-msg-id":10,"in-reply-to":0}
{"time":"2026-04-29T09:50:01.391973+08:00","level":"INFO","msg":"received message","type":"cas","proto-msg":null}
{"time":"2026-04-29T09:50:01.392004+08:00","level":"INFO","msg":"RECEIVED MESSAGE","msg":{"id":317,"src":"c19","dest":"n5","body":{"type":"cas","msg_id":7,"in_reply_to":null,"key":1,"from":0,"to":4}},"msg-type":"cas"}
{"time":"2026-04-29T09:50:01.392013+08:00","level":"INFO","msg":"Received response for proxied message","proxied-msg-id":7,"in-reply-to":0}
{"time":"2026-04-29T09:50:03.366634+08:00","level":"INFO","msg":"received message","type":"write","proto-msg":null}
{"time":"2026-04-29T09:50:03.366653+08:00","level":"INFO","msg":"RECEIVED MESSAGE","msg":{"id":336,"src":"c19","dest":"n5","body":{"type":"write","msg_id":8,"in_reply_to":null,"key":1,"value":4}},"msg-type":"write"}
{"time":"2026-04-29T09:50:03.366662+08:00","level":"INFO","msg":"Received response for proxied message","proxied-msg-id":8,"in-reply-to":0}
{"time":"2026-04-29T09:50:05.620678+08:00","level":"INFO","msg":"received message","type":"write","proto-msg":null}
{"time":"2026-04-29T09:50:05.620703+08:00","level":"INFO","msg":"RECEIVED MESSAGE","msg":{"id":356,"src":"c19","dest":"n5","body":{"type":"write","msg_id":9,"in_reply_to":null,"key":2,"value":3}},"msg-type":"write"}
{"time":"2026-04-29T09:50:05.620714+08:00","level":"INFO","msg":"Received response for proxied message","proxied-msg-id":9,"in-reply-to":0}
{"time":"2026-04-29T09:50:08.583341+08:00","level":"INFO","msg":"received message","type":"cas","proto-msg":null}
{"time":"2026-04-29T09:50:08.583404+08:00","level":"INFO","msg":"RECEIVED MESSAGE","msg":{"id":375,"src":"c19","dest":"n5","body":{"type":"cas","msg_id":10,"in_reply_to":null,"key":2,"from":1,"to":1}},"msg-type":"cas"}
{"time":"2026-04-29T09:50:08.583412+08:00","level":"INFO","msg":"Received response for proxied message","proxied-msg-id":10,"in-reply-to":0}
{"time":"2026-04-29T09:50:11.673522+08:00","level":"INFO","msg":"received message","type":"read","proto-msg":null}
{"time":"2026-04-29T09:50:11.673539+08:00","level":"INFO","msg":"RECEIVED MESSAGE","msg":{"id":406,"src":"c14","dest":"n5","body":{"type":"read","msg_id":11,"in_reply_to":null,"key":2}},"msg-type":"read"}
{"time":"2026-04-29T09:50:11.673549+08:00","level":"INFO","msg":"Received response for proxied message","proxied-msg-id":11,"in-reply-to":0}
{"time":"2026-04-29T09:50:14.730358+08:00","level":"INFO","msg":"received message","type":"cas","proto-msg":null}
{"time":"2026-04-29T09:50:14.730377+08:00","level":"INFO","msg":"RECEIVED MESSAGE","msg":{"id":435,"src":"c19","dest":"n5","body":{"type":"cas","msg_id":11,"in_reply_to":null,"key":2,"from":4,"to":3}},"msg-type":"cas"}
{"time":"2026-04-29T09:50:14.730383+08:00","level":"INFO","msg":"Received response for proxied message","proxied-msg-id":11,"in-reply-to":0}
{"time":"2026-04-29T09:50:19.555994+08:00","level":"INFO","msg":"received message","type":"read","proto-msg":null}
{"time":"2026-04-29T09:50:19.556012+08:00","level":"INFO","msg":"RECEIVED MESSAGE","msg":{"id":485,"src":"c14","dest":"n5","body":{"type":"read","msg_id":12,"in_reply_to":null,"key":2}},"msg-type":"read"}
{"time":"2026-04-29T09:50:19.556018+08:00","level":"INFO","msg":"Received response for proxied message","proxied-msg-id":12,"in-reply-to":0}
{"time":"2026-04-29T09:50:21.156821+08:00","level":"INFO","msg":"received message","type":"cas","proto-msg":null}
{"time":"2026-04-29T09:50:21.156842+08:00","level":"INFO","msg":"RECEIVED MESSAGE","msg":{"id":493,"src":"c19","dest":"n5","body":{"type":"cas","msg_id":12,"in_reply_to":null,"key":2,"from":1,"to":3}},"msg-type":"cas"}
{"time":"2026-04-29T09:50:21.156849+08:00","level":"INFO","msg":"Received response for proxied message","proxied-msg-id":12,"in-reply-to":0}
{"time":"2026-04-29T09:50:22.524123+08:00","level":"INFO","msg":"received message","type":"read","proto-msg":null}
{"time":"2026-04-29T09:50:22.524138+08:00","level":"INFO","msg":"RECEIVED MESSAGE","msg":{"id":504,"src":"c14","dest":"n5","body":{"type":"read","msg_id":13,"in_reply_to":null,"key":2}},"msg-type":"read"}
{"time":"2026-04-29T09:50:22.524143+08:00","level":"INFO","msg":"Received response for proxied message","proxied-msg-id":13,"in-reply-to":0}
{"time":"2026-04-29T09:50:23.723233+08:00","level":"INFO","msg":"received message","type":"cas","proto-msg":null}
{"time":"2026-04-29T09:50:23.723265+08:00","level":"INFO","msg":"RECEIVED MESSAGE","msg":{"id":513,"src":"c19","dest":"n5","body":{"type":"cas","msg_id":13,"in_reply_to":null,"key":2,"from":4,"to":3}},"msg-type":"cas"}
{"time":"2026-04-29T09:50:23.723303+08:00","level":"INFO","msg":"Received response for proxied message","proxied-msg-id":13,"in-reply-to":0}
{"time":"2026-04-29T09:50:24.950941+08:00","level":"INFO","msg":"received message","type":"read","proto-msg":null}
{"time":"2026-04-29T09:50:24.950959+08:00","level":"INFO","msg":"RECEIVED MESSAGE","msg":{"id":523,"src":"c14","dest":"n5","body":{"type":"read","msg_id":14,"in_reply_to":null,"key":2}},"msg-type":"read"}
{"time":"2026-04-29T09:50:24.950966+08:00","level":"INFO","msg":"Received response for proxied message","proxied-msg-id":14,"in-reply-to":0}
