{"time":"2026-04-29T10:04:55.384338+08:00","level":"INFO","msg":"Starting Oxia in Maelstrom mode","PWD":"/private/var/folders/lk/_y7xvjmd437b7n36wnb44gnm0000gn/T"}
{"time":"2026-04-29T10:04:55.384748+08:00","level":"INFO","msg":"Got line","line":"eyJpZCI6Miwic3JjIjoiYzIiLCJkZXN0IjoibjQiLCJib2R5Ijp7InR5cGUiOiJpbml0Iiwibm9kZV9pZCI6Im40Iiwibm9kZV9pZHMiOlsibjEiLCJuMiIsIm4zIiwibjQiLCJuNSJdLCJtc2dfaWQiOjF9fQ=="}
{"time":"2026-04-29T10:04:55.384795+08:00","level":"INFO","msg":"received message","type":"init","proto-msg":null}
{"time":"2026-04-29T10:04:55.3848+08:00","level":"INFO","msg":"Received init request","this-node":"n4","all-nodes":["n1","n2","n3","n4","n5"]}
{"time":"2026-04-29T10:04:55.413747+08:00","level":"INFO","msg":"Starting Oxia dataServer","options":{"server":{"public":{"bindAddress":"0.0.0.0:6648","auth":{},"tls":{"enabled":null}},"internal":{"bindAddress":"0.0.0.0:6649","auth":{},"tls":{"enabled":null}}},"replication":{"tls":{"enabled":null}},"storage":{"wal":{"dir":"/var/folders/lk/_y7xvjmd437b7n36wnb44gnm0000gn/T/oxia-maelstrom83026467/n4/wal","sync":true,"retention":3600000000000},"database":{"dir":"/var/folders/lk/_y7xvjmd437b7n36wnb44gnm0000gn/T/oxia-maelstrom83026467/n4/db","readCacheSizeMB":100},"notification":{"retention":3600000000000}},"scheduler":{"checksum":{"interval":300000000000}},"observability":{"metric":{"enabled":false,"bindAddress":"0.0.0.0:8080","tls":{"enabled":null}},"log":{"level":"info"}}}}
{"time":"2026-04-29T10:04:55.414356+08:00","level":"INFO","msg":"Start Grpc server","name":"internal"}
{"time":"2026-04-29T10:04:55.41468+08:00","level":"INFO","msg":"RegisterService","service-name":"replication.OxiaCoordination"}
{"time":"2026-04-29T10:04:55.414686+08:00","level":"INFO","msg":"RegisterService","service-name":"replication.OxiaLogReplication"}
{"time":"2026-04-29T10:04:55.41469+08:00","level":"INFO","msg":"RegisterService","service-name":"grpc.health.v1.Health"}
{"time":"2026-04-29T10:04:55.414743+08:00","level":"INFO","msg":"Start Grpc server","name":"public"}
{"time":"2026-04-29T10:04:55.414875+08:00","level":"INFO","msg":"RegisterService","service-name":"io.oxia.proto.v1.OxiaClient"}
{"time":"2026-04-29T10:04:55.415019+08:00","level":"INFO","msg":"RegisterService","service-name":"io.streamnative.oxia.proto.OxiaClient"}
{"time":"2026-04-29T10:04:55.434016+08:00","level":"INFO","msg":"received message","type":"shards","proto-msg":{}}
{"time":"2026-04-29T10:04:55.43407+08:00","level":"INFO","msg":"RECEIVED MESSAGE","msg":{"id":12,"src":"n1","dest":"n4","body":{"type":"shards","msg_id":15,"in_reply_to":null,"m":{"namespaces":{},"allowedAuthorities":[]},"stream_id":6}},"msg-type":"shards"}
{"time":"2026-04-29T10:04:55.434093+08:00","level":"INFO","msg":"received message","type":"health","proto-msg":null}
{"time":"2026-04-29T10:04:55.434095+08:00","level":"INFO","msg":"RECEIVED MESSAGE","msg":{"id":19,"src":"n1","dest":"n4","body":{"type":"health","msg_id":16,"in_reply_to":null,"m":{"shard":"0"}}},"msg-type":"health"}
{"time":"2026-04-29T10:04:55.436662+08:00","level":"INFO","msg":"received message","type":"term-req","proto-msg":{"namespace":"default","options":{"enable_notifications":true}}}
{"time":"2026-04-29T10:04:55.436692+08:00","level":"INFO","msg":"RECEIVED MESSAGE","msg":{"id":22,"src":"n1","dest":"n4","body":{"type":"term-req","msg_id":21,"in_reply_to":null,"m":{"namespace":"default","shard":"0","term":"0","options":{"enableNotifications":true,"keySorting":"UNKNOWN"}}}},"msg-type":"term-req"}
{"time":"2026-04-29T10:04:55.436828+08:00","level":"INFO","msg":"Received NewTerm request","component":"internal-rpc-server","req":{"namespace":"default","options":{"enable_notifications":true}},"peer":""}
{"time":"2026-04-29T10:04:55.440892+08:00","level":"INFO","msg":"received message","type":"shards","proto-msg":{"namespaces":{"default":{"assignments":[{"ShardBoundaries":{"Int32HashRange":{"max_hash_inclusive":4294967295}}}],"shard_key_router":1}},"allowed_authorities":["n2","n3","n4","n5"]}}
{"time":"2026-04-29T10:04:55.440929+08:00","level":"INFO","msg":"RECEIVED MESSAGE","msg":{"id":26,"src":"n1","dest":"n4","body":{"type":"shards","msg_id":20,"in_reply_to":null,"m":{"namespaces":{"default":{"assignments":[{"shard":"0","leader":"","int32HashRange":{"minHashInclusive":0,"maxHashInclusive":4294967295}}],"shardKeyRouter":"XXHASH3"}},"allowedAuthorities":["n2","n3","n4","n5"]},"stream_id":6}},"msg-type":"shards"}
{"time":"2026-04-29T10:04:55.440947+08:00","level":"INFO","msg":"received message","type":"health","proto-msg":null}
{"time":"2026-04-29T10:04:55.440948+08:00","level":"INFO","msg":"RECEIVED MESSAGE","msg":{"id":14,"src":"n1","dest":"n4","body":{"type":"health","msg_id":10,"in_reply_to":null,"m":{"shard":"0"}}},"msg-type":"health"}
{"time":"2026-04-29T10:04:55.477778+08:00","level":"INFO","msg":"Found 0 WALs","component":"pebble","shard":0}
{"time":"2026-04-29T10:04:55.537535+08:00","level":"INFO","msg":"Created leader controller","component":"leader-controller","namespace":"default","shard":0,"term":-1}
{"time":"2026-04-29T10:04:55.564634+08:00","level":"INFO","msg":"Leader successfully initialized in new term","component":"leader-controller","namespace":"default","shard":0,"term":0,"last-entry":{"term":-1,"offset":-1}}
{"time":"2026-04-29T10:04:55.564664+08:00","level":"INFO","msg":"New term processing completed","component":"internal-rpc-server","req":{"namespace":"default","options":{"enable_notifications":true}},"peer":"","response":{"head_entry_id":{"term":-1,"offset":-1}},"leaderTerm":0}
{"time":"2026-04-29T10:04:55.64323+08:00","level":"INFO","msg":"received message","type":"shards","proto-msg":{"namespaces":{"default":{"assignments":[{"leader":"n2","ShardBoundaries":{"Int32HashRange":{"max_hash_inclusive":4294967295}}}],"shard_key_router":1}},"allowed_authorities":["n2","n3","n4","n5"]}}
{"time":"2026-04-29T10:04:55.643253+08:00","level":"INFO","msg":"RECEIVED MESSAGE","msg":{"id":45,"src":"n1","dest":"n4","body":{"type":"shards","msg_id":28,"in_reply_to":null,"m":{"namespaces":{"default":{"assignments":[{"shard":"0","leader":"n2","int32HashRange":{"minHashInclusive":0,"maxHashInclusive":4294967295}}],"shardKeyRouter":"XXHASH3"}},"allowedAuthorities":["n2","n3","n4","n5"]},"stream_id":6}},"msg-type":"shards"}
{"time":"2026-04-29T10:04:55.643261+08:00","level":"INFO","msg":"Received notification of new leader","leader":"n2"}
{"time":"2026-04-29T10:04:55.643289+08:00","level":"INFO","msg":"received message","type":"get-status","proto-msg":{}}
{"time":"2026-04-29T10:04:55.643299+08:00","level":"INFO","msg":"RECEIVED MESSAGE","msg":{"id":47,"src":"n1","dest":"n4","body":{"type":"get-status","msg_id":30,"in_reply_to":null,"m":{"shard":"0"}}},"msg-type":"get-status"}
{"time":"2026-04-29T10:04:56.033699+08:00","level":"INFO","msg":"received message","type":"read","proto-msg":null}
{"time":"2026-04-29T10:04:56.033717+08:00","level":"INFO","msg":"RECEIVED MESSAGE","msg":{"id":60,"src":"c12","dest":"n4","body":{"type":"read","msg_id":1,"in_reply_to":null,"key":0}},"msg-type":"read"}
{"time":"2026-04-29T10:04:56.033723+08:00","level":"INFO","msg":"Received response for proxied message","proxied-msg-id":1,"in-reply-to":0}
{"time":"2026-04-29T10:04:56.033726+08:00","level":"INFO","msg":"Added new proxy msg id","proxied-msg-id":6,"msg-type":"read"}
{"time":"2026-04-29T10:04:56.059982+08:00","level":"INFO","msg":"received message","type":"error","proto-msg":null}
{"time":"2026-04-29T10:04:56.059998+08:00","level":"INFO","msg":"RECEIVED MESSAGE","msg":{"id":62,"src":"n2","dest":"n4","body":{"type":"error","msg_id":10,"in_reply_to":6,"code":20,"text":"key-does-not-exist"}},"msg-type":"error"}
{"time":"2026-04-29T10:04:56.060005+08:00","level":"INFO","msg":"Received response for proxied message","proxied-msg-id":10,"in-reply-to":6}
{"time":"2026-04-29T10:04:57.47115+08:00","level":"INFO","msg":"received message","type":"health","proto-msg":null}
{"time":"2026-04-29T10:04:57.471166+08:00","level":"INFO","msg":"RECEIVED MESSAGE","msg":{"id":87,"src":"n1","dest":"n4","body":{"type":"health","msg_id":47,"in_reply_to":null,"m":{"shard":"0"}}},"msg-type":"health"}
{"time":"2026-04-29T10:04:58.072797+08:00","level":"INFO","msg":"received message","type":"add-entry","proto-msg":{"entry":{"value":"CgwKCggAEgYKATASATI=","timestamp":1777428298062},"commit_offset":-1,"previous_entry_crc":0}}
{"time":"2026-04-29T10:04:58.072824+08:00","level":"INFO","msg":"RECEIVED MESSAGE","msg":{"id":106,"src":"n2","dest":"n4","body":{"type":"add-entry","msg_id":21,"in_reply_to":null,"m":{"term":"0","entry":{"term":"0","offset":"0","value":"CgwKCggAEgYKATASATI=","timestamp":"1777428298062"},"commitOffset":"-1","previousEntryCrc":0},"stream_id":5}},"msg-type":"add-entry"}
{"time":"2026-04-29T10:04:58.072839+08:00","level":"INFO","msg":"HandleOxiaStreamRequest","msg-type":"add-entry"}
{"time":"2026-04-29T10:04:58.072867+08:00","level":"INFO","msg":"Received Replicate request","component":"internal-rpc-server","shard":0,"namespace":"default","peer":""}
{"time":"2026-04-29T10:04:58.072876+08:00","level":"INFO","msg":"Closing leader controller","component":"leader-controller","namespace":"default","shard":0,"term":0}
{"time":"2026-04-29T10:04:58.104567+08:00","level":"INFO","msg":"Found 1 WALs","component":"pebble","shard":0}
{"time":"2026-04-29T10:04:58.10464+08:00","level":"INFO","msg":"  - 000002: {(/var/folders/lk/_y7xvjmd437b7n36wnb44gnm0000gn/T/oxia-maelstrom83026467/n4/db/default/shard-0,000)}","component":"pebble","shard":0}
{"time":"2026-04-29T10:04:58.104799+08:00","level":"INFO","msg":"[JOB 1] WAL 000002: {(/var/folders/lk/_y7xvjmd437b7n36wnb44gnm0000gn/T/oxia-maelstrom83026467/n4/db/default/shard-0,000)} stopped reading at offset: (/var/folders/lk/_y7xvjmd437b7n36wnb44gnm0000gn/T/oxia-maelstrom83026467/n4/db/default/shard-0/000002.log: 0); replayed 0 keys in 0 batches","component":"pebble","shard":0}
{"time":"2026-04-29T10:04:58.144829+08:00","level":"INFO","msg":"Created follower","component":"follower-controller","namespace":"default","shard":0,"term":0,"head-offset":-1,"commit-offset":-1}
{"time":"2026-04-29T10:04:59.47274+08:00","level":"INFO","msg":"received message","type":"health","proto-msg":null}
{"time":"2026-04-29T10:04:59.472782+08:00","level":"INFO","msg":"RECEIVED MESSAGE","msg":{"id":130,"src":"n1","dest":"n4","body":{"type":"health","msg_id":60,"in_reply_to":null,"m":{"shard":"0"}}},"msg-type":"health"}
{"time":"2026-04-29T10:05:01.189041+08:00","level":"INFO","msg":"received message","type":"add-entry","proto-msg":{"entry":{"offset":1,"value":"CgwKCggAEgYKATASATI=","timestamp":1777428301185},"previous_entry_crc":3353547970}}
{"time":"2026-04-29T10:05:01.189061+08:00","level":"INFO","msg":"RECEIVED MESSAGE","msg":{"id":165,"src":"n2","dest":"n4","body":{"type":"add-entry","msg_id":25,"in_reply_to":null,"m":{"term":"0","entry":{"term":"0","offset":"1","value":"CgwKCggAEgYKATASATI=","timestamp":"1777428301185"},"commitOffset":"0","previousEntryCrc":3353547970},"stream_id":5}},"msg-type":"add-entry"}
{"time":"2026-04-29T10:05:01.18909+08:00","level":"INFO","msg":"HandleOxiaStreamRequest","msg-type":"add-entry"}
{"time":"2026-04-29T10:05:01.460524+08:00","level":"INFO","msg":"received message","type":"health","proto-msg":null}
{"time":"2026-04-29T10:05:01.460544+08:00","level":"INFO","msg":"RECEIVED MESSAGE","msg":{"id":173,"src":"n1","dest":"n4","body":{"type":"health","msg_id":70,"in_reply_to":null,"m":{"shard":"0"}}},"msg-type":"health"}
{"time":"2026-04-29T10:05:02.128427+08:00","level":"INFO","msg":"received message","type":"add-entry","proto-msg":{"entry":{"offset":2,"value":"Cg4KDAgAEggKATASATQYAQ==","timestamp":1777428302111},"commit_offset":1,"previous_entry_crc":2464573208}}
{"time":"2026-04-29T10:05:02.128453+08:00","level":"INFO","msg":"RECEIVED MESSAGE","msg":{"id":208,"src":"n2","dest":"n4","body":{"type":"add-entry","msg_id":29,"in_reply_to":null,"m":{"term":"0","entry":{"term":"0","offset":"2","value":"Cg4KDAgAEggKATASATQYAQ==","timestamp":"1777428302111"},"commitOffset":"1","previousEntryCrc":2464573208},"stream_id":5}},"msg-type":"add-entry"}
{"time":"2026-04-29T10:05:02.128486+08:00","level":"INFO","msg":"HandleOxiaStreamRequest","msg-type":"add-entry"}
{"time":"2026-04-29T10:05:02.953783+08:00","level":"INFO","msg":"received message","type":"read","proto-msg":null}
{"time":"2026-04-29T10:05:02.953803+08:00","level":"INFO","msg":"RECEIVED MESSAGE","msg":{"id":220,"src":"c12","dest":"n4","body":{"type":"read","msg_id":2,"in_reply_to":null,"key":0}},"msg-type":"read"}
{"time":"2026-04-29T10:05:02.953809+08:00","level":"INFO","msg":"Received response for proxied message","proxied-msg-id":2,"in-reply-to":0}
{"time":"2026-04-29T10:05:02.953814+08:00","level":"INFO","msg":"Added new proxy msg id","proxied-msg-id":14,"msg-type":"read"}
{"time":"2026-04-29T10:05:02.971545+08:00","level":"INFO","msg":"received message","type":"read_ok","proto-msg":null}
{"time":"2026-04-29T10:05:02.971565+08:00","level":"INFO","msg":"RECEIVED MESSAGE","msg":{"id":222,"src":"n2","dest":"n4","body":{"type":"read_ok","msg_id":0,"in_reply_to":14,"value":4}},"msg-type":"read_ok"}
{"time":"2026-04-29T10:05:02.971571+08:00","level":"INFO","msg":"Received response for proxied message","proxied-msg-id":0,"in-reply-to":14}
{"time":"2026-04-29T10:05:03.474812+08:00","level":"INFO","msg":"received message","type":"health","proto-msg":null}
{"time":"2026-04-29T10:05:03.474843+08:00","level":"INFO","msg":"RECEIVED MESSAGE","msg":{"id":230,"src":"n1","dest":"n4","body":{"type":"health","msg_id":81,"in_reply_to":null,"m":{"shard":"0"}}},"msg-type":"health"}
{"time":"2026-04-29T10:05:04.168152+08:00","level":"INFO","msg":"received message","type":"cas","proto-msg":null}
{"time":"2026-04-29T10:05:04.168172+08:00","level":"INFO","msg":"RECEIVED MESSAGE","msg":{"id":248,"src":"c16","dest":"n4","body":{"type":"cas","msg_id":1,"in_reply_to":null,"key":0,"from":0,"to":1}},"msg-type":"cas"}
{"time":"2026-04-29T10:05:04.168183+08:00","level":"INFO","msg":"Received response for proxied message","proxied-msg-id":1,"in-reply-to":0}
{"time":"2026-04-29T10:05:04.168186+08:00","level":"INFO","msg":"Added new proxy msg id","proxied-msg-id":16,"msg-type":"cas"}
{"time":"2026-04-29T10:05:04.195609+08:00","level":"INFO","msg":"received message","type":"error","proto-msg":null}
{"time":"2026-04-29T10:05:04.195625+08:00","level":"INFO","msg":"RECEIVED MESSAGE","msg":{"id":250,"src":"n2","dest":"n4","body":{"type":"error","msg_id":31,"in_reply_to":16,"code":22,"text":"precondition-failed"}},"msg-type":"error"}
{"time":"2026-04-29T10:05:04.195629+08:00","level":"INFO","msg":"Received response for proxied message","proxied-msg-id":31,"in-reply-to":16}
{"time":"2026-04-29T10:05:05.469977+08:00","level":"INFO","msg":"received message","type":"health","proto-msg":null}
{"time":"2026-04-29T10:05:05.47+08:00","level":"INFO","msg":"RECEIVED MESSAGE","msg":{"id":272,"src":"n1","dest":"n4","body":{"type":"health","msg_id":93,"in_reply_to":null,"m":{"shard":"0"}}},"msg-type":"health"}
{"time":"2026-04-29T10:05:05.487311+08:00","level":"INFO","msg":"received message","type":"read","proto-msg":null}
{"time":"2026-04-29T10:05:05.487329+08:00","level":"INFO","msg":"RECEIVED MESSAGE","msg":{"id":278,"src":"c12","dest":"n4","body":{"type":"read","msg_id":3,"in_reply_to":null,"key":0}},"msg-type":"read"}
{"time":"2026-04-29T10:05:05.487335+08:00","level":"INFO","msg":"Received response for proxied message","proxied-msg-id":3,"in-reply-to":0}
{"time":"2026-04-29T10:05:05.487337+08:00","level":"INFO","msg":"Added new proxy msg id","proxied-msg-id":19,"msg-type":"read"}
{"time":"2026-04-29T10:05:05.500951+08:00","level":"INFO","msg":"received message","type":"read_ok","proto-msg":null}
{"time":"2026-04-29T10:05:05.500969+08:00","level":"INFO","msg":"RECEIVED MESSAGE","msg":{"id":280,"src":"n2","dest":"n4","body":{"type":"read_ok","msg_id":0,"in_reply_to":19,"value":4}},"msg-type":"read_ok"}
{"time":"2026-04-29T10:05:05.500975+08:00","level":"INFO","msg":"Received response for proxied message","proxied-msg-id":0,"in-reply-to":19}
{"time":"2026-04-29T10:05:06.070467+08:00","level":"INFO","msg":"received message","type":"add-entry","proto-msg":{"entry":{"offset":3,"value":"CgwKCggAEgYKATASATQ=","timestamp":1777428306069},"commit_offset":2,"previous_entry_crc":1503371542}}
{"time":"2026-04-29T10:05:06.070482+08:00","level":"INFO","msg":"RECEIVED MESSAGE","msg":{"id":292,"src":"n2","dest":"n4","body":{"type":"add-entry","msg_id":37,"in_reply_to":null,"m":{"term":"0","entry":{"term":"0","offset":"3","value":"CgwKCggAEgYKATASATQ=","timestamp":"1777428306069"},"commitOffset":"2","previousEntryCrc":1503371542},"stream_id":5}},"msg-type":"add-entry"}
{"time":"2026-04-29T10:05:06.070504+08:00","level":"INFO","msg":"HandleOxiaStreamRequest","msg-type":"add-entry"}
{"time":"2026-04-29T10:05:07.468855+08:00","level":"INFO","msg":"received message","type":"health","proto-msg":null}
{"time":"2026-04-29T10:05:07.468884+08:00","level":"INFO","msg":"RECEIVED MESSAGE","msg":{"id":326,"src":"n1","dest":"n4","body":{"type":"health","msg_id":105,"in_reply_to":null,"m":{"shard":"0"}}},"msg-type":"health"}
{"time":"2026-04-29T10:05:09.471377+08:00","level":"INFO","msg":"received message","type":"health","proto-msg":null}
{"time":"2026-04-29T10:05:09.471389+08:00","level":"INFO","msg":"RECEIVED MESSAGE","msg":{"id":361,"src":"n1","dest":"n4","body":{"type":"health","msg_id":115,"in_reply_to":null,"m":{"shard":"0"}}},"msg-type":"health"}
{"time":"2026-04-29T10:05:09.65962+08:00","level":"INFO","msg":"received message","type":"add-entry","proto-msg":{"entry":{"offset":4,"value":"CgwKCggAEgYKATASATE=","timestamp":1777428309656},"commit_offset":3,"previous_entry_crc":1314097377}}
{"time":"2026-04-29T10:05:09.659638+08:00","level":"INFO","msg":"RECEIVED MESSAGE","msg":{"id":377,"src":"n2","dest":"n4","body":{"type":"add-entry","msg_id":49,"in_reply_to":null,"m":{"term":"0","entry":{"term":"0","offset":"4","value":"CgwKCggAEgYKATASATE=","timestamp":"1777428309656"},"commitOffset":"3","previousEntryCrc":1314097377},"stream_id":5}},"msg-type":"add-entry"}
{"time":"2026-04-29T10:05:09.659676+08:00","level":"INFO","msg":"HandleOxiaStreamRequest","msg-type":"add-entry"}
{"time":"2026-04-29T10:05:09.755315+08:00","level":"INFO","msg":"received message","type":"read","proto-msg":null}
{"time":"2026-04-29T10:05:09.755328+08:00","level":"INFO","msg":"RECEIVED MESSAGE","msg":{"id":384,"src":"c12","dest":"n4","body":{"type":"read","msg_id":4,"in_reply_to":null,"key":0}},"msg-type":"read"}
{"time":"2026-04-29T10:05:09.755334+08:00","level":"INFO","msg":"Received response for proxied message","proxied-msg-id":4,"in-reply-to":0}
{"time":"2026-04-29T10:05:09.755337+08:00","level":"INFO","msg":"Added new proxy msg id","proxied-msg-id":24,"msg-type":"read"}
{"time":"2026-04-29T10:05:09.776251+08:00","level":"INFO","msg":"received message","type":"read_ok","proto-msg":null}
{"time":"2026-04-29T10:05:09.776271+08:00","level":"INFO","msg":"RECEIVED MESSAGE","msg":{"id":386,"src":"n2","dest":"n4","body":{"type":"read_ok","msg_id":0,"in_reply_to":24,"value":1}},"msg-type":"read_ok"}
{"time":"2026-04-29T10:05:09.776284+08:00","level":"INFO","msg":"Received response for proxied message","proxied-msg-id":0,"in-reply-to":24}
{"time":"2026-04-29T10:05:10.127099+08:00","level":"INFO","msg":"received message","type":"add-entry","proto-msg":{"entry":{"offset":5,"value":"CgwKCggAEgYKATASATQ=","timestamp":1777428310109},"commit_offset":4,"previous_entry_crc":2824764518}}
{"time":"2026-04-29T10:05:10.127116+08:00","level":"INFO","msg":"RECEIVED MESSAGE","msg":{"id":399,"src":"n2","dest":"n4","body":{"type":"add-entry","msg_id":51,"in_reply_to":null,"m":{"term":"0","entry":{"term":"0","offset":"5","value":"CgwKCggAEgYKATASATQ=","timestamp":"1777428310109"},"commitOffset":"4","previousEntryCrc":2824764518},"stream_id":5}},"msg-type":"add-entry"}
{"time":"2026-04-29T10:05:10.127142+08:00","level":"INFO","msg":"HandleOxiaStreamRequest","msg-type":"add-entry"}
{"time":"2026-04-29T10:05:10.704998+08:00","level":"INFO","msg":"received message","type":"add-entry","proto-msg":{"entry":{"offset":6,"value":"Cg4KDAgAEggKATASATEYBQ==","timestamp":1777428310692},"commit_offset":5,"previous_entry_crc":2487968885}}
{"time":"2026-04-29T10:05:10.705033+08:00","level":"INFO","msg":"RECEIVED MESSAGE","msg":{"id":415,"src":"n2","dest":"n4","body":{"type":"add-entry","msg_id":52,"in_reply_to":null,"m":{"term":"0","entry":{"term":"0","offset":"6","value":"Cg4KDAgAEggKATASATEYBQ==","timestamp":"1777428310692"},"commitOffset":"5","previousEntryCrc":2487968885},"stream_id":5}},"msg-type":"add-entry"}
{"time":"2026-04-29T10:05:10.705084+08:00","level":"INFO","msg":"HandleOxiaStreamRequest","msg-type":"add-entry"}
{"time":"2026-04-29T10:05:11.468042+08:00","level":"INFO","msg":"received message","type":"health","proto-msg":null}
{"time":"2026-04-29T10:05:11.468058+08:00","level":"INFO","msg":"RECEIVED MESSAGE","msg":{"id":439,"src":"n1","dest":"n4","body":{"type":"health","msg_id":130,"in_reply_to":null,"m":{"shard":"0"}}},"msg-type":"health"}
{"time":"2026-04-29T10:05:11.598273+08:00","level":"INFO","msg":"received message","type":"add-entry","proto-msg":{"entry":{"offset":7,"value":"CgwKCggAEgYKATASATM=","timestamp":1777428311580},"commit_offset":6,"previous_entry_crc":1015239582}}
{"time":"2026-04-29T10:05:11.598301+08:00","level":"INFO","msg":"RECEIVED MESSAGE","msg":{"id":446,"src":"n2","dest":"n4","body":{"type":"add-entry","msg_id":57,"in_reply_to":null,"m":{"term":"0","entry":{"term":"0","offset":"7","value":"CgwKCggAEgYKATASATM=","timestamp":"1777428311580"},"commitOffset":"6","previousEntryCrc":1015239582},"stream_id":5}},"msg-type":"add-entry"}
{"time":"2026-04-29T10:05:11.598337+08:00","level":"INFO","msg":"HandleOxiaStreamRequest","msg-type":"add-entry"}
{"time":"2026-04-29T10:05:11.84747+08:00","level":"INFO","msg":"received message","type":"add-entry","proto-msg":{"entry":{"offset":8,"value":"CgwKCggAEgYKATASATQ=","timestamp":1777428311832},"commit_offset":7,"previous_entry_crc":1663381420}}
{"time":"2026-04-29T10:05:11.847501+08:00","level":"INFO","msg":"RECEIVED MESSAGE","msg":{"id":455,"src":"n2","dest":"n4","body":{"type":"add-entry","msg_id":58,"in_reply_to":null,"m":{"term":"0","entry":{"term":"0","offset":"8","value":"CgwKCggAEgYKATASATQ=","timestamp":"1777428311832"},"commitOffset":"7","previousEntryCrc":1663381420},"stream_id":5}},"msg-type":"add-entry"}
{"time":"2026-04-29T10:05:11.847538+08:00","level":"INFO","msg":"HandleOxiaStreamRequest","msg-type":"add-entry"}
{"time":"2026-04-29T10:05:12.600194+08:00","level":"INFO","msg":"received message","type":"cas","proto-msg":null}
{"time":"2026-04-29T10:05:12.600223+08:00","level":"INFO","msg":"RECEIVED MESSAGE","msg":{"id":472,"src":"c16","dest":"n4","body":{"type":"cas","msg_id":2,"in_reply_to":null,"key":0,"from":0,"to":0}},"msg-type":"cas"}
{"time":"2026-04-29T10:05:12.600234+08:00","level":"INFO","msg":"Received response for proxied message","proxied-msg-id":2,"in-reply-to":0}
{"time":"2026-04-29T10:05:12.60024+08:00","level":"INFO","msg":"Added new proxy msg id","proxied-msg-id":30,"msg-type":"cas"}
{"time":"2026-04-29T10:05:12.624467+08:00","level":"INFO","msg":"received message","type":"error","proto-msg":null}
{"time":"2026-04-29T10:05:12.624488+08:00","level":"INFO","msg":"RECEIVED MESSAGE","msg":{"id":474,"src":"n2","dest":"n4","body":{"type":"error","msg_id":62,"in_reply_to":30,"code":22,"text":"precondition-failed"}},"msg-type":"error"}
{"time":"2026-04-29T10:05:12.624498+08:00","level":"INFO","msg":"Received response for proxied message","proxied-msg-id":62,"in-reply-to":30}
{"time":"2026-04-29T10:05:13.466569+08:00","level":"INFO","msg":"received message","type":"health","proto-msg":null}
{"time":"2026-04-29T10:05:13.466604+08:00","level":"INFO","msg":"RECEIVED MESSAGE","msg":{"id":491,"src":"n1","dest":"n4","body":{"type":"health","msg_id":142,"in_reply_to":null,"m":{"shard":"0"}}},"msg-type":"health"}
{"time":"2026-04-29T10:05:13.529247+08:00","level":"INFO","msg":"received message","type":"add-entry","proto-msg":{"entry":{"offset":9,"value":"CgwKCggAEgYKATASATI=","timestamp":1777428313518},"commit_offset":8,"previous_entry_crc":4072326627}}
{"time":"2026-04-29T10:05:13.529277+08:00","level":"INFO","msg":"RECEIVED MESSAGE","msg":{"id":498,"src":"n2","dest":"n4","body":{"type":"add-entry","msg_id":64,"in_reply_to":null,"m":{"term":"0","entry":{"term":"0","offset":"9","value":"CgwKCggAEgYKATASATI=","timestamp":"1777428313518"},"commitOffset":"8","previousEntryCrc":4072326627},"stream_id":5}},"msg-type":"add-entry"}
{"time":"2026-04-29T10:05:13.529316+08:00","level":"INFO","msg":"HandleOxiaStreamRequest","msg-type":"add-entry"}
{"time":"2026-04-29T10:05:13.631242+08:00","level":"INFO","msg":"received message","type":"read","proto-msg":null}
{"time":"2026-04-29T10:05:13.631276+08:00","level":"INFO","msg":"RECEIVED MESSAGE","msg":{"id":506,"src":"c12","dest":"n4","body":{"type":"read","msg_id":5,"in_reply_to":null,"key":0}},"msg-type":"read"}
{"time":"2026-04-29T10:05:13.631286+08:00","level":"INFO","msg":"Received response for proxied message","proxied-msg-id":5,"in-reply-to":0}
{"time":"2026-04-29T10:05:13.631289+08:00","level":"INFO","msg":"Added new proxy msg id","proxied-msg-id":34,"msg-type":"read"}
{"time":"2026-04-29T10:05:13.667397+08:00","level":"INFO","msg":"received message","type":"read_ok","proto-msg":null}
{"time":"2026-04-29T10:05:13.667415+08:00","level":"INFO","msg":"RECEIVED MESSAGE","msg":{"id":509,"src":"n2","dest":"n4","body":{"type":"read_ok","msg_id":0,"in_reply_to":34,"value":2}},"msg-type":"read_ok"}
{"time":"2026-04-29T10:05:13.66744+08:00","level":"INFO","msg":"Received response for proxied message","proxied-msg-id":0,"in-reply-to":34}
{"time":"2026-04-29T10:05:14.279263+08:00","level":"INFO","msg":"received message","type":"add-entry","proto-msg":{"entry":{"offset":10,"value":"CgwKCggAEgYKATASATE=","timestamp":1777428314264},"commit_offset":9,"previous_entry_crc":3814200447}}
{"time":"2026-04-29T10:05:14.279288+08:00","level":"INFO","msg":"RECEIVED MESSAGE","msg":{"id":518,"src":"n2","dest":"n4","body":{"type":"add-entry","msg_id":68,"in_reply_to":null,"m":{"term":"0","entry":{"term":"0","offset":"10","value":"CgwKCggAEgYKATASATE=","timestamp":"1777428314264"},"commitOffset":"9","previousEntryCrc":3814200447},"stream_id":5}},"msg-type":"add-entry"}
{"time":"2026-04-29T10:05:14.279318+08:00","level":"INFO","msg":"HandleOxiaStreamRequest","msg-type":"add-entry"}
{"time":"2026-04-29T10:05:14.418278+08:00","level":"INFO","msg":"received message","type":"add-entry","proto-msg":{"entry":{"offset":11,"value":"CgwKCggAEgYKATASATI=","timestamp":1777428314413},"commit_offset":10,"previous_entry_crc":3323982959}}
{"time":"2026-04-29T10:05:14.418298+08:00","level":"INFO","msg":"RECEIVED MESSAGE","msg":{"id":525,"src":"n2","dest":"n4","body":{"type":"add-entry","msg_id":70,"in_reply_to":null,"m":{"term":"0","entry":{"term":"0","offset":"11","value":"CgwKCggAEgYKATASATI=","timestamp":"1777428314413"},"commitOffset":"10","previousEntryCrc":3323982959},"stream_id":5}},"msg-type":"add-entry"}
{"time":"2026-04-29T10:05:14.418331+08:00","level":"INFO","msg":"HandleOxiaStreamRequest","msg-type":"add-entry"}
{"time":"2026-04-29T10:05:14.996278+08:00","level":"INFO","msg":"received message","type":"cas","proto-msg":null}
{"time":"2026-04-29T10:05:14.996312+08:00","level":"INFO","msg":"RECEIVED MESSAGE","msg":{"id":534,"src":"c16","dest":"n4","body":{"type":"cas","msg_id":3,"in_reply_to":null,"key":0,"from":4,"to":0}},"msg-type":"cas"}
{"time":"2026-04-29T10:05:14.996322+08:00","level":"INFO","msg":"Received response for proxied message","proxied-msg-id":3,"in-reply-to":0}
{"time":"2026-04-29T10:05:14.996327+08:00","level":"INFO","msg":"Added new proxy msg id","proxied-msg-id":37,"msg-type":"cas"}
{"time":"2026-04-29T10:05:15.027549+08:00","level":"INFO","msg":"received message","type":"error","proto-msg":null}
{"time":"2026-04-29T10:05:15.027579+08:00","level":"INFO","msg":"RECEIVED MESSAGE","msg":{"id":536,"src":"n2","dest":"n4","body":{"type":"error","msg_id":72,"in_reply_to":37,"code":22,"text":"precondition-failed"}},"msg-type":"error"}
{"time":"2026-04-29T10:05:15.027589+08:00","level":"INFO","msg":"Received response for proxied message","proxied-msg-id":72,"in-reply-to":37}
{"time":"2026-04-29T10:05:15.464704+08:00","level":"INFO","msg":"received message","type":"health","proto-msg":null}
{"time":"2026-04-29T10:05:15.464735+08:00","level":"INFO","msg":"RECEIVED MESSAGE","msg":{"id":548,"src":"n1","dest":"n4","body":{"type":"health","msg_id":155,"in_reply_to":null,"m":{"shard":"0"}}},"msg-type":"health"}
{"time":"2026-04-29T10:05:16.543522+08:00","level":"INFO","msg":"received message","type":"add-entry","proto-msg":{"entry":{"offset":12,"value":"CgwKCggAEgYKATASATQ=","timestamp":1777428316527},"commit_offset":11,"previous_entry_crc":2668156625}}
{"time":"2026-04-29T10:05:16.543559+08:00","level":"INFO","msg":"RECEIVED MESSAGE","msg":{"id":567,"src":"n2","dest":"n4","body":{"type":"add-entry","msg_id":75,"in_reply_to":null,"m":{"term":"0","entry":{"term":"0","offset":"12","value":"CgwKCggAEgYKATASATQ=","timestamp":"1777428316527"},"commitOffset":"11","previousEntryCrc":2668156625},"stream_id":5}},"msg-type":"add-entry"}
{"time":"2026-04-29T10:05:16.54361+08:00","level":"INFO","msg":"HandleOxiaStreamRequest","msg-type":"add-entry"}
{"time":"2026-04-29T10:05:17.475341+08:00","level":"INFO","msg":"received message","type":"health","proto-msg":null}
{"time":"2026-04-29T10:05:17.475359+08:00","level":"INFO","msg":"RECEIVED MESSAGE","msg":{"id":593,"src":"n1","dest":"n4","body":{"type":"health","msg_id":167,"in_reply_to":null,"m":{"shard":"0"}}},"msg-type":"health"}
{"time":"2026-04-29T10:05:17.695471+08:00","level":"INFO","msg":"received message","type":"add-entry","proto-msg":{"entry":{"offset":13,"value":"CgwKCggAEgYKATASATA=","timestamp":1777428317691},"commit_offset":12,"previous_entry_crc":664347520}}
{"time":"2026-04-29T10:05:17.695506+08:00","level":"INFO","msg":"RECEIVED MESSAGE","msg":{"id":605,"src":"n2","dest":"n4","body":{"type":"add-entry","msg_id":82,"in_reply_to":null,"m":{"term":"0","entry":{"term":"0","offset":"13","value":"CgwKCggAEgYKATASATA=","timestamp":"1777428317691"},"commitOffset":"12","previousEntryCrc":664347520},"stream_id":5}},"msg-type":"add-entry"}
{"time":"2026-04-29T10:05:17.695558+08:00","level":"INFO","msg":"HandleOxiaStreamRequest","msg-type":"add-entry"}
{"time":"2026-04-29T10:05:18.06932+08:00","level":"INFO","msg":"received message","type":"add-entry","proto-msg":{"entry":{"offset":14,"value":"Cg4KDAgAEggKATASATQYDQ==","timestamp":1777428318068},"commit_offset":13,"previous_entry_crc":1414929941}}
{"time":"2026-04-29T10:05:18.069352+08:00","level":"INFO","msg":"RECEIVED MESSAGE","msg":{"id":613,"src":"n2","dest":"n4","body":{"type":"add-entry","msg_id":84,"in_reply_to":null,"m":{"term":"0","entry":{"term":"0","offset":"14","value":"Cg4KDAgAEggKATASATQYDQ==","timestamp":"1777428318068"},"commitOffset":"13","previousEntryCrc":1414929941},"stream_id":5}},"msg-type":"add-entry"}
{"time":"2026-04-29T10:05:18.069378+08:00","level":"INFO","msg":"HandleOxiaStreamRequest","msg-type":"add-entry"}
{"time":"2026-04-29T10:05:18.524688+08:00","level":"INFO","msg":"received message","type":"add-entry","proto-msg":{"entry":{"offset":15,"value":"Cg4KDAgAEggKATASATEYDg==","timestamp":1777428318517},"commit_offset":14,"previous_entry_crc":1179704883}}
{"time":"2026-04-29T10:05:18.52472+08:00","level":"INFO","msg":"RECEIVED MESSAGE","msg":{"id":624,"src":"n2","dest":"n4","body":{"type":"add-entry","msg_id":86,"in_reply_to":null,"m":{"term":"0","entry":{"term":"0","offset":"15","value":"Cg4KDAgAEggKATASATEYDg==","timestamp":"1777428318517"},"commitOffset":"14","previousEntryCrc":1179704883},"stream_id":5}},"msg-type":"add-entry"}
{"time":"2026-04-29T10:05:18.524753+08:00","level":"INFO","msg":"HandleOxiaStreamRequest","msg-type":"add-entry"}
{"time":"2026-04-29T10:05:18.902577+08:00","level":"INFO","msg":"received message","type":"read","proto-msg":null}
{"time":"2026-04-29T10:05:18.90263+08:00","level":"INFO","msg":"RECEIVED MESSAGE","msg":{"id":630,"src":"c12","dest":"n4","body":{"type":"read","msg_id":6,"in_reply_to":null,"key":0}},"msg-type":"read"}
{"time":"2026-04-29T10:05:18.902646+08:00","level":"INFO","msg":"Received response for proxied message","proxied-msg-id":6,"in-reply-to":0}
{"time":"2026-04-29T10:05:18.90266+08:00","level":"INFO","msg":"Added new proxy msg id","proxied-msg-id":45,"msg-type":"read"}
{"time":"2026-04-29T10:05:18.921665+08:00","level":"INFO","msg":"received message","type":"read_ok","proto-msg":null}
{"time":"2026-04-29T10:05:18.921683+08:00","level":"INFO","msg":"RECEIVED MESSAGE","msg":{"id":632,"src":"n2","dest":"n4","body":{"type":"read_ok","msg_id":0,"in_reply_to":45,"value":1}},"msg-type":"read_ok"}
{"time":"2026-04-29T10:05:18.921689+08:00","level":"INFO","msg":"Received response for proxied message","proxied-msg-id":0,"in-reply-to":45}
{"time":"2026-04-29T10:05:19.476164+08:00","level":"INFO","msg":"received message","type":"health","proto-msg":null}
{"time":"2026-04-29T10:05:19.476178+08:00","level":"INFO","msg":"RECEIVED MESSAGE","msg":{"id":652,"src":"n1","dest":"n4","body":{"type":"health","msg_id":179,"in_reply_to":null,"m":{"shard":"0"}}},"msg-type":"health"}
{"time":"2026-04-29T10:05:19.611926+08:00","level":"INFO","msg":"received message","type":"cas","proto-msg":null}
{"time":"2026-04-29T10:05:19.611946+08:00","level":"INFO","msg":"RECEIVED MESSAGE","msg":{"id":658,"src":"c16","dest":"n4","body":{"type":"cas","msg_id":4,"in_reply_to":null,"key":0,"from":1,"to":0}},"msg-type":"cas"}
{"time":"2026-04-29T10:05:19.611952+08:00","level":"INFO","msg":"Received response for proxied message","proxied-msg-id":4,"in-reply-to":0}
{"time":"2026-04-29T10:05:19.611954+08:00","level":"INFO","msg":"Added new proxy msg id","proxied-msg-id":47,"msg-type":"cas"}
{"time":"2026-04-29T10:05:19.627559+08:00","level":"INFO","msg":"received message","type":"add-entry","proto-msg":{"entry":{"offset":16,"value":"Cg4KDAgAEggKATASATAYDw==","timestamp":1777428319622},"commit_offset":15,"previous_entry_crc":2721803890}}
{"time":"2026-04-29T10:05:19.627571+08:00","level":"INFO","msg":"RECEIVED MESSAGE","msg":{"id":660,"src":"n2","dest":"n4","body":{"type":"add-entry","msg_id":91,"in_reply_to":null,"m":{"term":"0","entry":{"term":"0","offset":"16","value":"Cg4KDAgAEggKATASATAYDw==","timestamp":"1777428319622"},"commitOffset":"15","previousEntryCrc":2721803890},"stream_id":5}},"msg-type":"add-entry"}
{"time":"2026-04-29T10:05:19.627592+08:00","level":"INFO","msg":"HandleOxiaStreamRequest","msg-type":"add-entry"}
{"time":"2026-04-29T10:05:19.641146+08:00","level":"INFO","msg":"received message","type":"cas_ok","proto-msg":null}
{"time":"2026-04-29T10:05:19.641168+08:00","level":"INFO","msg":"RECEIVED MESSAGE","msg":{"id":664,"src":"n2","dest":"n4","body":{"type":"cas_ok","msg_id":0,"in_reply_to":47}},"msg-type":"cas_ok"}
{"time":"2026-04-29T10:05:19.64118+08:00","level":"INFO","msg":"Received response for proxied message","proxied-msg-id":0,"in-reply-to":47}
{"time":"2026-04-29T10:05:19.691936+08:00","level":"INFO","msg":"received message","type":"add-entry","proto-msg":{"entry":{"offset":17,"value":"CgwKCggAEgYKATASATE=","timestamp":1777428319678},"commit_offset":16,"previous_entry_crc":2492144959}}
{"time":"2026-04-29T10:05:19.691959+08:00","level":"INFO","msg":"RECEIVED MESSAGE","msg":{"id":668,"src":"n2","dest":"n4","body":{"type":"add-entry","msg_id":93,"in_reply_to":null,"m":{"term":"0","entry":{"term":"0","offset":"17","value":"CgwKCggAEgYKATASATE=","timestamp":"1777428319678"},"commitOffset":"16","previousEntryCrc":2492144959},"stream_id":5}},"msg-type":"add-entry"}
{"time":"2026-04-29T10:05:19.691984+08:00","level":"INFO","msg":"HandleOxiaStreamRequest","msg-type":"add-entry"}
{"time":"2026-04-29T10:05:19.990293+08:00","level":"INFO","msg":"received message","type":"add-entry","proto-msg":{"entry":{"offset":18,"value":"Cg4KDAgAEggKATASATIYEQ==","timestamp":1777428319986},"commit_offset":17,"previous_entry_crc":948854624}}
{"time":"2026-04-29T10:05:19.990319+08:00","level":"INFO","msg":"RECEIVED MESSAGE","msg":{"id":677,"src":"n2","dest":"n4","body":{"type":"add-entry","msg_id":95,"in_reply_to":null,"m":{"term":"0","entry":{"term":"0","offset":"18","value":"Cg4KDAgAEggKATASATIYEQ==","timestamp":"1777428319986"},"commitOffset":"17","previousEntryCrc":948854624},"stream_id":5}},"msg-type":"add-entry"}
{"time":"2026-04-29T10:05:19.990379+08:00","level":"INFO","msg":"HandleOxiaStreamRequest","msg-type":"add-entry"}
{"time":"2026-04-29T10:05:20.054722+08:00","level":"INFO","msg":"received message","type":"add-entry","proto-msg":{"entry":{"offset":19,"value":"Cg4KDAgAEggKATASATQYEg==","timestamp":1777428320050},"commit_offset":18,"previous_entry_crc":317459756}}
{"time":"2026-04-29T10:05:20.054747+08:00","level":"INFO","msg":"RECEIVED MESSAGE","msg":{"id":684,"src":"n2","dest":"n4","body":{"type":"add-entry","msg_id":97,"in_reply_to":null,"m":{"term":"0","entry":{"term":"0","offset":"19","value":"Cg4KDAgAEggKATASATQYEg==","timestamp":"1777428320050"},"commitOffset":"18","previousEntryCrc":317459756},"stream_id":5}},"msg-type":"add-entry"}
{"time":"2026-04-29T10:05:20.05488+08:00","level":"INFO","msg":"HandleOxiaStreamRequest","msg-type":"add-entry"}
{"time":"2026-04-29T10:05:20.55978+08:00","level":"INFO","msg":"received message","type":"add-entry","proto-msg":{"entry":{"offset":20,"value":"CgwKCggAEgYKATASATE=","timestamp":1777428320546},"commit_offset":19,"previous_entry_crc":3055807943}}
{"time":"2026-04-29T10:05:20.559795+08:00","level":"INFO","msg":"RECEIVED MESSAGE","msg":{"id":697,"src":"n2","dest":"n4","body":{"type":"add-entry","msg_id":100,"in_reply_to":null,"m":{"term":"0","entry":{"term":"0","offset":"20","value":"CgwKCggAEgYKATASATE=","timestamp":"1777428320546"},"commitOffset":"19","previousEntryCrc":3055807943},"stream_id":5}},"msg-type":"add-entry"}
{"time":"2026-04-29T10:05:20.559823+08:00","level":"INFO","msg":"HandleOxiaStreamRequest","msg-type":"add-entry"}
{"time":"2026-04-29T10:05:20.780285+08:00","level":"INFO","msg":"received message","type":"add-entry","proto-msg":{"entry":{"offset":21,"value":"CgwKCggAEgYKATASATA=","timestamp":1777428320773},"commit_offset":20,"previous_entry_crc":3449235948}}
{"time":"2026-04-29T10:05:20.780302+08:00","level":"INFO","msg":"RECEIVED MESSAGE","msg":{"id":705,"src":"n2","dest":"n4","body":{"type":"add-entry","msg_id":102,"in_reply_to":null,"m":{"term":"0","entry":{"term":"0","offset":"21","value":"CgwKCggAEgYKATASATA=","timestamp":"1777428320773"},"commitOffset":"20","previousEntryCrc":3449235948},"stream_id":5}},"msg-type":"add-entry"}
{"time":"2026-04-29T10:05:20.780326+08:00","level":"INFO","msg":"received message","type":"add-entry","proto-msg":{"entry":{"offset":22,"value":"CgwKCggAEgYKATASATE=","timestamp":1777428320773},"commit_offset":20,"previous_entry_crc":1734194764}}
{"time":"2026-04-29T10:05:20.780329+08:00","level":"INFO","msg":"RECEIVED MESSAGE","msg":{"id":708,"src":"n2","dest":"n4","body":{"type":"add-entry","msg_id":105,"in_reply_to":null,"m":{"term":"0","entry":{"term":"0","offset":"22","value":"CgwKCggAEgYKATASATE=","timestamp":"1777428320773"},"commitOffset":"20","previousEntryCrc":1734194764},"stream_id":5}},"msg-type":"add-entry"}
{"time":"2026-04-29T10:05:20.780327+08:00","level":"INFO","msg":"HandleOxiaStreamRequest","msg-type":"add-entry"}
{"time":"2026-04-29T10:05:20.780343+08:00","level":"INFO","msg":"HandleOxiaStreamRequest","msg-type":"add-entry"}
{"time":"2026-04-29T10:05:21.311033+08:00","level":"INFO","msg":"received message","type":"cas","proto-msg":null}
{"time":"2026-04-29T10:05:21.311052+08:00","level":"INFO","msg":"RECEIVED MESSAGE","msg":{"id":726,"src":"c16","dest":"n4","body":{"type":"cas","msg_id":5,"in_reply_to":null,"key":0,"from":2,"to":0}},"msg-type":"cas"}
{"time":"2026-04-29T10:05:21.311059+08:00","level":"INFO","msg":"Received response for proxied message","proxied-msg-id":5,"in-reply-to":0}
{"time":"2026-04-29T10:05:21.311064+08:00","level":"INFO","msg":"Added new proxy msg id","proxied-msg-id":55,"msg-type":"cas"}
{"time":"2026-04-29T10:05:21.341485+08:00","level":"INFO","msg":"received message","type":"error","proto-msg":null}
{"time":"2026-04-29T10:05:21.341504+08:00","level":"INFO","msg":"RECEIVED MESSAGE","msg":{"id":729,"src":"n2","dest":"n4","body":{"type":"error","msg_id":106,"in_reply_to":55,"code":22,"text":"precondition-failed"}},"msg-type":"error"}
{"time":"2026-04-29T10:05:21.34151+08:00","level":"INFO","msg":"Received response for proxied message","proxied-msg-id":106,"in-reply-to":55}
{"time":"2026-04-29T10:05:21.459917+08:00","level":"INFO","msg":"received message","type":"health","proto-msg":null}
{"time":"2026-04-29T10:05:21.459935+08:00","level":"INFO","msg":"RECEIVED MESSAGE","msg":{"id":739,"src":"n1","dest":"n4","body":{"type":"health","msg_id":193,"in_reply_to":null,"m":{"shard":"0"}}},"msg-type":"health"}
{"time":"2026-04-29T10:05:21.962574+08:00","level":"INFO","msg":"received message","type":"add-entry","proto-msg":{"entry":{"offset":23,"value":"CgwKCggAEgYKATASATI=","timestamp":1777428321952},"commit_offset":22,"previous_entry_crc":2397380737}}
{"time":"2026-04-29T10:05:21.962604+08:00","level":"INFO","msg":"RECEIVED MESSAGE","msg":{"id":751,"src":"n2","dest":"n4","body":{"type":"add-entry","msg_id":109,"in_reply_to":null,"m":{"term":"0","entry":{"term":"0","offset":"23","value":"CgwKCggAEgYKATASATI=","timestamp":"1777428321952"},"commitOffset":"22","previousEntryCrc":2397380737},"stream_id":5}},"msg-type":"add-entry"}
{"time":"2026-04-29T10:05:21.962654+08:00","level":"INFO","msg":"HandleOxiaStreamRequest","msg-type":"add-entry"}
{"time":"2026-04-29T10:05:22.509285+08:00","level":"INFO","msg":"received message","type":"add-entry","proto-msg":{"entry":{"offset":24,"value":"Cg4KDAgAEggKATASATIYFw==","timestamp":1777428322499},"commit_offset":23,"previous_entry_crc":660393245}}
{"time":"2026-04-29T10:05:22.509303+08:00","level":"INFO","msg":"RECEIVED MESSAGE","msg":{"id":765,"src":"n2","dest":"n4","body":{"type":"add-entry","msg_id":111,"in_reply_to":null,"m":{"term":"0","entry":{"term":"0","offset":"24","value":"Cg4KDAgAEggKATASATIYFw==","timestamp":"1777428322499"},"commitOffset":"23","previousEntryCrc":660393245},"stream_id":5}},"msg-type":"add-entry"}
{"time":"2026-04-29T10:05:22.509338+08:00","level":"INFO","msg":"HandleOxiaStreamRequest","msg-type":"add-entry"}
{"time":"2026-04-29T10:05:23.469358+08:00","level":"INFO","msg":"received message","type":"health","proto-msg":null}
{"time":"2026-04-29T10:05:23.469372+08:00","level":"INFO","msg":"RECEIVED MESSAGE","msg":{"id":785,"src":"n1","dest":"n4","body":{"type":"health","msg_id":205,"in_reply_to":null,"m":{"shard":"0"}}},"msg-type":"health"}
{"time":"2026-04-29T10:05:23.528991+08:00","level":"INFO","msg":"received message","type":"add-entry","proto-msg":{"entry":{"offset":25,"value":"CgwKCggAEgYKATASATA=","timestamp":1777428323527},"commit_offset":24,"previous_entry_crc":3697501212}}
{"time":"2026-04-29T10:05:23.529006+08:00","level":"INFO","msg":"RECEIVED MESSAGE","msg":{"id":792,"src":"n2","dest":"n4","body":{"type":"add-entry","msg_id":116,"in_reply_to":null,"m":{"term":"0","entry":{"term":"0","offset":"25","value":"CgwKCggAEgYKATASATA=","timestamp":"1777428323527"},"commitOffset":"24","previousEntryCrc":3697501212},"stream_id":5}},"msg-type":"add-entry"}
{"time":"2026-04-29T10:05:23.529033+08:00","level":"INFO","msg":"HandleOxiaStreamRequest","msg-type":"add-entry"}
{"time":"2026-04-29T10:05:23.709118+08:00","level":"INFO","msg":"received message","type":"cas","proto-msg":null}
{"time":"2026-04-29T10:05:23.709137+08:00","level":"INFO","msg":"RECEIVED MESSAGE","msg":{"id":798,"src":"c16","dest":"n4","body":{"type":"cas","msg_id":6,"in_reply_to":null,"key":0,"from":4,"to":2}},"msg-type":"cas"}
{"time":"2026-04-29T10:05:23.709143+08:00","level":"INFO","msg":"Received response for proxied message","proxied-msg-id":6,"in-reply-to":0}
{"time":"2026-04-29T10:05:23.709145+08:00","level":"INFO","msg":"Added new proxy msg id","proxied-msg-id":62,"msg-type":"cas"}
{"time":"2026-04-29T10:05:23.730427+08:00","level":"INFO","msg":"received message","type":"error","proto-msg":null}
{"time":"2026-04-29T10:05:23.730446+08:00","level":"INFO","msg":"RECEIVED MESSAGE","msg":{"id":800,"src":"n2","dest":"n4","body":{"type":"error","msg_id":117,"in_reply_to":62,"code":22,"text":"precondition-failed"}},"msg-type":"error"}
{"time":"2026-04-29T10:05:23.730452+08:00","level":"INFO","msg":"Received response for proxied message","proxied-msg-id":117,"in-reply-to":62}
{"time":"2026-04-29T10:05:25.19383+08:00","level":"INFO","msg":"received message","type":"add-entry","proto-msg":{"entry":{"offset":26,"value":"CgwKCggAEgYKATASATI=","timestamp":1777428325181},"commit_offset":25,"previous_entry_crc":801240030}}
{"time":"2026-04-29T10:05:25.19386+08:00","level":"INFO","msg":"RECEIVED MESSAGE","msg":{"id":819,"src":"n2","dest":"n4","body":{"type":"add-entry","msg_id":119,"in_reply_to":null,"m":{"term":"0","entry":{"term":"0","offset":"26","value":"CgwKCggAEgYKATASATI=","timestamp":"1777428325181"},"commitOffset":"25","previousEntryCrc":801240030},"stream_id":5}},"msg-type":"add-entry"}
{"time":"2026-04-29T10:05:25.193927+08:00","level":"INFO","msg":"HandleOxiaStreamRequest","msg-type":"add-entry"}
{"time":"2026-04-29T10:05:25.348009+08:00","level":"INFO","msg":"received message","type":"read","proto-msg":null}
{"time":"2026-04-29T10:05:25.34804+08:00","level":"INFO","msg":"RECEIVED MESSAGE","msg":{"id":824,"src":"c12","dest":"n4","body":{"type":"read","msg_id":7,"in_reply_to":null,"key":0}},"msg-type":"read"}
{"time":"2026-04-29T10:05:25.348049+08:00","level":"INFO","msg":"Received response for proxied message","proxied-msg-id":7,"in-reply-to":0}
{"time":"2026-04-29T10:05:25.348055+08:00","level":"INFO","msg":"Added new proxy msg id","proxied-msg-id":65,"msg-type":"read"}
{"time":"2026-04-29T10:05:25.374395+08:00","level":"INFO","msg":"received message","type":"read_ok","proto-msg":null}
{"time":"2026-04-29T10:05:25.37442+08:00","level":"INFO","msg":"RECEIVED MESSAGE","msg":{"id":826,"src":"n2","dest":"n4","body":{"type":"read_ok","msg_id":0,"in_reply_to":65,"value":2}},"msg-type":"read_ok"}
{"time":"2026-04-29T10:05:25.374427+08:00","level":"INFO","msg":"Received response for proxied message","proxied-msg-id":0,"in-reply-to":65}
{"time":"2026-04-29T10:05:25.457329+08:00","level":"INFO","msg":"received message","type":"health","proto-msg":null}
{"time":"2026-04-29T10:05:25.457341+08:00","level":"INFO","msg":"RECEIVED MESSAGE","msg":{"id":831,"src":"n1","dest":"n4","body":{"type":"health","msg_id":214,"in_reply_to":null,"m":{"shard":"0"}}},"msg-type":"health"}
{"time":"2026-04-29T10:05:26.702596+08:00","level":"INFO","msg":"received message","type":"add-entry","proto-msg":{"entry":{"offset":27,"value":"Cg4KDAgAEggKATASATMYGg==","timestamp":1777428326687},"commit_offset":26,"previous_entry_crc":1772179595}}
{"time":"2026-04-29T10:05:26.702637+08:00","level":"INFO","msg":"RECEIVED MESSAGE","msg":{"id":860,"src":"n2","dest":"n4","body":{"type":"add-entry","msg_id":125,"in_reply_to":null,"m":{"term":"0","entry":{"term":"0","offset":"27","value":"Cg4KDAgAEggKATASATMYGg==","timestamp":"1777428326687"},"commitOffset":"26","previousEntryCrc":1772179595},"stream_id":5}},"msg-type":"add-entry"}
{"time":"2026-04-29T10:05:26.702675+08:00","level":"INFO","msg":"HandleOxiaStreamRequest","msg-type":"add-entry"}
{"time":"2026-04-29T10:05:27.454163+08:00","level":"INFO","msg":"received message","type":"add-entry","proto-msg":{"entry":{"offset":28,"value":"CgwKCggAEgYKATASATA=","timestamp":1777428327449},"commit_offset":27,"previous_entry_crc":522671350}}
{"time":"2026-04-29T10:05:27.454191+08:00","level":"INFO","msg":"RECEIVED MESSAGE","msg":{"id":881,"src":"n2","dest":"n4","body":{"type":"add-entry","msg_id":128,"in_reply_to":null,"m":{"term":"0","entry":{"term":"0","offset":"28","value":"CgwKCggAEgYKATASATA=","timestamp":"1777428327449"},"commitOffset":"27","previousEntryCrc":522671350},"stream_id":5}},"msg-type":"add-entry"}
{"time":"2026-04-29T10:05:27.454234+08:00","level":"INFO","msg":"HandleOxiaStreamRequest","msg-type":"add-entry"}
{"time":"2026-04-29T10:05:27.456577+08:00","level":"INFO","msg":"received message","type":"health","proto-msg":null}
{"time":"2026-04-29T10:05:27.456589+08:00","level":"INFO","msg":"RECEIVED MESSAGE","msg":{"id":883,"src":"n1","dest":"n4","body":{"type":"health","msg_id":224,"in_reply_to":null,"m":{"shard":"0"}}},"msg-type":"health"}
{"time":"2026-04-29T10:05:28.001979+08:00","level":"INFO","msg":"received message","type":"add-entry","proto-msg":{"entry":{"offset":29,"value":"CgwKCggAEgYKATASATQ=","timestamp":1777428327998},"commit_offset":28,"previous_entry_crc":3035371750}}
{"time":"2026-04-29T10:05:28.002008+08:00","level":"INFO","msg":"RECEIVED MESSAGE","msg":{"id":902,"src":"n2","dest":"n4","body":{"type":"add-entry","msg_id":131,"in_reply_to":null,"m":{"term":"0","entry":{"term":"0","offset":"29","value":"CgwKCggAEgYKATASATQ=","timestamp":"1777428327998"},"commitOffset":"28","previousEntryCrc":3035371750},"stream_id":5}},"msg-type":"add-entry"}
{"time":"2026-04-29T10:05:28.002058+08:00","level":"INFO","msg":"HandleOxiaStreamRequest","msg-type":"add-entry"}
{"time":"2026-04-29T10:05:28.209235+08:00","level":"INFO","msg":"received message","type":"add-entry","proto-msg":{"entry":{"offset":30,"value":"CgwKCggAEgYKATASATQ=","timestamp":1777428328201},"commit_offset":29,"previous_entry_crc":2641171100}}
{"time":"2026-04-29T10:05:28.209253+08:00","level":"INFO","msg":"RECEIVED MESSAGE","msg":{"id":909,"src":"n2","dest":"n4","body":{"type":"add-entry","msg_id":133,"in_reply_to":null,"m":{"term":"0","entry":{"term":"0","offset":"30","value":"CgwKCggAEgYKATASATQ=","timestamp":"1777428328201"},"commitOffset":"29","previousEntryCrc":2641171100},"stream_id":5}},"msg-type":"add-entry"}
{"time":"2026-04-29T10:05:28.209282+08:00","level":"INFO","msg":"HandleOxiaStreamRequest","msg-type":"add-entry"}
{"time":"2026-04-29T10:05:28.818506+08:00","level":"INFO","msg":"received message","type":"add-entry","proto-msg":{"entry":{"offset":31,"value":"CgwKCggAEgYKATASATE=","timestamp":1777428328810},"commit_offset":30,"previous_entry_crc":1679987279}}
{"time":"2026-04-29T10:05:28.818544+08:00","level":"INFO","msg":"RECEIVED MESSAGE","msg":{"id":928,"src":"n2","dest":"n4","body":{"type":"add-entry","msg_id":135,"in_reply_to":null,"m":{"term":"0","entry":{"term":"0","offset":"31","value":"CgwKCggAEgYKATASATE=","timestamp":"1777428328810"},"commitOffset":"30","previousEntryCrc":1679987279},"stream_id":5}},"msg-type":"add-entry"}
{"time":"2026-04-29T10:05:28.81859+08:00","level":"INFO","msg":"HandleOxiaStreamRequest","msg-type":"add-entry"}
{"time":"2026-04-29T10:05:29.45354+08:00","level":"INFO","msg":"received message","type":"health","proto-msg":null}
{"time":"2026-04-29T10:05:29.453552+08:00","level":"INFO","msg":"RECEIVED MESSAGE","msg":{"id":944,"src":"n1","dest":"n4","body":{"type":"health","msg_id":236,"in_reply_to":null,"m":{"shard":"0"}}},"msg-type":"health"}
{"time":"2026-04-29T10:05:29.614006+08:00","level":"INFO","msg":"received message","type":"add-entry","proto-msg":{"entry":{"offset":32,"value":"CgwKCggAEgYKATASATI=","timestamp":1777428329605},"commit_offset":31,"previous_entry_crc":1618588071}}
{"time":"2026-04-29T10:05:29.614043+08:00","level":"INFO","msg":"RECEIVED MESSAGE","msg":{"id":953,"src":"n2","dest":"n4","body":{"type":"add-entry","msg_id":139,"in_reply_to":null,"m":{"term":"0","entry":{"term":"0","offset":"32","value":"CgwKCggAEgYKATASATI=","timestamp":"1777428329605"},"commitOffset":"31","previousEntryCrc":1618588071},"stream_id":5}},"msg-type":"add-entry"}
{"time":"2026-04-29T10:05:29.614066+08:00","level":"INFO","msg":"HandleOxiaStreamRequest","msg-type":"add-entry"}
{"time":"2026-04-29T10:05:31.454879+08:00","level":"INFO","msg":"received message","type":"health","proto-msg":null}
{"time":"2026-04-29T10:05:31.454899+08:00","level":"INFO","msg":"RECEIVED MESSAGE","msg":{"id":989,"src":"n1","dest":"n4","body":{"type":"health","msg_id":248,"in_reply_to":null,"m":{"shard":"0"}}},"msg-type":"health"}
{"time":"2026-04-29T10:05:32.117235+08:00","level":"INFO","msg":"received message","type":"add-entry","proto-msg":{"entry":{"offset":33,"value":"Cg4KDAgAEggKATASATMYIA==","timestamp":1777428332102},"commit_offset":32,"previous_entry_crc":2156916721}}
{"time":"2026-04-29T10:05:32.117251+08:00","level":"INFO","msg":"RECEIVED MESSAGE","msg":{"id":1007,"src":"n2","dest":"n4","body":{"type":"add-entry","msg_id":145,"in_reply_to":null,"m":{"term":"0","entry":{"term":"0","offset":"33","value":"Cg4KDAgAEggKATASATMYIA==","timestamp":"1777428332102"},"commitOffset":"32","previousEntryCrc":2156916721},"stream_id":5}},"msg-type":"add-entry"}
{"time":"2026-04-29T10:05:32.117276+08:00","level":"INFO","msg":"HandleOxiaStreamRequest","msg-type":"add-entry"}
{"time":"2026-04-29T10:05:32.864834+08:00","level":"INFO","msg":"received message","type":"add-entry","proto-msg":{"entry":{"offset":34,"value":"Cg4KDAgAEggKATASATEYIQ==","timestamp":1777428332849},"commit_offset":33,"previous_entry_crc":1933528736}}
{"time":"2026-04-29T10:05:32.864857+08:00","level":"INFO","msg":"RECEIVED MESSAGE","msg":{"id":1035,"src":"n2","dest":"n4","body":{"type":"add-entry","msg_id":150,"in_reply_to":null,"m":{"term":"0","entry":{"term":"0","offset":"34","value":"Cg4KDAgAEggKATASATEYIQ==","timestamp":"1777428332849"},"commitOffset":"33","previousEntryCrc":1933528736},"stream_id":5}},"msg-type":"add-entry"}
{"time":"2026-04-29T10:05:32.864891+08:00","level":"INFO","msg":"HandleOxiaStreamRequest","msg-type":"add-entry"}
{"time":"2026-04-29T10:05:33.287041+08:00","level":"INFO","msg":"received message","type":"add-entry","proto-msg":{"entry":{"offset":35,"value":"Cg4KDAgAEggKATASATAYIg==","timestamp":1777428333286},"commit_offset":34,"previous_entry_crc":241711562}}
{"time":"2026-04-29T10:05:33.287056+08:00","level":"INFO","msg":"RECEIVED MESSAGE","msg":{"id":1051,"src":"n2","dest":"n4","body":{"type":"add-entry","msg_id":153,"in_reply_to":null,"m":{"term":"0","entry":{"term":"0","offset":"35","value":"Cg4KDAgAEggKATASATAYIg==","timestamp":"1777428333286"},"commitOffset":"34","previousEntryCrc":241711562},"stream_id":5}},"msg-type":"add-entry"}
{"time":"2026-04-29T10:05:33.287081+08:00","level":"INFO","msg":"HandleOxiaStreamRequest","msg-type":"add-entry"}
{"time":"2026-04-29T10:05:33.460116+08:00","level":"INFO","msg":"received message","type":"health","proto-msg":null}
{"time":"2026-04-29T10:05:33.460129+08:00","level":"INFO","msg":"RECEIVED MESSAGE","msg":{"id":1064,"src":"n1","dest":"n4","body":{"type":"health","msg_id":266,"in_reply_to":null,"m":{"shard":"0"}}},"msg-type":"health"}
{"time":"2026-04-29T10:05:33.560785+08:00","level":"INFO","msg":"received message","type":"read","proto-msg":null}
{"time":"2026-04-29T10:05:33.560804+08:00","level":"INFO","msg":"RECEIVED MESSAGE","msg":{"id":1068,"src":"c12","dest":"n4","body":{"type":"read","msg_id":8,"in_reply_to":null,"key":0}},"msg-type":"read"}
{"time":"2026-04-29T10:05:33.560809+08:00","level":"INFO","msg":"Received response for proxied message","proxied-msg-id":8,"in-reply-to":0}
{"time":"2026-04-29T10:05:33.560812+08:00","level":"INFO","msg":"Added new proxy msg id","proxied-msg-id":80,"msg-type":"read"}
{"time":"2026-04-29T10:05:33.584908+08:00","level":"INFO","msg":"received message","type":"read_ok","proto-msg":null}
{"time":"2026-04-29T10:05:33.584918+08:00","level":"INFO","msg":"RECEIVED MESSAGE","msg":{"id":1072,"src":"n2","dest":"n4","body":{"type":"read_ok","msg_id":0,"in_reply_to":80,"value":0}},"msg-type":"read_ok"}
{"time":"2026-04-29T10:05:33.584922+08:00","level":"INFO","msg":"Received response for proxied message","proxied-msg-id":0,"in-reply-to":80}
{"time":"2026-04-29T10:05:34.097174+08:00","level":"INFO","msg":"received message","type":"add-entry","proto-msg":{"entry":{"offset":36,"value":"CgwKCggAEgYKATASATQ=","timestamp":1777428334079},"commit_offset":35,"previous_entry_crc":2451421477}}
{"time":"2026-04-29T10:05:34.0972+08:00","level":"INFO","msg":"RECEIVED MESSAGE","msg":{"id":1081,"src":"n2","dest":"n4","body":{"type":"add-entry","msg_id":157,"in_reply_to":null,"m":{"term":"0","entry":{"term":"0","offset":"36","value":"CgwKCggAEgYKATASATQ=","timestamp":"1777428334079"},"commitOffset":"35","previousEntryCrc":2451421477},"stream_id":5}},"msg-type":"add-entry"}
{"time":"2026-04-29T10:05:34.097234+08:00","level":"INFO","msg":"HandleOxiaStreamRequest","msg-type":"add-entry"}
{"time":"2026-04-29T10:05:35.461355+08:00","level":"INFO","msg":"received message","type":"health","proto-msg":null}
{"time":"2026-04-29T10:05:35.461375+08:00","level":"INFO","msg":"RECEIVED MESSAGE","msg":{"id":1105,"src":"n1","dest":"n4","body":{"type":"health","msg_id":276,"in_reply_to":null,"m":{"shard":"0"}}},"msg-type":"health"}
{"time":"2026-04-29T10:05:35.647138+08:00","level":"INFO","msg":"received message","type":"add-entry","proto-msg":{"entry":{"offset":37,"value":"CgwKCggAEgYKATASATA=","timestamp":1777428335635},"commit_offset":36,"previous_entry_crc":1063755968}}
{"time":"2026-04-29T10:05:35.647188+08:00","level":"INFO","msg":"RECEIVED MESSAGE","msg":{"id":1116,"src":"n2","dest":"n4","body":{"type":"add-entry","msg_id":159,"in_reply_to":null,"m":{"term":"0","entry":{"term":"0","offset":"37","value":"CgwKCggAEgYKATASATA=","timestamp":"1777428335635"},"commitOffset":"36","previousEntryCrc":1063755968},"stream_id":5}},"msg-type":"add-entry"}
{"time":"2026-04-29T10:05:35.647245+08:00","level":"INFO","msg":"HandleOxiaStreamRequest","msg-type":"add-entry"}
{"time":"2026-04-29T10:05:37.0678+08:00","level":"INFO","msg":"received message","type":"add-entry","proto-msg":{"entry":{"offset":38,"value":"CgwKCggAEgYKATASATA=","timestamp":1777428337046},"commit_offset":37,"previous_entry_crc":1691828752}}
{"time":"2026-04-29T10:05:37.067822+08:00","level":"INFO","msg":"RECEIVED MESSAGE","msg":{"id":1140,"src":"n2","dest":"n4","body":{"type":"add-entry","msg_id":162,"in_reply_to":null,"m":{"term":"0","entry":{"term":"0","offset":"38","value":"CgwKCggAEgYKATASATA=","timestamp":"1777428337046"},"commitOffset":"37","previousEntryCrc":1691828752},"stream_id":5}},"msg-type":"add-entry"}
{"time":"2026-04-29T10:05:37.067845+08:00","level":"INFO","msg":"HandleOxiaStreamRequest","msg-type":"add-entry"}
{"time":"2026-04-29T10:05:37.32916+08:00","level":"INFO","msg":"received message","type":"cas","proto-msg":null}
{"time":"2026-04-29T10:05:37.329194+08:00","level":"INFO","msg":"RECEIVED MESSAGE","msg":{"id":1148,"src":"c16","dest":"n4","body":{"type":"cas","msg_id":7,"in_reply_to":null,"key":0,"from":4,"to":2}},"msg-type":"cas"}
{"time":"2026-04-29T10:05:37.329207+08:00","level":"INFO","msg":"Received response for proxied message","proxied-msg-id":7,"in-reply-to":0}
{"time":"2026-04-29T10:05:37.329216+08:00","level":"INFO","msg":"Added new proxy msg id","proxied-msg-id":85,"msg-type":"cas"}
{"time":"2026-04-29T10:05:37.352944+08:00","level":"INFO","msg":"received message","type":"error","proto-msg":null}
{"time":"2026-04-29T10:05:37.352985+08:00","level":"INFO","msg":"RECEIVED MESSAGE","msg":{"id":1150,"src":"n2","dest":"n4","body":{"type":"error","msg_id":164,"in_reply_to":85,"code":22,"text":"precondition-failed"}},"msg-type":"error"}
{"time":"2026-04-29T10:05:37.352998+08:00","level":"INFO","msg":"Received response for proxied message","proxied-msg-id":164,"in-reply-to":85}
{"time":"2026-04-29T10:05:37.456242+08:00","level":"INFO","msg":"received message","type":"health","proto-msg":null}
{"time":"2026-04-29T10:05:37.456263+08:00","level":"INFO","msg":"RECEIVED MESSAGE","msg":{"id":1155,"src":"n1","dest":"n4","body":{"type":"health","msg_id":286,"in_reply_to":null,"m":{"shard":"0"}}},"msg-type":"health"}
{"time":"2026-04-29T10:05:37.555734+08:00","level":"INFO","msg":"received message","type":"add-entry","proto-msg":{"entry":{"offset":39,"value":"CgwKCggAEgYKATASATI=","timestamp":1777428337547},"commit_offset":38,"previous_entry_crc":1581625472}}
{"time":"2026-04-29T10:05:37.555772+08:00","level":"INFO","msg":"RECEIVED MESSAGE","msg":{"id":1163,"src":"n2","dest":"n4","body":{"type":"add-entry","msg_id":167,"in_reply_to":null,"m":{"term":"0","entry":{"term":"0","offset":"39","value":"CgwKCggAEgYKATASATI=","timestamp":"1777428337547"},"commitOffset":"38","previousEntryCrc":1581625472},"stream_id":5}},"msg-type":"add-entry"}
{"time":"2026-04-29T10:05:37.555811+08:00","level":"INFO","msg":"HandleOxiaStreamRequest","msg-type":"add-entry"}
{"time":"2026-04-29T10:05:38.656315+08:00","level":"INFO","msg":"received message","type":"add-entry","proto-msg":{"entry":{"offset":40,"value":"CgwKCggAEgYKATASATM=","timestamp":1777428338652},"commit_offset":39,"previous_entry_crc":1888270369}}
{"time":"2026-04-29T10:05:38.656344+08:00","level":"INFO","msg":"RECEIVED MESSAGE","msg":{"id":1189,"src":"n2","dest":"n4","body":{"type":"add-entry","msg_id":172,"in_reply_to":null,"m":{"term":"0","entry":{"term":"0","offset":"40","value":"CgwKCggAEgYKATASATM=","timestamp":"1777428338652"},"commitOffset":"39","previousEntryCrc":1888270369},"stream_id":5}},"msg-type":"add-entry"}
{"time":"2026-04-29T10:05:38.656388+08:00","level":"INFO","msg":"HandleOxiaStreamRequest","msg-type":"add-entry"}
{"time":"2026-04-29T10:05:38.992424+08:00","level":"INFO","msg":"received message","type":"add-entry","proto-msg":{"entry":{"offset":41,"value":"CgwKCggAEgYKATASATE=","timestamp":1777428338987},"commit_offset":40,"previous_entry_crc":3060848791}}
{"time":"2026-04-29T10:05:38.992449+08:00","level":"INFO","msg":"RECEIVED MESSAGE","msg":{"id":1197,"src":"n2","dest":"n4","body":{"type":"add-entry","msg_id":174,"in_reply_to":null,"m":{"term":"0","entry":{"term":"0","offset":"41","value":"CgwKCggAEgYKATASATE=","timestamp":"1777428338987"},"commitOffset":"40","previousEntryCrc":3060848791},"stream_id":5}},"msg-type":"add-entry"}
{"time":"2026-04-29T10:05:38.992482+08:00","level":"INFO","msg":"HandleOxiaStreamRequest","msg-type":"add-entry"}
{"time":"2026-04-29T10:05:39.453776+08:00","level":"INFO","msg":"received message","type":"health","proto-msg":null}
{"time":"2026-04-29T10:05:39.453827+08:00","level":"INFO","msg":"RECEIVED MESSAGE","msg":{"id":1210,"src":"n1","dest":"n4","body":{"type":"health","msg_id":299,"in_reply_to":null,"m":{"shard":"0"}}},"msg-type":"health"}
{"time":"2026-04-29T10:05:39.650805+08:00","level":"INFO","msg":"received message","type":"write","proto-msg":null}
{"time":"2026-04-29T10:05:39.65084+08:00","level":"INFO","msg":"RECEIVED MESSAGE","msg":{"id":1216,"src":"c16","dest":"n4","body":{"type":"write","msg_id":8,"in_reply_to":null,"key":0,"value":4}},"msg-type":"write"}
{"time":"2026-04-29T10:05:39.650863+08:00","level":"INFO","msg":"Received response for proxied message","proxied-msg-id":8,"in-reply-to":0}
{"time":"2026-04-29T10:05:39.650875+08:00","level":"INFO","msg":"Added new proxy msg id","proxied-msg-id":92,"msg-type":"write"}
{"time":"2026-04-29T10:05:39.675092+08:00","level":"INFO","msg":"received message","type":"add-entry","proto-msg":{"entry":{"offset":42,"value":"CgwKCggAEgYKATASATQ=","timestamp":1777428339671},"commit_offset":41,"previous_entry_crc":2229752709}}
{"time":"2026-04-29T10:05:39.675115+08:00","level":"INFO","msg":"RECEIVED MESSAGE","msg":{"id":1218,"src":"n2","dest":"n4","body":{"type":"add-entry","msg_id":178,"in_reply_to":null,"m":{"term":"0","entry":{"term":"0","offset":"42","value":"CgwKCggAEgYKATASATQ=","timestamp":"1777428339671"},"commitOffset":"41","previousEntryCrc":2229752709},"stream_id":5}},"msg-type":"add-entry"}
{"time":"2026-04-29T10:05:39.675148+08:00","level":"INFO","msg":"HandleOxiaStreamRequest","msg-type":"add-entry"}
{"time":"2026-04-29T10:05:39.70148+08:00","level":"INFO","msg":"received message","type":"write_ok","proto-msg":null}
{"time":"2026-04-29T10:05:39.7015+08:00","level":"INFO","msg":"RECEIVED MESSAGE","msg":{"id":1226,"src":"n2","dest":"n4","body":{"type":"write_ok","msg_id":0,"in_reply_to":92}},"msg-type":"write_ok"}
{"time":"2026-04-29T10:05:39.701506+08:00","level":"INFO","msg":"Received response for proxied message","proxied-msg-id":0,"in-reply-to":92}
{"time":"2026-04-29T10:05:40.932725+08:00","level":"INFO","msg":"received message","type":"read","proto-msg":null}
{"time":"2026-04-29T10:05:40.932747+08:00","level":"INFO","msg":"RECEIVED MESSAGE","msg":{"id":1242,"src":"c12","dest":"n4","body":{"type":"read","msg_id":9,"in_reply_to":null,"key":0}},"msg-type":"read"}
{"time":"2026-04-29T10:05:40.932774+08:00","level":"INFO","msg":"Received response for proxied message","proxied-msg-id":9,"in-reply-to":0}
{"time":"2026-04-29T10:05:40.932782+08:00","level":"INFO","msg":"Added new proxy msg id","proxied-msg-id":94,"msg-type":"read"}
{"time":"2026-04-29T10:05:40.946186+08:00","level":"INFO","msg":"received message","type":"read_ok","proto-msg":null}
{"time":"2026-04-29T10:05:40.946226+08:00","level":"INFO","msg":"RECEIVED MESSAGE","msg":{"id":1244,"src":"n2","dest":"n4","body":{"type":"read_ok","msg_id":0,"in_reply_to":94,"value":4}},"msg-type":"read_ok"}
{"time":"2026-04-29T10:05:40.946273+08:00","level":"INFO","msg":"Received response for proxied message","proxied-msg-id":0,"in-reply-to":94}
{"time":"2026-04-29T10:05:41.467014+08:00","level":"INFO","msg":"received message","type":"health","proto-msg":null}
{"time":"2026-04-29T10:05:41.467044+08:00","level":"INFO","msg":"RECEIVED MESSAGE","msg":{"id":1252,"src":"n1","dest":"n4","body":{"type":"health","msg_id":309,"in_reply_to":null,"m":{"shard":"0"}}},"msg-type":"health"}
{"time":"2026-04-29T10:05:41.898056+08:00","level":"INFO","msg":"received message","type":"cas","proto-msg":null}
{"time":"2026-04-29T10:05:41.898088+08:00","level":"INFO","msg":"RECEIVED MESSAGE","msg":{"id":1270,"src":"c16","dest":"n4","body":{"type":"cas","msg_id":9,"in_reply_to":null,"key":0,"from":3,"to":3}},"msg-type":"cas"}
{"time":"2026-04-29T10:05:41.8981+08:00","level":"INFO","msg":"Received response for proxied message","proxied-msg-id":9,"in-reply-to":0}
{"time":"2026-04-29T10:05:41.898108+08:00","level":"INFO","msg":"Added new proxy msg id","proxied-msg-id":96,"msg-type":"cas"}
{"time":"2026-04-29T10:05:41.927431+08:00","level":"INFO","msg":"received message","type":"error","proto-msg":null}
{"time":"2026-04-29T10:05:41.927465+08:00","level":"INFO","msg":"RECEIVED MESSAGE","msg":{"id":1272,"src":"n2","dest":"n4","body":{"type":"error","msg_id":185,"in_reply_to":96,"code":22,"text":"precondition-failed"}},"msg-type":"error"}
{"time":"2026-04-29T10:05:41.927475+08:00","level":"INFO","msg":"Received response for proxied message","proxied-msg-id":185,"in-reply-to":96}
{"time":"2026-04-29T10:05:42.195529+08:00","level":"INFO","msg":"received message","type":"add-entry","proto-msg":{"entry":{"offset":43,"value":"CgwKCggAEgYKATASATM=","timestamp":1777428342192},"commit_offset":42,"previous_entry_crc":2363942537}}
{"time":"2026-04-29T10:05:42.195553+08:00","level":"INFO","msg":"RECEIVED MESSAGE","msg":{"id":1277,"src":"n2","dest":"n4","body":{"type":"add-entry","msg_id":186,"in_reply_to":null,"m":{"term":"0","entry":{"term":"0","offset":"43","value":"CgwKCggAEgYKATASATM=","timestamp":"1777428342192"},"commitOffset":"42","previousEntryCrc":2363942537},"stream_id":5}},"msg-type":"add-entry"}
{"time":"2026-04-29T10:05:42.195613+08:00","level":"INFO","msg":"HandleOxiaStreamRequest","msg-type":"add-entry"}
{"time":"2026-04-29T10:05:42.906349+08:00","level":"INFO","msg":"received message","type":"add-entry","proto-msg":{"entry":{"offset":44,"value":"CgwKCggAEgYKATASATE=","timestamp":1777428342892},"commit_offset":43,"previous_entry_crc":43288262}}
{"time":"2026-04-29T10:05:42.906376+08:00","level":"INFO","msg":"RECEIVED MESSAGE","msg":{"id":1294,"src":"n2","dest":"n4","body":{"type":"add-entry","msg_id":191,"in_reply_to":null,"m":{"term":"0","entry":{"term":"0","offset":"44","value":"CgwKCggAEgYKATASATE=","timestamp":"1777428342892"},"commitOffset":"43","previousEntryCrc":43288262},"stream_id":5}},"msg-type":"add-entry"}
{"time":"2026-04-29T10:05:42.906416+08:00","level":"INFO","msg":"HandleOxiaStreamRequest","msg-type":"add-entry"}
{"time":"2026-04-29T10:05:42.922907+08:00","level":"INFO","msg":"received message","type":"read","proto-msg":null}
{"time":"2026-04-29T10:05:42.922928+08:00","level":"INFO","msg":"RECEIVED MESSAGE","msg":{"id":1300,"src":"c12","dest":"n4","body":{"type":"read","msg_id":10,"in_reply_to":null,"key":0}},"msg-type":"read"}
{"time":"2026-04-29T10:05:42.922935+08:00","level":"INFO","msg":"Received response for proxied message","proxied-msg-id":10,"in-reply-to":0}
{"time":"2026-04-29T10:05:42.922939+08:00","level":"INFO","msg":"Added new proxy msg id","proxied-msg-id":100,"msg-type":"read"}
{"time":"2026-04-29T10:05:42.943972+08:00","level":"INFO","msg":"received message","type":"read_ok","proto-msg":null}
{"time":"2026-04-29T10:05:42.943991+08:00","level":"INFO","msg":"RECEIVED MESSAGE","msg":{"id":1302,"src":"n2","dest":"n4","body":{"type":"read_ok","msg_id":0,"in_reply_to":100,"value":1}},"msg-type":"read_ok"}
{"time":"2026-04-29T10:05:42.943998+08:00","level":"INFO","msg":"Received response for proxied message","proxied-msg-id":0,"in-reply-to":100}
{"time":"2026-04-29T10:05:43.453576+08:00","level":"INFO","msg":"received message","type":"health","proto-msg":null}
{"time":"2026-04-29T10:05:43.453593+08:00","level":"INFO","msg":"RECEIVED MESSAGE","msg":{"id":1314,"src":"n1","dest":"n4","body":{"type":"health","msg_id":325,"in_reply_to":null,"m":{"shard":"0"}}},"msg-type":"health"}
{"time":"2026-04-29T10:05:43.638172+08:00","level":"INFO","msg":"received message","type":"add-entry","proto-msg":{"entry":{"offset":45,"value":"Cg4KDAgAEggKATASATAYLA==","timestamp":1777428343620},"commit_offset":44,"previous_entry_crc":3785969126}}
{"time":"2026-04-29T10:05:43.638183+08:00","level":"INFO","msg":"RECEIVED MESSAGE","msg":{"id":1324,"src":"n2","dest":"n4","body":{"type":"add-entry","msg_id":196,"in_reply_to":null,"m":{"term":"0","entry":{"term":"0","offset":"45","value":"Cg4KDAgAEggKATASATAYLA==","timestamp":"1777428343620"},"commitOffset":"44","previousEntryCrc":3785969126},"stream_id":5}},"msg-type":"add-entry"}
{"time":"2026-04-29T10:05:43.638226+08:00","level":"INFO","msg":"HandleOxiaStreamRequest","msg-type":"add-entry"}
{"time":"2026-04-29T10:05:44.96102+08:00","level":"INFO","msg":"received message","type":"read","proto-msg":null}
{"time":"2026-04-29T10:05:44.961043+08:00","level":"INFO","msg":"RECEIVED MESSAGE","msg":{"id":1352,"src":"c12","dest":"n4","body":{"type":"read","msg_id":11,"in_reply_to":null,"key":0}},"msg-type":"read"}
{"time":"2026-04-29T10:05:44.961053+08:00","level":"INFO","msg":"Received response for proxied message","proxied-msg-id":11,"in-reply-to":0}
{"time":"2026-04-29T10:05:44.961058+08:00","level":"INFO","msg":"Added new proxy msg id","proxied-msg-id":103,"msg-type":"read"}
{"time":"2026-04-29T10:05:44.965428+08:00","level":"INFO","msg":"received message","type":"read_ok","proto-msg":null}
{"time":"2026-04-29T10:05:44.965451+08:00","level":"INFO","msg":"RECEIVED MESSAGE","msg":{"id":1354,"src":"n2","dest":"n4","body":{"type":"read_ok","msg_id":0,"in_reply_to":103,"value":0}},"msg-type":"read_ok"}
{"time":"2026-04-29T10:05:44.965458+08:00","level":"INFO","msg":"Received response for proxied message","proxied-msg-id":0,"in-reply-to":103}
{"time":"2026-04-29T10:05:45.45382+08:00","level":"INFO","msg":"received message","type":"health","proto-msg":null}
{"time":"2026-04-29T10:05:45.453852+08:00","level":"INFO","msg":"RECEIVED MESSAGE","msg":{"id":1362,"src":"n1","dest":"n4","body":{"type":"health","msg_id":334,"in_reply_to":null,"m":{"shard":"0"}}},"msg-type":"health"}
{"time":"2026-04-29T10:05:45.676207+08:00","level":"INFO","msg":"received message","type":"add-entry","proto-msg":{"entry":{"offset":46,"value":"Cg4KDAgAEggKATASATIYLQ==","timestamp":1777428345675},"commit_offset":45,"previous_entry_crc":1898413422}}
{"time":"2026-04-29T10:05:45.676231+08:00","level":"INFO","msg":"RECEIVED MESSAGE","msg":{"id":1370,"src":"n2","dest":"n4","body":{"type":"add-entry","msg_id":202,"in_reply_to":null,"m":{"term":"0","entry":{"term":"0","offset":"46","value":"Cg4KDAgAEggKATASATIYLQ==","timestamp":"1777428345675"},"commitOffset":"45","previousEntryCrc":1898413422},"stream_id":5}},"msg-type":"add-entry"}
{"time":"2026-04-29T10:05:45.67626+08:00","level":"INFO","msg":"HandleOxiaStreamRequest","msg-type":"add-entry"}
{"time":"2026-04-29T10:05:45.983351+08:00","level":"INFO","msg":"received message","type":"add-entry","proto-msg":{"entry":{"offset":47,"value":"CgwKCggAEgYKATASATQ=","timestamp":1777428345968},"commit_offset":46,"previous_entry_crc":1283973318}}
{"time":"2026-04-29T10:05:45.983374+08:00","level":"INFO","msg":"RECEIVED MESSAGE","msg":{"id":1377,"src":"n2","dest":"n4","body":{"type":"add-entry","msg_id":205,"in_reply_to":null,"m":{"term":"0","entry":{"term":"0","offset":"47","value":"CgwKCggAEgYKATASATQ=","timestamp":"1777428345968"},"commitOffset":"46","previousEntryCrc":1283973318},"stream_id":5}},"msg-type":"add-entry"}
{"time":"2026-04-29T10:05:45.983413+08:00","level":"INFO","msg":"HandleOxiaStreamRequest","msg-type":"add-entry"}
{"time":"2026-04-29T10:05:46.088327+08:00","level":"INFO","msg":"received message","type":"add-entry","proto-msg":{"entry":{"offset":48,"value":"CgwKCggAEgYKATASATM=","timestamp":1777428346080},"commit_offset":47,"previous_entry_crc":3356016919}}
{"time":"2026-04-29T10:05:46.088341+08:00","level":"INFO","msg":"RECEIVED MESSAGE","msg":{"id":1384,"src":"n2","dest":"n4","body":{"type":"add-entry","msg_id":206,"in_reply_to":null,"m":{"term":"0","entry":{"term":"0","offset":"48","value":"CgwKCggAEgYKATASATM=","timestamp":"1777428346080"},"commitOffset":"47","previousEntryCrc":3356016919},"stream_id":5}},"msg-type":"add-entry"}
{"time":"2026-04-29T10:05:46.088361+08:00","level":"INFO","msg":"HandleOxiaStreamRequest","msg-type":"add-entry"}
{"time":"2026-04-29T10:05:46.305739+08:00","level":"INFO","msg":"received message","type":"cas","proto-msg":null}
{"time":"2026-04-29T10:05:46.305757+08:00","level":"INFO","msg":"RECEIVED MESSAGE","msg":{"id":1390,"src":"c16","dest":"n4","body":{"type":"cas","msg_id":10,"in_reply_to":null,"key":0,"from":4,"to":0}},"msg-type":"cas"}
{"time":"2026-04-29T10:05:46.305763+08:00","level":"INFO","msg":"Received response for proxied message","proxied-msg-id":10,"in-reply-to":0}
{"time":"2026-04-29T10:05:46.305767+08:00","level":"INFO","msg":"Added new proxy msg id","proxied-msg-id":108,"msg-type":"cas"}
{"time":"2026-04-29T10:05:46.319936+08:00","level":"INFO","msg":"received message","type":"error","proto-msg":null}
{"time":"2026-04-29T10:05:46.319966+08:00","level":"INFO","msg":"RECEIVED MESSAGE","msg":{"id":1392,"src":"n2","dest":"n4","body":{"type":"error","msg_id":208,"in_reply_to":108,"code":22,"text":"precondition-failed"}},"msg-type":"error"}
{"time":"2026-04-29T10:05:46.319972+08:00","level":"INFO","msg":"Received response for proxied message","proxied-msg-id":208,"in-reply-to":108}
{"time":"2026-04-29T10:05:47.466324+08:00","level":"INFO","msg":"received message","type":"health","proto-msg":null}
{"time":"2026-04-29T10:05:47.466337+08:00","level":"INFO","msg":"RECEIVED MESSAGE","msg":{"id":1411,"src":"n1","dest":"n4","body":{"type":"health","msg_id":342,"in_reply_to":null,"m":{"shard":"0"}}},"msg-type":"health"}
{"time":"2026-04-29T10:05:47.688419+08:00","level":"INFO","msg":"received message","type":"add-entry","proto-msg":{"entry":{"offset":49,"value":"CgwKCggAEgYKATASATA=","timestamp":1777428347673},"commit_offset":48,"previous_entry_crc":2743411130}}
{"time":"2026-04-29T10:05:47.688444+08:00","level":"INFO","msg":"RECEIVED MESSAGE","msg":{"id":1422,"src":"n2","dest":"n4","body":{"type":"add-entry","msg_id":210,"in_reply_to":null,"m":{"term":"0","entry":{"term":"0","offset":"49","value":"CgwKCggAEgYKATASATA=","timestamp":"1777428347673"},"commitOffset":"48","previousEntryCrc":2743411130},"stream_id":5}},"msg-type":"add-entry"}
{"time":"2026-04-29T10:05:47.688471+08:00","level":"INFO","msg":"HandleOxiaStreamRequest","msg-type":"add-entry"}
{"time":"2026-04-29T10:05:47.839665+08:00","level":"INFO","msg":"received message","type":"add-entry","proto-msg":{"entry":{"offset":50,"value":"CgwKCggAEgYKATASATE=","timestamp":1777428347838},"commit_offset":49,"previous_entry_crc":1308275987}}
{"time":"2026-04-29T10:05:47.839684+08:00","level":"INFO","msg":"RECEIVED MESSAGE","msg":{"id":1437,"src":"n2","dest":"n4","body":{"type":"add-entry","msg_id":214,"in_reply_to":null,"m":{"term":"0","entry":{"term":"0","offset":"50","value":"CgwKCggAEgYKATASATE=","timestamp":"1777428347838"},"commitOffset":"49","previousEntryCrc":1308275987},"stream_id":5}},"msg-type":"add-entry"}
{"time":"2026-04-29T10:05:47.839717+08:00","level":"INFO","msg":"HandleOxiaStreamRequest","msg-type":"add-entry"}
{"time":"2026-04-29T10:05:47.981756+08:00","level":"INFO","msg":"received message","type":"add-entry","proto-msg":{"entry":{"offset":51,"value":"CgwKCggAEgYKATASATQ=","timestamp":1777428347979},"commit_offset":50,"previous_entry_crc":3333865850}}
{"time":"2026-04-29T10:05:47.981776+08:00","level":"INFO","msg":"RECEIVED MESSAGE","msg":{"id":1444,"src":"n2","dest":"n4","body":{"type":"add-entry","msg_id":216,"in_reply_to":null,"m":{"term":"0","entry":{"term":"0","offset":"51","value":"CgwKCggAEgYKATASATQ=","timestamp":"1777428347979"},"commitOffset":"50","previousEntryCrc":3333865850},"stream_id":5}},"msg-type":"add-entry"}
{"time":"2026-04-29T10:05:47.981798+08:00","level":"INFO","msg":"HandleOxiaStreamRequest","msg-type":"add-entry"}
{"time":"2026-04-29T10:05:48.253099+08:00","level":"INFO","msg":"received message","type":"cas","proto-msg":null}
{"time":"2026-04-29T10:05:48.253119+08:00","level":"INFO","msg":"RECEIVED MESSAGE","msg":{"id":1450,"src":"c16","dest":"n4","body":{"type":"cas","msg_id":11,"in_reply_to":null,"key":0,"from":0,"to":3}},"msg-type":"cas"}
{"time":"2026-04-29T10:05:48.253127+08:00","level":"INFO","msg":"Received response for proxied message","proxied-msg-id":11,"in-reply-to":0}
{"time":"2026-04-29T10:05:48.253133+08:00","level":"INFO","msg":"Added new proxy msg id","proxied-msg-id":114,"msg-type":"cas"}
{"time":"2026-04-29T10:05:48.281229+08:00","level":"INFO","msg":"received message","type":"error","proto-msg":null}
{"time":"2026-04-29T10:05:48.281247+08:00","level":"INFO","msg":"RECEIVED MESSAGE","msg":{"id":1452,"src":"n2","dest":"n4","body":{"type":"error","msg_id":218,"in_reply_to":114,"code":22,"text":"precondition-failed"}},"msg-type":"error"}
{"time":"2026-04-29T10:05:48.281254+08:00","level":"INFO","msg":"Received response for proxied message","proxied-msg-id":218,"in-reply-to":114}
{"time":"2026-04-29T10:05:49.366835+08:00","level":"INFO","msg":"received message","type":"add-entry","proto-msg":{"entry":{"offset":52,"value":"Cg4KDAgAEggKATASATQYMw==","timestamp":1777428349353},"commit_offset":51,"previous_entry_crc":2281719507}}
{"time":"2026-04-29T10:05:49.366858+08:00","level":"INFO","msg":"RECEIVED MESSAGE","msg":{"id":1477,"src":"n2","dest":"n4","body":{"type":"add-entry","msg_id":222,"in_reply_to":null,"m":{"term":"0","entry":{"term":"0","offset":"52","value":"Cg4KDAgAEggKATASATQYMw==","timestamp":"1777428349353"},"commitOffset":"51","previousEntryCrc":2281719507},"stream_id":5}},"msg-type":"add-entry"}
{"time":"2026-04-29T10:05:49.366885+08:00","level":"INFO","msg":"HandleOxiaStreamRequest","msg-type":"add-entry"}
{"time":"2026-04-29T10:05:49.456069+08:00","level":"INFO","msg":"received message","type":"health","proto-msg":null}
{"time":"2026-04-29T10:05:49.456086+08:00","level":"INFO","msg":"RECEIVED MESSAGE","msg":{"id":1485,"src":"n1","dest":"n4","body":{"type":"health","msg_id":357,"in_reply_to":null,"m":{"shard":"0"}}},"msg-type":"health"}
{"time":"2026-04-29T10:05:50.380884+08:00","level":"INFO","msg":"received message","type":"add-entry","proto-msg":{"entry":{"offset":53,"value":"CgwKCggAEgYKATASATQ=","timestamp":1777428350366},"commit_offset":52,"previous_entry_crc":1885030082}}
{"time":"2026-04-29T10:05:50.380916+08:00","level":"INFO","msg":"RECEIVED MESSAGE","msg":{"id":1502,"src":"n2","dest":"n4","body":{"type":"add-entry","msg_id":228,"in_reply_to":null,"m":{"term":"0","entry":{"term":"0","offset":"53","value":"CgwKCggAEgYKATASATQ=","timestamp":"1777428350366"},"commitOffset":"52","previousEntryCrc":1885030082},"stream_id":5}},"msg-type":"add-entry"}
{"time":"2026-04-29T10:05:50.380955+08:00","level":"INFO","msg":"HandleOxiaStreamRequest","msg-type":"add-entry"}
{"time":"2026-04-29T10:05:51.16022+08:00","level":"INFO","msg":"received message","type":"add-entry","proto-msg":{"entry":{"offset":54,"value":"CgwKCggAEgYKATASATA=","timestamp":1777428351137},"commit_offset":53,"previous_entry_crc":2719241966}}
{"time":"2026-04-29T10:05:51.160268+08:00","level":"INFO","msg":"RECEIVED MESSAGE","msg":{"id":1522,"src":"n2","dest":"n4","body":{"type":"add-entry","msg_id":230,"in_reply_to":null,"m":{"term":"0","entry":{"term":"0","offset":"54","value":"CgwKCggAEgYKATASATA=","timestamp":"1777428351137"},"commitOffset":"53","previousEntryCrc":2719241966},"stream_id":5}},"msg-type":"add-entry"}
{"time":"2026-04-29T10:05:51.162112+08:00","level":"INFO","msg":"HandleOxiaStreamRequest","msg-type":"add-entry"}
{"time":"2026-04-29T10:05:51.461163+08:00","level":"INFO","msg":"received message","type":"health","proto-msg":null}
{"time":"2026-04-29T10:05:51.461183+08:00","level":"INFO","msg":"RECEIVED MESSAGE","msg":{"id":1531,"src":"n1","dest":"n4","body":{"type":"health","msg_id":367,"in_reply_to":null,"m":{"shard":"0"}}},"msg-type":"health"}
{"time":"2026-04-29T10:05:51.751304+08:00","level":"INFO","msg":"received message","type":"read","proto-msg":null}
{"time":"2026-04-29T10:05:51.75133+08:00","level":"INFO","msg":"RECEIVED MESSAGE","msg":{"id":1542,"src":"c12","dest":"n4","body":{"type":"read","msg_id":12,"in_reply_to":null,"key":0}},"msg-type":"read"}
{"time":"2026-04-29T10:05:51.75134+08:00","level":"INFO","msg":"Received response for proxied message","proxied-msg-id":12,"in-reply-to":0}
{"time":"2026-04-29T10:05:51.751346+08:00","level":"INFO","msg":"Added new proxy msg id","proxied-msg-id":121,"msg-type":"read"}
{"time":"2026-04-29T10:05:51.790517+08:00","level":"INFO","msg":"received message","type":"read_ok","proto-msg":null}
{"time":"2026-04-29T10:05:51.790557+08:00","level":"INFO","msg":"RECEIVED MESSAGE","msg":{"id":1544,"src":"n2","dest":"n4","body":{"type":"read_ok","msg_id":0,"in_reply_to":121,"value":0}},"msg-type":"read_ok"}
{"time":"2026-04-29T10:05:51.790565+08:00","level":"INFO","msg":"Received response for proxied message","proxied-msg-id":0,"in-reply-to":121}
{"time":"2026-04-29T10:05:52.095055+08:00","level":"INFO","msg":"received message","type":"add-entry","proto-msg":{"entry":{"offset":55,"value":"CgwKCggAEgYKATASATA=","timestamp":1777428352092},"commit_offset":54,"previous_entry_crc":3209898784}}
{"time":"2026-04-29T10:05:52.095073+08:00","level":"INFO","msg":"RECEIVED MESSAGE","msg":{"id":1552,"src":"n2","dest":"n4","body":{"type":"add-entry","msg_id":233,"in_reply_to":null,"m":{"term":"0","entry":{"term":"0","offset":"55","value":"CgwKCggAEgYKATASATA=","timestamp":"1777428352092"},"commitOffset":"54","previousEntryCrc":3209898784},"stream_id":5}},"msg-type":"add-entry"}
{"time":"2026-04-29T10:05:52.095093+08:00","level":"INFO","msg":"HandleOxiaStreamRequest","msg-type":"add-entry"}
{"time":"2026-04-29T10:05:52.464881+08:00","level":"INFO","msg":"received message","type":"cas","proto-msg":null}
{"time":"2026-04-29T10:05:52.464906+08:00","level":"INFO","msg":"RECEIVED MESSAGE","msg":{"id":1566,"src":"c16","dest":"n4","body":{"type":"cas","msg_id":12,"in_reply_to":null,"key":0,"from":4,"to":3}},"msg-type":"cas"}
{"time":"2026-04-29T10:05:52.464913+08:00","level":"INFO","msg":"Received response for proxied message","proxied-msg-id":12,"in-reply-to":0}
{"time":"2026-04-29T10:05:52.464917+08:00","level":"INFO","msg":"Added new proxy msg id","proxied-msg-id":123,"msg-type":"cas"}
{"time":"2026-04-29T10:05:52.471625+08:00","level":"INFO","msg":"received message","type":"error","proto-msg":null}
{"time":"2026-04-29T10:05:52.47164+08:00","level":"INFO","msg":"RECEIVED MESSAGE","msg":{"id":1568,"src":"n2","dest":"n4","body":{"type":"error","msg_id":235,"in_reply_to":123,"code":22,"text":"precondition-failed"}},"msg-type":"error"}
{"time":"2026-04-29T10:05:52.471645+08:00","level":"INFO","msg":"Received response for proxied message","proxied-msg-id":235,"in-reply-to":123}
{"time":"2026-04-29T10:05:53.351645+08:00","level":"INFO","msg":"received message","type":"add-entry","proto-msg":{"entry":{"offset":56,"value":"CgwKCggAEgYKATASATI=","timestamp":1777428353350},"commit_offset":55,"previous_entry_crc":1365825518}}
{"time":"2026-04-29T10:05:53.351658+08:00","level":"INFO","msg":"RECEIVED MESSAGE","msg":{"id":1584,"src":"n2","dest":"n4","body":{"type":"add-entry","msg_id":236,"in_reply_to":null,"m":{"term":"0","entry":{"term":"0","offset":"56","value":"CgwKCggAEgYKATASATI=","timestamp":"1777428353350"},"commitOffset":"55","previousEntryCrc":1365825518},"stream_id":5}},"msg-type":"add-entry"}
{"time":"2026-04-29T10:05:53.351687+08:00","level":"INFO","msg":"HandleOxiaStreamRequest","msg-type":"add-entry"}
{"time":"2026-04-29T10:05:53.457665+08:00","level":"INFO","msg":"received message","type":"health","proto-msg":null}
{"time":"2026-04-29T10:05:53.457675+08:00","level":"INFO","msg":"RECEIVED MESSAGE","msg":{"id":1592,"src":"n1","dest":"n4","body":{"type":"health","msg_id":378,"in_reply_to":null,"m":{"shard":"0"}}},"msg-type":"health"}
{"time":"2026-04-29T10:05:53.511386+08:00","level":"INFO","msg":"received message","type":"add-entry","proto-msg":{"entry":{"offset":57,"value":"CgwKCggAEgYKATASATM=","timestamp":1777428353497},"commit_offset":56,"previous_entry_crc":2967115688}}
{"time":"2026-04-29T10:05:53.511403+08:00","level":"INFO","msg":"RECEIVED MESSAGE","msg":{"id":1600,"src":"n2","dest":"n4","body":{"type":"add-entry","msg_id":239,"in_reply_to":null,"m":{"term":"0","entry":{"term":"0","offset":"57","value":"CgwKCggAEgYKATASATM=","timestamp":"1777428353497"},"commitOffset":"56","previousEntryCrc":2967115688},"stream_id":5}},"msg-type":"add-entry"}
{"time":"2026-04-29T10:05:53.511425+08:00","level":"INFO","msg":"HandleOxiaStreamRequest","msg-type":"add-entry"}
{"time":"2026-04-29T10:05:53.565344+08:00","level":"INFO","msg":"received message","type":"read","proto-msg":null}
{"time":"2026-04-29T10:05:53.565363+08:00","level":"INFO","msg":"RECEIVED MESSAGE","msg":{"id":1606,"src":"c12","dest":"n4","body":{"type":"read","msg_id":13,"in_reply_to":null,"key":0}},"msg-type":"read"}
{"time":"2026-04-29T10:05:53.565375+08:00","level":"INFO","msg":"Received response for proxied message","proxied-msg-id":13,"in-reply-to":0}
{"time":"2026-04-29T10:05:53.565378+08:00","level":"INFO","msg":"Added new proxy msg id","proxied-msg-id":128,"msg-type":"read"}
{"time":"2026-04-29T10:05:53.579631+08:00","level":"INFO","msg":"received message","type":"read_ok","proto-msg":null}
{"time":"2026-04-29T10:05:53.579651+08:00","level":"INFO","msg":"RECEIVED MESSAGE","msg":{"id":1608,"src":"n2","dest":"n4","body":{"type":"read_ok","msg_id":0,"in_reply_to":128,"value":3}},"msg-type":"read_ok"}
{"time":"2026-04-29T10:05:53.579656+08:00","level":"INFO","msg":"Received response for proxied message","proxied-msg-id":0,"in-reply-to":128}
