{"time":"2026-04-29T01:00:20.776074+08:00","level":"INFO","msg":"Starting Oxia in Maelstrom mode","PWD":"/private/var/folders/lk/_y7xvjmd437b7n36wnb44gnm0000gn/T"}
{"time":"2026-04-29T01:00:20.776246+08:00","level":"INFO","msg":"Got line","line":"eyJpZCI6Miwic3JjIjoiYzIiLCJkZXN0IjoibjIiLCJib2R5Ijp7InR5cGUiOiJpbml0Iiwibm9kZV9pZCI6Im4yIiwibm9kZV9pZHMiOlsibjEiLCJuMiIsIm4zIiwibjQiLCJuNSJdLCJtc2dfaWQiOjF9fQ=="}
{"time":"2026-04-29T01:00:20.776284+08:00","level":"INFO","msg":"received message","type":"init","proto-msg":null}
{"time":"2026-04-29T01:00:20.776288+08:00","level":"INFO","msg":"Received init request","this-node":"n2","all-nodes":["n1","n2","n3","n4","n5"]}
{"time":"2026-04-29T01:00:20.789265+08:00","level":"INFO","msg":"Starting Oxia dataServer","options":{"server":{"public":{"bindAddress":"0.0.0.0:6648","auth":{},"tls":{"enabled":null}},"internal":{"bindAddress":"0.0.0.0:6649","auth":{},"tls":{"enabled":null}}},"replication":{"tls":{"enabled":null}},"storage":{"wal":{"dir":"/var/folders/lk/_y7xvjmd437b7n36wnb44gnm0000gn/T/oxia-maelstrom2028668431/n2/wal","sync":true,"retention":3600000000000},"database":{"dir":"/var/folders/lk/_y7xvjmd437b7n36wnb44gnm0000gn/T/oxia-maelstrom2028668431/n2/db","readCacheSizeMB":100},"notification":{"retention":3600000000000}},"scheduler":{"checksum":{"interval":300000000000}},"observability":{"metric":{"enabled":false,"bindAddress":"0.0.0.0:8080","tls":{"enabled":null}},"log":{"level":"info"}}}}
{"time":"2026-04-29T01:00:20.789759+08:00","level":"INFO","msg":"Start Grpc server","name":"internal"}
{"time":"2026-04-29T01:00:20.789781+08:00","level":"INFO","msg":"RegisterService","service-name":"replication.OxiaCoordination"}
{"time":"2026-04-29T01:00:20.789798+08:00","level":"INFO","msg":"RegisterService","service-name":"replication.OxiaLogReplication"}
{"time":"2026-04-29T01:00:20.789804+08:00","level":"INFO","msg":"RegisterService","service-name":"grpc.health.v1.Health"}
{"time":"2026-04-29T01:00:20.789819+08:00","level":"INFO","msg":"Start Grpc server","name":"public"}
{"time":"2026-04-29T01:00:20.789833+08:00","level":"INFO","msg":"RegisterService","service-name":"io.oxia.proto.v1.OxiaClient"}
{"time":"2026-04-29T01:00:20.789849+08:00","level":"INFO","msg":"RegisterService","service-name":"io.streamnative.oxia.proto.OxiaClient"}
{"time":"2026-04-29T01:00:21.040181+08:00","level":"INFO","msg":"received message","type":"read","proto-msg":null}
{"time":"2026-04-29T01:00:21.040234+08:00","level":"INFO","msg":"RECEIVED MESSAGE","msg":{"id":11,"src":"c11","dest":"n2","body":{"type":"read","msg_id":1,"in_reply_to":null,"key":0}},"msg-type":"read"}
{"time":"2026-04-29T01:00:21.040249+08:00","level":"INFO","msg":"Received response for proxied message","proxied-msg-id":1,"in-reply-to":0}
{"time":"2026-04-29T01:00:21.922626+08:00","level":"INFO","msg":"received message","type":"write","proto-msg":null}
{"time":"2026-04-29T01:00:21.92265+08:00","level":"INFO","msg":"RECEIVED MESSAGE","msg":{"id":19,"src":"c15","dest":"n2","body":{"type":"write","msg_id":1,"in_reply_to":null,"key":0,"value":3}},"msg-type":"write"}
{"time":"2026-04-29T01:00:21.922658+08:00","level":"INFO","msg":"Received response for proxied message","proxied-msg-id":1,"in-reply-to":0}
{"time":"2026-04-29T01:00:22.308339+08:00","level":"INFO","msg":"received message","type":"read","proto-msg":null}
{"time":"2026-04-29T01:00:22.308364+08:00","level":"INFO","msg":"RECEIVED MESSAGE","msg":{"id":21,"src":"c11","dest":"n2","body":{"type":"read","msg_id":2,"in_reply_to":null,"key":0}},"msg-type":"read"}
{"time":"2026-04-29T01:00:22.308373+08:00","level":"INFO","msg":"Received response for proxied message","proxied-msg-id":2,"in-reply-to":0}
{"time":"2026-04-29T01:00:23.713224+08:00","level":"INFO","msg":"received message","type":"cas","proto-msg":null}
{"time":"2026-04-29T01:00:23.713246+08:00","level":"INFO","msg":"RECEIVED MESSAGE","msg":{"id":29,"src":"c15","dest":"n2","body":{"type":"cas","msg_id":2,"in_reply_to":null,"key":0,"from":4,"to":2}},"msg-type":"cas"}
{"time":"2026-04-29T01:00:23.713256+08:00","level":"INFO","msg":"Received response for proxied message","proxied-msg-id":2,"in-reply-to":0}
{"time":"2026-04-29T01:00:24.10355+08:00","level":"INFO","msg":"received message","type":"write","proto-msg":null}
{"time":"2026-04-29T01:00:24.103569+08:00","level":"INFO","msg":"RECEIVED MESSAGE","msg":{"id":31,"src":"c15","dest":"n2","body":{"type":"write","msg_id":3,"in_reply_to":null,"key":0,"value":4}},"msg-type":"write"}
{"time":"2026-04-29T01:00:24.103575+08:00","level":"INFO","msg":"Received response for proxied message","proxied-msg-id":3,"in-reply-to":0}
{"time":"2026-04-29T01:00:24.242737+08:00","level":"INFO","msg":"received message","type":"write","proto-msg":null}
{"time":"2026-04-29T01:00:24.242754+08:00","level":"INFO","msg":"RECEIVED MESSAGE","msg":{"id":33,"src":"c15","dest":"n2","body":{"type":"write","msg_id":4,"in_reply_to":null,"key":0,"value":0}},"msg-type":"write"}
{"time":"2026-04-29T01:00:24.242759+08:00","level":"INFO","msg":"Received response for proxied message","proxied-msg-id":4,"in-reply-to":0}
{"time":"2026-04-29T01:00:24.924995+08:00","level":"INFO","msg":"received message","type":"cas","proto-msg":null}
{"time":"2026-04-29T01:00:24.925013+08:00","level":"INFO","msg":"RECEIVED MESSAGE","msg":{"id":36,"src":"c15","dest":"n2","body":{"type":"cas","msg_id":5,"in_reply_to":null,"key":0,"from":0,"to":0}},"msg-type":"cas"}
{"time":"2026-04-29T01:00:24.925017+08:00","level":"INFO","msg":"Received response for proxied message","proxied-msg-id":5,"in-reply-to":0}
{"time":"2026-04-29T01:00:25.938704+08:00","level":"INFO","msg":"received message","type":"read","proto-msg":null}
{"time":"2026-04-29T01:00:25.938752+08:00","level":"INFO","msg":"RECEIVED MESSAGE","msg":{"id":43,"src":"c11","dest":"n2","body":{"type":"read","msg_id":3,"in_reply_to":null,"key":0}},"msg-type":"read"}
{"time":"2026-04-29T01:00:25.938759+08:00","level":"INFO","msg":"Received response for proxied message","proxied-msg-id":3,"in-reply-to":0}
{"time":"2026-04-29T01:00:26.758466+08:00","level":"INFO","msg":"received message","type":"write","proto-msg":null}
{"time":"2026-04-29T01:00:26.758484+08:00","level":"INFO","msg":"RECEIVED MESSAGE","msg":{"id":47,"src":"c15","dest":"n2","body":{"type":"write","msg_id":6,"in_reply_to":null,"key":0,"value":2}},"msg-type":"write"}
{"time":"2026-04-29T01:00:26.75849+08:00","level":"INFO","msg":"Received response for proxied message","proxied-msg-id":6,"in-reply-to":0}
{"time":"2026-04-29T01:00:26.8996+08:00","level":"INFO","msg":"received message","type":"cas","proto-msg":null}
{"time":"2026-04-29T01:00:26.899617+08:00","level":"INFO","msg":"RECEIVED MESSAGE","msg":{"id":49,"src":"c15","dest":"n2","body":{"type":"cas","msg_id":7,"in_reply_to":null,"key":0,"from":3,"to":2}},"msg-type":"cas"}
{"time":"2026-04-29T01:00:26.899622+08:00","level":"INFO","msg":"Received response for proxied message","proxied-msg-id":7,"in-reply-to":0}
{"time":"2026-04-29T01:00:27.620225+08:00","level":"INFO","msg":"received message","type":"cas","proto-msg":null}
{"time":"2026-04-29T01:00:27.620245+08:00","level":"INFO","msg":"RECEIVED MESSAGE","msg":{"id":56,"src":"c15","dest":"n2","body":{"type":"cas","msg_id":8,"in_reply_to":null,"key":0,"from":4,"to":4}},"msg-type":"cas"}
{"time":"2026-04-29T01:00:27.62025+08:00","level":"INFO","msg":"Received response for proxied message","proxied-msg-id":8,"in-reply-to":0}
{"time":"2026-04-29T01:00:28.011024+08:00","level":"INFO","msg":"received message","type":"read","proto-msg":null}
{"time":"2026-04-29T01:00:28.011042+08:00","level":"INFO","msg":"RECEIVED MESSAGE","msg":{"id":60,"src":"c11","dest":"n2","body":{"type":"read","msg_id":4,"in_reply_to":null,"key":0}},"msg-type":"read"}
{"time":"2026-04-29T01:00:28.011047+08:00","level":"INFO","msg":"Received response for proxied message","proxied-msg-id":4,"in-reply-to":0}
{"time":"2026-04-29T01:00:28.066043+08:00","level":"INFO","msg":"received message","type":"read","proto-msg":null}
{"time":"2026-04-29T01:00:28.06606+08:00","level":"INFO","msg":"RECEIVED MESSAGE","msg":{"id":62,"src":"c11","dest":"n2","body":{"type":"read","msg_id":5,"in_reply_to":null,"key":0}},"msg-type":"read"}
{"time":"2026-04-29T01:00:28.066064+08:00","level":"INFO","msg":"Received response for proxied message","proxied-msg-id":5,"in-reply-to":0}
{"time":"2026-04-29T01:00:28.458792+08:00","level":"INFO","msg":"received message","type":"read","proto-msg":null}
{"time":"2026-04-29T01:00:28.458812+08:00","level":"INFO","msg":"RECEIVED MESSAGE","msg":{"id":64,"src":"c11","dest":"n2","body":{"type":"read","msg_id":6,"in_reply_to":null,"key":0}},"msg-type":"read"}
{"time":"2026-04-29T01:00:28.458818+08:00","level":"INFO","msg":"Received response for proxied message","proxied-msg-id":6,"in-reply-to":0}
{"time":"2026-04-29T01:00:28.619843+08:00","level":"INFO","msg":"received message","type":"cas","proto-msg":null}
{"time":"2026-04-29T01:00:28.619862+08:00","level":"INFO","msg":"RECEIVED MESSAGE","msg":{"id":67,"src":"c15","dest":"n2","body":{"type":"cas","msg_id":9,"in_reply_to":null,"key":0,"from":3,"to":1}},"msg-type":"cas"}
{"time":"2026-04-29T01:00:28.619868+08:00","level":"INFO","msg":"Received response for proxied message","proxied-msg-id":9,"in-reply-to":0}
{"time":"2026-04-29T01:00:28.797537+08:00","level":"INFO","msg":"received message","type":"write","proto-msg":null}
{"time":"2026-04-29T01:00:28.797557+08:00","level":"INFO","msg":"RECEIVED MESSAGE","msg":{"id":69,"src":"c15","dest":"n2","body":{"type":"write","msg_id":10,"in_reply_to":null,"key":0,"value":2}},"msg-type":"write"}
{"time":"2026-04-29T01:00:28.797563+08:00","level":"INFO","msg":"Received response for proxied message","proxied-msg-id":10,"in-reply-to":0}
{"time":"2026-04-29T01:00:29.356055+08:00","level":"INFO","msg":"received message","type":"cas","proto-msg":null}
{"time":"2026-04-29T01:00:29.356073+08:00","level":"INFO","msg":"RECEIVED MESSAGE","msg":{"id":73,"src":"c15","dest":"n2","body":{"type":"cas","msg_id":11,"in_reply_to":null,"key":0,"from":4,"to":2}},"msg-type":"cas"}
{"time":"2026-04-29T01:00:29.356079+08:00","level":"INFO","msg":"Received response for proxied message","proxied-msg-id":11,"in-reply-to":0}
{"time":"2026-04-29T01:00:29.527806+08:00","level":"INFO","msg":"received message","type":"cas","proto-msg":null}
{"time":"2026-04-29T01:00:29.527822+08:00","level":"INFO","msg":"RECEIVED MESSAGE","msg":{"id":75,"src":"c15","dest":"n2","body":{"type":"cas","msg_id":12,"in_reply_to":null,"key":0,"from":2,"to":3}},"msg-type":"cas"}
{"time":"2026-04-29T01:00:29.527827+08:00","level":"INFO","msg":"Received response for proxied message","proxied-msg-id":12,"in-reply-to":0}
{"time":"2026-04-29T01:00:29.844491+08:00","level":"INFO","msg":"received message","type":"cas","proto-msg":null}
{"time":"2026-04-29T01:00:29.844508+08:00","level":"INFO","msg":"RECEIVED MESSAGE","msg":{"id":77,"src":"c15","dest":"n2","body":{"type":"cas","msg_id":13,"in_reply_to":null,"key":0,"from":2,"to":0}},"msg-type":"cas"}
{"time":"2026-04-29T01:00:29.844513+08:00","level":"INFO","msg":"Received response for proxied message","proxied-msg-id":13,"in-reply-to":0}
{"time":"2026-04-29T01:00:31.085633+08:00","level":"INFO","msg":"received message","type":"cas","proto-msg":null}
{"time":"2026-04-29T01:00:31.085649+08:00","level":"INFO","msg":"RECEIVED MESSAGE","msg":{"id":85,"src":"c15","dest":"n2","body":{"type":"cas","msg_id":14,"in_reply_to":null,"key":0,"from":4,"to":3}},"msg-type":"cas"}
{"time":"2026-04-29T01:00:31.085654+08:00","level":"INFO","msg":"Received response for proxied message","proxied-msg-id":14,"in-reply-to":0}
{"time":"2026-04-29T01:00:31.239503+08:00","level":"INFO","msg":"received message","type":"cas","proto-msg":null}
{"time":"2026-04-29T01:00:31.23953+08:00","level":"INFO","msg":"RECEIVED MESSAGE","msg":{"id":87,"src":"c15","dest":"n2","body":{"type":"cas","msg_id":15,"in_reply_to":null,"key":0,"from":1,"to":0}},"msg-type":"cas"}
{"time":"2026-04-29T01:00:31.239536+08:00","level":"INFO","msg":"Received response for proxied message","proxied-msg-id":15,"in-reply-to":0}
{"time":"2026-04-29T01:00:31.729866+08:00","level":"INFO","msg":"received message","type":"cas","proto-msg":null}
{"time":"2026-04-29T01:00:31.72991+08:00","level":"INFO","msg":"RECEIVED MESSAGE","msg":{"id":91,"src":"c15","dest":"n2","body":{"type":"cas","msg_id":16,"in_reply_to":null,"key":0,"from":2,"to":4}},"msg-type":"cas"}
{"time":"2026-04-29T01:00:31.729915+08:00","level":"INFO","msg":"Received response for proxied message","proxied-msg-id":16,"in-reply-to":0}
{"time":"2026-04-29T01:00:32.555871+08:00","level":"INFO","msg":"received message","type":"cas","proto-msg":null}
{"time":"2026-04-29T01:00:32.555889+08:00","level":"INFO","msg":"RECEIVED MESSAGE","msg":{"id":96,"src":"c15","dest":"n2","body":{"type":"cas","msg_id":17,"in_reply_to":null,"key":0,"from":2,"to":1}},"msg-type":"cas"}
{"time":"2026-04-29T01:00:32.555894+08:00","level":"INFO","msg":"Received response for proxied message","proxied-msg-id":17,"in-reply-to":0}
{"time":"2026-04-29T01:00:32.633473+08:00","level":"INFO","msg":"received message","type":"read","proto-msg":null}
{"time":"2026-04-29T01:00:32.633493+08:00","level":"INFO","msg":"RECEIVED MESSAGE","msg":{"id":98,"src":"c11","dest":"n2","body":{"type":"read","msg_id":7,"in_reply_to":null,"key":0}},"msg-type":"read"}
{"time":"2026-04-29T01:00:32.633498+08:00","level":"INFO","msg":"Received response for proxied message","proxied-msg-id":7,"in-reply-to":0}
{"time":"2026-04-29T01:00:32.948418+08:00","level":"INFO","msg":"received message","type":"read","proto-msg":null}
{"time":"2026-04-29T01:00:32.948436+08:00","level":"INFO","msg":"RECEIVED MESSAGE","msg":{"id":100,"src":"c11","dest":"n2","body":{"type":"read","msg_id":8,"in_reply_to":null,"key":0}},"msg-type":"read"}
{"time":"2026-04-29T01:00:32.948441+08:00","level":"INFO","msg":"Received response for proxied message","proxied-msg-id":8,"in-reply-to":0}
{"time":"2026-04-29T01:00:33.81983+08:00","level":"INFO","msg":"received message","type":"cas","proto-msg":null}
{"time":"2026-04-29T01:00:33.819848+08:00","level":"INFO","msg":"RECEIVED MESSAGE","msg":{"id":106,"src":"c15","dest":"n2","body":{"type":"cas","msg_id":18,"in_reply_to":null,"key":0,"from":0,"to":3}},"msg-type":"cas"}
{"time":"2026-04-29T01:00:33.819853+08:00","level":"INFO","msg":"Received response for proxied message","proxied-msg-id":18,"in-reply-to":0}
{"time":"2026-04-29T01:00:33.988584+08:00","level":"INFO","msg":"received message","type":"cas","proto-msg":null}
{"time":"2026-04-29T01:00:33.988604+08:00","level":"INFO","msg":"RECEIVED MESSAGE","msg":{"id":108,"src":"c15","dest":"n2","body":{"type":"cas","msg_id":19,"in_reply_to":null,"key":0,"from":0,"to":3}},"msg-type":"cas"}
{"time":"2026-04-29T01:00:33.98861+08:00","level":"INFO","msg":"Received response for proxied message","proxied-msg-id":19,"in-reply-to":0}
{"time":"2026-04-29T01:00:34.30278+08:00","level":"INFO","msg":"received message","type":"write","proto-msg":null}
{"time":"2026-04-29T01:00:34.302797+08:00","level":"INFO","msg":"RECEIVED MESSAGE","msg":{"id":112,"src":"c15","dest":"n2","body":{"type":"write","msg_id":20,"in_reply_to":null,"key":0,"value":4}},"msg-type":"write"}
{"time":"2026-04-29T01:00:34.302803+08:00","level":"INFO","msg":"Received response for proxied message","proxied-msg-id":20,"in-reply-to":0}
{"time":"2026-04-29T01:00:34.789599+08:00","level":"INFO","msg":"received message","type":"read","proto-msg":null}
{"time":"2026-04-29T01:00:34.789619+08:00","level":"INFO","msg":"RECEIVED MESSAGE","msg":{"id":116,"src":"c11","dest":"n2","body":{"type":"read","msg_id":9,"in_reply_to":null,"key":0}},"msg-type":"read"}
{"time":"2026-04-29T01:00:34.789625+08:00","level":"INFO","msg":"Received response for proxied message","proxied-msg-id":9,"in-reply-to":0}
{"time":"2026-04-29T01:00:35.202652+08:00","level":"INFO","msg":"received message","type":"read","proto-msg":null}
{"time":"2026-04-29T01:00:35.202673+08:00","level":"INFO","msg":"RECEIVED MESSAGE","msg":{"id":120,"src":"c11","dest":"n2","body":{"type":"read","msg_id":10,"in_reply_to":null,"key":0}},"msg-type":"read"}
{"time":"2026-04-29T01:00:35.202678+08:00","level":"INFO","msg":"Received response for proxied message","proxied-msg-id":10,"in-reply-to":0}
{"time":"2026-04-29T01:00:35.43171+08:00","level":"INFO","msg":"received message","type":"cas","proto-msg":null}
{"time":"2026-04-29T01:00:35.431729+08:00","level":"INFO","msg":"RECEIVED MESSAGE","msg":{"id":122,"src":"c15","dest":"n2","body":{"type":"cas","msg_id":21,"in_reply_to":null,"key":0,"from":3,"to":4}},"msg-type":"cas"}
{"time":"2026-04-29T01:00:35.431745+08:00","level":"INFO","msg":"Received response for proxied message","proxied-msg-id":21,"in-reply-to":0}
{"time":"2026-04-29T01:00:35.490857+08:00","level":"INFO","msg":"received message","type":"write","proto-msg":null}
{"time":"2026-04-29T01:00:35.490875+08:00","level":"INFO","msg":"RECEIVED MESSAGE","msg":{"id":124,"src":"c15","dest":"n2","body":{"type":"write","msg_id":22,"in_reply_to":null,"key":0,"value":3}},"msg-type":"write"}
{"time":"2026-04-29T01:00:35.49088+08:00","level":"INFO","msg":"Received response for proxied message","proxied-msg-id":22,"in-reply-to":0}
{"time":"2026-04-29T01:00:35.78971+08:00","level":"INFO","msg":"received message","type":"read","proto-msg":null}
{"time":"2026-04-29T01:00:35.789731+08:00","level":"INFO","msg":"RECEIVED MESSAGE","msg":{"id":126,"src":"c11","dest":"n2","body":{"type":"read","msg_id":11,"in_reply_to":null,"key":0}},"msg-type":"read"}
{"time":"2026-04-29T01:00:35.789737+08:00","level":"INFO","msg":"Received response for proxied message","proxied-msg-id":11,"in-reply-to":0}
{"time":"2026-04-29T01:00:36.841706+08:00","level":"INFO","msg":"received message","type":"cas","proto-msg":null}
{"time":"2026-04-29T01:00:36.841728+08:00","level":"INFO","msg":"RECEIVED MESSAGE","msg":{"id":134,"src":"c15","dest":"n2","body":{"type":"cas","msg_id":23,"in_reply_to":null,"key":0,"from":3,"to":2}},"msg-type":"cas"}
{"time":"2026-04-29T01:00:36.841734+08:00","level":"INFO","msg":"Received response for proxied message","proxied-msg-id":23,"in-reply-to":0}
{"time":"2026-04-29T01:00:36.887933+08:00","level":"INFO","msg":"received message","type":"read","proto-msg":null}
{"time":"2026-04-29T01:00:36.887953+08:00","level":"INFO","msg":"RECEIVED MESSAGE","msg":{"id":136,"src":"c11","dest":"n2","body":{"type":"read","msg_id":12,"in_reply_to":null,"key":0}},"msg-type":"read"}
{"time":"2026-04-29T01:00:36.887959+08:00","level":"INFO","msg":"Received response for proxied message","proxied-msg-id":12,"in-reply-to":0}
{"time":"2026-04-29T01:00:37.165511+08:00","level":"INFO","msg":"received message","type":"read","proto-msg":null}
{"time":"2026-04-29T01:00:37.165532+08:00","level":"INFO","msg":"RECEIVED MESSAGE","msg":{"id":138,"src":"c11","dest":"n2","body":{"type":"read","msg_id":13,"in_reply_to":null,"key":0}},"msg-type":"read"}
{"time":"2026-04-29T01:00:37.165539+08:00","level":"INFO","msg":"Received response for proxied message","proxied-msg-id":13,"in-reply-to":0}
{"time":"2026-04-29T01:00:37.507146+08:00","level":"INFO","msg":"received message","type":"read","proto-msg":null}
{"time":"2026-04-29T01:00:37.507175+08:00","level":"INFO","msg":"RECEIVED MESSAGE","msg":{"id":142,"src":"c11","dest":"n2","body":{"type":"read","msg_id":14,"in_reply_to":null,"key":0}},"msg-type":"read"}
{"time":"2026-04-29T01:00:37.507182+08:00","level":"INFO","msg":"Received response for proxied message","proxied-msg-id":14,"in-reply-to":0}
{"time":"2026-04-29T01:00:37.758414+08:00","level":"INFO","msg":"received message","type":"cas","proto-msg":null}
{"time":"2026-04-29T01:00:37.758431+08:00","level":"INFO","msg":"RECEIVED MESSAGE","msg":{"id":145,"src":"c15","dest":"n2","body":{"type":"cas","msg_id":24,"in_reply_to":null,"key":0,"from":3,"to":0}},"msg-type":"cas"}
{"time":"2026-04-29T01:00:37.758436+08:00","level":"INFO","msg":"Received response for proxied message","proxied-msg-id":24,"in-reply-to":0}
{"time":"2026-04-29T01:00:38.285021+08:00","level":"INFO","msg":"received message","type":"write","proto-msg":null}
{"time":"2026-04-29T01:00:38.285037+08:00","level":"INFO","msg":"RECEIVED MESSAGE","msg":{"id":153,"src":"c15","dest":"n2","body":{"type":"write","msg_id":25,"in_reply_to":null,"key":0,"value":3}},"msg-type":"write"}
{"time":"2026-04-29T01:00:38.285042+08:00","level":"INFO","msg":"Received response for proxied message","proxied-msg-id":25,"in-reply-to":0}
{"time":"2026-04-29T01:00:39.106311+08:00","level":"INFO","msg":"received message","type":"read","proto-msg":null}
{"time":"2026-04-29T01:00:39.106335+08:00","level":"INFO","msg":"RECEIVED MESSAGE","msg":{"id":162,"src":"c11","dest":"n2","body":{"type":"read","msg_id":15,"in_reply_to":null,"key":0}},"msg-type":"read"}
{"time":"2026-04-29T01:00:39.106344+08:00","level":"INFO","msg":"Received response for proxied message","proxied-msg-id":15,"in-reply-to":0}
{"time":"2026-04-29T01:00:39.800304+08:00","level":"INFO","msg":"received message","type":"cas","proto-msg":null}
{"time":"2026-04-29T01:00:39.800322+08:00","level":"INFO","msg":"RECEIVED MESSAGE","msg":{"id":168,"src":"c15","dest":"n2","body":{"type":"cas","msg_id":26,"in_reply_to":null,"key":0,"from":1,"to":4}},"msg-type":"cas"}
{"time":"2026-04-29T01:00:39.800327+08:00","level":"INFO","msg":"Received response for proxied message","proxied-msg-id":26,"in-reply-to":0}
{"time":"2026-04-29T01:00:40.202358+08:00","level":"INFO","msg":"received message","type":"write","proto-msg":null}
{"time":"2026-04-29T01:00:40.202378+08:00","level":"INFO","msg":"RECEIVED MESSAGE","msg":{"id":172,"src":"c15","dest":"n2","body":{"type":"write","msg_id":27,"in_reply_to":null,"key":0,"value":0}},"msg-type":"write"}
{"time":"2026-04-29T01:00:40.202403+08:00","level":"INFO","msg":"Received response for proxied message","proxied-msg-id":27,"in-reply-to":0}
{"time":"2026-04-29T01:00:40.33226+08:00","level":"INFO","msg":"received message","type":"cas","proto-msg":null}
{"time":"2026-04-29T01:00:40.332279+08:00","level":"INFO","msg":"RECEIVED MESSAGE","msg":{"id":174,"src":"c15","dest":"n2","body":{"type":"cas","msg_id":28,"in_reply_to":null,"key":0,"from":1,"to":0}},"msg-type":"cas"}
{"time":"2026-04-29T01:00:40.332284+08:00","level":"INFO","msg":"Received response for proxied message","proxied-msg-id":28,"in-reply-to":0}
{"time":"2026-04-29T01:00:41.702411+08:00","level":"INFO","msg":"received message","type":"read","proto-msg":null}
{"time":"2026-04-29T01:00:41.702429+08:00","level":"INFO","msg":"RECEIVED MESSAGE","msg":{"id":184,"src":"c11","dest":"n2","body":{"type":"read","msg_id":16,"in_reply_to":null,"key":1}},"msg-type":"read"}
{"time":"2026-04-29T01:00:41.702434+08:00","level":"INFO","msg":"Received response for proxied message","proxied-msg-id":16,"in-reply-to":0}
{"time":"2026-04-29T01:00:42.022866+08:00","level":"INFO","msg":"received message","type":"write","proto-msg":null}
{"time":"2026-04-29T01:00:42.022888+08:00","level":"INFO","msg":"RECEIVED MESSAGE","msg":{"id":188,"src":"c15","dest":"n2","body":{"type":"write","msg_id":29,"in_reply_to":null,"key":1,"value":4}},"msg-type":"write"}
{"time":"2026-04-29T01:00:42.022894+08:00","level":"INFO","msg":"Received response for proxied message","proxied-msg-id":29,"in-reply-to":0}
{"time":"2026-04-29T01:00:42.630404+08:00","level":"INFO","msg":"received message","type":"read","proto-msg":null}
{"time":"2026-04-29T01:00:42.630424+08:00","level":"INFO","msg":"RECEIVED MESSAGE","msg":{"id":193,"src":"c11","dest":"n2","body":{"type":"read","msg_id":17,"in_reply_to":null,"key":1}},"msg-type":"read"}
{"time":"2026-04-29T01:00:42.63043+08:00","level":"INFO","msg":"Received response for proxied message","proxied-msg-id":17,"in-reply-to":0}
{"time":"2026-04-29T01:00:43.151492+08:00","level":"INFO","msg":"received message","type":"read","proto-msg":null}
{"time":"2026-04-29T01:00:43.15151+08:00","level":"INFO","msg":"RECEIVED MESSAGE","msg":{"id":197,"src":"c11","dest":"n2","body":{"type":"read","msg_id":18,"in_reply_to":null,"key":1}},"msg-type":"read"}
{"time":"2026-04-29T01:00:43.151516+08:00","level":"INFO","msg":"Received response for proxied message","proxied-msg-id":18,"in-reply-to":0}
{"time":"2026-04-29T01:00:43.52787+08:00","level":"INFO","msg":"received message","type":"read","proto-msg":null}
{"time":"2026-04-29T01:00:43.527906+08:00","level":"INFO","msg":"RECEIVED MESSAGE","msg":{"id":201,"src":"c11","dest":"n2","body":{"type":"read","msg_id":19,"in_reply_to":null,"key":1}},"msg-type":"read"}
{"time":"2026-04-29T01:00:43.527913+08:00","level":"INFO","msg":"Received response for proxied message","proxied-msg-id":19,"in-reply-to":0}
{"time":"2026-04-29T01:00:44.116142+08:00","level":"INFO","msg":"received message","type":"read","proto-msg":null}
{"time":"2026-04-29T01:00:44.11616+08:00","level":"INFO","msg":"RECEIVED MESSAGE","msg":{"id":204,"src":"c11","dest":"n2","body":{"type":"read","msg_id":20,"in_reply_to":null,"key":1}},"msg-type":"read"}
{"time":"2026-04-29T01:00:44.116166+08:00","level":"INFO","msg":"Received response for proxied message","proxied-msg-id":20,"in-reply-to":0}
{"time":"2026-04-29T01:00:44.165039+08:00","level":"INFO","msg":"received message","type":"write","proto-msg":null}
{"time":"2026-04-29T01:00:44.165057+08:00","level":"INFO","msg":"RECEIVED MESSAGE","msg":{"id":206,"src":"c15","dest":"n2","body":{"type":"write","msg_id":30,"in_reply_to":null,"key":1,"value":3}},"msg-type":"write"}
{"time":"2026-04-29T01:00:44.165062+08:00","level":"INFO","msg":"Received response for proxied message","proxied-msg-id":30,"in-reply-to":0}
{"time":"2026-04-29T01:00:44.805853+08:00","level":"INFO","msg":"received message","type":"cas","proto-msg":null}
{"time":"2026-04-29T01:00:44.80589+08:00","level":"INFO","msg":"RECEIVED MESSAGE","msg":{"id":211,"src":"c15","dest":"n2","body":{"type":"cas","msg_id":31,"in_reply_to":null,"key":1,"from":0,"to":4}},"msg-type":"cas"}
{"time":"2026-04-29T01:00:44.805896+08:00","level":"INFO","msg":"Received response for proxied message","proxied-msg-id":31,"in-reply-to":0}
{"time":"2026-04-29T01:00:45.032148+08:00","level":"INFO","msg":"received message","type":"read","proto-msg":null}
{"time":"2026-04-29T01:00:45.032191+08:00","level":"INFO","msg":"RECEIVED MESSAGE","msg":{"id":214,"src":"c11","dest":"n2","body":{"type":"read","msg_id":21,"in_reply_to":null,"key":1}},"msg-type":"read"}
{"time":"2026-04-29T01:00:45.032198+08:00","level":"INFO","msg":"Received response for proxied message","proxied-msg-id":21,"in-reply-to":0}
{"time":"2026-04-29T01:00:45.254422+08:00","level":"INFO","msg":"received message","type":"read","proto-msg":null}
{"time":"2026-04-29T01:00:45.254446+08:00","level":"INFO","msg":"RECEIVED MESSAGE","msg":{"id":216,"src":"c11","dest":"n2","body":{"type":"read","msg_id":22,"in_reply_to":null,"key":1}},"msg-type":"read"}
{"time":"2026-04-29T01:00:45.254451+08:00","level":"INFO","msg":"Received response for proxied message","proxied-msg-id":22,"in-reply-to":0}
{"time":"2026-04-29T01:00:45.561158+08:00","level":"INFO","msg":"received message","type":"write","proto-msg":null}
{"time":"2026-04-29T01:00:45.561177+08:00","level":"INFO","msg":"RECEIVED MESSAGE","msg":{"id":220,"src":"c15","dest":"n2","body":{"type":"write","msg_id":32,"in_reply_to":null,"key":1,"value":2}},"msg-type":"write"}
{"time":"2026-04-29T01:00:45.561183+08:00","level":"INFO","msg":"Received response for proxied message","proxied-msg-id":32,"in-reply-to":0}
{"time":"2026-04-29T01:00:46.078822+08:00","level":"INFO","msg":"received message","type":"read","proto-msg":null}
{"time":"2026-04-29T01:00:46.078844+08:00","level":"INFO","msg":"RECEIVED MESSAGE","msg":{"id":223,"src":"c11","dest":"n2","body":{"type":"read","msg_id":23,"in_reply_to":null,"key":1}},"msg-type":"read"}
{"time":"2026-04-29T01:00:46.078849+08:00","level":"INFO","msg":"Received response for proxied message","proxied-msg-id":23,"in-reply-to":0}
{"time":"2026-04-29T01:00:47.983711+08:00","level":"INFO","msg":"received message","type":"read","proto-msg":null}
{"time":"2026-04-29T01:00:47.98373+08:00","level":"INFO","msg":"RECEIVED MESSAGE","msg":{"id":237,"src":"c11","dest":"n2","body":{"type":"read","msg_id":24,"in_reply_to":null,"key":1}},"msg-type":"read"}
{"time":"2026-04-29T01:00:47.983735+08:00","level":"INFO","msg":"Received response for proxied message","proxied-msg-id":24,"in-reply-to":0}
{"time":"2026-04-29T01:00:47.987665+08:00","level":"INFO","msg":"received message","type":"read","proto-msg":null}
{"time":"2026-04-29T01:00:47.987684+08:00","level":"INFO","msg":"RECEIVED MESSAGE","msg":{"id":239,"src":"c11","dest":"n2","body":{"type":"read","msg_id":25,"in_reply_to":null,"key":1}},"msg-type":"read"}
{"time":"2026-04-29T01:00:47.987689+08:00","level":"INFO","msg":"Received response for proxied message","proxied-msg-id":25,"in-reply-to":0}
{"time":"2026-04-29T01:00:48.543966+08:00","level":"INFO","msg":"received message","type":"read","proto-msg":null}
{"time":"2026-04-29T01:00:48.543985+08:00","level":"INFO","msg":"RECEIVED MESSAGE","msg":{"id":242,"src":"c11","dest":"n2","body":{"type":"read","msg_id":26,"in_reply_to":null,"key":1}},"msg-type":"read"}
{"time":"2026-04-29T01:00:48.543991+08:00","level":"INFO","msg":"Received response for proxied message","proxied-msg-id":26,"in-reply-to":0}
{"time":"2026-04-29T01:00:49.316298+08:00","level":"INFO","msg":"received message","type":"write","proto-msg":null}
{"time":"2026-04-29T01:00:49.316317+08:00","level":"INFO","msg":"RECEIVED MESSAGE","msg":{"id":248,"src":"c15","dest":"n2","body":{"type":"write","msg_id":33,"in_reply_to":null,"key":1,"value":2}},"msg-type":"write"}
{"time":"2026-04-29T01:00:49.316323+08:00","level":"INFO","msg":"Received response for proxied message","proxied-msg-id":33,"in-reply-to":0}
{"time":"2026-04-29T01:00:50.076876+08:00","level":"INFO","msg":"received message","type":"cas","proto-msg":null}
{"time":"2026-04-29T01:00:50.076893+08:00","level":"INFO","msg":"RECEIVED MESSAGE","msg":{"id":251,"src":"c15","dest":"n2","body":{"type":"cas","msg_id":34,"in_reply_to":null,"key":1,"from":2,"to":4}},"msg-type":"cas"}
{"time":"2026-04-29T01:00:50.076899+08:00","level":"INFO","msg":"Received response for proxied message","proxied-msg-id":34,"in-reply-to":0}
{"time":"2026-04-29T01:00:50.654608+08:00","level":"INFO","msg":"received message","type":"read","proto-msg":null}
{"time":"2026-04-29T01:00:50.654647+08:00","level":"INFO","msg":"RECEIVED MESSAGE","msg":{"id":254,"src":"c11","dest":"n2","body":{"type":"read","msg_id":27,"in_reply_to":null,"key":1}},"msg-type":"read"}
{"time":"2026-04-29T01:00:50.654654+08:00","level":"INFO","msg":"Received response for proxied message","proxied-msg-id":27,"in-reply-to":0}
{"time":"2026-04-29T01:00:50.760144+08:00","level":"INFO","msg":"received message","type":"read","proto-msg":null}
{"time":"2026-04-29T01:00:50.760161+08:00","level":"INFO","msg":"RECEIVED MESSAGE","msg":{"id":256,"src":"c11","dest":"n2","body":{"type":"read","msg_id":28,"in_reply_to":null,"key":1}},"msg-type":"read"}
{"time":"2026-04-29T01:00:50.760165+08:00","level":"INFO","msg":"Received response for proxied message","proxied-msg-id":28,"in-reply-to":0}
{"time":"2026-04-29T01:00:51.034292+08:00","level":"INFO","msg":"received message","type":"read","proto-msg":null}
{"time":"2026-04-29T01:00:51.034315+08:00","level":"INFO","msg":"RECEIVED MESSAGE","msg":{"id":259,"src":"c11","dest":"n2","body":{"type":"read","msg_id":29,"in_reply_to":null,"key":1}},"msg-type":"read"}
{"time":"2026-04-29T01:00:51.034321+08:00","level":"INFO","msg":"Received response for proxied message","proxied-msg-id":29,"in-reply-to":0}
{"time":"2026-04-29T01:00:51.078215+08:00","level":"INFO","msg":"received message","type":"read","proto-msg":null}
{"time":"2026-04-29T01:00:51.078232+08:00","level":"INFO","msg":"RECEIVED MESSAGE","msg":{"id":261,"src":"c11","dest":"n2","body":{"type":"read","msg_id":30,"in_reply_to":null,"key":1}},"msg-type":"read"}
{"time":"2026-04-29T01:00:51.078237+08:00","level":"INFO","msg":"Received response for proxied message","proxied-msg-id":30,"in-reply-to":0}
{"time":"2026-04-29T01:00:51.106674+08:00","level":"INFO","msg":"received message","type":"cas","proto-msg":null}
{"time":"2026-04-29T01:00:51.106695+08:00","level":"INFO","msg":"RECEIVED MESSAGE","msg":{"id":263,"src":"c15","dest":"n2","body":{"type":"cas","msg_id":35,"in_reply_to":null,"key":1,"from":1,"to":0}},"msg-type":"cas"}
{"time":"2026-04-29T01:00:51.10671+08:00","level":"INFO","msg":"Received response for proxied message","proxied-msg-id":35,"in-reply-to":0}
{"time":"2026-04-29T01:00:51.185107+08:00","level":"INFO","msg":"received message","type":"write","proto-msg":null}
{"time":"2026-04-29T01:00:51.185122+08:00","level":"INFO","msg":"RECEIVED MESSAGE","msg":{"id":267,"src":"c15","dest":"n2","body":{"type":"write","msg_id":36,"in_reply_to":null,"key":1,"value":2}},"msg-type":"write"}
{"time":"2026-04-29T01:00:51.185128+08:00","level":"INFO","msg":"Received response for proxied message","proxied-msg-id":36,"in-reply-to":0}
{"time":"2026-04-29T01:00:51.707159+08:00","level":"INFO","msg":"received message","type":"read","proto-msg":null}
{"time":"2026-04-29T01:00:51.707175+08:00","level":"INFO","msg":"RECEIVED MESSAGE","msg":{"id":270,"src":"c11","dest":"n2","body":{"type":"read","msg_id":31,"in_reply_to":null,"key":1}},"msg-type":"read"}
{"time":"2026-04-29T01:00:51.70718+08:00","level":"INFO","msg":"Received response for proxied message","proxied-msg-id":31,"in-reply-to":0}
{"time":"2026-04-29T01:00:51.755428+08:00","level":"INFO","msg":"received message","type":"read","proto-msg":null}
{"time":"2026-04-29T01:00:51.755444+08:00","level":"INFO","msg":"RECEIVED MESSAGE","msg":{"id":272,"src":"c11","dest":"n2","body":{"type":"read","msg_id":32,"in_reply_to":null,"key":1}},"msg-type":"read"}
{"time":"2026-04-29T01:00:51.755449+08:00","level":"INFO","msg":"Received response for proxied message","proxied-msg-id":32,"in-reply-to":0}
{"time":"2026-04-29T01:00:51.839+08:00","level":"INFO","msg":"received message","type":"read","proto-msg":null}
{"time":"2026-04-29T01:00:51.83902+08:00","level":"INFO","msg":"RECEIVED MESSAGE","msg":{"id":274,"src":"c11","dest":"n2","body":{"type":"read","msg_id":33,"in_reply_to":null,"key":1}},"msg-type":"read"}
{"time":"2026-04-29T01:00:51.839025+08:00","level":"INFO","msg":"Received response for proxied message","proxied-msg-id":33,"in-reply-to":0}
{"time":"2026-04-29T01:00:51.949084+08:00","level":"INFO","msg":"received message","type":"read","proto-msg":null}
{"time":"2026-04-29T01:00:51.949106+08:00","level":"INFO","msg":"RECEIVED MESSAGE","msg":{"id":278,"src":"c11","dest":"n2","body":{"type":"read","msg_id":34,"in_reply_to":null,"key":1}},"msg-type":"read"}
{"time":"2026-04-29T01:00:51.949146+08:00","level":"INFO","msg":"Received response for proxied message","proxied-msg-id":34,"in-reply-to":0}
{"time":"2026-04-29T01:00:52.270086+08:00","level":"INFO","msg":"received message","type":"read","proto-msg":null}
{"time":"2026-04-29T01:00:52.270113+08:00","level":"INFO","msg":"RECEIVED MESSAGE","msg":{"id":280,"src":"c11","dest":"n2","body":{"type":"read","msg_id":35,"in_reply_to":null,"key":1}},"msg-type":"read"}
{"time":"2026-04-29T01:00:52.270122+08:00","level":"INFO","msg":"Received response for proxied message","proxied-msg-id":35,"in-reply-to":0}
{"time":"2026-04-29T01:00:52.299543+08:00","level":"INFO","msg":"received message","type":"read","proto-msg":null}
{"time":"2026-04-29T01:00:52.299566+08:00","level":"INFO","msg":"RECEIVED MESSAGE","msg":{"id":282,"src":"c11","dest":"n2","body":{"type":"read","msg_id":36,"in_reply_to":null,"key":1}},"msg-type":"read"}
{"time":"2026-04-29T01:00:52.299573+08:00","level":"INFO","msg":"Received response for proxied message","proxied-msg-id":36,"in-reply-to":0}
{"time":"2026-04-29T01:00:53.289124+08:00","level":"INFO","msg":"received message","type":"write","proto-msg":null}
{"time":"2026-04-29T01:00:53.28915+08:00","level":"INFO","msg":"RECEIVED MESSAGE","msg":{"id":290,"src":"c15","dest":"n2","body":{"type":"write","msg_id":37,"in_reply_to":null,"key":1,"value":1}},"msg-type":"write"}
{"time":"2026-04-29T01:00:53.289157+08:00","level":"INFO","msg":"Received response for proxied message","proxied-msg-id":37,"in-reply-to":0}
{"time":"2026-04-29T01:00:53.466265+08:00","level":"INFO","msg":"received message","type":"read","proto-msg":null}
{"time":"2026-04-29T01:00:53.466304+08:00","level":"INFO","msg":"RECEIVED MESSAGE","msg":{"id":292,"src":"c11","dest":"n2","body":{"type":"read","msg_id":37,"in_reply_to":null,"key":1}},"msg-type":"read"}
{"time":"2026-04-29T01:00:53.466309+08:00","level":"INFO","msg":"Received response for proxied message","proxied-msg-id":37,"in-reply-to":0}
{"time":"2026-04-29T01:00:53.788504+08:00","level":"INFO","msg":"received message","type":"read","proto-msg":null}
{"time":"2026-04-29T01:00:53.788524+08:00","level":"INFO","msg":"RECEIVED MESSAGE","msg":{"id":294,"src":"c11","dest":"n2","body":{"type":"read","msg_id":38,"in_reply_to":null,"key":1}},"msg-type":"read"}
{"time":"2026-04-29T01:00:53.788529+08:00","level":"INFO","msg":"Received response for proxied message","proxied-msg-id":38,"in-reply-to":0}
{"time":"2026-04-29T01:00:54.546474+08:00","level":"INFO","msg":"received message","type":"read","proto-msg":null}
{"time":"2026-04-29T01:00:54.546492+08:00","level":"INFO","msg":"RECEIVED MESSAGE","msg":{"id":299,"src":"c11","dest":"n2","body":{"type":"read","msg_id":39,"in_reply_to":null,"key":1}},"msg-type":"read"}
{"time":"2026-04-29T01:00:54.5465+08:00","level":"INFO","msg":"Received response for proxied message","proxied-msg-id":39,"in-reply-to":0}
{"time":"2026-04-29T01:00:54.796483+08:00","level":"INFO","msg":"received message","type":"write","proto-msg":null}
{"time":"2026-04-29T01:00:54.796506+08:00","level":"INFO","msg":"RECEIVED MESSAGE","msg":{"id":302,"src":"c15","dest":"n2","body":{"type":"write","msg_id":38,"in_reply_to":null,"key":1,"value":1}},"msg-type":"write"}
{"time":"2026-04-29T01:00:54.796511+08:00","level":"INFO","msg":"Received response for proxied message","proxied-msg-id":38,"in-reply-to":0}
{"time":"2026-04-29T01:00:55.254337+08:00","level":"INFO","msg":"received message","type":"cas","proto-msg":null}
{"time":"2026-04-29T01:00:55.254355+08:00","level":"INFO","msg":"RECEIVED MESSAGE","msg":{"id":306,"src":"c15","dest":"n2","body":{"type":"cas","msg_id":39,"in_reply_to":null,"key":1,"from":3,"to":0}},"msg-type":"cas"}
{"time":"2026-04-29T01:00:55.254361+08:00","level":"INFO","msg":"Received response for proxied message","proxied-msg-id":39,"in-reply-to":0}
{"time":"2026-04-29T01:00:55.619202+08:00","level":"INFO","msg":"received message","type":"cas","proto-msg":null}
{"time":"2026-04-29T01:00:55.619222+08:00","level":"INFO","msg":"RECEIVED MESSAGE","msg":{"id":309,"src":"c15","dest":"n2","body":{"type":"cas","msg_id":40,"in_reply_to":null,"key":1,"from":3,"to":1}},"msg-type":"cas"}
{"time":"2026-04-29T01:00:55.619228+08:00","level":"INFO","msg":"Received response for proxied message","proxied-msg-id":40,"in-reply-to":0}
{"time":"2026-04-29T01:00:56.141901+08:00","level":"INFO","msg":"received message","type":"read","proto-msg":null}
{"time":"2026-04-29T01:00:56.141922+08:00","level":"INFO","msg":"RECEIVED MESSAGE","msg":{"id":315,"src":"c11","dest":"n2","body":{"type":"read","msg_id":40,"in_reply_to":null,"key":1}},"msg-type":"read"}
{"time":"2026-04-29T01:00:56.141927+08:00","level":"INFO","msg":"Received response for proxied message","proxied-msg-id":40,"in-reply-to":0}
{"time":"2026-04-29T01:00:56.769296+08:00","level":"INFO","msg":"received message","type":"cas","proto-msg":null}
{"time":"2026-04-29T01:00:56.769315+08:00","level":"INFO","msg":"RECEIVED MESSAGE","msg":{"id":318,"src":"c15","dest":"n2","body":{"type":"cas","msg_id":41,"in_reply_to":null,"key":1,"from":1,"to":1}},"msg-type":"cas"}
{"time":"2026-04-29T01:00:56.769321+08:00","level":"INFO","msg":"Received response for proxied message","proxied-msg-id":41,"in-reply-to":0}
{"time":"2026-04-29T01:00:56.845748+08:00","level":"INFO","msg":"received message","type":"cas","proto-msg":null}
{"time":"2026-04-29T01:00:56.845767+08:00","level":"INFO","msg":"RECEIVED MESSAGE","msg":{"id":320,"src":"c15","dest":"n2","body":{"type":"cas","msg_id":42,"in_reply_to":null,"key":1,"from":2,"to":3}},"msg-type":"cas"}
{"time":"2026-04-29T01:00:56.845772+08:00","level":"INFO","msg":"Received response for proxied message","proxied-msg-id":42,"in-reply-to":0}
{"time":"2026-04-29T01:00:57.480128+08:00","level":"INFO","msg":"received message","type":"cas","proto-msg":null}
{"time":"2026-04-29T01:00:57.480148+08:00","level":"INFO","msg":"RECEIVED MESSAGE","msg":{"id":329,"src":"c15","dest":"n2","body":{"type":"cas","msg_id":43,"in_reply_to":null,"key":2,"from":2,"to":3}},"msg-type":"cas"}
{"time":"2026-04-29T01:00:57.480153+08:00","level":"INFO","msg":"Received response for proxied message","proxied-msg-id":43,"in-reply-to":0}
{"time":"2026-04-29T01:00:57.969626+08:00","level":"INFO","msg":"received message","type":"read","proto-msg":null}
{"time":"2026-04-29T01:00:57.96965+08:00","level":"INFO","msg":"RECEIVED MESSAGE","msg":{"id":335,"src":"c11","dest":"n2","body":{"type":"read","msg_id":41,"in_reply_to":null,"key":2}},"msg-type":"read"}
{"time":"2026-04-29T01:00:57.969656+08:00","level":"INFO","msg":"Received response for proxied message","proxied-msg-id":41,"in-reply-to":0}
{"time":"2026-04-29T01:00:58.300338+08:00","level":"INFO","msg":"received message","type":"read","proto-msg":null}
{"time":"2026-04-29T01:00:58.300355+08:00","level":"INFO","msg":"RECEIVED MESSAGE","msg":{"id":337,"src":"c11","dest":"n2","body":{"type":"read","msg_id":42,"in_reply_to":null,"key":2}},"msg-type":"read"}
{"time":"2026-04-29T01:00:58.30036+08:00","level":"INFO","msg":"Received response for proxied message","proxied-msg-id":42,"in-reply-to":0}
{"time":"2026-04-29T01:00:58.393058+08:00","level":"INFO","msg":"received message","type":"read","proto-msg":null}
{"time":"2026-04-29T01:00:58.393076+08:00","level":"INFO","msg":"RECEIVED MESSAGE","msg":{"id":339,"src":"c11","dest":"n2","body":{"type":"read","msg_id":43,"in_reply_to":null,"key":2}},"msg-type":"read"}
{"time":"2026-04-29T01:00:58.393081+08:00","level":"INFO","msg":"Received response for proxied message","proxied-msg-id":43,"in-reply-to":0}
{"time":"2026-04-29T01:00:58.462922+08:00","level":"INFO","msg":"received message","type":"read","proto-msg":null}
{"time":"2026-04-29T01:00:58.462939+08:00","level":"INFO","msg":"RECEIVED MESSAGE","msg":{"id":341,"src":"c11","dest":"n2","body":{"type":"read","msg_id":44,"in_reply_to":null,"key":2}},"msg-type":"read"}
{"time":"2026-04-29T01:00:58.462945+08:00","level":"INFO","msg":"Received response for proxied message","proxied-msg-id":44,"in-reply-to":0}
{"time":"2026-04-29T01:00:58.603978+08:00","level":"INFO","msg":"received message","type":"write","proto-msg":null}
{"time":"2026-04-29T01:00:58.603997+08:00","level":"INFO","msg":"RECEIVED MESSAGE","msg":{"id":344,"src":"c15","dest":"n2","body":{"type":"write","msg_id":44,"in_reply_to":null,"key":2,"value":0}},"msg-type":"write"}
{"time":"2026-04-29T01:00:58.604003+08:00","level":"INFO","msg":"Received response for proxied message","proxied-msg-id":44,"in-reply-to":0}
{"time":"2026-04-29T01:00:59.521987+08:00","level":"INFO","msg":"received message","type":"read","proto-msg":null}
{"time":"2026-04-29T01:00:59.522005+08:00","level":"INFO","msg":"RECEIVED MESSAGE","msg":{"id":349,"src":"c11","dest":"n2","body":{"type":"read","msg_id":45,"in_reply_to":null,"key":2}},"msg-type":"read"}
{"time":"2026-04-29T01:00:59.52201+08:00","level":"INFO","msg":"Received response for proxied message","proxied-msg-id":45,"in-reply-to":0}
{"time":"2026-04-29T01:00:59.574726+08:00","level":"INFO","msg":"received message","type":"read","proto-msg":null}
{"time":"2026-04-29T01:00:59.574771+08:00","level":"INFO","msg":"RECEIVED MESSAGE","msg":{"id":351,"src":"c11","dest":"n2","body":{"type":"read","msg_id":46,"in_reply_to":null,"key":2}},"msg-type":"read"}
{"time":"2026-04-29T01:00:59.574777+08:00","level":"INFO","msg":"Received response for proxied message","proxied-msg-id":46,"in-reply-to":0}
{"time":"2026-04-29T01:01:00.129428+08:00","level":"INFO","msg":"received message","type":"read","proto-msg":null}
{"time":"2026-04-29T01:01:00.129446+08:00","level":"INFO","msg":"RECEIVED MESSAGE","msg":{"id":355,"src":"c11","dest":"n2","body":{"type":"read","msg_id":47,"in_reply_to":null,"key":2}},"msg-type":"read"}
{"time":"2026-04-29T01:01:00.129452+08:00","level":"INFO","msg":"Received response for proxied message","proxied-msg-id":47,"in-reply-to":0}
{"time":"2026-04-29T01:01:00.561452+08:00","level":"INFO","msg":"received message","type":"read","proto-msg":null}
{"time":"2026-04-29T01:01:00.561485+08:00","level":"INFO","msg":"RECEIVED MESSAGE","msg":{"id":358,"src":"c11","dest":"n2","body":{"type":"read","msg_id":48,"in_reply_to":null,"key":2}},"msg-type":"read"}
{"time":"2026-04-29T01:01:00.561491+08:00","level":"INFO","msg":"Received response for proxied message","proxied-msg-id":48,"in-reply-to":0}
{"time":"2026-04-29T01:01:01.689297+08:00","level":"INFO","msg":"received message","type":"write","proto-msg":null}
{"time":"2026-04-29T01:01:01.689325+08:00","level":"INFO","msg":"RECEIVED MESSAGE","msg":{"id":365,"src":"c15","dest":"n2","body":{"type":"write","msg_id":45,"in_reply_to":null,"key":2,"value":3}},"msg-type":"write"}
{"time":"2026-04-29T01:01:01.689331+08:00","level":"INFO","msg":"Received response for proxied message","proxied-msg-id":45,"in-reply-to":0}
{"time":"2026-04-29T01:01:01.825666+08:00","level":"INFO","msg":"received message","type":"write","proto-msg":null}
{"time":"2026-04-29T01:01:01.825689+08:00","level":"INFO","msg":"RECEIVED MESSAGE","msg":{"id":367,"src":"c15","dest":"n2","body":{"type":"write","msg_id":46,"in_reply_to":null,"key":2,"value":3}},"msg-type":"write"}
{"time":"2026-04-29T01:01:01.825696+08:00","level":"INFO","msg":"Received response for proxied message","proxied-msg-id":46,"in-reply-to":0}
{"time":"2026-04-29T01:01:02.321373+08:00","level":"INFO","msg":"received message","type":"read","proto-msg":null}
{"time":"2026-04-29T01:01:02.3214+08:00","level":"INFO","msg":"RECEIVED MESSAGE","msg":{"id":370,"src":"c11","dest":"n2","body":{"type":"read","msg_id":49,"in_reply_to":null,"key":2}},"msg-type":"read"}
{"time":"2026-04-29T01:01:02.321406+08:00","level":"INFO","msg":"Received response for proxied message","proxied-msg-id":49,"in-reply-to":0}
{"time":"2026-04-29T01:01:02.582035+08:00","level":"INFO","msg":"received message","type":"read","proto-msg":null}
{"time":"2026-04-29T01:01:02.582054+08:00","level":"INFO","msg":"RECEIVED MESSAGE","msg":{"id":374,"src":"c11","dest":"n2","body":{"type":"read","msg_id":50,"in_reply_to":null,"key":2}},"msg-type":"read"}
{"time":"2026-04-29T01:01:02.582061+08:00","level":"INFO","msg":"Received response for proxied message","proxied-msg-id":50,"in-reply-to":0}
{"time":"2026-04-29T01:01:02.7843+08:00","level":"INFO","msg":"received message","type":"read","proto-msg":null}
{"time":"2026-04-29T01:01:02.78432+08:00","level":"INFO","msg":"RECEIVED MESSAGE","msg":{"id":376,"src":"c11","dest":"n2","body":{"type":"read","msg_id":51,"in_reply_to":null,"key":2}},"msg-type":"read"}
{"time":"2026-04-29T01:01:02.784326+08:00","level":"INFO","msg":"Received response for proxied message","proxied-msg-id":51,"in-reply-to":0}
{"time":"2026-04-29T01:01:02.937564+08:00","level":"INFO","msg":"received message","type":"read","proto-msg":null}
{"time":"2026-04-29T01:01:02.93759+08:00","level":"INFO","msg":"RECEIVED MESSAGE","msg":{"id":379,"src":"c11","dest":"n2","body":{"type":"read","msg_id":52,"in_reply_to":null,"key":2}},"msg-type":"read"}
{"time":"2026-04-29T01:01:02.937596+08:00","level":"INFO","msg":"Received response for proxied message","proxied-msg-id":52,"in-reply-to":0}
{"time":"2026-04-29T01:01:03.308635+08:00","level":"INFO","msg":"received message","type":"write","proto-msg":null}
{"time":"2026-04-29T01:01:03.308657+08:00","level":"INFO","msg":"RECEIVED MESSAGE","msg":{"id":381,"src":"c15","dest":"n2","body":{"type":"write","msg_id":47,"in_reply_to":null,"key":2,"value":3}},"msg-type":"write"}
{"time":"2026-04-29T01:01:03.308662+08:00","level":"INFO","msg":"Received response for proxied message","proxied-msg-id":47,"in-reply-to":0}
{"time":"2026-04-29T01:01:03.614319+08:00","level":"INFO","msg":"received message","type":"cas","proto-msg":null}
{"time":"2026-04-29T01:01:03.614339+08:00","level":"INFO","msg":"RECEIVED MESSAGE","msg":{"id":385,"src":"c15","dest":"n2","body":{"type":"cas","msg_id":48,"in_reply_to":null,"key":2,"from":0,"to":1}},"msg-type":"cas"}
{"time":"2026-04-29T01:01:03.614345+08:00","level":"INFO","msg":"Received response for proxied message","proxied-msg-id":48,"in-reply-to":0}
{"time":"2026-04-29T01:01:03.886644+08:00","level":"INFO","msg":"received message","type":"cas","proto-msg":null}
{"time":"2026-04-29T01:01:03.886661+08:00","level":"INFO","msg":"RECEIVED MESSAGE","msg":{"id":388,"src":"c15","dest":"n2","body":{"type":"cas","msg_id":49,"in_reply_to":null,"key":2,"from":1,"to":1}},"msg-type":"cas"}
{"time":"2026-04-29T01:01:03.886667+08:00","level":"INFO","msg":"Received response for proxied message","proxied-msg-id":49,"in-reply-to":0}
{"time":"2026-04-29T01:01:04.285911+08:00","level":"INFO","msg":"received message","type":"read","proto-msg":null}
{"time":"2026-04-29T01:01:04.285934+08:00","level":"INFO","msg":"RECEIVED MESSAGE","msg":{"id":390,"src":"c11","dest":"n2","body":{"type":"read","msg_id":53,"in_reply_to":null,"key":2}},"msg-type":"read"}
{"time":"2026-04-29T01:01:04.285942+08:00","level":"INFO","msg":"Received response for proxied message","proxied-msg-id":53,"in-reply-to":0}
{"time":"2026-04-29T01:01:05.029129+08:00","level":"INFO","msg":"received message","type":"read","proto-msg":null}
{"time":"2026-04-29T01:01:05.029147+08:00","level":"INFO","msg":"RECEIVED MESSAGE","msg":{"id":395,"src":"c11","dest":"n2","body":{"type":"read","msg_id":54,"in_reply_to":null,"key":2}},"msg-type":"read"}
{"time":"2026-04-29T01:01:05.029152+08:00","level":"INFO","msg":"Received response for proxied message","proxied-msg-id":54,"in-reply-to":0}
{"time":"2026-04-29T01:01:05.478455+08:00","level":"INFO","msg":"received message","type":"write","proto-msg":null}
{"time":"2026-04-29T01:01:05.478472+08:00","level":"INFO","msg":"RECEIVED MESSAGE","msg":{"id":398,"src":"c15","dest":"n2","body":{"type":"write","msg_id":50,"in_reply_to":null,"key":2,"value":0}},"msg-type":"write"}
{"time":"2026-04-29T01:01:05.478478+08:00","level":"INFO","msg":"Received response for proxied message","proxied-msg-id":50,"in-reply-to":0}
{"time":"2026-04-29T01:01:08.142872+08:00","level":"INFO","msg":"received message","type":"write","proto-msg":null}
{"time":"2026-04-29T01:01:08.142888+08:00","level":"INFO","msg":"RECEIVED MESSAGE","msg":{"id":416,"src":"c15","dest":"n2","body":{"type":"write","msg_id":51,"in_reply_to":null,"key":2,"value":4}},"msg-type":"write"}
{"time":"2026-04-29T01:01:08.142894+08:00","level":"INFO","msg":"Received response for proxied message","proxied-msg-id":51,"in-reply-to":0}
{"time":"2026-04-29T01:01:08.282105+08:00","level":"INFO","msg":"received message","type":"write","proto-msg":null}
{"time":"2026-04-29T01:01:08.282122+08:00","level":"INFO","msg":"RECEIVED MESSAGE","msg":{"id":418,"src":"c15","dest":"n2","body":{"type":"write","msg_id":52,"in_reply_to":null,"key":2,"value":3}},"msg-type":"write"}
{"time":"2026-04-29T01:01:08.282128+08:00","level":"INFO","msg":"Received response for proxied message","proxied-msg-id":52,"in-reply-to":0}
{"time":"2026-04-29T01:01:08.576125+08:00","level":"INFO","msg":"received message","type":"cas","proto-msg":null}
{"time":"2026-04-29T01:01:08.576145+08:00","level":"INFO","msg":"RECEIVED MESSAGE","msg":{"id":420,"src":"c15","dest":"n2","body":{"type":"cas","msg_id":53,"in_reply_to":null,"key":2,"from":1,"to":2}},"msg-type":"cas"}
{"time":"2026-04-29T01:01:08.576151+08:00","level":"INFO","msg":"Received response for proxied message","proxied-msg-id":53,"in-reply-to":0}
{"time":"2026-04-29T01:01:09.05896+08:00","level":"INFO","msg":"received message","type":"read","proto-msg":null}
{"time":"2026-04-29T01:01:09.058978+08:00","level":"INFO","msg":"RECEIVED MESSAGE","msg":{"id":424,"src":"c11","dest":"n2","body":{"type":"read","msg_id":55,"in_reply_to":null,"key":2}},"msg-type":"read"}
{"time":"2026-04-29T01:01:09.058984+08:00","level":"INFO","msg":"Received response for proxied message","proxied-msg-id":55,"in-reply-to":0}
{"time":"2026-04-29T01:01:09.399782+08:00","level":"INFO","msg":"received message","type":"read","proto-msg":null}
{"time":"2026-04-29T01:01:09.399826+08:00","level":"INFO","msg":"RECEIVED MESSAGE","msg":{"id":426,"src":"c11","dest":"n2","body":{"type":"read","msg_id":56,"in_reply_to":null,"key":2}},"msg-type":"read"}
{"time":"2026-04-29T01:01:09.399842+08:00","level":"INFO","msg":"Received response for proxied message","proxied-msg-id":56,"in-reply-to":0}
{"time":"2026-04-29T01:01:09.936145+08:00","level":"INFO","msg":"received message","type":"read","proto-msg":null}
{"time":"2026-04-29T01:01:09.936199+08:00","level":"INFO","msg":"RECEIVED MESSAGE","msg":{"id":430,"src":"c11","dest":"n2","body":{"type":"read","msg_id":57,"in_reply_to":null,"key":2}},"msg-type":"read"}
{"time":"2026-04-29T01:01:09.936205+08:00","level":"INFO","msg":"Received response for proxied message","proxied-msg-id":57,"in-reply-to":0}
{"time":"2026-04-29T01:01:10.240963+08:00","level":"INFO","msg":"received message","type":"cas","proto-msg":null}
{"time":"2026-04-29T01:01:10.240983+08:00","level":"INFO","msg":"RECEIVED MESSAGE","msg":{"id":433,"src":"c15","dest":"n2","body":{"type":"cas","msg_id":54,"in_reply_to":null,"key":2,"from":3,"to":4}},"msg-type":"cas"}
{"time":"2026-04-29T01:01:10.240989+08:00","level":"INFO","msg":"Received response for proxied message","proxied-msg-id":54,"in-reply-to":0}
{"time":"2026-04-29T01:01:10.467257+08:00","level":"INFO","msg":"received message","type":"read","proto-msg":null}
{"time":"2026-04-29T01:01:10.467278+08:00","level":"INFO","msg":"RECEIVED MESSAGE","msg":{"id":435,"src":"c11","dest":"n2","body":{"type":"read","msg_id":58,"in_reply_to":null,"key":2}},"msg-type":"read"}
{"time":"2026-04-29T01:01:10.467284+08:00","level":"INFO","msg":"Received response for proxied message","proxied-msg-id":58,"in-reply-to":0}
{"time":"2026-04-29T01:01:10.989632+08:00","level":"INFO","msg":"received message","type":"write","proto-msg":null}
{"time":"2026-04-29T01:01:10.98965+08:00","level":"INFO","msg":"RECEIVED MESSAGE","msg":{"id":441,"src":"c15","dest":"n2","body":{"type":"write","msg_id":55,"in_reply_to":null,"key":2,"value":3}},"msg-type":"write"}
{"time":"2026-04-29T01:01:10.989655+08:00","level":"INFO","msg":"Received response for proxied message","proxied-msg-id":55,"in-reply-to":0}
{"time":"2026-04-29T01:01:11.367551+08:00","level":"INFO","msg":"received message","type":"read","proto-msg":null}
{"time":"2026-04-29T01:01:11.367571+08:00","level":"INFO","msg":"RECEIVED MESSAGE","msg":{"id":444,"src":"c11","dest":"n2","body":{"type":"read","msg_id":59,"in_reply_to":null,"key":2}},"msg-type":"read"}
{"time":"2026-04-29T01:01:11.367578+08:00","level":"INFO","msg":"Received response for proxied message","proxied-msg-id":59,"in-reply-to":0}
{"time":"2026-04-29T01:01:11.761899+08:00","level":"INFO","msg":"received message","type":"read","proto-msg":null}
{"time":"2026-04-29T01:01:11.761919+08:00","level":"INFO","msg":"RECEIVED MESSAGE","msg":{"id":448,"src":"c11","dest":"n2","body":{"type":"read","msg_id":60,"in_reply_to":null,"key":2}},"msg-type":"read"}
{"time":"2026-04-29T01:01:11.761924+08:00","level":"INFO","msg":"Received response for proxied message","proxied-msg-id":60,"in-reply-to":0}
{"time":"2026-04-29T01:01:11.905087+08:00","level":"INFO","msg":"received message","type":"read","proto-msg":null}
{"time":"2026-04-29T01:01:11.905107+08:00","level":"INFO","msg":"RECEIVED MESSAGE","msg":{"id":450,"src":"c11","dest":"n2","body":{"type":"read","msg_id":61,"in_reply_to":null,"key":2}},"msg-type":"read"}
{"time":"2026-04-29T01:01:11.905113+08:00","level":"INFO","msg":"Received response for proxied message","proxied-msg-id":61,"in-reply-to":0}
{"time":"2026-04-29T01:01:12.485449+08:00","level":"INFO","msg":"received message","type":"read","proto-msg":null}
{"time":"2026-04-29T01:01:12.48547+08:00","level":"INFO","msg":"RECEIVED MESSAGE","msg":{"id":453,"src":"c11","dest":"n2","body":{"type":"read","msg_id":62,"in_reply_to":null,"key":2}},"msg-type":"read"}
{"time":"2026-04-29T01:01:12.485475+08:00","level":"INFO","msg":"Received response for proxied message","proxied-msg-id":62,"in-reply-to":0}
{"time":"2026-04-29T01:01:14.010319+08:00","level":"INFO","msg":"received message","type":"read","proto-msg":null}
{"time":"2026-04-29T01:01:14.010338+08:00","level":"INFO","msg":"RECEIVED MESSAGE","msg":{"id":463,"src":"c11","dest":"n2","body":{"type":"read","msg_id":63,"in_reply_to":null,"key":2}},"msg-type":"read"}
{"time":"2026-04-29T01:01:14.010343+08:00","level":"INFO","msg":"Received response for proxied message","proxied-msg-id":63,"in-reply-to":0}
{"time":"2026-04-29T01:01:14.904366+08:00","level":"INFO","msg":"received message","type":"read","proto-msg":null}
{"time":"2026-04-29T01:01:14.904385+08:00","level":"INFO","msg":"RECEIVED MESSAGE","msg":{"id":468,"src":"c11","dest":"n2","body":{"type":"read","msg_id":64,"in_reply_to":null,"key":2}},"msg-type":"read"}
{"time":"2026-04-29T01:01:14.904416+08:00","level":"INFO","msg":"Received response for proxied message","proxied-msg-id":64,"in-reply-to":0}
{"time":"2026-04-29T01:01:15.228773+08:00","level":"INFO","msg":"received message","type":"read","proto-msg":null}
{"time":"2026-04-29T01:01:15.228791+08:00","level":"INFO","msg":"RECEIVED MESSAGE","msg":{"id":470,"src":"c11","dest":"n2","body":{"type":"read","msg_id":65,"in_reply_to":null,"key":2}},"msg-type":"read"}
{"time":"2026-04-29T01:01:15.228796+08:00","level":"INFO","msg":"Received response for proxied message","proxied-msg-id":65,"in-reply-to":0}
{"time":"2026-04-29T01:01:15.600944+08:00","level":"INFO","msg":"received message","type":"read","proto-msg":null}
{"time":"2026-04-29T01:01:15.600991+08:00","level":"INFO","msg":"RECEIVED MESSAGE","msg":{"id":472,"src":"c11","dest":"n2","body":{"type":"read","msg_id":66,"in_reply_to":null,"key":2}},"msg-type":"read"}
{"time":"2026-04-29T01:01:15.600997+08:00","level":"INFO","msg":"Received response for proxied message","proxied-msg-id":66,"in-reply-to":0}
{"time":"2026-04-29T01:01:16.260062+08:00","level":"INFO","msg":"received message","type":"cas","proto-msg":null}
{"time":"2026-04-29T01:01:16.260084+08:00","level":"INFO","msg":"RECEIVED MESSAGE","msg":{"id":475,"src":"c15","dest":"n2","body":{"type":"cas","msg_id":56,"in_reply_to":null,"key":2,"from":3,"to":3}},"msg-type":"cas"}
{"time":"2026-04-29T01:01:16.260089+08:00","level":"INFO","msg":"Received response for proxied message","proxied-msg-id":56,"in-reply-to":0}
{"time":"2026-04-29T01:01:16.470334+08:00","level":"INFO","msg":"received message","type":"cas","proto-msg":null}
{"time":"2026-04-29T01:01:16.470355+08:00","level":"INFO","msg":"RECEIVED MESSAGE","msg":{"id":477,"src":"c15","dest":"n2","body":{"type":"cas","msg_id":57,"in_reply_to":null,"key":2,"from":0,"to":4}},"msg-type":"cas"}
{"time":"2026-04-29T01:01:16.47036+08:00","level":"INFO","msg":"Received response for proxied message","proxied-msg-id":57,"in-reply-to":0}
{"time":"2026-04-29T01:01:16.810262+08:00","level":"INFO","msg":"received message","type":"cas","proto-msg":null}
{"time":"2026-04-29T01:01:16.810279+08:00","level":"INFO","msg":"RECEIVED MESSAGE","msg":{"id":481,"src":"c15","dest":"n2","body":{"type":"cas","msg_id":58,"in_reply_to":null,"key":2,"from":1,"to":4}},"msg-type":"cas"}
{"time":"2026-04-29T01:01:16.810284+08:00","level":"INFO","msg":"Received response for proxied message","proxied-msg-id":58,"in-reply-to":0}
{"time":"2026-04-29T01:01:17.108774+08:00","level":"INFO","msg":"received message","type":"cas","proto-msg":null}
{"time":"2026-04-29T01:01:17.108794+08:00","level":"INFO","msg":"RECEIVED MESSAGE","msg":{"id":483,"src":"c15","dest":"n2","body":{"type":"cas","msg_id":59,"in_reply_to":null,"key":2,"from":3,"to":1}},"msg-type":"cas"}
{"time":"2026-04-29T01:01:17.108799+08:00","level":"INFO","msg":"Received response for proxied message","proxied-msg-id":59,"in-reply-to":0}
{"time":"2026-04-29T01:01:17.558963+08:00","level":"INFO","msg":"received message","type":"read","proto-msg":null}
{"time":"2026-04-29T01:01:17.558989+08:00","level":"INFO","msg":"RECEIVED MESSAGE","msg":{"id":486,"src":"c11","dest":"n2","body":{"type":"read","msg_id":67,"in_reply_to":null,"key":2}},"msg-type":"read"}
{"time":"2026-04-29T01:01:17.558997+08:00","level":"INFO","msg":"Received response for proxied message","proxied-msg-id":67,"in-reply-to":0}
{"time":"2026-04-29T01:01:17.879495+08:00","level":"INFO","msg":"received message","type":"read","proto-msg":null}
{"time":"2026-04-29T01:01:17.879515+08:00","level":"INFO","msg":"RECEIVED MESSAGE","msg":{"id":488,"src":"c11","dest":"n2","body":{"type":"read","msg_id":68,"in_reply_to":null,"key":2}},"msg-type":"read"}
{"time":"2026-04-29T01:01:17.879522+08:00","level":"INFO","msg":"Received response for proxied message","proxied-msg-id":68,"in-reply-to":0}
{"time":"2026-04-29T01:01:18.176166+08:00","level":"INFO","msg":"received message","type":"write","proto-msg":null}
{"time":"2026-04-29T01:01:18.176188+08:00","level":"INFO","msg":"RECEIVED MESSAGE","msg":{"id":491,"src":"c15","dest":"n2","body":{"type":"write","msg_id":60,"in_reply_to":null,"key":2,"value":2}},"msg-type":"write"}
{"time":"2026-04-29T01:01:18.176193+08:00","level":"INFO","msg":"Received response for proxied message","proxied-msg-id":60,"in-reply-to":0}
{"time":"2026-04-29T01:01:18.331621+08:00","level":"INFO","msg":"received message","type":"read","proto-msg":null}
{"time":"2026-04-29T01:01:18.331636+08:00","level":"INFO","msg":"RECEIVED MESSAGE","msg":{"id":493,"src":"c11","dest":"n2","body":{"type":"read","msg_id":69,"in_reply_to":null,"key":2}},"msg-type":"read"}
{"time":"2026-04-29T01:01:18.331642+08:00","level":"INFO","msg":"Received response for proxied message","proxied-msg-id":69,"in-reply-to":0}
{"time":"2026-04-29T01:01:18.517628+08:00","level":"INFO","msg":"received message","type":"write","proto-msg":null}
{"time":"2026-04-29T01:01:18.517646+08:00","level":"INFO","msg":"RECEIVED MESSAGE","msg":{"id":495,"src":"c15","dest":"n2","body":{"type":"write","msg_id":61,"in_reply_to":null,"key":2,"value":3}},"msg-type":"write"}
{"time":"2026-04-29T01:01:18.517652+08:00","level":"INFO","msg":"Received response for proxied message","proxied-msg-id":61,"in-reply-to":0}
{"time":"2026-04-29T01:01:18.921658+08:00","level":"INFO","msg":"received message","type":"cas","proto-msg":null}
{"time":"2026-04-29T01:01:18.921675+08:00","level":"INFO","msg":"RECEIVED MESSAGE","msg":{"id":497,"src":"c15","dest":"n2","body":{"type":"cas","msg_id":62,"in_reply_to":null,"key":2,"from":0,"to":3}},"msg-type":"cas"}
{"time":"2026-04-29T01:01:18.921681+08:00","level":"INFO","msg":"Received response for proxied message","proxied-msg-id":62,"in-reply-to":0}
{"time":"2026-04-29T01:01:19.315337+08:00","level":"INFO","msg":"received message","type":"cas","proto-msg":null}
{"time":"2026-04-29T01:01:19.315381+08:00","level":"INFO","msg":"RECEIVED MESSAGE","msg":{"id":500,"src":"c15","dest":"n2","body":{"type":"cas","msg_id":63,"in_reply_to":null,"key":3,"from":1,"to":4}},"msg-type":"cas"}
{"time":"2026-04-29T01:01:19.315389+08:00","level":"INFO","msg":"Received response for proxied message","proxied-msg-id":63,"in-reply-to":0}
{"time":"2026-04-29T01:01:19.450382+08:00","level":"INFO","msg":"received message","type":"write","proto-msg":null}
{"time":"2026-04-29T01:01:19.450409+08:00","level":"INFO","msg":"RECEIVED MESSAGE","msg":{"id":502,"src":"c15","dest":"n2","body":{"type":"write","msg_id":64,"in_reply_to":null,"key":3,"value":1}},"msg-type":"write"}
{"time":"2026-04-29T01:01:19.450417+08:00","level":"INFO","msg":"Received response for proxied message","proxied-msg-id":64,"in-reply-to":0}
{"time":"2026-04-29T01:01:20.126576+08:00","level":"INFO","msg":"received message","type":"cas","proto-msg":null}
{"time":"2026-04-29T01:01:20.126637+08:00","level":"INFO","msg":"RECEIVED MESSAGE","msg":{"id":509,"src":"c15","dest":"n2","body":{"type":"cas","msg_id":65,"in_reply_to":null,"key":3,"from":2,"to":3}},"msg-type":"cas"}
{"time":"2026-04-29T01:01:20.126644+08:00","level":"INFO","msg":"Received response for proxied message","proxied-msg-id":65,"in-reply-to":0}
{"time":"2026-04-29T01:01:20.676093+08:00","level":"INFO","msg":"received message","type":"read","proto-msg":null}
{"time":"2026-04-29T01:01:20.676115+08:00","level":"INFO","msg":"RECEIVED MESSAGE","msg":{"id":512,"src":"c11","dest":"n2","body":{"type":"read","msg_id":70,"in_reply_to":null,"key":3}},"msg-type":"read"}
{"time":"2026-04-29T01:01:20.676121+08:00","level":"INFO","msg":"Received response for proxied message","proxied-msg-id":70,"in-reply-to":0}
