{"time":"2026-04-29T01:00:20.776093+08:00","level":"INFO","msg":"Starting Oxia in Maelstrom mode","PWD":"/private/var/folders/lk/_y7xvjmd437b7n36wnb44gnm0000gn/T"}
{"time":"2026-04-29T01:00:20.776248+08:00","level":"INFO","msg":"Got line","line":"eyJpZCI6MSwic3JjIjoiYzEiLCJkZXN0IjoibjMiLCJib2R5Ijp7InR5cGUiOiJpbml0Iiwibm9kZV9pZCI6Im4zIiwibm9kZV9pZHMiOlsibjEiLCJuMiIsIm4zIiwibjQiLCJuNSJdLCJtc2dfaWQiOjF9fQ=="}
{"time":"2026-04-29T01:00:20.776283+08:00","level":"INFO","msg":"received message","type":"init","proto-msg":null}
{"time":"2026-04-29T01:00:20.776288+08:00","level":"INFO","msg":"Received init request","this-node":"n3","all-nodes":["n1","n2","n3","n4","n5"]}
{"time":"2026-04-29T01:00:20.797186+08:00","level":"INFO","msg":"Starting Oxia dataServer","options":{"server":{"public":{"bindAddress":"0.0.0.0:6648","auth":{},"tls":{"enabled":null}},"internal":{"bindAddress":"0.0.0.0:6649","auth":{},"tls":{"enabled":null}}},"replication":{"tls":{"enabled":null}},"storage":{"wal":{"dir":"/var/folders/lk/_y7xvjmd437b7n36wnb44gnm0000gn/T/oxia-maelstrom1468256307/n3/wal","sync":true,"retention":3600000000000},"database":{"dir":"/var/folders/lk/_y7xvjmd437b7n36wnb44gnm0000gn/T/oxia-maelstrom1468256307/n3/db","readCacheSizeMB":100},"notification":{"retention":3600000000000}},"scheduler":{"checksum":{"interval":300000000000}},"observability":{"metric":{"enabled":false,"bindAddress":"0.0.0.0:8080","tls":{"enabled":null}},"log":{"level":"info"}}}}
{"time":"2026-04-29T01:00:20.797513+08:00","level":"INFO","msg":"Start Grpc server","name":"internal"}
{"time":"2026-04-29T01:00:20.797522+08:00","level":"INFO","msg":"RegisterService","service-name":"replication.OxiaCoordination"}
{"time":"2026-04-29T01:00:20.797527+08:00","level":"INFO","msg":"RegisterService","service-name":"replication.OxiaLogReplication"}
{"time":"2026-04-29T01:00:20.797534+08:00","level":"INFO","msg":"RegisterService","service-name":"grpc.health.v1.Health"}
{"time":"2026-04-29T01:00:20.797538+08:00","level":"INFO","msg":"Start Grpc server","name":"public"}
{"time":"2026-04-29T01:00:20.797543+08:00","level":"INFO","msg":"RegisterService","service-name":"io.oxia.proto.v1.OxiaClient"}
{"time":"2026-04-29T01:00:20.797547+08:00","level":"INFO","msg":"RegisterService","service-name":"io.streamnative.oxia.proto.OxiaClient"}
{"time":"2026-04-29T01:00:21.040817+08:00","level":"INFO","msg":"received message","type":"read","proto-msg":null}
{"time":"2026-04-29T01:00:21.040846+08:00","level":"INFO","msg":"RECEIVED MESSAGE","msg":{"id":12,"src":"c12","dest":"n3","body":{"type":"read","msg_id":1,"in_reply_to":null,"key":0}},"msg-type":"read"}
{"time":"2026-04-29T01:00:21.040852+08:00","level":"INFO","msg":"Received response for proxied message","proxied-msg-id":1,"in-reply-to":0}
{"time":"2026-04-29T01:00:25.350876+08:00","level":"INFO","msg":"received message","type":"cas","proto-msg":null}
{"time":"2026-04-29T01:00:25.350896+08:00","level":"INFO","msg":"RECEIVED MESSAGE","msg":{"id":39,"src":"c18","dest":"n3","body":{"type":"cas","msg_id":1,"in_reply_to":null,"key":0,"from":0,"to":2}},"msg-type":"cas"}
{"time":"2026-04-29T01:00:25.350902+08:00","level":"INFO","msg":"Received response for proxied message","proxied-msg-id":1,"in-reply-to":0}
{"time":"2026-04-29T01:00:27.64758+08:00","level":"INFO","msg":"received message","type":"cas","proto-msg":null}
{"time":"2026-04-29T01:00:27.647598+08:00","level":"INFO","msg":"RECEIVED MESSAGE","msg":{"id":58,"src":"c18","dest":"n3","body":{"type":"cas","msg_id":2,"in_reply_to":null,"key":0,"from":2,"to":4}},"msg-type":"cas"}
{"time":"2026-04-29T01:00:27.647603+08:00","level":"INFO","msg":"Received response for proxied message","proxied-msg-id":2,"in-reply-to":0}
{"time":"2026-04-29T01:00:31.38538+08:00","level":"INFO","msg":"received message","type":"read","proto-msg":null}
{"time":"2026-04-29T01:00:31.385398+08:00","level":"INFO","msg":"RECEIVED MESSAGE","msg":{"id":89,"src":"c12","dest":"n3","body":{"type":"read","msg_id":2,"in_reply_to":null,"key":0}},"msg-type":"read"}
{"time":"2026-04-29T01:00:31.385404+08:00","level":"INFO","msg":"Received response for proxied message","proxied-msg-id":2,"in-reply-to":0}
{"time":"2026-04-29T01:00:37.888323+08:00","level":"INFO","msg":"received message","type":"read","proto-msg":null}
{"time":"2026-04-29T01:00:37.888349+08:00","level":"INFO","msg":"RECEIVED MESSAGE","msg":{"id":147,"src":"c12","dest":"n3","body":{"type":"read","msg_id":3,"in_reply_to":null,"key":0}},"msg-type":"read"}
{"time":"2026-04-29T01:00:37.888357+08:00","level":"INFO","msg":"Received response for proxied message","proxied-msg-id":3,"in-reply-to":0}
{"time":"2026-04-29T01:00:38.689563+08:00","level":"INFO","msg":"received message","type":"write","proto-msg":null}
{"time":"2026-04-29T01:00:38.689594+08:00","level":"INFO","msg":"RECEIVED MESSAGE","msg":{"id":156,"src":"c18","dest":"n3","body":{"type":"write","msg_id":3,"in_reply_to":null,"key":0,"value":0}},"msg-type":"write"}
{"time":"2026-04-29T01:00:38.689601+08:00","level":"INFO","msg":"Received response for proxied message","proxied-msg-id":3,"in-reply-to":0}
{"time":"2026-04-29T01:00:39.568357+08:00","level":"INFO","msg":"received message","type":"read","proto-msg":null}
{"time":"2026-04-29T01:00:39.568383+08:00","level":"INFO","msg":"RECEIVED MESSAGE","msg":{"id":166,"src":"c12","dest":"n3","body":{"type":"read","msg_id":4,"in_reply_to":null,"key":0}},"msg-type":"read"}
{"time":"2026-04-29T01:00:39.568387+08:00","level":"INFO","msg":"Received response for proxied message","proxied-msg-id":4,"in-reply-to":0}
{"time":"2026-04-29T01:00:40.690237+08:00","level":"INFO","msg":"received message","type":"cas","proto-msg":null}
{"time":"2026-04-29T01:00:40.690266+08:00","level":"INFO","msg":"RECEIVED MESSAGE","msg":{"id":176,"src":"c18","dest":"n3","body":{"type":"cas","msg_id":4,"in_reply_to":null,"key":1,"from":1,"to":3}},"msg-type":"cas"}
{"time":"2026-04-29T01:00:40.690274+08:00","level":"INFO","msg":"Received response for proxied message","proxied-msg-id":4,"in-reply-to":0}
{"time":"2026-04-29T01:00:41.818002+08:00","level":"INFO","msg":"received message","type":"read","proto-msg":null}
{"time":"2026-04-29T01:00:41.818021+08:00","level":"INFO","msg":"RECEIVED MESSAGE","msg":{"id":186,"src":"c12","dest":"n3","body":{"type":"read","msg_id":5,"in_reply_to":null,"key":1}},"msg-type":"read"}
{"time":"2026-04-29T01:00:41.818028+08:00","level":"INFO","msg":"Received response for proxied message","proxied-msg-id":5,"in-reply-to":0}
{"time":"2026-04-29T01:00:43.01922+08:00","level":"INFO","msg":"received message","type":"cas","proto-msg":null}
{"time":"2026-04-29T01:00:43.019242+08:00","level":"INFO","msg":"RECEIVED MESSAGE","msg":{"id":195,"src":"c18","dest":"n3","body":{"type":"cas","msg_id":5,"in_reply_to":null,"key":1,"from":0,"to":1}},"msg-type":"cas"}
{"time":"2026-04-29T01:00:43.019248+08:00","level":"INFO","msg":"Received response for proxied message","proxied-msg-id":5,"in-reply-to":0}
{"time":"2026-04-29T01:00:46.43514+08:00","level":"INFO","msg":"received message","type":"read","proto-msg":null}
{"time":"2026-04-29T01:00:46.435166+08:00","level":"INFO","msg":"RECEIVED MESSAGE","msg":{"id":225,"src":"c12","dest":"n3","body":{"type":"read","msg_id":6,"in_reply_to":null,"key":1}},"msg-type":"read"}
{"time":"2026-04-29T01:00:46.435172+08:00","level":"INFO","msg":"Received response for proxied message","proxied-msg-id":6,"in-reply-to":0}
{"time":"2026-04-29T01:00:47.591516+08:00","level":"INFO","msg":"received message","type":"cas","proto-msg":null}
{"time":"2026-04-29T01:00:47.591534+08:00","level":"INFO","msg":"RECEIVED MESSAGE","msg":{"id":233,"src":"c18","dest":"n3","body":{"type":"cas","msg_id":6,"in_reply_to":null,"key":1,"from":4,"to":2}},"msg-type":"cas"}
{"time":"2026-04-29T01:00:47.591539+08:00","level":"INFO","msg":"Received response for proxied message","proxied-msg-id":6,"in-reply-to":0}
{"time":"2026-04-29T01:00:48.784079+08:00","level":"INFO","msg":"received message","type":"read","proto-msg":null}
{"time":"2026-04-29T01:00:48.784097+08:00","level":"INFO","msg":"RECEIVED MESSAGE","msg":{"id":244,"src":"c12","dest":"n3","body":{"type":"read","msg_id":7,"in_reply_to":null,"key":1}},"msg-type":"read"}
{"time":"2026-04-29T01:00:48.784102+08:00","level":"INFO","msg":"Received response for proxied message","proxied-msg-id":7,"in-reply-to":0}
{"time":"2026-04-29T01:00:52.531282+08:00","level":"INFO","msg":"received message","type":"read","proto-msg":null}
{"time":"2026-04-29T01:00:52.5313+08:00","level":"INFO","msg":"RECEIVED MESSAGE","msg":{"id":284,"src":"c12","dest":"n3","body":{"type":"read","msg_id":8,"in_reply_to":null,"key":1}},"msg-type":"read"}
{"time":"2026-04-29T01:00:52.531305+08:00","level":"INFO","msg":"Received response for proxied message","proxied-msg-id":8,"in-reply-to":0}
{"time":"2026-04-29T01:00:55.851161+08:00","level":"INFO","msg":"received message","type":"cas","proto-msg":null}
{"time":"2026-04-29T01:00:55.851179+08:00","level":"INFO","msg":"RECEIVED MESSAGE","msg":{"id":311,"src":"c18","dest":"n3","body":{"type":"cas","msg_id":7,"in_reply_to":null,"key":1,"from":2,"to":0}},"msg-type":"cas"}
{"time":"2026-04-29T01:00:55.851184+08:00","level":"INFO","msg":"Received response for proxied message","proxied-msg-id":7,"in-reply-to":0}
{"time":"2026-04-29T01:00:56.999664+08:00","level":"INFO","msg":"received message","type":"read","proto-msg":null}
{"time":"2026-04-29T01:00:56.999707+08:00","level":"INFO","msg":"RECEIVED MESSAGE","msg":{"id":322,"src":"c12","dest":"n3","body":{"type":"read","msg_id":9,"in_reply_to":null,"key":1}},"msg-type":"read"}
{"time":"2026-04-29T01:00:56.999714+08:00","level":"INFO","msg":"Received response for proxied message","proxied-msg-id":9,"in-reply-to":0}
{"time":"2026-04-29T01:00:57.561245+08:00","level":"INFO","msg":"received message","type":"write","proto-msg":null}
{"time":"2026-04-29T01:00:57.561894+08:00","level":"INFO","msg":"RECEIVED MESSAGE","msg":{"id":331,"src":"c18","dest":"n3","body":{"type":"write","msg_id":8,"in_reply_to":null,"key":2,"value":0}},"msg-type":"write"}
{"time":"2026-04-29T01:00:57.56192+08:00","level":"INFO","msg":"Received response for proxied message","proxied-msg-id":8,"in-reply-to":0}
{"time":"2026-04-29T01:01:01.098473+08:00","level":"INFO","msg":"received message","type":"read","proto-msg":null}
{"time":"2026-04-29T01:01:01.0985+08:00","level":"INFO","msg":"RECEIVED MESSAGE","msg":{"id":361,"src":"c12","dest":"n3","body":{"type":"read","msg_id":10,"in_reply_to":null,"key":2}},"msg-type":"read"}
{"time":"2026-04-29T01:01:01.098508+08:00","level":"INFO","msg":"Received response for proxied message","proxied-msg-id":10,"in-reply-to":0}
{"time":"2026-04-29T01:01:05.826073+08:00","level":"INFO","msg":"received message","type":"read","proto-msg":null}
{"time":"2026-04-29T01:01:05.82609+08:00","level":"INFO","msg":"RECEIVED MESSAGE","msg":{"id":400,"src":"c12","dest":"n3","body":{"type":"read","msg_id":11,"in_reply_to":null,"key":2}},"msg-type":"read"}
{"time":"2026-04-29T01:01:05.826095+08:00","level":"INFO","msg":"Received response for proxied message","proxied-msg-id":11,"in-reply-to":0}
{"time":"2026-04-29T01:01:06.70643+08:00","level":"INFO","msg":"received message","type":"cas","proto-msg":null}
{"time":"2026-04-29T01:01:06.706448+08:00","level":"INFO","msg":"RECEIVED MESSAGE","msg":{"id":408,"src":"c18","dest":"n3","body":{"type":"cas","msg_id":9,"in_reply_to":null,"key":2,"from":1,"to":1}},"msg-type":"cas"}
{"time":"2026-04-29T01:01:06.706453+08:00","level":"INFO","msg":"Received response for proxied message","proxied-msg-id":9,"in-reply-to":0}
{"time":"2026-04-29T01:01:10.595927+08:00","level":"INFO","msg":"received message","type":"read","proto-msg":null}
{"time":"2026-04-29T01:01:10.595953+08:00","level":"INFO","msg":"RECEIVED MESSAGE","msg":{"id":437,"src":"c12","dest":"n3","body":{"type":"read","msg_id":12,"in_reply_to":null,"key":2}},"msg-type":"read"}
{"time":"2026-04-29T01:01:10.595973+08:00","level":"INFO","msg":"Received response for proxied message","proxied-msg-id":12,"in-reply-to":0}
{"time":"2026-04-29T01:01:11.387423+08:00","level":"INFO","msg":"received message","type":"write","proto-msg":null}
{"time":"2026-04-29T01:01:11.387442+08:00","level":"INFO","msg":"RECEIVED MESSAGE","msg":{"id":446,"src":"c18","dest":"n3","body":{"type":"write","msg_id":10,"in_reply_to":null,"key":2,"value":0}},"msg-type":"write"}
{"time":"2026-04-29T01:01:11.387448+08:00","level":"INFO","msg":"Received response for proxied message","proxied-msg-id":10,"in-reply-to":0}
{"time":"2026-04-29T01:01:12.959388+08:00","level":"INFO","msg":"received message","type":"read","proto-msg":null}
{"time":"2026-04-29T01:01:12.959407+08:00","level":"INFO","msg":"RECEIVED MESSAGE","msg":{"id":456,"src":"c12","dest":"n3","body":{"type":"read","msg_id":13,"in_reply_to":null,"key":2}},"msg-type":"read"}
{"time":"2026-04-29T01:01:12.959412+08:00","level":"INFO","msg":"Received response for proxied message","proxied-msg-id":13,"in-reply-to":0}
{"time":"2026-04-29T01:01:14.410237+08:00","level":"INFO","msg":"received message","type":"write","proto-msg":null}
{"time":"2026-04-29T01:01:14.410255+08:00","level":"INFO","msg":"RECEIVED MESSAGE","msg":{"id":465,"src":"c18","dest":"n3","body":{"type":"write","msg_id":11,"in_reply_to":null,"key":2,"value":3}},"msg-type":"write"}
{"time":"2026-04-29T01:01:14.41026+08:00","level":"INFO","msg":"Received response for proxied message","proxied-msg-id":11,"in-reply-to":0}
{"time":"2026-04-29T01:01:19.477995+08:00","level":"INFO","msg":"received message","type":"cas","proto-msg":null}
{"time":"2026-04-29T01:01:19.478012+08:00","level":"INFO","msg":"RECEIVED MESSAGE","msg":{"id":504,"src":"c18","dest":"n3","body":{"type":"cas","msg_id":12,"in_reply_to":null,"key":3,"from":3,"to":3}},"msg-type":"cas"}
{"time":"2026-04-29T01:01:19.478017+08:00","level":"INFO","msg":"Received response for proxied message","proxied-msg-id":12,"in-reply-to":0}
