2026-04-29 01:00:18,971{GMT}	INFO	[jepsen test runner] jepsen.core: Test version d8c18858e69f453380803bff227031bb6441b266 (plus uncommitted changes)
2026-04-29 01:00:18,971{GMT}	INFO	[jepsen test runner] jepsen.core: Command line:
lein run test -w lin-kv --bin ../bin/oxia-maelstrom --time-limit 60 --concurrency 2n --latency 10 --latency-dist uniform
2026-04-29 01:00:19,009{GMT}	INFO	[jepsen test runner] jepsen.core: Running test:
{:args []
 :remote
 #jepsen.control.retry.Remote{:remote #jepsen.control.scp.Remote{:cmd-remote #jepsen.control.sshj.SSHJRemote{:concurrency-limit 6,
                                                                                                             :conn-spec nil,
                                                                                                             :client nil,
                                                                                                             :semaphore nil},
                                                                 :conn-spec nil},
                              :conn nil}
 :log-net-send false
 :node-count nil
 :availability nil
 :max-txn-length 4
 :concurrency 10
 :db
 #object[maelstrom.db$db$reify__16142
         "0x674cd2da"
         "maelstrom.db$db$reify__16142@674cd2da"]
 :max-writes-per-key 16
 :leave-db-running? false
 :name "lin-kv"
 :logging-json? false
 :start-time
 #object[org.joda.time.DateTime "0x40941b54" "2026-04-29T01:00:18.900+08:00"]
 :nemesis-interval 10
 :net
 #object[maelstrom.net$jepsen_net$reify__15251
         "0x3b42d7df"
         "maelstrom.net$jepsen_net$reify__15251@3b42d7df"]
 :client
 #object[maelstrom.workload.lin_kv$client$reify__19640
         "0x1660bba7"
         "maelstrom.workload.lin_kv$client$reify__19640@1660bba7"]
 :barrier
 #object[java.util.concurrent.CyclicBarrier
         "0x29cd48bd"
         "java.util.concurrent.CyclicBarrier@29cd48bd"]
 :log-stderr false
 :pure-generators true
 :ssh {:dummy? true}
 :rate 5
 :checker
 #object[jepsen.checker$compose$reify__11881
         "0x49e3b86b"
         "jepsen.checker$compose$reify__11881@49e3b86b"]
 :argv
 ("test"
  "-w"
  "lin-kv"
  "--bin"
  "../bin/oxia-maelstrom"
  "--time-limit"
  "60"
  "--concurrency"
  "2n"
  "--latency"
  "10"
  "--latency-dist"
  "uniform")
 :nemesis
 (jepsen.nemesis.ReflCompose
  {:fm {:start-partition 0,
        :stop-partition 0,
        :kill 1,
        :start 1,
        :pause 1,
        :resume 1},
   :nemeses [#unprintable "jepsen.nemesis.combined$partition_nemesis$reify__16416@64b262a7"
             #unprintable "jepsen.nemesis.combined$db_nemesis$reify__16397@771c4015"]})
 :nodes ["n1" "n2" "n3" "n4" "n5"]
 :test-count 1
 :latency {:mean 10, :dist :uniform}
 :bin "../bin/oxia-maelstrom"
 :generator
 (jepsen.generator.TimeLimit
  {:limit 60000000000,
   :cutoff nil,
   :gen (jepsen.generator.Any
         {:gens [(jepsen.generator.OnThreads
                  {:f #{:nemesis},
                   :context-filter #object[jepsen.generator.context$make_thread_filter$lazy_filter__9167
                                           "0x307ca947"
                                           "jepsen.generator.context$make_thread_filter$lazy_filter__9167@307ca947"],
                   :gen nil})
                 (jepsen.generator.OnThreads
                  {:f #jepsen.generator.context.AllBut{:element :nemesis},
                   :context-filter #object[jepsen.generator.context$make_thread_filter$lazy_filter__9167
                                           "0x61d1315b"
                                           "jepsen.generator.context$make_thread_filter$lazy_filter__9167@61d1315b"],
                   :gen (jepsen.generator.Stagger
                         {:dt 400000000,
                          :next-time nil,
                          :gen (jepsen.generator.OnThreads
                                {:f #jepsen.generator.context.AllBut{:element :nemesis},
                                 :context-filter #object[jepsen.generator.context$make_thread_filter$lazy_filter__9167
                                                         "0x49d5b651"
                                                         "jepsen.generator.context$make_thread_filter$lazy_filter__9167@49d5b651"],
                                 :gen (jepsen.independent.ConcurrentGenerator
                                       {:n 10,
                                        :fgen #object[jepsen.tests.linearizable_register$test$fn__16846
                                                      "0x34989ceb"
                                                      "jepsen.tests.linearizable_register$test$fn__16846@34989ceb"],
                                        :group->threads nil,
                                        :thread->group nil,
                                        :group->context-filter nil,
                                        :keys (0 1 2 3 4 5 6 7 ...),
                                        :gens nil})})})})]})})
 :log-net-recv false
 :os
 #object[maelstrom.net$jepsen_os$reify__15254
         "0x9c88323"
         "maelstrom.net$jepsen_os$reify__15254@9c88323"]
 :time-limit 60
 :workload :lin-kv
 :consistency-models [:strict-serializable]
 :topology :grid}

2026-04-29 01:00:20,078{GMT}	INFO	[jepsen node n1] maelstrom.net: Starting Maelstrom network
2026-04-29 01:00:20,079{GMT}	INFO	[jepsen test runner] jepsen.db: Tearing down DB
2026-04-29 01:00:20,081{GMT}	INFO	[jepsen test runner] jepsen.db: Setting up DB
2026-04-29 01:00:20,081{GMT}	INFO	[jepsen node n3] maelstrom.db: Setting up n3
2026-04-29 01:00:20,081{GMT}	INFO	[jepsen node n4] maelstrom.db: Setting up n4
2026-04-29 01:00:20,081{GMT}	INFO	[jepsen node n2] maelstrom.db: Setting up n2
2026-04-29 01:00:20,081{GMT}	INFO	[jepsen node n2] maelstrom.process: launching ../bin/oxia-maelstrom []
2026-04-29 01:00:20,081{GMT}	INFO	[jepsen node n5] maelstrom.db: Setting up n5
2026-04-29 01:00:20,081{GMT}	INFO	[jepsen node n3] maelstrom.process: launching ../bin/oxia-maelstrom []
2026-04-29 01:00:20,082{GMT}	INFO	[jepsen node n4] maelstrom.process: launching ../bin/oxia-maelstrom []
2026-04-29 01:00:20,083{GMT}	INFO	[jepsen node n1] maelstrom.service: Starting services: (lin-kv lin-tso lww-kv seq-kv)
2026-04-29 01:00:20,086{GMT}	INFO	[jepsen node n1] maelstrom.db: Setting up n1
2026-04-29 01:00:20,091{GMT}	INFO	[jepsen node n5] maelstrom.process: launching ../bin/oxia-maelstrom []
2026-04-29 01:00:20,091{GMT}	INFO	[jepsen node n1] maelstrom.process: launching ../bin/oxia-maelstrom []
2026-04-29 01:00:20,795{GMT}	INFO	[jepsen test runner] jepsen.core: Relative time begins now
2026-04-29 01:00:20,815{GMT}	INFO	[jepsen worker 0] jepsen.util: 0	:invoke	:read	[0 nil]
2026-04-29 01:00:21,038{GMT}	INFO	[jepsen worker 1] jepsen.util: 1	:invoke	:read	[0 nil]
2026-04-29 01:00:21,039{GMT}	INFO	[jepsen worker 2] jepsen.util: 2	:invoke	:read	[0 nil]
2026-04-29 01:00:21,048{GMT}	INFO	[jepsen worker 2] jepsen.util: 2	:fail	:read	[0 nil]	[:temporarily-unavailable "temporarily-unavailable"]
2026-04-29 01:00:21,048{GMT}	INFO	[jepsen worker 1] jepsen.util: 1	:fail	:read	[0 nil]	[:temporarily-unavailable "temporarily-unavailable"]
2026-04-29 01:00:21,292{GMT}	INFO	[jepsen worker 3] jepsen.util: 3	:invoke	:read	[0 nil]
2026-04-29 01:00:21,294{GMT}	INFO	[jepsen worker 3] jepsen.util: 3	:fail	:read	[0 nil]	[:temporarily-unavailable "temporarily-unavailable"]
2026-04-29 01:00:21,668{GMT}	INFO	[jepsen worker 5] jepsen.util: 5	:invoke	:write	[0 1]
2026-04-29 01:00:21,817{GMT}	INFO	[jepsen worker 0] jepsen.util: 0	:fail	:read	[0 nil]	:net-timeout
2026-04-29 01:00:21,828{GMT}	INFO	[jepsen worker 0] jepsen.util: 0	:invoke	:read	[0 nil]
2026-04-29 01:00:21,921{GMT}	INFO	[jepsen worker 6] jepsen.util: 6	:invoke	:write	[0 3]
2026-04-29 01:00:21,923{GMT}	INFO	[jepsen worker 6] jepsen.util: 6	:fail	:write	[0 3]	[:temporarily-unavailable "temporarily-unavailable"]
2026-04-29 01:00:22,307{GMT}	INFO	[jepsen worker 1] jepsen.util: 1	:invoke	:read	[0 nil]
2026-04-29 01:00:22,309{GMT}	INFO	[jepsen worker 1] jepsen.util: 1	:fail	:read	[0 nil]	[:temporarily-unavailable "temporarily-unavailable"]
2026-04-29 01:00:22,673{GMT}	INFO	[jepsen worker 5] jepsen.util: 5	:info	:write	[0 1]	:net-timeout
2026-04-29 01:00:22,706{GMT}	INFO	[jepsen worker 8] jepsen.util: 8	:invoke	:write	[0 4]
2026-04-29 01:00:22,708{GMT}	INFO	[jepsen worker 8] jepsen.util: 8	:fail	:write	[0 4]	[:temporarily-unavailable "temporarily-unavailable"]
2026-04-29 01:00:22,832{GMT}	INFO	[jepsen worker 0] jepsen.util: 0	:fail	:read	[0 nil]	:net-timeout
2026-04-29 01:00:22,867{GMT}	INFO	[jepsen worker 9] jepsen.util: 9	:invoke	:cas	[0 [3 4]]
2026-04-29 01:00:22,869{GMT}	INFO	[jepsen worker 9] jepsen.util: 9	:fail	:cas	[0 [3 4]]	[:temporarily-unavailable "temporarily-unavailable"]
2026-04-29 01:00:23,237{GMT}	INFO	[jepsen worker 0] jepsen.util: 0	:invoke	:read	[0 nil]
2026-04-29 01:00:23,318{GMT}	INFO	[jepsen worker 5] jepsen.util: 15	:invoke	:cas	[0 [3 1]]
2026-04-29 01:00:23,712{GMT}	INFO	[jepsen worker 6] jepsen.util: 6	:invoke	:cas	[0 [4 2]]
2026-04-29 01:00:23,713{GMT}	INFO	[jepsen worker 6] jepsen.util: 6	:fail	:cas	[0 [4 2]]	[:temporarily-unavailable "temporarily-unavailable"]
2026-04-29 01:00:24,103{GMT}	INFO	[jepsen worker 6] jepsen.util: 6	:invoke	:write	[0 4]
2026-04-29 01:00:24,104{GMT}	INFO	[jepsen worker 6] jepsen.util: 6	:fail	:write	[0 4]	[:temporarily-unavailable "temporarily-unavailable"]
2026-04-29 01:00:24,241{GMT}	INFO	[jepsen worker 0] jepsen.util: 0	:fail	:read	[0 nil]	:net-timeout
2026-04-29 01:00:24,242{GMT}	INFO	[jepsen worker 6] jepsen.util: 6	:invoke	:write	[0 0]
2026-04-29 01:00:24,243{GMT}	INFO	[jepsen worker 6] jepsen.util: 6	:fail	:write	[0 0]	[:temporarily-unavailable "temporarily-unavailable"]
2026-04-29 01:00:24,322{GMT}	INFO	[jepsen worker 5] jepsen.util: 15	:info	:cas	[0 [3 1]]	:net-timeout
2026-04-29 01:00:24,639{GMT}	INFO	[jepsen worker 5] jepsen.util: 25	:invoke	:write	[0 4]
2026-04-29 01:00:24,924{GMT}	INFO	[jepsen worker 6] jepsen.util: 6	:invoke	:cas	[0 [0 0]]
2026-04-29 01:00:24,925{GMT}	INFO	[jepsen worker 6] jepsen.util: 6	:fail	:cas	[0 [0 0]]	[:temporarily-unavailable "temporarily-unavailable"]
2026-04-29 01:00:25,326{GMT}	INFO	[jepsen worker 0] jepsen.util: 0	:invoke	:read	[0 nil]
2026-04-29 01:00:25,349{GMT}	INFO	[jepsen worker 7] jepsen.util: 7	:invoke	:cas	[0 [0 2]]
2026-04-29 01:00:25,351{GMT}	INFO	[jepsen worker 7] jepsen.util: 7	:fail	:cas	[0 [0 2]]	[:temporarily-unavailable "temporarily-unavailable"]
2026-04-29 01:00:25,643{GMT}	INFO	[jepsen worker 5] jepsen.util: 25	:info	:write	[0 4]	:net-timeout
2026-04-29 01:00:25,659{GMT}	INFO	[jepsen worker 8] jepsen.util: 8	:invoke	:cas	[0 [0 1]]
2026-04-29 01:00:25,660{GMT}	INFO	[jepsen worker 8] jepsen.util: 8	:fail	:cas	[0 [0 1]]	[:temporarily-unavailable "temporarily-unavailable"]
2026-04-29 01:00:25,938{GMT}	INFO	[jepsen worker 1] jepsen.util: 1	:invoke	:read	[0 nil]
2026-04-29 01:00:25,939{GMT}	INFO	[jepsen worker 1] jepsen.util: 1	:fail	:read	[0 nil]	[:temporarily-unavailable "temporarily-unavailable"]
2026-04-29 01:00:26,000{GMT}	INFO	[jepsen worker 5] jepsen.util: 35	:invoke	:cas	[0 [3 3]]
2026-04-29 01:00:26,329{GMT}	INFO	[jepsen worker 0] jepsen.util: 0	:fail	:read	[0 nil]	:net-timeout
2026-04-29 01:00:26,375{GMT}	INFO	[jepsen worker 0] jepsen.util: 0	:invoke	:read	[0 nil]
2026-04-29 01:00:26,757{GMT}	INFO	[jepsen worker 6] jepsen.util: 6	:invoke	:write	[0 2]
2026-04-29 01:00:26,759{GMT}	INFO	[jepsen worker 6] jepsen.util: 6	:fail	:write	[0 2]	[:temporarily-unavailable "temporarily-unavailable"]
2026-04-29 01:00:26,899{GMT}	INFO	[jepsen worker 6] jepsen.util: 6	:invoke	:cas	[0 [3 2]]
2026-04-29 01:00:26,900{GMT}	INFO	[jepsen worker 6] jepsen.util: 6	:fail	:cas	[0 [3 2]]	[:temporarily-unavailable "temporarily-unavailable"]
2026-04-29 01:00:27,000{GMT}	INFO	[jepsen worker 5] jepsen.util: 35	:info	:cas	[0 [3 3]]	:net-timeout
2026-04-29 01:00:27,258{GMT}	INFO	[jepsen worker 3] jepsen.util: 3	:invoke	:read	[0 nil]
2026-04-29 01:00:27,259{GMT}	INFO	[jepsen worker 3] jepsen.util: 3	:fail	:read	[0 nil]	[:temporarily-unavailable "temporarily-unavailable"]
2026-04-29 01:00:27,377{GMT}	INFO	[jepsen worker 0] jepsen.util: 0	:fail	:read	[0 nil]	:net-timeout
2026-04-29 01:00:27,555{GMT}	INFO	[jepsen worker 4] jepsen.util: 4	:invoke	:read	[0 nil]
2026-04-29 01:00:27,557{GMT}	INFO	[jepsen worker 4] jepsen.util: 4	:fail	:read	[0 nil]	[:temporarily-unavailable "temporarily-unavailable"]
2026-04-29 01:00:27,591{GMT}	INFO	[jepsen worker 0] jepsen.util: 0	:invoke	:read	[0 nil]
2026-04-29 01:00:27,619{GMT}	INFO	[jepsen worker 6] jepsen.util: 6	:invoke	:cas	[0 [4 4]]
2026-04-29 01:00:27,620{GMT}	INFO	[jepsen worker 6] jepsen.util: 6	:fail	:cas	[0 [4 4]]	[:temporarily-unavailable "temporarily-unavailable"]
2026-04-29 01:00:27,646{GMT}	INFO	[jepsen worker 7] jepsen.util: 7	:invoke	:cas	[0 [2 4]]
2026-04-29 01:00:27,648{GMT}	INFO	[jepsen worker 7] jepsen.util: 7	:fail	:cas	[0 [2 4]]	[:temporarily-unavailable "temporarily-unavailable"]
2026-04-29 01:00:28,010{GMT}	INFO	[jepsen worker 1] jepsen.util: 1	:invoke	:read	[0 nil]
2026-04-29 01:00:28,011{GMT}	INFO	[jepsen worker 1] jepsen.util: 1	:fail	:read	[0 nil]	[:temporarily-unavailable "temporarily-unavailable"]
2026-04-29 01:00:28,065{GMT}	INFO	[jepsen worker 1] jepsen.util: 1	:invoke	:read	[0 nil]
2026-04-29 01:00:28,066{GMT}	INFO	[jepsen worker 1] jepsen.util: 1	:fail	:read	[0 nil]	[:temporarily-unavailable "temporarily-unavailable"]
2026-04-29 01:00:28,458{GMT}	INFO	[jepsen worker 1] jepsen.util: 1	:invoke	:read	[0 nil]
2026-04-29 01:00:28,459{GMT}	INFO	[jepsen worker 1] jepsen.util: 1	:fail	:read	[0 nil]	[:temporarily-unavailable "temporarily-unavailable"]
2026-04-29 01:00:28,542{GMT}	INFO	[jepsen worker 5] jepsen.util: 45	:invoke	:cas	[0 [4 1]]
2026-04-29 01:00:28,596{GMT}	INFO	[jepsen worker 0] jepsen.util: 0	:fail	:read	[0 nil]	:net-timeout
2026-04-29 01:00:28,619{GMT}	INFO	[jepsen worker 6] jepsen.util: 6	:invoke	:cas	[0 [3 1]]
2026-04-29 01:00:28,620{GMT}	INFO	[jepsen worker 6] jepsen.util: 6	:fail	:cas	[0 [3 1]]	[:temporarily-unavailable "temporarily-unavailable"]
2026-04-29 01:00:28,797{GMT}	INFO	[jepsen worker 6] jepsen.util: 6	:invoke	:write	[0 2]
2026-04-29 01:00:28,798{GMT}	INFO	[jepsen worker 6] jepsen.util: 6	:fail	:write	[0 2]	[:temporarily-unavailable "temporarily-unavailable"]
2026-04-29 01:00:29,023{GMT}	INFO	[jepsen worker 3] jepsen.util: 3	:invoke	:read	[0 nil]
2026-04-29 01:00:29,024{GMT}	INFO	[jepsen worker 3] jepsen.util: 3	:fail	:read	[0 nil]	[:temporarily-unavailable "temporarily-unavailable"]
2026-04-29 01:00:29,355{GMT}	INFO	[jepsen worker 6] jepsen.util: 6	:invoke	:cas	[0 [4 2]]
2026-04-29 01:00:29,356{GMT}	INFO	[jepsen worker 6] jepsen.util: 6	:fail	:cas	[0 [4 2]]	[:temporarily-unavailable "temporarily-unavailable"]
2026-04-29 01:00:29,527{GMT}	INFO	[jepsen worker 6] jepsen.util: 6	:invoke	:cas	[0 [2 3]]
2026-04-29 01:00:29,528{GMT}	INFO	[jepsen worker 6] jepsen.util: 6	:fail	:cas	[0 [2 3]]	[:temporarily-unavailable "temporarily-unavailable"]
2026-04-29 01:00:29,544{GMT}	INFO	[jepsen worker 5] jepsen.util: 45	:info	:cas	[0 [4 1]]	:net-timeout
2026-04-29 01:00:29,844{GMT}	INFO	[jepsen worker 6] jepsen.util: 6	:invoke	:cas	[0 [2 0]]
2026-04-29 01:00:29,844{GMT}	INFO	[jepsen worker 6] jepsen.util: 6	:fail	:cas	[0 [2 0]]	[:temporarily-unavailable "temporarily-unavailable"]
2026-04-29 01:00:30,224{GMT}	INFO	[jepsen worker 0] jepsen.util: 0	:invoke	:read	[0 nil]
2026-04-29 01:00:30,243{GMT}	INFO	[jepsen worker 8] jepsen.util: 8	:invoke	:cas	[0 [2 2]]
2026-04-29 01:00:30,244{GMT}	INFO	[jepsen worker 8] jepsen.util: 8	:fail	:cas	[0 [2 2]]	[:temporarily-unavailable "temporarily-unavailable"]
2026-04-29 01:00:30,464{GMT}	INFO	[jepsen worker 9] jepsen.util: 9	:invoke	:cas	[0 [3 3]]
2026-04-29 01:00:30,465{GMT}	INFO	[jepsen worker 9] jepsen.util: 9	:fail	:cas	[0 [3 3]]	[:temporarily-unavailable "temporarily-unavailable"]
2026-04-29 01:00:30,864{GMT}	INFO	[jepsen worker 5] jepsen.util: 55	:invoke	:cas	[0 [1 1]]
2026-04-29 01:00:31,085{GMT}	INFO	[jepsen worker 6] jepsen.util: 6	:invoke	:cas	[0 [4 3]]
2026-04-29 01:00:31,086{GMT}	INFO	[jepsen worker 6] jepsen.util: 6	:fail	:cas	[0 [4 3]]	[:temporarily-unavailable "temporarily-unavailable"]
2026-04-29 01:00:31,226{GMT}	INFO	[jepsen worker 0] jepsen.util: 0	:fail	:read	[0 nil]	:net-timeout
2026-04-29 01:00:31,238{GMT}	INFO	[jepsen worker 6] jepsen.util: 6	:invoke	:cas	[0 [1 0]]
2026-04-29 01:00:31,240{GMT}	INFO	[jepsen worker 6] jepsen.util: 6	:fail	:cas	[0 [1 0]]	[:temporarily-unavailable "temporarily-unavailable"]
2026-04-29 01:00:31,384{GMT}	INFO	[jepsen worker 2] jepsen.util: 2	:invoke	:read	[0 nil]
2026-04-29 01:00:31,386{GMT}	INFO	[jepsen worker 2] jepsen.util: 2	:fail	:read	[0 nil]	[:temporarily-unavailable "temporarily-unavailable"]
2026-04-29 01:00:31,729{GMT}	INFO	[jepsen worker 6] jepsen.util: 6	:invoke	:cas	[0 [2 4]]
2026-04-29 01:00:31,730{GMT}	INFO	[jepsen worker 6] jepsen.util: 6	:fail	:cas	[0 [2 4]]	[:temporarily-unavailable "temporarily-unavailable"]
2026-04-29 01:00:31,869{GMT}	INFO	[jepsen worker 5] jepsen.util: 55	:info	:cas	[0 [1 1]]	:net-timeout
2026-04-29 01:00:32,006{GMT}	INFO	[jepsen worker 4] jepsen.util: 4	:invoke	:read	[0 nil]
2026-04-29 01:00:32,007{GMT}	INFO	[jepsen worker 4] jepsen.util: 4	:fail	:read	[0 nil]	[:temporarily-unavailable "temporarily-unavailable"]
2026-04-29 01:00:32,262{GMT}	INFO	[jepsen worker 0] jepsen.util: 0	:invoke	:read	[0 nil]
2026-04-29 01:00:32,555{GMT}	INFO	[jepsen worker 6] jepsen.util: 6	:invoke	:cas	[0 [2 1]]
2026-04-29 01:00:32,556{GMT}	INFO	[jepsen worker 6] jepsen.util: 6	:fail	:cas	[0 [2 1]]	[:temporarily-unavailable "temporarily-unavailable"]
2026-04-29 01:00:32,632{GMT}	INFO	[jepsen worker 1] jepsen.util: 1	:invoke	:read	[0 nil]
2026-04-29 01:00:32,633{GMT}	INFO	[jepsen worker 1] jepsen.util: 1	:fail	:read	[0 nil]	[:temporarily-unavailable "temporarily-unavailable"]
2026-04-29 01:00:32,947{GMT}	INFO	[jepsen worker 1] jepsen.util: 1	:invoke	:read	[0 nil]
2026-04-29 01:00:32,949{GMT}	INFO	[jepsen worker 1] jepsen.util: 1	:fail	:read	[0 nil]	[:temporarily-unavailable "temporarily-unavailable"]
2026-04-29 01:00:32,981{GMT}	INFO	[jepsen worker 9] jepsen.util: 9	:invoke	:cas	[0 [4 3]]
2026-04-29 01:00:32,982{GMT}	INFO	[jepsen worker 9] jepsen.util: 9	:fail	:cas	[0 [4 3]]	[:temporarily-unavailable "temporarily-unavailable"]
2026-04-29 01:00:33,264{GMT}	INFO	[jepsen worker 0] jepsen.util: 0	:fail	:read	[0 nil]	:net-timeout
2026-04-29 01:00:33,315{GMT}	INFO	[jepsen worker 0] jepsen.util: 0	:invoke	:read	[0 nil]
2026-04-29 01:00:33,646{GMT}	INFO	[jepsen worker 5] jepsen.util: 65	:invoke	:write	[0 1]
2026-04-29 01:00:33,819{GMT}	INFO	[jepsen worker 6] jepsen.util: 6	:invoke	:cas	[0 [0 3]]
2026-04-29 01:00:33,820{GMT}	INFO	[jepsen worker 6] jepsen.util: 6	:fail	:cas	[0 [0 3]]	[:temporarily-unavailable "temporarily-unavailable"]
2026-04-29 01:00:33,988{GMT}	INFO	[jepsen worker 6] jepsen.util: 6	:invoke	:cas	[0 [0 3]]
2026-04-29 01:00:33,989{GMT}	INFO	[jepsen worker 6] jepsen.util: 6	:fail	:cas	[0 [0 3]]	[:temporarily-unavailable "temporarily-unavailable"]
2026-04-29 01:00:34,223{GMT}	INFO	[jepsen worker 3] jepsen.util: 3	:invoke	:read	[0 nil]
2026-04-29 01:00:34,225{GMT}	INFO	[jepsen worker 3] jepsen.util: 3	:fail	:read	[0 nil]	[:temporarily-unavailable "temporarily-unavailable"]
2026-04-29 01:00:34,302{GMT}	INFO	[jepsen worker 6] jepsen.util: 6	:invoke	:write	[0 4]
2026-04-29 01:00:34,303{GMT}	INFO	[jepsen worker 6] jepsen.util: 6	:fail	:write	[0 4]	[:temporarily-unavailable "temporarily-unavailable"]
2026-04-29 01:00:34,317{GMT}	INFO	[jepsen worker 0] jepsen.util: 0	:fail	:read	[0 nil]	:net-timeout
2026-04-29 01:00:34,649{GMT}	INFO	[jepsen worker 5] jepsen.util: 65	:info	:write	[0 1]	:net-timeout
2026-04-29 01:00:34,674{GMT}	INFO	[jepsen worker 5] jepsen.util: 75	:invoke	:write	[0 1]
2026-04-29 01:00:34,773{GMT}	INFO	[jepsen worker 0] jepsen.util: 0	:invoke	:read	[0 nil]
2026-04-29 01:00:34,789{GMT}	INFO	[jepsen worker 1] jepsen.util: 1	:invoke	:read	[0 nil]
2026-04-29 01:00:34,790{GMT}	INFO	[jepsen worker 1] jepsen.util: 1	:fail	:read	[0 nil]	[:temporarily-unavailable "temporarily-unavailable"]
2026-04-29 01:00:34,961{GMT}	INFO	[jepsen worker 8] jepsen.util: 8	:invoke	:cas	[0 [0 4]]
2026-04-29 01:00:34,963{GMT}	INFO	[jepsen worker 8] jepsen.util: 8	:fail	:cas	[0 [0 4]]	[:temporarily-unavailable "temporarily-unavailable"]
2026-04-29 01:00:35,202{GMT}	INFO	[jepsen worker 1] jepsen.util: 1	:invoke	:read	[0 nil]
2026-04-29 01:00:35,203{GMT}	INFO	[jepsen worker 1] jepsen.util: 1	:fail	:read	[0 nil]	[:temporarily-unavailable "temporarily-unavailable"]
2026-04-29 01:00:35,431{GMT}	INFO	[jepsen worker 6] jepsen.util: 6	:invoke	:cas	[0 [3 4]]
2026-04-29 01:00:35,432{GMT}	INFO	[jepsen worker 6] jepsen.util: 6	:fail	:cas	[0 [3 4]]	[:temporarily-unavailable "temporarily-unavailable"]
2026-04-29 01:00:35,490{GMT}	INFO	[jepsen worker 6] jepsen.util: 6	:invoke	:write	[0 3]
2026-04-29 01:00:35,491{GMT}	INFO	[jepsen worker 6] jepsen.util: 6	:fail	:write	[0 3]	[:temporarily-unavailable "temporarily-unavailable"]
2026-04-29 01:00:35,676{GMT}	INFO	[jepsen worker 5] jepsen.util: 75	:info	:write	[0 1]	:net-timeout
2026-04-29 01:00:35,774{GMT}	INFO	[jepsen worker 0] jepsen.util: 0	:fail	:read	[0 nil]	:net-timeout
2026-04-29 01:00:35,789{GMT}	INFO	[jepsen worker 1] jepsen.util: 1	:invoke	:read	[0 nil]
2026-04-29 01:00:35,790{GMT}	INFO	[jepsen worker 1] jepsen.util: 1	:fail	:read	[0 nil]	[:temporarily-unavailable "temporarily-unavailable"]
2026-04-29 01:00:35,907{GMT}	INFO	[jepsen worker 5] jepsen.util: 85	:invoke	:cas	[0 [0 0]]
2026-04-29 01:00:36,060{GMT}	INFO	[jepsen worker 3] jepsen.util: 3	:invoke	:read	[0 nil]
2026-04-29 01:00:36,062{GMT}	INFO	[jepsen worker 3] jepsen.util: 3	:fail	:read	[0 nil]	[:temporarily-unavailable "temporarily-unavailable"]
2026-04-29 01:00:36,334{GMT}	INFO	[jepsen worker 4] jepsen.util: 4	:invoke	:read	[0 nil]
2026-04-29 01:00:36,339{GMT}	INFO	[jepsen worker 4] jepsen.util: 4	:fail	:read	[0 nil]	[:temporarily-unavailable "temporarily-unavailable"]
2026-04-29 01:00:36,503{GMT}	INFO	[jepsen worker 0] jepsen.util: 0	:invoke	:read	[0 nil]
2026-04-29 01:00:36,840{GMT}	INFO	[jepsen worker 6] jepsen.util: 6	:invoke	:cas	[0 [3 2]]
2026-04-29 01:00:36,842{GMT}	INFO	[jepsen worker 6] jepsen.util: 6	:fail	:cas	[0 [3 2]]	[:temporarily-unavailable "temporarily-unavailable"]
2026-04-29 01:00:36,883{GMT}	INFO	[jepsen worker 1] jepsen.util: 1	:invoke	:read	[0 nil]
2026-04-29 01:00:36,888{GMT}	INFO	[jepsen worker 1] jepsen.util: 1	:fail	:read	[0 nil]	[:temporarily-unavailable "temporarily-unavailable"]
2026-04-29 01:00:36,906{GMT}	INFO	[jepsen worker 5] jepsen.util: 85	:info	:cas	[0 [0 0]]	:net-timeout
2026-04-29 01:00:37,161{GMT}	INFO	[jepsen worker 1] jepsen.util: 1	:invoke	:read	[0 nil]
2026-04-29 01:00:37,166{GMT}	INFO	[jepsen worker 1] jepsen.util: 1	:fail	:read	[0 nil]	[:temporarily-unavailable "temporarily-unavailable"]
2026-04-29 01:00:37,375{GMT}	INFO	[jepsen worker 9] jepsen.util: 9	:invoke	:cas	[0 [0 1]]
2026-04-29 01:00:37,376{GMT}	INFO	[jepsen worker 9] jepsen.util: 9	:fail	:cas	[0 [0 1]]	[:temporarily-unavailable "temporarily-unavailable"]
2026-04-29 01:00:37,506{GMT}	INFO	[jepsen worker 1] jepsen.util: 1	:invoke	:read	[0 nil]
2026-04-29 01:00:37,508{GMT}	INFO	[jepsen worker 0] jepsen.util: 0	:fail	:read	[0 nil]	:net-timeout
2026-04-29 01:00:37,508{GMT}	INFO	[jepsen worker 1] jepsen.util: 1	:fail	:read	[0 nil]	[:temporarily-unavailable "temporarily-unavailable"]
2026-04-29 01:00:37,633{GMT}	INFO	[jepsen worker 5] jepsen.util: 95	:invoke	:write	[0 2]
2026-04-29 01:00:37,757{GMT}	INFO	[jepsen worker 6] jepsen.util: 6	:invoke	:cas	[0 [3 0]]
2026-04-29 01:00:37,758{GMT}	INFO	[jepsen worker 6] jepsen.util: 6	:fail	:cas	[0 [3 0]]	[:temporarily-unavailable "temporarily-unavailable"]
2026-04-29 01:00:37,887{GMT}	INFO	[jepsen worker 2] jepsen.util: 2	:invoke	:read	[0 nil]
2026-04-29 01:00:37,888{GMT}	INFO	[jepsen worker 2] jepsen.util: 2	:fail	:read	[0 nil]	[:temporarily-unavailable "temporarily-unavailable"]
2026-04-29 01:00:38,124{GMT}	INFO	[jepsen worker 3] jepsen.util: 3	:invoke	:read	[0 nil]
2026-04-29 01:00:38,124{GMT}	INFO	[jepsen worker 3] jepsen.util: 3	:fail	:read	[0 nil]	[:temporarily-unavailable "temporarily-unavailable"]
2026-04-29 01:00:38,184{GMT}	INFO	[jepsen worker 4] jepsen.util: 4	:invoke	:read	[0 nil]
2026-04-29 01:00:38,185{GMT}	INFO	[jepsen worker 4] jepsen.util: 4	:fail	:read	[0 nil]	[:temporarily-unavailable "temporarily-unavailable"]
2026-04-29 01:00:38,284{GMT}	INFO	[jepsen worker 6] jepsen.util: 6	:invoke	:write	[0 3]
2026-04-29 01:00:38,285{GMT}	INFO	[jepsen worker 6] jepsen.util: 6	:fail	:write	[0 3]	[:temporarily-unavailable "temporarily-unavailable"]
2026-04-29 01:00:38,349{GMT}	INFO	[jepsen worker 0] jepsen.util: 0	:invoke	:read	[0 nil]
2026-04-29 01:00:38,637{GMT}	INFO	[jepsen worker 5] jepsen.util: 95	:info	:write	[0 2]	:net-timeout
2026-04-29 01:00:38,688{GMT}	INFO	[jepsen worker 7] jepsen.util: 7	:invoke	:write	[0 0]
2026-04-29 01:00:38,690{GMT}	INFO	[jepsen worker 7] jepsen.util: 7	:fail	:write	[0 0]	[:temporarily-unavailable "temporarily-unavailable"]
2026-04-29 01:00:38,765{GMT}	INFO	[jepsen worker 8] jepsen.util: 8	:invoke	:write	[0 4]
2026-04-29 01:00:38,766{GMT}	INFO	[jepsen worker 8] jepsen.util: 8	:fail	:write	[0 4]	[:temporarily-unavailable "temporarily-unavailable"]
2026-04-29 01:00:38,863{GMT}	INFO	[jepsen worker 9] jepsen.util: 9	:invoke	:cas	[0 [3 2]]
2026-04-29 01:00:38,864{GMT}	INFO	[jepsen worker 9] jepsen.util: 9	:fail	:cas	[0 [3 2]]	[:temporarily-unavailable "temporarily-unavailable"]
2026-04-29 01:00:39,105{GMT}	INFO	[jepsen worker 1] jepsen.util: 1	:invoke	:read	[0 nil]
2026-04-29 01:00:39,106{GMT}	INFO	[jepsen worker 1] jepsen.util: 1	:fail	:read	[0 nil]	[:temporarily-unavailable "temporarily-unavailable"]
2026-04-29 01:00:39,354{GMT}	INFO	[jepsen worker 0] jepsen.util: 0	:fail	:read	[0 nil]	:net-timeout
2026-04-29 01:00:39,379{GMT}	INFO	[jepsen worker 0] jepsen.util: 0	:invoke	:read	[0 nil]
2026-04-29 01:00:39,477{GMT}	INFO	[jepsen worker 5] jepsen.util: 105	:invoke	:write	[0 3]
2026-04-29 01:00:39,567{GMT}	INFO	[jepsen worker 2] jepsen.util: 2	:invoke	:read	[0 nil]
2026-04-29 01:00:39,568{GMT}	INFO	[jepsen worker 2] jepsen.util: 2	:fail	:read	[0 nil]	[:temporarily-unavailable "temporarily-unavailable"]
2026-04-29 01:00:39,799{GMT}	INFO	[jepsen worker 6] jepsen.util: 6	:invoke	:cas	[0 [1 4]]
2026-04-29 01:00:39,800{GMT}	INFO	[jepsen worker 6] jepsen.util: 6	:fail	:cas	[0 [1 4]]	[:temporarily-unavailable "temporarily-unavailable"]
2026-04-29 01:00:39,911{GMT}	INFO	[jepsen worker 4] jepsen.util: 4	:invoke	:read	[0 nil]
2026-04-29 01:00:39,912{GMT}	INFO	[jepsen worker 4] jepsen.util: 4	:fail	:read	[0 nil]	[:temporarily-unavailable "temporarily-unavailable"]
2026-04-29 01:00:40,201{GMT}	INFO	[jepsen worker 6] jepsen.util: 6	:invoke	:write	[0 0]
2026-04-29 01:00:40,203{GMT}	INFO	[jepsen worker 6] jepsen.util: 6	:fail	:write	[0 0]	[:temporarily-unavailable "temporarily-unavailable"]
2026-04-29 01:00:40,331{GMT}	INFO	[jepsen worker 6] jepsen.util: 6	:invoke	:cas	[0 [1 0]]
2026-04-29 01:00:40,332{GMT}	INFO	[jepsen worker 6] jepsen.util: 6	:fail	:cas	[0 [1 0]]	[:temporarily-unavailable "temporarily-unavailable"]
2026-04-29 01:00:40,384{GMT}	INFO	[jepsen worker 0] jepsen.util: 0	:fail	:read	[0 nil]	:net-timeout
2026-04-29 01:00:40,481{GMT}	INFO	[jepsen worker 5] jepsen.util: 105	:info	:write	[0 3]	:net-timeout
2026-04-29 01:00:40,689{GMT}	INFO	[jepsen worker 7] jepsen.util: 7	:invoke	:cas	[1 [1 3]]
2026-04-29 01:00:40,690{GMT}	INFO	[jepsen worker 7] jepsen.util: 7	:fail	:cas	[1 [1 3]]	[:temporarily-unavailable "temporarily-unavailable"]
2026-04-29 01:00:40,816{GMT}	INFO	[jepsen worker 8] jepsen.util: 8	:invoke	:write	[1 3]
2026-04-29 01:00:40,817{GMT}	INFO	[jepsen worker 8] jepsen.util: 8	:fail	:write	[1 3]	[:temporarily-unavailable "temporarily-unavailable"]
2026-04-29 01:00:40,999{GMT}	INFO	[jepsen worker 9] jepsen.util: 9	:invoke	:write	[1 3]
2026-04-29 01:00:41,000{GMT}	INFO	[jepsen worker 9] jepsen.util: 9	:fail	:write	[1 3]	[:temporarily-unavailable "temporarily-unavailable"]
2026-04-29 01:00:41,294{GMT}	INFO	[jepsen worker 0] jepsen.util: 0	:invoke	:read	[1 nil]
2026-04-29 01:00:41,398{GMT}	INFO	[jepsen worker 5] jepsen.util: 115	:invoke	:cas	[1 [0 0]]
2026-04-29 01:00:41,701{GMT}	INFO	[jepsen worker 1] jepsen.util: 1	:invoke	:read	[1 nil]
2026-04-29 01:00:41,702{GMT}	INFO	[jepsen worker 1] jepsen.util: 1	:fail	:read	[1 nil]	[:temporarily-unavailable "temporarily-unavailable"]
2026-04-29 01:00:41,817{GMT}	INFO	[jepsen worker 2] jepsen.util: 2	:invoke	:read	[1 nil]
2026-04-29 01:00:41,818{GMT}	INFO	[jepsen worker 2] jepsen.util: 2	:fail	:read	[1 nil]	[:temporarily-unavailable "temporarily-unavailable"]
2026-04-29 01:00:42,021{GMT}	INFO	[jepsen worker 6] jepsen.util: 6	:invoke	:write	[1 4]
2026-04-29 01:00:42,024{GMT}	INFO	[jepsen worker 6] jepsen.util: 6	:fail	:write	[1 4]	[:temporarily-unavailable "temporarily-unavailable"]
2026-04-29 01:00:42,295{GMT}	INFO	[jepsen worker 0] jepsen.util: 0	:fail	:read	[1 nil]	:net-timeout
2026-04-29 01:00:42,367{GMT}	INFO	[jepsen worker 4] jepsen.util: 4	:invoke	:read	[1 nil]
2026-04-29 01:00:42,371{GMT}	INFO	[jepsen worker 4] jepsen.util: 4	:fail	:read	[1 nil]	[:temporarily-unavailable "temporarily-unavailable"]
2026-04-29 01:00:42,399{GMT}	INFO	[jepsen worker 5] jepsen.util: 115	:info	:cas	[1 [0 0]]	:net-timeout
2026-04-29 01:00:42,527{GMT}	INFO	[jepsen worker 0] jepsen.util: 0	:invoke	:read	[1 nil]
2026-04-29 01:00:42,629{GMT}	INFO	[jepsen worker 1] jepsen.util: 1	:invoke	:read	[1 nil]
2026-04-29 01:00:42,631{GMT}	INFO	[jepsen worker 1] jepsen.util: 1	:fail	:read	[1 nil]	[:temporarily-unavailable "temporarily-unavailable"]
2026-04-29 01:00:43,018{GMT}	INFO	[jepsen worker 7] jepsen.util: 7	:invoke	:cas	[1 [0 1]]
2026-04-29 01:00:43,019{GMT}	INFO	[jepsen worker 7] jepsen.util: 7	:fail	:cas	[1 [0 1]]	[:temporarily-unavailable "temporarily-unavailable"]
2026-04-29 01:00:43,151{GMT}	INFO	[jepsen worker 1] jepsen.util: 1	:invoke	:read	[1 nil]
2026-04-29 01:00:43,151{GMT}	INFO	[jepsen worker 1] jepsen.util: 1	:fail	:read	[1 nil]	[:temporarily-unavailable "temporarily-unavailable"]
2026-04-29 01:00:43,209{GMT}	INFO	[jepsen worker 9] jepsen.util: 9	:invoke	:cas	[1 [0 2]]
2026-04-29 01:00:43,210{GMT}	INFO	[jepsen worker 9] jepsen.util: 9	:fail	:cas	[1 [0 2]]	[:temporarily-unavailable "temporarily-unavailable"]
2026-04-29 01:00:43,527{GMT}	INFO	[jepsen worker 1] jepsen.util: 1	:invoke	:read	[1 nil]
2026-04-29 01:00:43,528{GMT}	INFO	[jepsen worker 1] jepsen.util: 1	:fail	:read	[1 nil]	[:temporarily-unavailable "temporarily-unavailable"]
2026-04-29 01:00:43,528{GMT}	INFO	[jepsen worker 0] jepsen.util: 0	:fail	:read	[1 nil]	:net-timeout
2026-04-29 01:00:43,740{GMT}	INFO	[jepsen worker 5] jepsen.util: 125	:invoke	:cas	[1 [0 1]]
2026-04-29 01:00:44,115{GMT}	INFO	[jepsen worker 1] jepsen.util: 1	:invoke	:read	[1 nil]
2026-04-29 01:00:44,116{GMT}	INFO	[jepsen worker 1] jepsen.util: 1	:fail	:read	[1 nil]	[:temporarily-unavailable "temporarily-unavailable"]
2026-04-29 01:00:44,164{GMT}	INFO	[jepsen worker 6] jepsen.util: 6	:invoke	:write	[1 3]
2026-04-29 01:00:44,165{GMT}	INFO	[jepsen worker 6] jepsen.util: 6	:fail	:write	[1 3]	[:temporarily-unavailable "temporarily-unavailable"]
2026-04-29 01:00:44,559{GMT}	INFO	[jepsen worker 3] jepsen.util: 3	:invoke	:read	[1 nil]
2026-04-29 01:00:44,560{GMT}	INFO	[jepsen worker 3] jepsen.util: 3	:fail	:read	[1 nil]	[:temporarily-unavailable "temporarily-unavailable"]
2026-04-29 01:00:44,740{GMT}	INFO	[jepsen worker 5] jepsen.util: 125	:info	:cas	[1 [0 1]]	:net-timeout
2026-04-29 01:00:44,744{GMT}	INFO	[jepsen worker 5] jepsen.util: 135	:invoke	:write	[1 3]
2026-04-29 01:00:44,805{GMT}	INFO	[jepsen worker 6] jepsen.util: 6	:invoke	:cas	[1 [0 4]]
2026-04-29 01:00:44,806{GMT}	INFO	[jepsen worker 6] jepsen.util: 6	:fail	:cas	[1 [0 4]]	[:temporarily-unavailable "temporarily-unavailable"]
2026-04-29 01:00:44,825{GMT}	INFO	[jepsen worker 0] jepsen.util: 0	:invoke	:read	[1 nil]
2026-04-29 01:00:45,031{GMT}	INFO	[jepsen worker 1] jepsen.util: 1	:invoke	:read	[1 nil]
2026-04-29 01:00:45,033{GMT}	INFO	[jepsen worker 1] jepsen.util: 1	:fail	:read	[1 nil]	[:temporarily-unavailable "temporarily-unavailable"]
2026-04-29 01:00:45,253{GMT}	INFO	[jepsen worker 1] jepsen.util: 1	:invoke	:read	[1 nil]
2026-04-29 01:00:45,254{GMT}	INFO	[jepsen worker 1] jepsen.util: 1	:fail	:read	[1 nil]	[:temporarily-unavailable "temporarily-unavailable"]
2026-04-29 01:00:45,402{GMT}	INFO	[jepsen worker 9] jepsen.util: 9	:invoke	:write	[1 1]
2026-04-29 01:00:45,403{GMT}	INFO	[jepsen worker 9] jepsen.util: 9	:fail	:write	[1 1]	[:temporarily-unavailable "temporarily-unavailable"]
2026-04-29 01:00:45,560{GMT}	INFO	[jepsen worker 6] jepsen.util: 6	:invoke	:write	[1 2]
2026-04-29 01:00:45,561{GMT}	INFO	[jepsen worker 6] jepsen.util: 6	:fail	:write	[1 2]	[:temporarily-unavailable "temporarily-unavailable"]
2026-04-29 01:00:45,744{GMT}	INFO	[jepsen worker 5] jepsen.util: 135	:info	:write	[1 3]	:net-timeout
2026-04-29 01:00:45,829{GMT}	INFO	[jepsen worker 0] jepsen.util: 0	:fail	:read	[1 nil]	:net-timeout
2026-04-29 01:00:45,930{GMT}	INFO	[jepsen worker 5] jepsen.util: 145	:invoke	:cas	[1 [0 2]]
2026-04-29 01:00:46,078{GMT}	INFO	[jepsen worker 1] jepsen.util: 1	:invoke	:read	[1 nil]
2026-04-29 01:00:46,079{GMT}	INFO	[jepsen worker 1] jepsen.util: 1	:fail	:read	[1 nil]	[:temporarily-unavailable "temporarily-unavailable"]
2026-04-29 01:00:46,434{GMT}	INFO	[jepsen worker 2] jepsen.util: 2	:invoke	:read	[1 nil]
2026-04-29 01:00:46,435{GMT}	INFO	[jepsen worker 2] jepsen.util: 2	:fail	:read	[1 nil]	[:temporarily-unavailable "temporarily-unavailable"]
2026-04-29 01:00:46,690{GMT}	INFO	[jepsen worker 3] jepsen.util: 3	:invoke	:read	[1 nil]
2026-04-29 01:00:46,691{GMT}	INFO	[jepsen worker 3] jepsen.util: 3	:fail	:read	[1 nil]	[:temporarily-unavailable "temporarily-unavailable"]
2026-04-29 01:00:46,842{GMT}	INFO	[jepsen worker 4] jepsen.util: 4	:invoke	:read	[1 nil]
2026-04-29 01:00:46,843{GMT}	INFO	[jepsen worker 4] jepsen.util: 4	:fail	:read	[1 nil]	[:temporarily-unavailable "temporarily-unavailable"]
2026-04-29 01:00:46,941{GMT}	INFO	[jepsen worker 5] jepsen.util: 145	:info	:cas	[1 [0 2]]	:net-timeout
2026-04-29 01:00:47,007{GMT}	INFO	[jepsen worker 5] jepsen.util: 155	:invoke	:write	[1 3]
2026-04-29 01:00:47,375{GMT}	INFO	[jepsen worker 0] jepsen.util: 0	:invoke	:read	[1 nil]
2026-04-29 01:00:47,591{GMT}	INFO	[jepsen worker 7] jepsen.util: 7	:invoke	:cas	[1 [4 2]]
2026-04-29 01:00:47,591{GMT}	INFO	[jepsen worker 7] jepsen.util: 7	:fail	:cas	[1 [4 2]]	[:temporarily-unavailable "temporarily-unavailable"]
2026-04-29 01:00:47,682{GMT}	INFO	[jepsen worker 8] jepsen.util: 8	:invoke	:write	[1 1]
2026-04-29 01:00:47,683{GMT}	INFO	[jepsen worker 8] jepsen.util: 8	:fail	:write	[1 1]	[:temporarily-unavailable "temporarily-unavailable"]
2026-04-29 01:00:47,982{GMT}	INFO	[jepsen worker 1] jepsen.util: 1	:invoke	:read	[1 nil]
2026-04-29 01:00:47,984{GMT}	INFO	[jepsen worker 1] jepsen.util: 1	:fail	:read	[1 nil]	[:temporarily-unavailable "temporarily-unavailable"]
2026-04-29 01:00:47,987{GMT}	INFO	[jepsen worker 1] jepsen.util: 1	:invoke	:read	[1 nil]
2026-04-29 01:00:47,988{GMT}	INFO	[jepsen worker 1] jepsen.util: 1	:fail	:read	[1 nil]	[:temporarily-unavailable "temporarily-unavailable"]
2026-04-29 01:00:48,015{GMT}	INFO	[jepsen worker 5] jepsen.util: 155	:info	:write	[1 3]	:net-timeout
2026-04-29 01:00:48,359{GMT}	INFO	[jepsen worker 5] jepsen.util: 165	:invoke	:cas	[1 [0 4]]
2026-04-29 01:00:48,377{GMT}	INFO	[jepsen worker 0] jepsen.util: 0	:fail	:read	[1 nil]	:net-timeout
2026-04-29 01:00:48,543{GMT}	INFO	[jepsen worker 1] jepsen.util: 1	:invoke	:read	[1 nil]
2026-04-29 01:00:48,544{GMT}	INFO	[jepsen worker 1] jepsen.util: 1	:fail	:read	[1 nil]	[:temporarily-unavailable "temporarily-unavailable"]
2026-04-29 01:00:48,783{GMT}	INFO	[jepsen worker 2] jepsen.util: 2	:invoke	:read	[1 nil]
2026-04-29 01:00:48,784{GMT}	INFO	[jepsen worker 2] jepsen.util: 2	:fail	:read	[1 nil]	[:temporarily-unavailable "temporarily-unavailable"]
2026-04-29 01:00:49,118{GMT}	INFO	[jepsen worker 3] jepsen.util: 3	:invoke	:read	[1 nil]
2026-04-29 01:00:49,119{GMT}	INFO	[jepsen worker 3] jepsen.util: 3	:fail	:read	[1 nil]	[:temporarily-unavailable "temporarily-unavailable"]
2026-04-29 01:00:49,315{GMT}	INFO	[jepsen worker 6] jepsen.util: 6	:invoke	:write	[1 2]
2026-04-29 01:00:49,316{GMT}	INFO	[jepsen worker 6] jepsen.util: 6	:fail	:write	[1 2]	[:temporarily-unavailable "temporarily-unavailable"]
2026-04-29 01:00:49,359{GMT}	INFO	[jepsen worker 5] jepsen.util: 165	:info	:cas	[1 [0 4]]	:net-timeout
2026-04-29 01:00:49,716{GMT}	INFO	[jepsen worker 5] jepsen.util: 175	:invoke	:cas	[1 [1 2]]
2026-04-29 01:00:50,076{GMT}	INFO	[jepsen worker 6] jepsen.util: 6	:invoke	:cas	[1 [2 4]]
2026-04-29 01:00:50,077{GMT}	INFO	[jepsen worker 6] jepsen.util: 6	:fail	:cas	[1 [2 4]]	[:temporarily-unavailable "temporarily-unavailable"]
2026-04-29 01:00:50,321{GMT}	INFO	[jepsen worker 0] jepsen.util: 0	:invoke	:read	[1 nil]
2026-04-29 01:00:50,654{GMT}	INFO	[jepsen worker 1] jepsen.util: 1	:invoke	:read	[1 nil]
2026-04-29 01:00:50,655{GMT}	INFO	[jepsen worker 1] jepsen.util: 1	:fail	:read	[1 nil]	[:temporarily-unavailable "temporarily-unavailable"]
2026-04-29 01:00:50,719{GMT}	INFO	[jepsen worker 5] jepsen.util: 175	:info	:cas	[1 [1 2]]	:net-timeout
2026-04-29 01:00:50,759{GMT}	INFO	[jepsen worker 1] jepsen.util: 1	:invoke	:read	[1 nil]
2026-04-29 01:00:50,760{GMT}	INFO	[jepsen worker 1] jepsen.util: 1	:fail	:read	[1 nil]	[:temporarily-unavailable "temporarily-unavailable"]
2026-04-29 01:00:50,895{GMT}	INFO	[jepsen worker 5] jepsen.util: 185	:invoke	:cas	[1 [1 3]]
2026-04-29 01:00:51,032{GMT}	INFO	[jepsen worker 1] jepsen.util: 1	:invoke	:read	[1 nil]
2026-04-29 01:00:51,034{GMT}	INFO	[jepsen worker 1] jepsen.util: 1	:fail	:read	[1 nil]	[:temporarily-unavailable "temporarily-unavailable"]
2026-04-29 01:00:51,077{GMT}	INFO	[jepsen worker 1] jepsen.util: 1	:invoke	:read	[1 nil]
2026-04-29 01:00:51,078{GMT}	INFO	[jepsen worker 1] jepsen.util: 1	:fail	:read	[1 nil]	[:temporarily-unavailable "temporarily-unavailable"]
2026-04-29 01:00:51,106{GMT}	INFO	[jepsen worker 6] jepsen.util: 6	:invoke	:cas	[1 [1 0]]
2026-04-29 01:00:51,107{GMT}	INFO	[jepsen worker 6] jepsen.util: 6	:fail	:cas	[1 [1 0]]	[:temporarily-unavailable "temporarily-unavailable"]
2026-04-29 01:00:51,120{GMT}	INFO	[jepsen worker 3] jepsen.util: 3	:invoke	:read	[1 nil]
2026-04-29 01:00:51,121{GMT}	INFO	[jepsen worker 3] jepsen.util: 3	:fail	:read	[1 nil]	[:temporarily-unavailable "temporarily-unavailable"]
2026-04-29 01:00:51,184{GMT}	INFO	[jepsen worker 6] jepsen.util: 6	:invoke	:write	[1 2]
2026-04-29 01:00:51,185{GMT}	INFO	[jepsen worker 6] jepsen.util: 6	:fail	:write	[1 2]	[:temporarily-unavailable "temporarily-unavailable"]
2026-04-29 01:00:51,324{GMT}	INFO	[jepsen worker 0] jepsen.util: 0	:fail	:read	[1 nil]	:net-timeout
2026-04-29 01:00:51,446{GMT}	INFO	[jepsen worker 0] jepsen.util: 0	:invoke	:read	[1 nil]
2026-04-29 01:00:51,706{GMT}	INFO	[jepsen worker 1] jepsen.util: 1	:invoke	:read	[1 nil]
2026-04-29 01:00:51,707{GMT}	INFO	[jepsen worker 1] jepsen.util: 1	:fail	:read	[1 nil]	[:temporarily-unavailable "temporarily-unavailable"]
2026-04-29 01:00:51,755{GMT}	INFO	[jepsen worker 1] jepsen.util: 1	:invoke	:read	[1 nil]
2026-04-29 01:00:51,755{GMT}	INFO	[jepsen worker 1] jepsen.util: 1	:fail	:read	[1 nil]	[:temporarily-unavailable "temporarily-unavailable"]
2026-04-29 01:00:51,838{GMT}	INFO	[jepsen worker 1] jepsen.util: 1	:invoke	:read	[1 nil]
2026-04-29 01:00:51,839{GMT}	INFO	[jepsen worker 1] jepsen.util: 1	:fail	:read	[1 nil]	[:temporarily-unavailable "temporarily-unavailable"]
2026-04-29 01:00:51,868{GMT}	INFO	[jepsen worker 9] jepsen.util: 9	:invoke	:cas	[1 [0 1]]
2026-04-29 01:00:51,869{GMT}	INFO	[jepsen worker 9] jepsen.util: 9	:fail	:cas	[1 [0 1]]	[:temporarily-unavailable "temporarily-unavailable"]
2026-04-29 01:00:51,895{GMT}	INFO	[jepsen worker 5] jepsen.util: 185	:info	:cas	[1 [1 3]]	:net-timeout
2026-04-29 01:00:51,948{GMT}	INFO	[jepsen worker 1] jepsen.util: 1	:invoke	:read	[1 nil]
2026-04-29 01:00:51,950{GMT}	INFO	[jepsen worker 1] jepsen.util: 1	:fail	:read	[1 nil]	[:temporarily-unavailable "temporarily-unavailable"]
2026-04-29 01:00:52,269{GMT}	INFO	[jepsen worker 1] jepsen.util: 1	:invoke	:read	[1 nil]
2026-04-29 01:00:52,270{GMT}	INFO	[jepsen worker 1] jepsen.util: 1	:fail	:read	[1 nil]	[:temporarily-unavailable "temporarily-unavailable"]
2026-04-29 01:00:52,298{GMT}	INFO	[jepsen worker 1] jepsen.util: 1	:invoke	:read	[1 nil]
2026-04-29 01:00:52,302{GMT}	INFO	[jepsen worker 1] jepsen.util: 1	:fail	:read	[1 nil]	[:temporarily-unavailable "temporarily-unavailable"]
2026-04-29 01:00:52,447{GMT}	INFO	[jepsen worker 0] jepsen.util: 0	:fail	:read	[1 nil]	:net-timeout
2026-04-29 01:00:52,530{GMT}	INFO	[jepsen worker 2] jepsen.util: 2	:invoke	:read	[1 nil]
2026-04-29 01:00:52,532{GMT}	INFO	[jepsen worker 2] jepsen.util: 2	:fail	:read	[1 nil]	[:temporarily-unavailable "temporarily-unavailable"]
2026-04-29 01:00:52,566{GMT}	INFO	[jepsen worker 5] jepsen.util: 195	:invoke	:write	[1 4]
2026-04-29 01:00:52,650{GMT}	INFO	[jepsen worker 4] jepsen.util: 4	:invoke	:read	[1 nil]
2026-04-29 01:00:52,650{GMT}	INFO	[jepsen worker 4] jepsen.util: 4	:fail	:read	[1 nil]	[:temporarily-unavailable "temporarily-unavailable"]
2026-04-29 01:00:52,930{GMT}	INFO	[jepsen worker 0] jepsen.util: 0	:invoke	:read	[1 nil]
2026-04-29 01:00:53,288{GMT}	INFO	[jepsen worker 6] jepsen.util: 6	:invoke	:write	[1 1]
2026-04-29 01:00:53,289{GMT}	INFO	[jepsen worker 6] jepsen.util: 6	:fail	:write	[1 1]	[:temporarily-unavailable "temporarily-unavailable"]
2026-04-29 01:00:53,465{GMT}	INFO	[jepsen worker 1] jepsen.util: 1	:invoke	:read	[1 nil]
2026-04-29 01:00:53,466{GMT}	INFO	[jepsen worker 1] jepsen.util: 1	:fail	:read	[1 nil]	[:temporarily-unavailable "temporarily-unavailable"]
2026-04-29 01:00:53,571{GMT}	INFO	[jepsen worker 5] jepsen.util: 195	:info	:write	[1 4]	:net-timeout
2026-04-29 01:00:53,788{GMT}	INFO	[jepsen worker 1] jepsen.util: 1	:invoke	:read	[1 nil]
2026-04-29 01:00:53,789{GMT}	INFO	[jepsen worker 1] jepsen.util: 1	:fail	:read	[1 nil]	[:temporarily-unavailable "temporarily-unavailable"]
2026-04-29 01:00:53,930{GMT}	INFO	[jepsen worker 0] jepsen.util: 0	:fail	:read	[1 nil]	:net-timeout
2026-04-29 01:00:53,982{GMT}	INFO	[jepsen worker 9] jepsen.util: 9	:invoke	:cas	[1 [0 0]]
2026-04-29 01:00:53,983{GMT}	INFO	[jepsen worker 9] jepsen.util: 9	:fail	:cas	[1 [0 0]]	[:temporarily-unavailable "temporarily-unavailable"]
2026-04-29 01:00:54,191{GMT}	INFO	[jepsen worker 0] jepsen.util: 0	:invoke	:read	[1 nil]
2026-04-29 01:00:54,546{GMT}	INFO	[jepsen worker 1] jepsen.util: 1	:invoke	:read	[1 nil]
2026-04-29 01:00:54,546{GMT}	INFO	[jepsen worker 1] jepsen.util: 1	:fail	:read	[1 nil]	[:temporarily-unavailable "temporarily-unavailable"]
2026-04-29 01:00:54,624{GMT}	INFO	[jepsen worker 5] jepsen.util: 205	:invoke	:cas	[1 [2 0]]
2026-04-29 01:00:54,791{GMT}	INFO	[jepsen worker 6] jepsen.util: 6	:invoke	:write	[1 1]
2026-04-29 01:00:54,797{GMT}	INFO	[jepsen worker 6] jepsen.util: 6	:fail	:write	[1 1]	[:temporarily-unavailable "temporarily-unavailable"]
2026-04-29 01:00:54,850{GMT}	INFO	[jepsen worker 3] jepsen.util: 3	:invoke	:read	[1 nil]
2026-04-29 01:00:54,851{GMT}	INFO	[jepsen worker 3] jepsen.util: 3	:fail	:read	[1 nil]	[:temporarily-unavailable "temporarily-unavailable"]
2026-04-29 01:00:55,195{GMT}	INFO	[jepsen worker 0] jepsen.util: 0	:fail	:read	[1 nil]	:net-timeout
2026-04-29 01:00:55,253{GMT}	INFO	[jepsen worker 6] jepsen.util: 6	:invoke	:cas	[1 [3 0]]
2026-04-29 01:00:55,254{GMT}	INFO	[jepsen worker 6] jepsen.util: 6	:fail	:cas	[1 [3 0]]	[:temporarily-unavailable "temporarily-unavailable"]
2026-04-29 01:00:55,449{GMT}	INFO	[jepsen worker 0] jepsen.util: 0	:invoke	:read	[1 nil]
2026-04-29 01:00:55,618{GMT}	INFO	[jepsen worker 6] jepsen.util: 6	:invoke	:cas	[1 [3 1]]
2026-04-29 01:00:55,619{GMT}	INFO	[jepsen worker 6] jepsen.util: 6	:fail	:cas	[1 [3 1]]	[:temporarily-unavailable "temporarily-unavailable"]
2026-04-29 01:00:55,624{GMT}	INFO	[jepsen worker 5] jepsen.util: 205	:info	:cas	[1 [2 0]]	:net-timeout
2026-04-29 01:00:55,849{GMT}	INFO	[jepsen worker 7] jepsen.util: 7	:invoke	:cas	[1 [2 0]]
2026-04-29 01:00:55,851{GMT}	INFO	[jepsen worker 7] jepsen.util: 7	:fail	:cas	[1 [2 0]]	[:temporarily-unavailable "temporarily-unavailable"]
2026-04-29 01:00:55,915{GMT}	INFO	[jepsen worker 8] jepsen.util: 8	:invoke	:cas	[1 [4 2]]
2026-04-29 01:00:55,917{GMT}	INFO	[jepsen worker 8] jepsen.util: 8	:fail	:cas	[1 [4 2]]	[:temporarily-unavailable "temporarily-unavailable"]
2026-04-29 01:00:56,139{GMT}	INFO	[jepsen worker 1] jepsen.util: 1	:invoke	:read	[1 nil]
2026-04-29 01:00:56,142{GMT}	INFO	[jepsen worker 1] jepsen.util: 1	:fail	:read	[1 nil]	[:temporarily-unavailable "temporarily-unavailable"]
2026-04-29 01:00:56,408{GMT}	INFO	[jepsen worker 5] jepsen.util: 215	:invoke	:cas	[1 [2 1]]
2026-04-29 01:00:56,454{GMT}	INFO	[jepsen worker 0] jepsen.util: 0	:fail	:read	[1 nil]	:net-timeout
2026-04-29 01:00:56,767{GMT}	INFO	[jepsen worker 6] jepsen.util: 6	:invoke	:cas	[1 [1 1]]
2026-04-29 01:00:56,771{GMT}	INFO	[jepsen worker 6] jepsen.util: 6	:fail	:cas	[1 [1 1]]	[:temporarily-unavailable "temporarily-unavailable"]
2026-04-29 01:00:56,845{GMT}	INFO	[jepsen worker 6] jepsen.util: 6	:invoke	:cas	[1 [2 3]]
2026-04-29 01:00:56,846{GMT}	INFO	[jepsen worker 6] jepsen.util: 6	:fail	:cas	[1 [2 3]]	[:temporarily-unavailable "temporarily-unavailable"]
2026-04-29 01:00:56,998{GMT}	INFO	[jepsen worker 2] jepsen.util: 2	:invoke	:read	[1 nil]
2026-04-29 01:00:57,000{GMT}	INFO	[jepsen worker 2] jepsen.util: 2	:fail	:read	[1 nil]	[:temporarily-unavailable "temporarily-unavailable"]
2026-04-29 01:00:57,135{GMT}	INFO	[jepsen worker 3] jepsen.util: 3	:invoke	:read	[1 nil]
2026-04-29 01:00:57,138{GMT}	INFO	[jepsen worker 3] jepsen.util: 3	:fail	:read	[1 nil]	[:temporarily-unavailable "temporarily-unavailable"]
2026-04-29 01:00:57,375{GMT}	INFO	[jepsen worker 4] jepsen.util: 4	:invoke	:read	[1 nil]
2026-04-29 01:00:57,376{GMT}	INFO	[jepsen worker 4] jepsen.util: 4	:fail	:read	[1 nil]	[:temporarily-unavailable "temporarily-unavailable"]
2026-04-29 01:00:57,409{GMT}	INFO	[jepsen worker 5] jepsen.util: 215	:info	:cas	[1 [2 1]]	:net-timeout
2026-04-29 01:00:57,419{GMT}	INFO	[jepsen worker 0] jepsen.util: 0	:invoke	:read	[2 nil]
2026-04-29 01:00:57,479{GMT}	INFO	[jepsen worker 6] jepsen.util: 6	:invoke	:cas	[2 [2 3]]
2026-04-29 01:00:57,480{GMT}	INFO	[jepsen worker 6] jepsen.util: 6	:fail	:cas	[2 [2 3]]	[:temporarily-unavailable "temporarily-unavailable"]
2026-04-29 01:00:57,559{GMT}	INFO	[jepsen worker 7] jepsen.util: 7	:invoke	:write	[2 0]
2026-04-29 01:00:57,562{GMT}	INFO	[jepsen worker 7] jepsen.util: 7	:fail	:write	[2 0]	[:temporarily-unavailable "temporarily-unavailable"]
2026-04-29 01:00:57,725{GMT}	INFO	[jepsen worker 8] jepsen.util: 8	:invoke	:cas	[2 [1 4]]
2026-04-29 01:00:57,726{GMT}	INFO	[jepsen worker 8] jepsen.util: 8	:fail	:cas	[2 [1 4]]	[:temporarily-unavailable "temporarily-unavailable"]
2026-04-29 01:00:57,969{GMT}	INFO	[jepsen worker 1] jepsen.util: 1	:invoke	:read	[2 nil]
2026-04-29 01:00:57,970{GMT}	INFO	[jepsen worker 1] jepsen.util: 1	:fail	:read	[2 nil]	[:temporarily-unavailable "temporarily-unavailable"]
2026-04-29 01:00:58,299{GMT}	INFO	[jepsen worker 1] jepsen.util: 1	:invoke	:read	[2 nil]
2026-04-29 01:00:58,300{GMT}	INFO	[jepsen worker 1] jepsen.util: 1	:fail	:read	[2 nil]	[:temporarily-unavailable "temporarily-unavailable"]
2026-04-29 01:00:58,392{GMT}	INFO	[jepsen worker 1] jepsen.util: 1	:invoke	:read	[2 nil]
2026-04-29 01:00:58,393{GMT}	INFO	[jepsen worker 1] jepsen.util: 1	:fail	:read	[2 nil]	[:temporarily-unavailable "temporarily-unavailable"]
2026-04-29 01:00:58,423{GMT}	INFO	[jepsen worker 0] jepsen.util: 0	:fail	:read	[2 nil]	:net-timeout
2026-04-29 01:00:58,462{GMT}	INFO	[jepsen worker 1] jepsen.util: 1	:invoke	:read	[2 nil]
2026-04-29 01:00:58,463{GMT}	INFO	[jepsen worker 1] jepsen.util: 1	:fail	:read	[2 nil]	[:temporarily-unavailable "temporarily-unavailable"]
2026-04-29 01:00:58,487{GMT}	INFO	[jepsen worker 5] jepsen.util: 225	:invoke	:write	[2 4]
2026-04-29 01:00:58,603{GMT}	INFO	[jepsen worker 6] jepsen.util: 6	:invoke	:write	[2 0]
2026-04-29 01:00:58,604{GMT}	INFO	[jepsen worker 6] jepsen.util: 6	:fail	:write	[2 0]	[:temporarily-unavailable "temporarily-unavailable"]
2026-04-29 01:00:58,817{GMT}	INFO	[jepsen worker 4] jepsen.util: 4	:invoke	:read	[2 nil]
2026-04-29 01:00:58,818{GMT}	INFO	[jepsen worker 4] jepsen.util: 4	:fail	:read	[2 nil]	[:temporarily-unavailable "temporarily-unavailable"]
2026-04-29 01:00:59,188{GMT}	INFO	[jepsen worker 0] jepsen.util: 0	:invoke	:read	[2 nil]
2026-04-29 01:00:59,491{GMT}	INFO	[jepsen worker 5] jepsen.util: 225	:info	:write	[2 4]	:net-timeout
2026-04-29 01:00:59,521{GMT}	INFO	[jepsen worker 1] jepsen.util: 1	:invoke	:read	[2 nil]
2026-04-29 01:00:59,522{GMT}	INFO	[jepsen worker 1] jepsen.util: 1	:fail	:read	[2 nil]	[:temporarily-unavailable "temporarily-unavailable"]
2026-04-29 01:00:59,574{GMT}	INFO	[jepsen worker 1] jepsen.util: 1	:invoke	:read	[2 nil]
2026-04-29 01:00:59,575{GMT}	INFO	[jepsen worker 1] jepsen.util: 1	:fail	:read	[2 nil]	[:temporarily-unavailable "temporarily-unavailable"]
2026-04-29 01:00:59,883{GMT}	INFO	[jepsen worker 8] jepsen.util: 8	:invoke	:cas	[2 [3 4]]
2026-04-29 01:00:59,884{GMT}	INFO	[jepsen worker 8] jepsen.util: 8	:fail	:cas	[2 [3 4]]	[:temporarily-unavailable "temporarily-unavailable"]
2026-04-29 01:01:00,129{GMT}	INFO	[jepsen worker 1] jepsen.util: 1	:invoke	:read	[2 nil]
2026-04-29 01:01:00,129{GMT}	INFO	[jepsen worker 1] jepsen.util: 1	:fail	:read	[2 nil]	[:temporarily-unavailable "temporarily-unavailable"]
2026-04-29 01:01:00,193{GMT}	INFO	[jepsen worker 0] jepsen.util: 0	:fail	:read	[2 nil]	:net-timeout
2026-04-29 01:01:00,243{GMT}	INFO	[jepsen worker 0] jepsen.util: 0	:invoke	:read	[2 nil]
2026-04-29 01:01:00,561{GMT}	INFO	[jepsen worker 1] jepsen.util: 1	:invoke	:read	[2 nil]
2026-04-29 01:01:00,561{GMT}	INFO	[jepsen worker 1] jepsen.util: 1	:fail	:read	[2 nil]	[:temporarily-unavailable "temporarily-unavailable"]
2026-04-29 01:01:00,852{GMT}	INFO	[jepsen worker 5] jepsen.util: 235	:invoke	:write	[2 1]
2026-04-29 01:01:01,097{GMT}	INFO	[jepsen worker 2] jepsen.util: 2	:invoke	:read	[2 nil]
2026-04-29 01:01:01,098{GMT}	INFO	[jepsen worker 2] jepsen.util: 2	:fail	:read	[2 nil]	[:temporarily-unavailable "temporarily-unavailable"]
2026-04-29 01:01:01,246{GMT}	INFO	[jepsen worker 0] jepsen.util: 0	:fail	:read	[2 nil]	:net-timeout
2026-04-29 01:01:01,484{GMT}	INFO	[jepsen worker 3] jepsen.util: 3	:invoke	:read	[2 nil]
2026-04-29 01:01:01,485{GMT}	INFO	[jepsen worker 3] jepsen.util: 3	:fail	:read	[2 nil]	[:temporarily-unavailable "temporarily-unavailable"]
2026-04-29 01:01:01,688{GMT}	INFO	[jepsen worker 6] jepsen.util: 6	:invoke	:write	[2 3]
2026-04-29 01:01:01,689{GMT}	INFO	[jepsen worker 6] jepsen.util: 6	:fail	:write	[2 3]	[:temporarily-unavailable "temporarily-unavailable"]
2026-04-29 01:01:01,825{GMT}	INFO	[jepsen worker 6] jepsen.util: 6	:invoke	:write	[2 3]
2026-04-29 01:01:01,826{GMT}	INFO	[jepsen worker 6] jepsen.util: 6	:fail	:write	[2 3]	[:temporarily-unavailable "temporarily-unavailable"]
2026-04-29 01:01:01,854{GMT}	INFO	[jepsen worker 5] jepsen.util: 235	:info	:write	[2 1]	:net-timeout
2026-04-29 01:01:02,077{GMT}	INFO	[jepsen worker 0] jepsen.util: 0	:invoke	:read	[2 nil]
2026-04-29 01:01:02,314{GMT}	INFO	[jepsen worker 1] jepsen.util: 1	:invoke	:read	[2 nil]
2026-04-29 01:01:02,322{GMT}	INFO	[jepsen worker 1] jepsen.util: 1	:fail	:read	[2 nil]	[:temporarily-unavailable "temporarily-unavailable"]
2026-04-29 01:01:02,427{GMT}	INFO	[jepsen worker 8] jepsen.util: 8	:invoke	:cas	[2 [4 4]]
2026-04-29 01:01:02,429{GMT}	INFO	[jepsen worker 8] jepsen.util: 8	:fail	:cas	[2 [4 4]]	[:temporarily-unavailable "temporarily-unavailable"]
2026-04-29 01:01:02,581{GMT}	INFO	[jepsen worker 1] jepsen.util: 1	:invoke	:read	[2 nil]
2026-04-29 01:01:02,582{GMT}	INFO	[jepsen worker 1] jepsen.util: 1	:fail	:read	[2 nil]	[:temporarily-unavailable "temporarily-unavailable"]
2026-04-29 01:01:02,783{GMT}	INFO	[jepsen worker 1] jepsen.util: 1	:invoke	:read	[2 nil]
2026-04-29 01:01:02,785{GMT}	INFO	[jepsen worker 1] jepsen.util: 1	:fail	:read	[2 nil]	[:temporarily-unavailable "temporarily-unavailable"]
2026-04-29 01:01:02,932{GMT}	INFO	[jepsen worker 5] jepsen.util: 245	:invoke	:write	[2 3]
2026-04-29 01:01:02,937{GMT}	INFO	[jepsen worker 1] jepsen.util: 1	:invoke	:read	[2 nil]
2026-04-29 01:01:02,937{GMT}	INFO	[jepsen worker 1] jepsen.util: 1	:fail	:read	[2 nil]	[:temporarily-unavailable "temporarily-unavailable"]
2026-04-29 01:01:03,078{GMT}	INFO	[jepsen worker 0] jepsen.util: 0	:fail	:read	[2 nil]	:net-timeout
2026-04-29 01:01:03,308{GMT}	INFO	[jepsen worker 6] jepsen.util: 6	:invoke	:write	[2 3]
2026-04-29 01:01:03,309{GMT}	INFO	[jepsen worker 6] jepsen.util: 6	:fail	:write	[2 3]	[:temporarily-unavailable "temporarily-unavailable"]
2026-04-29 01:01:03,392{GMT}	INFO	[jepsen worker 3] jepsen.util: 3	:invoke	:read	[2 nil]
2026-04-29 01:01:03,393{GMT}	INFO	[jepsen worker 3] jepsen.util: 3	:fail	:read	[2 nil]	[:temporarily-unavailable "temporarily-unavailable"]
2026-04-29 01:01:03,613{GMT}	INFO	[jepsen worker 6] jepsen.util: 6	:invoke	:cas	[2 [0 1]]
2026-04-29 01:01:03,614{GMT}	INFO	[jepsen worker 6] jepsen.util: 6	:fail	:cas	[2 [0 1]]	[:temporarily-unavailable "temporarily-unavailable"]
2026-04-29 01:01:03,738{GMT}	INFO	[jepsen worker 0] jepsen.util: 0	:invoke	:read	[2 nil]
2026-04-29 01:01:03,886{GMT}	INFO	[jepsen worker 6] jepsen.util: 6	:invoke	:cas	[2 [1 1]]
2026-04-29 01:01:03,887{GMT}	INFO	[jepsen worker 6] jepsen.util: 6	:fail	:cas	[2 [1 1]]	[:temporarily-unavailable "temporarily-unavailable"]
2026-04-29 01:01:03,934{GMT}	INFO	[jepsen worker 5] jepsen.util: 245	:info	:write	[2 3]	:net-timeout
2026-04-29 01:01:04,285{GMT}	INFO	[jepsen worker 1] jepsen.util: 1	:invoke	:read	[2 nil]
2026-04-29 01:01:04,286{GMT}	INFO	[jepsen worker 1] jepsen.util: 1	:fail	:read	[2 nil]	[:temporarily-unavailable "temporarily-unavailable"]
2026-04-29 01:01:04,644{GMT}	INFO	[jepsen worker 8] jepsen.util: 8	:invoke	:cas	[2 [1 3]]
2026-04-29 01:01:04,644{GMT}	INFO	[jepsen worker 8] jepsen.util: 8	:fail	:cas	[2 [1 3]]	[:temporarily-unavailable "temporarily-unavailable"]
2026-04-29 01:01:04,743{GMT}	INFO	[jepsen worker 0] jepsen.util: 0	:fail	:read	[2 nil]	:net-timeout
2026-04-29 01:01:04,845{GMT}	INFO	[jepsen worker 0] jepsen.util: 0	:invoke	:read	[2 nil]
2026-04-29 01:01:05,028{GMT}	INFO	[jepsen worker 1] jepsen.util: 1	:invoke	:read	[2 nil]
2026-04-29 01:01:05,029{GMT}	INFO	[jepsen worker 1] jepsen.util: 1	:fail	:read	[2 nil]	[:temporarily-unavailable "temporarily-unavailable"]
2026-04-29 01:01:05,279{GMT}	INFO	[jepsen worker 5] jepsen.util: 255	:invoke	:write	[2 1]
2026-04-29 01:01:05,478{GMT}	INFO	[jepsen worker 6] jepsen.util: 6	:invoke	:write	[2 0]
2026-04-29 01:01:05,478{GMT}	INFO	[jepsen worker 6] jepsen.util: 6	:fail	:write	[2 0]	[:temporarily-unavailable "temporarily-unavailable"]
2026-04-29 01:01:05,825{GMT}	INFO	[jepsen worker 2] jepsen.util: 2	:invoke	:read	[2 nil]
2026-04-29 01:01:05,826{GMT}	INFO	[jepsen worker 2] jepsen.util: 2	:fail	:read	[2 nil]	[:temporarily-unavailable "temporarily-unavailable"]
2026-04-29 01:01:05,846{GMT}	INFO	[jepsen worker 3] jepsen.util: 3	:invoke	:read	[2 nil]
2026-04-29 01:01:05,847{GMT}	INFO	[jepsen worker 0] jepsen.util: 0	:fail	:read	[2 nil]	:net-timeout
2026-04-29 01:01:05,847{GMT}	INFO	[jepsen worker 3] jepsen.util: 3	:fail	:read	[2 nil]	[:temporarily-unavailable "temporarily-unavailable"]
2026-04-29 01:01:06,006{GMT}	INFO	[jepsen worker 4] jepsen.util: 4	:invoke	:read	[2 nil]
2026-04-29 01:01:06,007{GMT}	INFO	[jepsen worker 4] jepsen.util: 4	:fail	:read	[2 nil]	[:temporarily-unavailable "temporarily-unavailable"]
2026-04-29 01:01:06,282{GMT}	INFO	[jepsen worker 5] jepsen.util: 255	:info	:write	[2 1]	:net-timeout
2026-04-29 01:01:06,347{GMT}	INFO	[jepsen worker 5] jepsen.util: 265	:invoke	:cas	[2 [2 2]]
2026-04-29 01:01:06,595{GMT}	INFO	[jepsen worker 0] jepsen.util: 0	:invoke	:read	[2 nil]
2026-04-29 01:01:06,706{GMT}	INFO	[jepsen worker 7] jepsen.util: 7	:invoke	:cas	[2 [1 1]]
2026-04-29 01:01:06,706{GMT}	INFO	[jepsen worker 7] jepsen.util: 7	:fail	:cas	[2 [1 1]]	[:temporarily-unavailable "temporarily-unavailable"]
2026-04-29 01:01:06,895{GMT}	INFO	[jepsen worker 8] jepsen.util: 8	:invoke	:cas	[2 [3 3]]
2026-04-29 01:01:06,896{GMT}	INFO	[jepsen worker 8] jepsen.util: 8	:fail	:cas	[2 [3 3]]	[:temporarily-unavailable "temporarily-unavailable"]
2026-04-29 01:01:07,274{GMT}	INFO	[jepsen worker 9] jepsen.util: 9	:invoke	:cas	[2 [2 3]]
2026-04-29 01:01:07,275{GMT}	INFO	[jepsen worker 9] jepsen.util: 9	:fail	:cas	[2 [2 3]]	[:temporarily-unavailable "temporarily-unavailable"]
2026-04-29 01:01:07,349{GMT}	INFO	[jepsen worker 5] jepsen.util: 265	:info	:cas	[2 [2 2]]	:net-timeout
2026-04-29 01:01:07,601{GMT}	INFO	[jepsen worker 0] jepsen.util: 0	:fail	:read	[2 nil]	:net-timeout
2026-04-29 01:01:07,619{GMT}	INFO	[jepsen worker 5] jepsen.util: 275	:invoke	:cas	[2 [1 4]]
2026-04-29 01:01:07,851{GMT}	INFO	[jepsen worker 0] jepsen.util: 0	:invoke	:read	[2 nil]
2026-04-29 01:01:08,142{GMT}	INFO	[jepsen worker 6] jepsen.util: 6	:invoke	:write	[2 4]
2026-04-29 01:01:08,143{GMT}	INFO	[jepsen worker 6] jepsen.util: 6	:fail	:write	[2 4]	[:temporarily-unavailable "temporarily-unavailable"]
2026-04-29 01:01:08,281{GMT}	INFO	[jepsen worker 6] jepsen.util: 6	:invoke	:write	[2 3]
2026-04-29 01:01:08,282{GMT}	INFO	[jepsen worker 6] jepsen.util: 6	:fail	:write	[2 3]	[:temporarily-unavailable "temporarily-unavailable"]
2026-04-29 01:01:08,575{GMT}	INFO	[jepsen worker 6] jepsen.util: 6	:invoke	:cas	[2 [1 2]]
2026-04-29 01:01:08,576{GMT}	INFO	[jepsen worker 6] jepsen.util: 6	:fail	:cas	[2 [1 2]]	[:temporarily-unavailable "temporarily-unavailable"]
2026-04-29 01:01:08,624{GMT}	INFO	[jepsen worker 5] jepsen.util: 275	:info	:cas	[2 [1 4]]	:net-timeout
2026-04-29 01:01:08,684{GMT}	INFO	[jepsen worker 5] jepsen.util: 285	:invoke	:cas	[2 [0 4]]
2026-04-29 01:01:08,853{GMT}	INFO	[jepsen worker 0] jepsen.util: 0	:fail	:read	[2 nil]	:net-timeout
2026-04-29 01:01:08,959{GMT}	INFO	[jepsen worker 0] jepsen.util: 0	:invoke	:read	[2 nil]
2026-04-29 01:01:09,058{GMT}	INFO	[jepsen worker 1] jepsen.util: 1	:invoke	:read	[2 nil]
2026-04-29 01:01:09,059{GMT}	INFO	[jepsen worker 1] jepsen.util: 1	:fail	:read	[2 nil]	[:temporarily-unavailable "temporarily-unavailable"]
2026-04-29 01:01:09,399{GMT}	INFO	[jepsen worker 1] jepsen.util: 1	:invoke	:read	[2 nil]
2026-04-29 01:01:09,400{GMT}	INFO	[jepsen worker 1] jepsen.util: 1	:fail	:read	[2 nil]	[:temporarily-unavailable "temporarily-unavailable"]
2026-04-29 01:01:09,688{GMT}	INFO	[jepsen worker 5] jepsen.util: 285	:info	:cas	[2 [0 4]]	:net-timeout
2026-04-29 01:01:09,732{GMT}	INFO	[jepsen worker 8] jepsen.util: 8	:invoke	:cas	[2 [1 1]]
2026-04-29 01:01:09,733{GMT}	INFO	[jepsen worker 8] jepsen.util: 8	:fail	:cas	[2 [1 1]]	[:temporarily-unavailable "temporarily-unavailable"]
2026-04-29 01:01:09,935{GMT}	INFO	[jepsen worker 1] jepsen.util: 1	:invoke	:read	[2 nil]
2026-04-29 01:01:09,936{GMT}	INFO	[jepsen worker 1] jepsen.util: 1	:fail	:read	[2 nil]	[:temporarily-unavailable "temporarily-unavailable"]
2026-04-29 01:01:09,963{GMT}	INFO	[jepsen worker 0] jepsen.util: 0	:fail	:read	[2 nil]	:net-timeout
2026-04-29 01:01:10,143{GMT}	INFO	[jepsen worker 5] jepsen.util: 295	:invoke	:cas	[2 [3 3]]
2026-04-29 01:01:10,240{GMT}	INFO	[jepsen worker 6] jepsen.util: 6	:invoke	:cas	[2 [3 4]]
2026-04-29 01:01:10,241{GMT}	INFO	[jepsen worker 6] jepsen.util: 6	:fail	:cas	[2 [3 4]]	[:temporarily-unavailable "temporarily-unavailable"]
2026-04-29 01:01:10,466{GMT}	INFO	[jepsen worker 1] jepsen.util: 1	:invoke	:read	[2 nil]
2026-04-29 01:01:10,467{GMT}	INFO	[jepsen worker 1] jepsen.util: 1	:fail	:read	[2 nil]	[:temporarily-unavailable "temporarily-unavailable"]
2026-04-29 01:01:10,595{GMT}	INFO	[jepsen worker 2] jepsen.util: 2	:invoke	:read	[2 nil]
2026-04-29 01:01:10,596{GMT}	INFO	[jepsen worker 2] jepsen.util: 2	:fail	:read	[2 nil]	[:temporarily-unavailable "temporarily-unavailable"]
2026-04-29 01:01:10,911{GMT}	INFO	[jepsen worker 3] jepsen.util: 3	:invoke	:read	[2 nil]
2026-04-29 01:01:10,912{GMT}	INFO	[jepsen worker 3] jepsen.util: 3	:fail	:read	[2 nil]	[:temporarily-unavailable "temporarily-unavailable"]
2026-04-29 01:01:10,989{GMT}	INFO	[jepsen worker 6] jepsen.util: 6	:invoke	:write	[2 3]
2026-04-29 01:01:10,990{GMT}	INFO	[jepsen worker 6] jepsen.util: 6	:fail	:write	[2 3]	[:temporarily-unavailable "temporarily-unavailable"]
2026-04-29 01:01:11,090{GMT}	INFO	[jepsen worker 0] jepsen.util: 0	:invoke	:read	[2 nil]
2026-04-29 01:01:11,145{GMT}	INFO	[jepsen worker 5] jepsen.util: 295	:info	:cas	[2 [3 3]]	:net-timeout
2026-04-29 01:01:11,366{GMT}	INFO	[jepsen worker 1] jepsen.util: 1	:invoke	:read	[2 nil]
2026-04-29 01:01:11,368{GMT}	INFO	[jepsen worker 1] jepsen.util: 1	:fail	:read	[2 nil]	[:temporarily-unavailable "temporarily-unavailable"]
2026-04-29 01:01:11,386{GMT}	INFO	[jepsen worker 7] jepsen.util: 7	:invoke	:write	[2 0]
2026-04-29 01:01:11,387{GMT}	INFO	[jepsen worker 7] jepsen.util: 7	:fail	:write	[2 0]	[:temporarily-unavailable "temporarily-unavailable"]
2026-04-29 01:01:11,761{GMT}	INFO	[jepsen worker 1] jepsen.util: 1	:invoke	:read	[2 nil]
2026-04-29 01:01:11,762{GMT}	INFO	[jepsen worker 1] jepsen.util: 1	:fail	:read	[2 nil]	[:temporarily-unavailable "temporarily-unavailable"]
2026-04-29 01:01:11,904{GMT}	INFO	[jepsen worker 1] jepsen.util: 1	:invoke	:read	[2 nil]
2026-04-29 01:01:11,905{GMT}	INFO	[jepsen worker 1] jepsen.util: 1	:fail	:read	[2 nil]	[:temporarily-unavailable "temporarily-unavailable"]
2026-04-29 01:01:12,093{GMT}	INFO	[jepsen worker 0] jepsen.util: 0	:fail	:read	[2 nil]	:net-timeout
2026-04-29 01:01:12,200{GMT}	INFO	[jepsen worker 0] jepsen.util: 0	:invoke	:read	[2 nil]
2026-04-29 01:01:12,484{GMT}	INFO	[jepsen worker 1] jepsen.util: 1	:invoke	:read	[2 nil]
2026-04-29 01:01:12,485{GMT}	INFO	[jepsen worker 1] jepsen.util: 1	:fail	:read	[2 nil]	[:temporarily-unavailable "temporarily-unavailable"]
2026-04-29 01:01:12,789{GMT}	INFO	[jepsen worker 5] jepsen.util: 305	:invoke	:write	[2 2]
2026-04-29 01:01:12,958{GMT}	INFO	[jepsen worker 2] jepsen.util: 2	:invoke	:read	[2 nil]
2026-04-29 01:01:12,959{GMT}	INFO	[jepsen worker 2] jepsen.util: 2	:fail	:read	[2 nil]	[:temporarily-unavailable "temporarily-unavailable"]
2026-04-29 01:01:13,194{GMT}	INFO	[jepsen worker 3] jepsen.util: 3	:invoke	:read	[2 nil]
2026-04-29 01:01:13,195{GMT}	INFO	[jepsen worker 3] jepsen.util: 3	:fail	:read	[2 nil]	[:temporarily-unavailable "temporarily-unavailable"]
2026-04-29 01:01:13,203{GMT}	INFO	[jepsen worker 0] jepsen.util: 0	:fail	:read	[2 nil]	:net-timeout
2026-04-29 01:01:13,479{GMT}	INFO	[jepsen worker 4] jepsen.util: 4	:invoke	:read	[2 nil]
2026-04-29 01:01:13,482{GMT}	INFO	[jepsen worker 4] jepsen.util: 4	:fail	:read	[2 nil]	[:temporarily-unavailable "temporarily-unavailable"]
2026-04-29 01:01:13,655{GMT}	INFO	[jepsen worker 0] jepsen.util: 0	:invoke	:read	[2 nil]
2026-04-29 01:01:13,792{GMT}	INFO	[jepsen worker 5] jepsen.util: 305	:info	:write	[2 2]	:net-timeout
2026-04-29 01:01:14,009{GMT}	INFO	[jepsen worker 1] jepsen.util: 1	:invoke	:read	[2 nil]
2026-04-29 01:01:14,010{GMT}	INFO	[jepsen worker 1] jepsen.util: 1	:fail	:read	[2 nil]	[:temporarily-unavailable "temporarily-unavailable"]
2026-04-29 01:01:14,409{GMT}	INFO	[jepsen worker 7] jepsen.util: 7	:invoke	:write	[2 3]
2026-04-29 01:01:14,410{GMT}	INFO	[jepsen worker 7] jepsen.util: 7	:fail	:write	[2 3]	[:temporarily-unavailable "temporarily-unavailable"]
2026-04-29 01:01:14,658{GMT}	INFO	[jepsen worker 0] jepsen.util: 0	:fail	:read	[2 nil]	:net-timeout
2026-04-29 01:01:14,803{GMT}	INFO	[jepsen worker 0] jepsen.util: 0	:invoke	:read	[2 nil]
2026-04-29 01:01:14,903{GMT}	INFO	[jepsen worker 1] jepsen.util: 1	:invoke	:read	[2 nil]
2026-04-29 01:01:14,905{GMT}	INFO	[jepsen worker 1] jepsen.util: 1	:fail	:read	[2 nil]	[:temporarily-unavailable "temporarily-unavailable"]
2026-04-29 01:01:15,228{GMT}	INFO	[jepsen worker 1] jepsen.util: 1	:invoke	:read	[2 nil]
2026-04-29 01:01:15,229{GMT}	INFO	[jepsen worker 1] jepsen.util: 1	:fail	:read	[2 nil]	[:temporarily-unavailable "temporarily-unavailable"]
2026-04-29 01:01:15,600{GMT}	INFO	[jepsen worker 1] jepsen.util: 1	:invoke	:read	[2 nil]
2026-04-29 01:01:15,601{GMT}	INFO	[jepsen worker 1] jepsen.util: 1	:fail	:read	[2 nil]	[:temporarily-unavailable "temporarily-unavailable"]
2026-04-29 01:01:15,804{GMT}	INFO	[jepsen worker 0] jepsen.util: 0	:fail	:read	[2 nil]	:net-timeout
2026-04-29 01:01:15,987{GMT}	INFO	[jepsen worker 5] jepsen.util: 315	:invoke	:cas	[2 [3 3]]
2026-04-29 01:01:16,259{GMT}	INFO	[jepsen worker 6] jepsen.util: 6	:invoke	:cas	[2 [3 3]]
2026-04-29 01:01:16,260{GMT}	INFO	[jepsen worker 6] jepsen.util: 6	:fail	:cas	[2 [3 3]]	[:temporarily-unavailable "temporarily-unavailable"]
2026-04-29 01:01:16,469{GMT}	INFO	[jepsen worker 6] jepsen.util: 6	:invoke	:cas	[2 [0 4]]
2026-04-29 01:01:16,470{GMT}	INFO	[jepsen worker 6] jepsen.util: 6	:fail	:cas	[2 [0 4]]	[:temporarily-unavailable "temporarily-unavailable"]
2026-04-29 01:01:16,577{GMT}	INFO	[jepsen worker 4] jepsen.util: 4	:invoke	:read	[2 nil]
2026-04-29 01:01:16,578{GMT}	INFO	[jepsen worker 4] jepsen.util: 4	:fail	:read	[2 nil]	[:temporarily-unavailable "temporarily-unavailable"]
2026-04-29 01:01:16,809{GMT}	INFO	[jepsen worker 6] jepsen.util: 6	:invoke	:cas	[2 [1 4]]
2026-04-29 01:01:16,810{GMT}	INFO	[jepsen worker 6] jepsen.util: 6	:fail	:cas	[2 [1 4]]	[:temporarily-unavailable "temporarily-unavailable"]
2026-04-29 01:01:16,987{GMT}	INFO	[jepsen worker 5] jepsen.util: 315	:info	:cas	[2 [3 3]]	:net-timeout
2026-04-29 01:01:17,108{GMT}	INFO	[jepsen worker 6] jepsen.util: 6	:invoke	:cas	[2 [3 1]]
2026-04-29 01:01:17,109{GMT}	INFO	[jepsen worker 6] jepsen.util: 6	:fail	:cas	[2 [3 1]]	[:temporarily-unavailable "temporarily-unavailable"]
2026-04-29 01:01:17,242{GMT}	INFO	[jepsen worker 0] jepsen.util: 0	:invoke	:read	[2 nil]
2026-04-29 01:01:17,558{GMT}	INFO	[jepsen worker 1] jepsen.util: 1	:invoke	:read	[2 nil]
2026-04-29 01:01:17,559{GMT}	INFO	[jepsen worker 1] jepsen.util: 1	:fail	:read	[2 nil]	[:temporarily-unavailable "temporarily-unavailable"]
2026-04-29 01:01:17,878{GMT}	INFO	[jepsen worker 1] jepsen.util: 1	:invoke	:read	[2 nil]
2026-04-29 01:01:17,879{GMT}	INFO	[jepsen worker 1] jepsen.util: 1	:fail	:read	[2 nil]	[:temporarily-unavailable "temporarily-unavailable"]
2026-04-29 01:01:17,990{GMT}	INFO	[jepsen worker 5] jepsen.util: 325	:invoke	:write	[2 0]
2026-04-29 01:01:18,175{GMT}	INFO	[jepsen worker 6] jepsen.util: 6	:invoke	:write	[2 2]
2026-04-29 01:01:18,176{GMT}	INFO	[jepsen worker 6] jepsen.util: 6	:fail	:write	[2 2]	[:temporarily-unavailable "temporarily-unavailable"]
2026-04-29 01:01:18,247{GMT}	INFO	[jepsen worker 0] jepsen.util: 0	:fail	:read	[2 nil]	:net-timeout
2026-04-29 01:01:18,331{GMT}	INFO	[jepsen worker 1] jepsen.util: 1	:invoke	:read	[2 nil]
2026-04-29 01:01:18,331{GMT}	INFO	[jepsen worker 1] jepsen.util: 1	:fail	:read	[2 nil]	[:temporarily-unavailable "temporarily-unavailable"]
2026-04-29 01:01:18,517{GMT}	INFO	[jepsen worker 6] jepsen.util: 6	:invoke	:write	[2 3]
2026-04-29 01:01:18,518{GMT}	INFO	[jepsen worker 6] jepsen.util: 6	:fail	:write	[2 3]	[:temporarily-unavailable "temporarily-unavailable"]
2026-04-29 01:01:18,921{GMT}	INFO	[jepsen worker 6] jepsen.util: 6	:invoke	:cas	[2 [0 3]]
2026-04-29 01:01:18,922{GMT}	INFO	[jepsen worker 6] jepsen.util: 6	:fail	:cas	[2 [0 3]]	[:temporarily-unavailable "temporarily-unavailable"]
2026-04-29 01:01:18,994{GMT}	INFO	[jepsen worker 5] jepsen.util: 325	:info	:write	[2 0]	:net-timeout
2026-04-29 01:01:19,232{GMT}	INFO	[jepsen worker 5] jepsen.util: 335	:invoke	:cas	[3 [3 0]]
2026-04-29 01:01:19,314{GMT}	INFO	[jepsen worker 6] jepsen.util: 6	:invoke	:cas	[3 [1 4]]
2026-04-29 01:01:19,316{GMT}	INFO	[jepsen worker 6] jepsen.util: 6	:fail	:cas	[3 [1 4]]	[:temporarily-unavailable "temporarily-unavailable"]
2026-04-29 01:01:19,449{GMT}	INFO	[jepsen worker 6] jepsen.util: 6	:invoke	:write	[3 1]
2026-04-29 01:01:19,450{GMT}	INFO	[jepsen worker 6] jepsen.util: 6	:fail	:write	[3 1]	[:temporarily-unavailable "temporarily-unavailable"]
2026-04-29 01:01:19,477{GMT}	INFO	[jepsen worker 7] jepsen.util: 7	:invoke	:cas	[3 [3 3]]
2026-04-29 01:01:19,478{GMT}	INFO	[jepsen worker 7] jepsen.util: 7	:fail	:cas	[3 [3 3]]	[:temporarily-unavailable "temporarily-unavailable"]
2026-04-29 01:01:19,708{GMT}	INFO	[jepsen worker 8] jepsen.util: 8	:invoke	:write	[3 2]
2026-04-29 01:01:19,709{GMT}	INFO	[jepsen worker 8] jepsen.util: 8	:fail	:write	[3 2]	[:temporarily-unavailable "temporarily-unavailable"]
2026-04-29 01:01:19,837{GMT}	INFO	[jepsen worker 0] jepsen.util: 0	:invoke	:read	[3 nil]
2026-04-29 01:01:20,125{GMT}	INFO	[jepsen worker 6] jepsen.util: 6	:invoke	:cas	[3 [2 3]]
2026-04-29 01:01:20,127{GMT}	INFO	[jepsen worker 6] jepsen.util: 6	:fail	:cas	[3 [2 3]]	[:temporarily-unavailable "temporarily-unavailable"]
2026-04-29 01:01:20,238{GMT}	INFO	[jepsen worker 5] jepsen.util: 335	:info	:cas	[3 [3 0]]	:net-timeout
2026-04-29 01:01:20,446{GMT}	INFO	[jepsen worker 5] jepsen.util: 345	:invoke	:cas	[3 [0 2]]
2026-04-29 01:01:20,675{GMT}	INFO	[jepsen worker 1] jepsen.util: 1	:invoke	:read	[3 nil]
2026-04-29 01:01:20,678{GMT}	INFO	[jepsen worker 1] jepsen.util: 1	:fail	:read	[3 nil]	[:temporarily-unavailable "temporarily-unavailable"]
2026-04-29 01:01:20,837{GMT}	INFO	[jepsen worker 0] jepsen.util: 0	:fail	:read	[3 nil]	:net-timeout
2026-04-29 01:01:21,449{GMT}	INFO	[jepsen worker 5] jepsen.util: 345	:info	:cas	[3 [0 2]]	:net-timeout
2026-04-29 01:01:21,475{GMT}	INFO	[jepsen test runner] jepsen.core: Run complete, writing
2026-04-29 01:01:21,541{GMT}	INFO	[jepsen node n2] maelstrom.db: Tearing down n2
2026-04-29 01:01:21,541{GMT}	INFO	[jepsen node n4] maelstrom.db: Tearing down n4
2026-04-29 01:01:21,541{GMT}	INFO	[jepsen node n1] maelstrom.db: Tearing down n1
2026-04-29 01:01:21,541{GMT}	INFO	[jepsen node n3] maelstrom.db: Tearing down n3
2026-04-29 01:01:21,541{GMT}	INFO	[jepsen node n5] maelstrom.db: Tearing down n5
2026-04-29 01:01:22,461{GMT}	INFO	[jepsen node n1] maelstrom.net: Shutting down Maelstrom network
2026-04-29 01:01:22,463{GMT}	WARN	[jepsen test runner] jepsen.core: Test crashed!
clojure.lang.ExceptionInfo: Node n1 crashed with exit status 2. Before crashing, it wrote to STDOUT:

{"id":0,"src":"n1","dest":"c4","body":{"type":"init_ok","msg_id":1,"in_reply_to":1}}

And to STDERR:


goroutine 83 [running]:
sync.(*WaitGroup).Go.func1.1()
	/Users/mattison/.local/share/mise/installs/go/1.26.0/src/sync/waitgroup.go:251 +0x48
panic({0x1054c4080?, 0x1058f03e0?})
	/Users/mattison/.local/share/mise/installs/go/1.26.0/src/runtime/panic.go:860 +0x12c
main.(*maelstromShardAssignmentClient).Send(0x7ebf09510080, 0x7ebf0979e0a0)
	/Users/mattison/projects/oxia-io/oxia/oxiad/maelstrom/coordinator_rpc_client.go:159 +0x40
github.com/oxia-db/oxia/oxiad/coordinator/runtime/controller.(*dataServerController).sendAssignmentsDispatchWithRetries.func1()
	/Users/mattison/projects/oxia-io/oxia/oxiad/coordinator/runtime/controller/dataserver_controller.go:184 +0x2f0
github.com/cenkalti/backoff/v4.RetryNotifyWithTimer.Operation.withEmptyData.func1()
	/Users/mattison/go/pkg/mod/github.com/cenkalti/backoff/v4@v4.3.0/retry.go:18 +0x24
github.com/cenkalti/backoff/v4.doRetryNotify[...](0x7ebf096cfba8?, {0x1057ef2b8, 0x7ebf09427320}, 0x7ebf096cfbf8, {0x0, 0x0?})
	/Users/mattison/go/pkg/mod/github.com/cenkalti/backoff/v4@v4.3.0/retry.go:88 +0xcc
github.com/cenkalti/backoff/v4.RetryNotifyWithTimer(0x18?, {0x1057ef2b8?, 0x7ebf09427320?}, 0x10595fcc0?, {0x0?, 0x0?})
	/Users/mattison/go/pkg/mod/github.com/cenkalti/backoff/v4@v4.3.0/retry.go:61 +0x58
github.com/cenkalti/backoff/v4.RetryNotify(...)
	/Users/mattison/go/pkg/mod/github.com/cenkalti/backoff/v4@v4.3.0/retry.go:49
github.com/oxia-db/oxia/oxiad/coordinator/runtime/controller.(*dataServerController).sendAssignmentsDispatchWithRetries(0x7ebf0957e000?)
	/Users/mattison/projects/oxia-io/oxia/oxiad/coordinator/runtime/controller/dataserver_controller.go:154 +0x48
github.com/oxia-db/oxia/common/process.DoWithLabels.func1({0x1058093f8?, 0x7ebf0957e000?})
	/Users/mattison/projects/oxia-io/oxia/common/process/pprof.go:46 +0x24
runtime/pprof.Do({0x105809430?, 0x7ebf0979fb80?}, {{0x7ebf09510040?, 0x0?, 0x3d?}}, 0x7ebf096c9df8)
	/Users/mattison/.local/share/mise/installs/go/1.26.0/src/runtime/pprof/runtime.go:57 +0x78
github.com/oxia-db/oxia/common/process.DoWithLabels({0x105809430, 0x7ebf0979fb80}, 0x7ebf096c9f58?, 0x7ebf096c9f88)
	/Users/mattison/projects/oxia-io/oxia/common/process/pprof.go:42 +0x208
github.com/oxia-db/oxia/oxiad/coordinator/runtime/controller.newDataServerController.func4()
	/Users/mattison/projects/oxia-io/oxia/oxiad/coordinator/runtime/controller/dataserver_controller.go:422 +0x134
sync.(*WaitGroup).Go.func1()
	/Users/mattison/.local/share/mise/installs/go/1.26.0/src/sync/waitgroup.go:258 +0x48
created by sync.(*WaitGroup).Go in goroutine 1
	/Users/mattison/.local/share/mise/installs/go/1.26.0/src/sync/waitgroup.go:238 +0x70

Full STDERR logs are available in /Users/mattison/projects/oxia-io/oxia/maelstrom/store/lin-kv/20260429T010018.900+0800/node-logs/n1.log
	at slingshot.support$stack_trace.invoke(support.clj:201)
	at maelstrom.process$stop_node_BANG_.invokeStatic(process.clj:239)
	at maelstrom.process$stop_node_BANG_.invoke(process.clj:217)
	at maelstrom.db$db$reify__16142.teardown_BANG_(db.clj:75)
	at jepsen.db$fn__8744$G__8725__8748.invoke(db.clj:12)
	at jepsen.db$fn__8744$G__8724__8753.invoke(db.clj:12)
	at clojure.core$partial$fn__5908.invoke(core.clj:2642)
	at jepsen.control$on_nodes$fn__8599.invoke(control.clj:314)
	at clojure.lang.AFn.applyToHelper(AFn.java:154)
	at clojure.lang.AFn.applyTo(AFn.java:144)
	at clojure.core$apply.invokeStatic(core.clj:667)
	at clojure.core$with_bindings_STAR_.invokeStatic(core.clj:1990)
	at clojure.core$with_bindings_STAR_.doInvoke(core.clj:1990)
	at clojure.lang.RestFn.applyTo(RestFn.java:142)
	at clojure.core$apply.invokeStatic(core.clj:671)
	at clojure.core$bound_fn_STAR_$fn__5818.doInvoke(core.clj:2020)
	at clojure.lang.RestFn.invoke(RestFn.java:408)
	at dom_top.core$real_pmap_helper$build_thread__211$fn__212.invoke(core.clj:163)
	at clojure.lang.AFn.applyToHelper(AFn.java:152)
	at clojure.lang.AFn.applyTo(AFn.java:144)
	at clojure.core$apply.invokeStatic(core.clj:667)
	at clojure.core$with_bindings_STAR_.invokeStatic(core.clj:1990)
	at clojure.core$with_bindings_STAR_.doInvoke(core.clj:1990)
	at clojure.lang.RestFn.invoke(RestFn.java:425)
	at clojure.lang.AFn.applyToHelper(AFn.java:156)
	at clojure.lang.RestFn.applyTo(RestFn.java:132)
	at clojure.core$apply.invokeStatic(core.clj:671)
	at clojure.core$bound_fn_STAR_$fn__5818.doInvoke(core.clj:2020)
	at clojure.lang.RestFn.invoke(RestFn.java:397)
	at clojure.lang.AFn.run(AFn.java:22)
	at java.base/java.lang.Thread.run(Thread.java:1583)
